[2023-05-26T15:11:56.861+0700] {processor.py:157} INFO - Started process (PID=51096) to work on /Users/kany/project-local/data-home/tranning-Airflow/venv/lib/python3.11/site-packages/airflow/example_dags/plugins/event_listener.py
[2023-05-26T15:11:56.861+0700] {processor.py:826} INFO - Processing file /Users/kany/project-local/data-home/tranning-Airflow/venv/lib/python3.11/site-packages/airflow/example_dags/plugins/event_listener.py for tasks to queue
[2023-05-26T15:11:56.861+0700] {logging_mixin.py:149} INFO - [2023-05-26T15:11:56.861+0700] {dagbag.py:541} INFO - Filling up the DagBag from /Users/kany/project-local/data-home/tranning-Airflow/venv/lib/python3.11/site-packages/airflow/example_dags/plugins/event_listener.py
[2023-05-26T15:11:56.862+0700] {processor.py:838} WARNING - No viable dags retrieved from /Users/kany/project-local/data-home/tranning-Airflow/venv/lib/python3.11/site-packages/airflow/example_dags/plugins/event_listener.py
[2023-05-26T15:11:57.295+0700] {processor.py:179} INFO - Processing /Users/kany/project-local/data-home/tranning-Airflow/venv/lib/python3.11/site-packages/airflow/example_dags/plugins/event_listener.py took 0.435 seconds
[2023-05-26T15:13:55.694+0700] {processor.py:157} INFO - Started process (PID=51202) to work on /Users/kany/project-local/data-home/tranning-Airflow/venv/lib/python3.11/site-packages/airflow/example_dags/plugins/event_listener.py
[2023-05-26T15:13:55.695+0700] {processor.py:826} INFO - Processing file /Users/kany/project-local/data-home/tranning-Airflow/venv/lib/python3.11/site-packages/airflow/example_dags/plugins/event_listener.py for tasks to queue
[2023-05-26T15:13:55.695+0700] {logging_mixin.py:149} INFO - [2023-05-26T15:13:55.695+0700] {dagbag.py:541} INFO - Filling up the DagBag from /Users/kany/project-local/data-home/tranning-Airflow/venv/lib/python3.11/site-packages/airflow/example_dags/plugins/event_listener.py
[2023-05-26T15:13:55.697+0700] {processor.py:838} WARNING - No viable dags retrieved from /Users/kany/project-local/data-home/tranning-Airflow/venv/lib/python3.11/site-packages/airflow/example_dags/plugins/event_listener.py
[2023-05-26T15:13:56.519+0700] {processor.py:179} INFO - Processing /Users/kany/project-local/data-home/tranning-Airflow/venv/lib/python3.11/site-packages/airflow/example_dags/plugins/event_listener.py took 0.825 seconds
[2023-05-26T15:15:26.726+0700] {processor.py:157} INFO - Started process (PID=51268) to work on /Users/kany/project-local/data-home/tranning-Airflow/venv/lib/python3.11/site-packages/airflow/example_dags/plugins/event_listener.py
[2023-05-26T15:15:26.727+0700] {processor.py:826} INFO - Processing file /Users/kany/project-local/data-home/tranning-Airflow/venv/lib/python3.11/site-packages/airflow/example_dags/plugins/event_listener.py for tasks to queue
[2023-05-26T15:15:26.727+0700] {logging_mixin.py:149} INFO - [2023-05-26T15:15:26.727+0700] {dagbag.py:541} INFO - Filling up the DagBag from /Users/kany/project-local/data-home/tranning-Airflow/venv/lib/python3.11/site-packages/airflow/example_dags/plugins/event_listener.py
[2023-05-26T15:15:26.727+0700] {processor.py:838} WARNING - No viable dags retrieved from /Users/kany/project-local/data-home/tranning-Airflow/venv/lib/python3.11/site-packages/airflow/example_dags/plugins/event_listener.py
[2023-05-26T15:15:27.148+0700] {processor.py:179} INFO - Processing /Users/kany/project-local/data-home/tranning-Airflow/venv/lib/python3.11/site-packages/airflow/example_dags/plugins/event_listener.py took 0.422 seconds
[2023-05-26T15:16:38.328+0700] {processor.py:157} INFO - Started process (PID=51371) to work on /Users/kany/project-local/data-home/tranning-Airflow/venv/lib/python3.11/site-packages/airflow/example_dags/plugins/event_listener.py
[2023-05-26T15:16:38.329+0700] {processor.py:826} INFO - Processing file /Users/kany/project-local/data-home/tranning-Airflow/venv/lib/python3.11/site-packages/airflow/example_dags/plugins/event_listener.py for tasks to queue
[2023-05-26T15:16:38.329+0700] {logging_mixin.py:149} INFO - [2023-05-26T15:16:38.329+0700] {dagbag.py:541} INFO - Filling up the DagBag from /Users/kany/project-local/data-home/tranning-Airflow/venv/lib/python3.11/site-packages/airflow/example_dags/plugins/event_listener.py
[2023-05-26T15:16:38.330+0700] {processor.py:838} WARNING - No viable dags retrieved from /Users/kany/project-local/data-home/tranning-Airflow/venv/lib/python3.11/site-packages/airflow/example_dags/plugins/event_listener.py
[2023-05-26T15:16:38.849+0700] {processor.py:179} INFO - Processing /Users/kany/project-local/data-home/tranning-Airflow/venv/lib/python3.11/site-packages/airflow/example_dags/plugins/event_listener.py took 0.522 seconds
[2023-05-26T15:17:57.323+0700] {processor.py:157} INFO - Started process (PID=51428) to work on /Users/kany/project-local/data-home/tranning-Airflow/venv/lib/python3.11/site-packages/airflow/example_dags/plugins/event_listener.py
[2023-05-26T15:17:57.325+0700] {processor.py:826} INFO - Processing file /Users/kany/project-local/data-home/tranning-Airflow/venv/lib/python3.11/site-packages/airflow/example_dags/plugins/event_listener.py for tasks to queue
[2023-05-26T15:17:57.325+0700] {logging_mixin.py:149} INFO - [2023-05-26T15:17:57.325+0700] {dagbag.py:541} INFO - Filling up the DagBag from /Users/kany/project-local/data-home/tranning-Airflow/venv/lib/python3.11/site-packages/airflow/example_dags/plugins/event_listener.py
[2023-05-26T15:17:57.326+0700] {processor.py:838} WARNING - No viable dags retrieved from /Users/kany/project-local/data-home/tranning-Airflow/venv/lib/python3.11/site-packages/airflow/example_dags/plugins/event_listener.py
[2023-05-26T15:17:57.796+0700] {processor.py:179} INFO - Processing /Users/kany/project-local/data-home/tranning-Airflow/venv/lib/python3.11/site-packages/airflow/example_dags/plugins/event_listener.py took 0.473 seconds
[2023-05-26T15:19:09.980+0700] {processor.py:157} INFO - Started process (PID=51546) to work on /Users/kany/project-local/data-home/tranning-Airflow/venv/lib/python3.11/site-packages/airflow/example_dags/plugins/event_listener.py
[2023-05-26T15:19:09.981+0700] {processor.py:826} INFO - Processing file /Users/kany/project-local/data-home/tranning-Airflow/venv/lib/python3.11/site-packages/airflow/example_dags/plugins/event_listener.py for tasks to queue
[2023-05-26T15:19:09.981+0700] {logging_mixin.py:149} INFO - [2023-05-26T15:19:09.981+0700] {dagbag.py:541} INFO - Filling up the DagBag from /Users/kany/project-local/data-home/tranning-Airflow/venv/lib/python3.11/site-packages/airflow/example_dags/plugins/event_listener.py
[2023-05-26T15:19:09.982+0700] {processor.py:838} WARNING - No viable dags retrieved from /Users/kany/project-local/data-home/tranning-Airflow/venv/lib/python3.11/site-packages/airflow/example_dags/plugins/event_listener.py
[2023-05-26T15:19:10.429+0700] {processor.py:179} INFO - Processing /Users/kany/project-local/data-home/tranning-Airflow/venv/lib/python3.11/site-packages/airflow/example_dags/plugins/event_listener.py took 0.449 seconds
[2023-05-26T15:20:17.904+0700] {processor.py:157} INFO - Started process (PID=51597) to work on /Users/kany/project-local/data-home/tranning-Airflow/venv/lib/python3.11/site-packages/airflow/example_dags/plugins/event_listener.py
[2023-05-26T15:20:17.905+0700] {processor.py:826} INFO - Processing file /Users/kany/project-local/data-home/tranning-Airflow/venv/lib/python3.11/site-packages/airflow/example_dags/plugins/event_listener.py for tasks to queue
[2023-05-26T15:20:17.905+0700] {logging_mixin.py:149} INFO - [2023-05-26T15:20:17.905+0700] {dagbag.py:541} INFO - Filling up the DagBag from /Users/kany/project-local/data-home/tranning-Airflow/venv/lib/python3.11/site-packages/airflow/example_dags/plugins/event_listener.py
[2023-05-26T15:20:17.906+0700] {processor.py:838} WARNING - No viable dags retrieved from /Users/kany/project-local/data-home/tranning-Airflow/venv/lib/python3.11/site-packages/airflow/example_dags/plugins/event_listener.py
[2023-05-26T15:20:18.441+0700] {processor.py:179} INFO - Processing /Users/kany/project-local/data-home/tranning-Airflow/venv/lib/python3.11/site-packages/airflow/example_dags/plugins/event_listener.py took 0.537 seconds
[2023-05-26T15:21:29.336+0700] {processor.py:157} INFO - Started process (PID=51705) to work on /Users/kany/project-local/data-home/tranning-Airflow/venv/lib/python3.11/site-packages/airflow/example_dags/plugins/event_listener.py
[2023-05-26T15:21:29.337+0700] {processor.py:826} INFO - Processing file /Users/kany/project-local/data-home/tranning-Airflow/venv/lib/python3.11/site-packages/airflow/example_dags/plugins/event_listener.py for tasks to queue
[2023-05-26T15:21:29.337+0700] {logging_mixin.py:149} INFO - [2023-05-26T15:21:29.337+0700] {dagbag.py:541} INFO - Filling up the DagBag from /Users/kany/project-local/data-home/tranning-Airflow/venv/lib/python3.11/site-packages/airflow/example_dags/plugins/event_listener.py
[2023-05-26T15:21:29.338+0700] {processor.py:838} WARNING - No viable dags retrieved from /Users/kany/project-local/data-home/tranning-Airflow/venv/lib/python3.11/site-packages/airflow/example_dags/plugins/event_listener.py
[2023-05-26T15:21:29.762+0700] {processor.py:179} INFO - Processing /Users/kany/project-local/data-home/tranning-Airflow/venv/lib/python3.11/site-packages/airflow/example_dags/plugins/event_listener.py took 0.426 seconds
[2023-05-26T15:22:32.542+0700] {processor.py:157} INFO - Started process (PID=51739) to work on /Users/kany/project-local/data-home/tranning-Airflow/venv/lib/python3.11/site-packages/airflow/example_dags/plugins/event_listener.py
[2023-05-26T15:22:32.542+0700] {processor.py:826} INFO - Processing file /Users/kany/project-local/data-home/tranning-Airflow/venv/lib/python3.11/site-packages/airflow/example_dags/plugins/event_listener.py for tasks to queue
[2023-05-26T15:22:32.542+0700] {logging_mixin.py:149} INFO - [2023-05-26T15:22:32.542+0700] {dagbag.py:541} INFO - Filling up the DagBag from /Users/kany/project-local/data-home/tranning-Airflow/venv/lib/python3.11/site-packages/airflow/example_dags/plugins/event_listener.py
[2023-05-26T15:22:32.543+0700] {processor.py:838} WARNING - No viable dags retrieved from /Users/kany/project-local/data-home/tranning-Airflow/venv/lib/python3.11/site-packages/airflow/example_dags/plugins/event_listener.py
[2023-05-26T15:22:32.970+0700] {processor.py:179} INFO - Processing /Users/kany/project-local/data-home/tranning-Airflow/venv/lib/python3.11/site-packages/airflow/example_dags/plugins/event_listener.py took 0.428 seconds
[2023-05-26T15:23:32.257+0700] {processor.py:157} INFO - Started process (PID=51775) to work on /Users/kany/project-local/data-home/tranning-Airflow/venv/lib/python3.11/site-packages/airflow/example_dags/plugins/event_listener.py
[2023-05-26T15:23:32.258+0700] {processor.py:826} INFO - Processing file /Users/kany/project-local/data-home/tranning-Airflow/venv/lib/python3.11/site-packages/airflow/example_dags/plugins/event_listener.py for tasks to queue
[2023-05-26T15:23:32.259+0700] {logging_mixin.py:149} INFO - [2023-05-26T15:23:32.259+0700] {dagbag.py:541} INFO - Filling up the DagBag from /Users/kany/project-local/data-home/tranning-Airflow/venv/lib/python3.11/site-packages/airflow/example_dags/plugins/event_listener.py
[2023-05-26T15:23:32.260+0700] {processor.py:838} WARNING - No viable dags retrieved from /Users/kany/project-local/data-home/tranning-Airflow/venv/lib/python3.11/site-packages/airflow/example_dags/plugins/event_listener.py
[2023-05-26T15:23:32.703+0700] {processor.py:179} INFO - Processing /Users/kany/project-local/data-home/tranning-Airflow/venv/lib/python3.11/site-packages/airflow/example_dags/plugins/event_listener.py took 0.446 seconds
[2023-05-26T15:24:35.646+0700] {processor.py:157} INFO - Started process (PID=51835) to work on /Users/kany/project-local/data-home/tranning-Airflow/venv/lib/python3.11/site-packages/airflow/example_dags/plugins/event_listener.py
[2023-05-26T15:24:35.647+0700] {processor.py:826} INFO - Processing file /Users/kany/project-local/data-home/tranning-Airflow/venv/lib/python3.11/site-packages/airflow/example_dags/plugins/event_listener.py for tasks to queue
[2023-05-26T15:24:35.647+0700] {logging_mixin.py:149} INFO - [2023-05-26T15:24:35.647+0700] {dagbag.py:541} INFO - Filling up the DagBag from /Users/kany/project-local/data-home/tranning-Airflow/venv/lib/python3.11/site-packages/airflow/example_dags/plugins/event_listener.py
[2023-05-26T15:24:35.648+0700] {processor.py:838} WARNING - No viable dags retrieved from /Users/kany/project-local/data-home/tranning-Airflow/venv/lib/python3.11/site-packages/airflow/example_dags/plugins/event_listener.py
[2023-05-26T15:24:36.058+0700] {processor.py:179} INFO - Processing /Users/kany/project-local/data-home/tranning-Airflow/venv/lib/python3.11/site-packages/airflow/example_dags/plugins/event_listener.py took 0.413 seconds
[2023-05-26T15:25:41.130+0700] {processor.py:157} INFO - Started process (PID=51894) to work on /Users/kany/project-local/data-home/tranning-Airflow/venv/lib/python3.11/site-packages/airflow/example_dags/plugins/event_listener.py
[2023-05-26T15:25:41.132+0700] {processor.py:826} INFO - Processing file /Users/kany/project-local/data-home/tranning-Airflow/venv/lib/python3.11/site-packages/airflow/example_dags/plugins/event_listener.py for tasks to queue
[2023-05-26T15:25:41.132+0700] {logging_mixin.py:149} INFO - [2023-05-26T15:25:41.132+0700] {dagbag.py:541} INFO - Filling up the DagBag from /Users/kany/project-local/data-home/tranning-Airflow/venv/lib/python3.11/site-packages/airflow/example_dags/plugins/event_listener.py
[2023-05-26T15:25:41.135+0700] {processor.py:838} WARNING - No viable dags retrieved from /Users/kany/project-local/data-home/tranning-Airflow/venv/lib/python3.11/site-packages/airflow/example_dags/plugins/event_listener.py
[2023-05-26T15:25:41.750+0700] {processor.py:179} INFO - Processing /Users/kany/project-local/data-home/tranning-Airflow/venv/lib/python3.11/site-packages/airflow/example_dags/plugins/event_listener.py took 0.620 seconds
[2023-05-26T15:26:42.913+0700] {processor.py:157} INFO - Started process (PID=52030) to work on /Users/kany/project-local/data-home/tranning-Airflow/venv/lib/python3.11/site-packages/airflow/example_dags/plugins/event_listener.py
[2023-05-26T15:26:42.914+0700] {processor.py:826} INFO - Processing file /Users/kany/project-local/data-home/tranning-Airflow/venv/lib/python3.11/site-packages/airflow/example_dags/plugins/event_listener.py for tasks to queue
[2023-05-26T15:26:42.914+0700] {logging_mixin.py:149} INFO - [2023-05-26T15:26:42.914+0700] {dagbag.py:541} INFO - Filling up the DagBag from /Users/kany/project-local/data-home/tranning-Airflow/venv/lib/python3.11/site-packages/airflow/example_dags/plugins/event_listener.py
[2023-05-26T15:26:42.915+0700] {processor.py:838} WARNING - No viable dags retrieved from /Users/kany/project-local/data-home/tranning-Airflow/venv/lib/python3.11/site-packages/airflow/example_dags/plugins/event_listener.py
[2023-05-26T15:26:43.425+0700] {processor.py:179} INFO - Processing /Users/kany/project-local/data-home/tranning-Airflow/venv/lib/python3.11/site-packages/airflow/example_dags/plugins/event_listener.py took 0.513 seconds
[2023-05-26T15:27:48.115+0700] {processor.py:157} INFO - Started process (PID=52142) to work on /Users/kany/project-local/data-home/tranning-Airflow/venv/lib/python3.11/site-packages/airflow/example_dags/plugins/event_listener.py
[2023-05-26T15:27:48.115+0700] {processor.py:826} INFO - Processing file /Users/kany/project-local/data-home/tranning-Airflow/venv/lib/python3.11/site-packages/airflow/example_dags/plugins/event_listener.py for tasks to queue
[2023-05-26T15:27:48.116+0700] {logging_mixin.py:149} INFO - [2023-05-26T15:27:48.116+0700] {dagbag.py:541} INFO - Filling up the DagBag from /Users/kany/project-local/data-home/tranning-Airflow/venv/lib/python3.11/site-packages/airflow/example_dags/plugins/event_listener.py
[2023-05-26T15:27:48.116+0700] {processor.py:838} WARNING - No viable dags retrieved from /Users/kany/project-local/data-home/tranning-Airflow/venv/lib/python3.11/site-packages/airflow/example_dags/plugins/event_listener.py
[2023-05-26T15:27:48.640+0700] {processor.py:179} INFO - Processing /Users/kany/project-local/data-home/tranning-Airflow/venv/lib/python3.11/site-packages/airflow/example_dags/plugins/event_listener.py took 0.526 seconds
[2023-05-26T15:28:53.974+0700] {processor.py:157} INFO - Started process (PID=52283) to work on /Users/kany/project-local/data-home/tranning-Airflow/venv/lib/python3.11/site-packages/airflow/example_dags/plugins/event_listener.py
[2023-05-26T15:28:53.974+0700] {processor.py:826} INFO - Processing file /Users/kany/project-local/data-home/tranning-Airflow/venv/lib/python3.11/site-packages/airflow/example_dags/plugins/event_listener.py for tasks to queue
[2023-05-26T15:28:53.975+0700] {logging_mixin.py:149} INFO - [2023-05-26T15:28:53.975+0700] {dagbag.py:541} INFO - Filling up the DagBag from /Users/kany/project-local/data-home/tranning-Airflow/venv/lib/python3.11/site-packages/airflow/example_dags/plugins/event_listener.py
[2023-05-26T15:28:53.976+0700] {processor.py:838} WARNING - No viable dags retrieved from /Users/kany/project-local/data-home/tranning-Airflow/venv/lib/python3.11/site-packages/airflow/example_dags/plugins/event_listener.py
[2023-05-26T15:28:54.732+0700] {processor.py:179} INFO - Processing /Users/kany/project-local/data-home/tranning-Airflow/venv/lib/python3.11/site-packages/airflow/example_dags/plugins/event_listener.py took 0.759 seconds
[2023-05-26T15:30:01.929+0700] {processor.py:157} INFO - Started process (PID=52370) to work on /Users/kany/project-local/data-home/tranning-Airflow/venv/lib/python3.11/site-packages/airflow/example_dags/plugins/event_listener.py
[2023-05-26T15:30:01.930+0700] {processor.py:826} INFO - Processing file /Users/kany/project-local/data-home/tranning-Airflow/venv/lib/python3.11/site-packages/airflow/example_dags/plugins/event_listener.py for tasks to queue
[2023-05-26T15:30:01.931+0700] {logging_mixin.py:149} INFO - [2023-05-26T15:30:01.931+0700] {dagbag.py:541} INFO - Filling up the DagBag from /Users/kany/project-local/data-home/tranning-Airflow/venv/lib/python3.11/site-packages/airflow/example_dags/plugins/event_listener.py
[2023-05-26T15:30:01.931+0700] {processor.py:838} WARNING - No viable dags retrieved from /Users/kany/project-local/data-home/tranning-Airflow/venv/lib/python3.11/site-packages/airflow/example_dags/plugins/event_listener.py
[2023-05-26T15:30:02.411+0700] {processor.py:179} INFO - Processing /Users/kany/project-local/data-home/tranning-Airflow/venv/lib/python3.11/site-packages/airflow/example_dags/plugins/event_listener.py took 0.482 seconds
[2023-05-26T15:31:07.430+0700] {processor.py:157} INFO - Started process (PID=52432) to work on /Users/kany/project-local/data-home/tranning-Airflow/venv/lib/python3.11/site-packages/airflow/example_dags/plugins/event_listener.py
[2023-05-26T15:31:07.431+0700] {processor.py:826} INFO - Processing file /Users/kany/project-local/data-home/tranning-Airflow/venv/lib/python3.11/site-packages/airflow/example_dags/plugins/event_listener.py for tasks to queue
[2023-05-26T15:31:07.431+0700] {logging_mixin.py:149} INFO - [2023-05-26T15:31:07.431+0700] {dagbag.py:541} INFO - Filling up the DagBag from /Users/kany/project-local/data-home/tranning-Airflow/venv/lib/python3.11/site-packages/airflow/example_dags/plugins/event_listener.py
[2023-05-26T15:31:07.433+0700] {processor.py:838} WARNING - No viable dags retrieved from /Users/kany/project-local/data-home/tranning-Airflow/venv/lib/python3.11/site-packages/airflow/example_dags/plugins/event_listener.py
[2023-05-26T15:31:07.903+0700] {processor.py:179} INFO - Processing /Users/kany/project-local/data-home/tranning-Airflow/venv/lib/python3.11/site-packages/airflow/example_dags/plugins/event_listener.py took 0.473 seconds
[2023-05-26T15:32:14.905+0700] {processor.py:157} INFO - Started process (PID=52528) to work on /Users/kany/project-local/data-home/tranning-Airflow/venv/lib/python3.11/site-packages/airflow/example_dags/plugins/event_listener.py
[2023-05-26T15:32:14.907+0700] {processor.py:826} INFO - Processing file /Users/kany/project-local/data-home/tranning-Airflow/venv/lib/python3.11/site-packages/airflow/example_dags/plugins/event_listener.py for tasks to queue
[2023-05-26T15:32:14.907+0700] {logging_mixin.py:149} INFO - [2023-05-26T15:32:14.907+0700] {dagbag.py:541} INFO - Filling up the DagBag from /Users/kany/project-local/data-home/tranning-Airflow/venv/lib/python3.11/site-packages/airflow/example_dags/plugins/event_listener.py
[2023-05-26T15:32:14.908+0700] {processor.py:838} WARNING - No viable dags retrieved from /Users/kany/project-local/data-home/tranning-Airflow/venv/lib/python3.11/site-packages/airflow/example_dags/plugins/event_listener.py
[2023-05-26T15:32:15.431+0700] {processor.py:179} INFO - Processing /Users/kany/project-local/data-home/tranning-Airflow/venv/lib/python3.11/site-packages/airflow/example_dags/plugins/event_listener.py took 0.526 seconds
