[2023-05-26T15:11:54.662+0700] {processor.py:157} INFO - Started process (PID=51095) to work on /Users/kany/project-local/data-home/tranning-Airflow/venv/lib/python3.11/site-packages/airflow/example_dags/plugins/listener_plugin.py
[2023-05-26T15:11:54.662+0700] {processor.py:826} INFO - Processing file /Users/kany/project-local/data-home/tranning-Airflow/venv/lib/python3.11/site-packages/airflow/example_dags/plugins/listener_plugin.py for tasks to queue
[2023-05-26T15:11:54.663+0700] {logging_mixin.py:149} INFO - [2023-05-26T15:11:54.663+0700] {dagbag.py:541} INFO - Filling up the DagBag from /Users/kany/project-local/data-home/tranning-Airflow/venv/lib/python3.11/site-packages/airflow/example_dags/plugins/listener_plugin.py
[2023-05-26T15:11:54.665+0700] {processor.py:838} WARNING - No viable dags retrieved from /Users/kany/project-local/data-home/tranning-Airflow/venv/lib/python3.11/site-packages/airflow/example_dags/plugins/listener_plugin.py
[2023-05-26T15:11:55.125+0700] {processor.py:179} INFO - Processing /Users/kany/project-local/data-home/tranning-Airflow/venv/lib/python3.11/site-packages/airflow/example_dags/plugins/listener_plugin.py took 0.464 seconds
[2023-05-26T15:13:52.779+0700] {processor.py:157} INFO - Started process (PID=51201) to work on /Users/kany/project-local/data-home/tranning-Airflow/venv/lib/python3.11/site-packages/airflow/example_dags/plugins/listener_plugin.py
[2023-05-26T15:13:52.780+0700] {processor.py:826} INFO - Processing file /Users/kany/project-local/data-home/tranning-Airflow/venv/lib/python3.11/site-packages/airflow/example_dags/plugins/listener_plugin.py for tasks to queue
[2023-05-26T15:13:52.780+0700] {logging_mixin.py:149} INFO - [2023-05-26T15:13:52.780+0700] {dagbag.py:541} INFO - Filling up the DagBag from /Users/kany/project-local/data-home/tranning-Airflow/venv/lib/python3.11/site-packages/airflow/example_dags/plugins/listener_plugin.py
[2023-05-26T15:13:52.783+0700] {processor.py:838} WARNING - No viable dags retrieved from /Users/kany/project-local/data-home/tranning-Airflow/venv/lib/python3.11/site-packages/airflow/example_dags/plugins/listener_plugin.py
[2023-05-26T15:13:53.727+0700] {processor.py:179} INFO - Processing /Users/kany/project-local/data-home/tranning-Airflow/venv/lib/python3.11/site-packages/airflow/example_dags/plugins/listener_plugin.py took 0.949 seconds
[2023-05-26T15:15:24.574+0700] {processor.py:157} INFO - Started process (PID=51267) to work on /Users/kany/project-local/data-home/tranning-Airflow/venv/lib/python3.11/site-packages/airflow/example_dags/plugins/listener_plugin.py
[2023-05-26T15:15:24.575+0700] {processor.py:826} INFO - Processing file /Users/kany/project-local/data-home/tranning-Airflow/venv/lib/python3.11/site-packages/airflow/example_dags/plugins/listener_plugin.py for tasks to queue
[2023-05-26T15:15:24.575+0700] {logging_mixin.py:149} INFO - [2023-05-26T15:15:24.575+0700] {dagbag.py:541} INFO - Filling up the DagBag from /Users/kany/project-local/data-home/tranning-Airflow/venv/lib/python3.11/site-packages/airflow/example_dags/plugins/listener_plugin.py
[2023-05-26T15:15:24.578+0700] {processor.py:838} WARNING - No viable dags retrieved from /Users/kany/project-local/data-home/tranning-Airflow/venv/lib/python3.11/site-packages/airflow/example_dags/plugins/listener_plugin.py
[2023-05-26T15:15:25.009+0700] {processor.py:179} INFO - Processing /Users/kany/project-local/data-home/tranning-Airflow/venv/lib/python3.11/site-packages/airflow/example_dags/plugins/listener_plugin.py took 0.435 seconds
[2023-05-26T15:16:35.866+0700] {processor.py:157} INFO - Started process (PID=51368) to work on /Users/kany/project-local/data-home/tranning-Airflow/venv/lib/python3.11/site-packages/airflow/example_dags/plugins/listener_plugin.py
[2023-05-26T15:16:35.867+0700] {processor.py:826} INFO - Processing file /Users/kany/project-local/data-home/tranning-Airflow/venv/lib/python3.11/site-packages/airflow/example_dags/plugins/listener_plugin.py for tasks to queue
[2023-05-26T15:16:35.867+0700] {logging_mixin.py:149} INFO - [2023-05-26T15:16:35.867+0700] {dagbag.py:541} INFO - Filling up the DagBag from /Users/kany/project-local/data-home/tranning-Airflow/venv/lib/python3.11/site-packages/airflow/example_dags/plugins/listener_plugin.py
[2023-05-26T15:16:35.870+0700] {processor.py:838} WARNING - No viable dags retrieved from /Users/kany/project-local/data-home/tranning-Airflow/venv/lib/python3.11/site-packages/airflow/example_dags/plugins/listener_plugin.py
[2023-05-26T15:16:36.479+0700] {processor.py:179} INFO - Processing /Users/kany/project-local/data-home/tranning-Airflow/venv/lib/python3.11/site-packages/airflow/example_dags/plugins/listener_plugin.py took 0.613 seconds
[2023-05-26T15:17:56.008+0700] {processor.py:157} INFO - Started process (PID=51427) to work on /Users/kany/project-local/data-home/tranning-Airflow/venv/lib/python3.11/site-packages/airflow/example_dags/plugins/listener_plugin.py
[2023-05-26T15:17:56.008+0700] {processor.py:826} INFO - Processing file /Users/kany/project-local/data-home/tranning-Airflow/venv/lib/python3.11/site-packages/airflow/example_dags/plugins/listener_plugin.py for tasks to queue
[2023-05-26T15:17:56.009+0700] {logging_mixin.py:149} INFO - [2023-05-26T15:17:56.008+0700] {dagbag.py:541} INFO - Filling up the DagBag from /Users/kany/project-local/data-home/tranning-Airflow/venv/lib/python3.11/site-packages/airflow/example_dags/plugins/listener_plugin.py
[2023-05-26T15:17:56.012+0700] {processor.py:838} WARNING - No viable dags retrieved from /Users/kany/project-local/data-home/tranning-Airflow/venv/lib/python3.11/site-packages/airflow/example_dags/plugins/listener_plugin.py
[2023-05-26T15:17:56.466+0700] {processor.py:179} INFO - Processing /Users/kany/project-local/data-home/tranning-Airflow/venv/lib/python3.11/site-packages/airflow/example_dags/plugins/listener_plugin.py took 0.458 seconds
[2023-05-26T15:19:07.518+0700] {processor.py:157} INFO - Started process (PID=51540) to work on /Users/kany/project-local/data-home/tranning-Airflow/venv/lib/python3.11/site-packages/airflow/example_dags/plugins/listener_plugin.py
[2023-05-26T15:19:07.518+0700] {processor.py:826} INFO - Processing file /Users/kany/project-local/data-home/tranning-Airflow/venv/lib/python3.11/site-packages/airflow/example_dags/plugins/listener_plugin.py for tasks to queue
[2023-05-26T15:19:07.519+0700] {logging_mixin.py:149} INFO - [2023-05-26T15:19:07.519+0700] {dagbag.py:541} INFO - Filling up the DagBag from /Users/kany/project-local/data-home/tranning-Airflow/venv/lib/python3.11/site-packages/airflow/example_dags/plugins/listener_plugin.py
[2023-05-26T15:19:07.521+0700] {processor.py:838} WARNING - No viable dags retrieved from /Users/kany/project-local/data-home/tranning-Airflow/venv/lib/python3.11/site-packages/airflow/example_dags/plugins/listener_plugin.py
[2023-05-26T15:19:08.030+0700] {processor.py:179} INFO - Processing /Users/kany/project-local/data-home/tranning-Airflow/venv/lib/python3.11/site-packages/airflow/example_dags/plugins/listener_plugin.py took 0.512 seconds
[2023-05-26T15:20:14.866+0700] {processor.py:157} INFO - Started process (PID=51594) to work on /Users/kany/project-local/data-home/tranning-Airflow/venv/lib/python3.11/site-packages/airflow/example_dags/plugins/listener_plugin.py
[2023-05-26T15:20:14.867+0700] {processor.py:826} INFO - Processing file /Users/kany/project-local/data-home/tranning-Airflow/venv/lib/python3.11/site-packages/airflow/example_dags/plugins/listener_plugin.py for tasks to queue
[2023-05-26T15:20:14.867+0700] {logging_mixin.py:149} INFO - [2023-05-26T15:20:14.867+0700] {dagbag.py:541} INFO - Filling up the DagBag from /Users/kany/project-local/data-home/tranning-Airflow/venv/lib/python3.11/site-packages/airflow/example_dags/plugins/listener_plugin.py
[2023-05-26T15:20:14.870+0700] {processor.py:838} WARNING - No viable dags retrieved from /Users/kany/project-local/data-home/tranning-Airflow/venv/lib/python3.11/site-packages/airflow/example_dags/plugins/listener_plugin.py
[2023-05-26T15:20:15.886+0700] {processor.py:179} INFO - Processing /Users/kany/project-local/data-home/tranning-Airflow/venv/lib/python3.11/site-packages/airflow/example_dags/plugins/listener_plugin.py took 1.020 seconds
[2023-05-26T15:21:27.676+0700] {processor.py:157} INFO - Started process (PID=51704) to work on /Users/kany/project-local/data-home/tranning-Airflow/venv/lib/python3.11/site-packages/airflow/example_dags/plugins/listener_plugin.py
[2023-05-26T15:21:27.676+0700] {processor.py:826} INFO - Processing file /Users/kany/project-local/data-home/tranning-Airflow/venv/lib/python3.11/site-packages/airflow/example_dags/plugins/listener_plugin.py for tasks to queue
[2023-05-26T15:21:27.676+0700] {logging_mixin.py:149} INFO - [2023-05-26T15:21:27.676+0700] {dagbag.py:541} INFO - Filling up the DagBag from /Users/kany/project-local/data-home/tranning-Airflow/venv/lib/python3.11/site-packages/airflow/example_dags/plugins/listener_plugin.py
[2023-05-26T15:21:27.689+0700] {processor.py:838} WARNING - No viable dags retrieved from /Users/kany/project-local/data-home/tranning-Airflow/venv/lib/python3.11/site-packages/airflow/example_dags/plugins/listener_plugin.py
[2023-05-26T15:21:28.124+0700] {processor.py:179} INFO - Processing /Users/kany/project-local/data-home/tranning-Airflow/venv/lib/python3.11/site-packages/airflow/example_dags/plugins/listener_plugin.py took 0.449 seconds
[2023-05-26T15:22:30.853+0700] {processor.py:157} INFO - Started process (PID=51738) to work on /Users/kany/project-local/data-home/tranning-Airflow/venv/lib/python3.11/site-packages/airflow/example_dags/plugins/listener_plugin.py
[2023-05-26T15:22:30.855+0700] {processor.py:826} INFO - Processing file /Users/kany/project-local/data-home/tranning-Airflow/venv/lib/python3.11/site-packages/airflow/example_dags/plugins/listener_plugin.py for tasks to queue
[2023-05-26T15:22:30.855+0700] {logging_mixin.py:149} INFO - [2023-05-26T15:22:30.855+0700] {dagbag.py:541} INFO - Filling up the DagBag from /Users/kany/project-local/data-home/tranning-Airflow/venv/lib/python3.11/site-packages/airflow/example_dags/plugins/listener_plugin.py
[2023-05-26T15:22:30.857+0700] {processor.py:838} WARNING - No viable dags retrieved from /Users/kany/project-local/data-home/tranning-Airflow/venv/lib/python3.11/site-packages/airflow/example_dags/plugins/listener_plugin.py
[2023-05-26T15:22:31.309+0700] {processor.py:179} INFO - Processing /Users/kany/project-local/data-home/tranning-Airflow/venv/lib/python3.11/site-packages/airflow/example_dags/plugins/listener_plugin.py took 0.455 seconds
[2023-05-26T15:23:30.134+0700] {processor.py:157} INFO - Started process (PID=51774) to work on /Users/kany/project-local/data-home/tranning-Airflow/venv/lib/python3.11/site-packages/airflow/example_dags/plugins/listener_plugin.py
[2023-05-26T15:23:30.136+0700] {processor.py:826} INFO - Processing file /Users/kany/project-local/data-home/tranning-Airflow/venv/lib/python3.11/site-packages/airflow/example_dags/plugins/listener_plugin.py for tasks to queue
[2023-05-26T15:23:30.136+0700] {logging_mixin.py:149} INFO - [2023-05-26T15:23:30.136+0700] {dagbag.py:541} INFO - Filling up the DagBag from /Users/kany/project-local/data-home/tranning-Airflow/venv/lib/python3.11/site-packages/airflow/example_dags/plugins/listener_plugin.py
[2023-05-26T15:23:30.139+0700] {processor.py:838} WARNING - No viable dags retrieved from /Users/kany/project-local/data-home/tranning-Airflow/venv/lib/python3.11/site-packages/airflow/example_dags/plugins/listener_plugin.py
[2023-05-26T15:23:30.585+0700] {processor.py:179} INFO - Processing /Users/kany/project-local/data-home/tranning-Airflow/venv/lib/python3.11/site-packages/airflow/example_dags/plugins/listener_plugin.py took 0.451 seconds
[2023-05-26T15:24:33.981+0700] {processor.py:157} INFO - Started process (PID=51834) to work on /Users/kany/project-local/data-home/tranning-Airflow/venv/lib/python3.11/site-packages/airflow/example_dags/plugins/listener_plugin.py
[2023-05-26T15:24:33.982+0700] {processor.py:826} INFO - Processing file /Users/kany/project-local/data-home/tranning-Airflow/venv/lib/python3.11/site-packages/airflow/example_dags/plugins/listener_plugin.py for tasks to queue
[2023-05-26T15:24:33.982+0700] {logging_mixin.py:149} INFO - [2023-05-26T15:24:33.982+0700] {dagbag.py:541} INFO - Filling up the DagBag from /Users/kany/project-local/data-home/tranning-Airflow/venv/lib/python3.11/site-packages/airflow/example_dags/plugins/listener_plugin.py
[2023-05-26T15:24:33.985+0700] {processor.py:838} WARNING - No viable dags retrieved from /Users/kany/project-local/data-home/tranning-Airflow/venv/lib/python3.11/site-packages/airflow/example_dags/plugins/listener_plugin.py
[2023-05-26T15:24:34.455+0700] {processor.py:179} INFO - Processing /Users/kany/project-local/data-home/tranning-Airflow/venv/lib/python3.11/site-packages/airflow/example_dags/plugins/listener_plugin.py took 0.474 seconds
[2023-05-26T15:25:38.599+0700] {processor.py:157} INFO - Started process (PID=51893) to work on /Users/kany/project-local/data-home/tranning-Airflow/venv/lib/python3.11/site-packages/airflow/example_dags/plugins/listener_plugin.py
[2023-05-26T15:25:38.600+0700] {processor.py:826} INFO - Processing file /Users/kany/project-local/data-home/tranning-Airflow/venv/lib/python3.11/site-packages/airflow/example_dags/plugins/listener_plugin.py for tasks to queue
[2023-05-26T15:25:38.600+0700] {logging_mixin.py:149} INFO - [2023-05-26T15:25:38.600+0700] {dagbag.py:541} INFO - Filling up the DagBag from /Users/kany/project-local/data-home/tranning-Airflow/venv/lib/python3.11/site-packages/airflow/example_dags/plugins/listener_plugin.py
[2023-05-26T15:25:38.608+0700] {processor.py:838} WARNING - No viable dags retrieved from /Users/kany/project-local/data-home/tranning-Airflow/venv/lib/python3.11/site-packages/airflow/example_dags/plugins/listener_plugin.py
[2023-05-26T15:25:39.176+0700] {processor.py:179} INFO - Processing /Users/kany/project-local/data-home/tranning-Airflow/venv/lib/python3.11/site-packages/airflow/example_dags/plugins/listener_plugin.py took 0.577 seconds
[2023-05-26T15:26:41.556+0700] {processor.py:157} INFO - Started process (PID=52025) to work on /Users/kany/project-local/data-home/tranning-Airflow/venv/lib/python3.11/site-packages/airflow/example_dags/plugins/listener_plugin.py
[2023-05-26T15:26:41.557+0700] {processor.py:826} INFO - Processing file /Users/kany/project-local/data-home/tranning-Airflow/venv/lib/python3.11/site-packages/airflow/example_dags/plugins/listener_plugin.py for tasks to queue
[2023-05-26T15:26:41.558+0700] {logging_mixin.py:149} INFO - [2023-05-26T15:26:41.558+0700] {dagbag.py:541} INFO - Filling up the DagBag from /Users/kany/project-local/data-home/tranning-Airflow/venv/lib/python3.11/site-packages/airflow/example_dags/plugins/listener_plugin.py
[2023-05-26T15:26:41.560+0700] {processor.py:838} WARNING - No viable dags retrieved from /Users/kany/project-local/data-home/tranning-Airflow/venv/lib/python3.11/site-packages/airflow/example_dags/plugins/listener_plugin.py
[2023-05-26T15:26:42.118+0700] {processor.py:179} INFO - Processing /Users/kany/project-local/data-home/tranning-Airflow/venv/lib/python3.11/site-packages/airflow/example_dags/plugins/listener_plugin.py took 0.562 seconds
[2023-05-26T15:27:45.794+0700] {processor.py:157} INFO - Started process (PID=52138) to work on /Users/kany/project-local/data-home/tranning-Airflow/venv/lib/python3.11/site-packages/airflow/example_dags/plugins/listener_plugin.py
[2023-05-26T15:27:45.795+0700] {processor.py:826} INFO - Processing file /Users/kany/project-local/data-home/tranning-Airflow/venv/lib/python3.11/site-packages/airflow/example_dags/plugins/listener_plugin.py for tasks to queue
[2023-05-26T15:27:45.795+0700] {logging_mixin.py:149} INFO - [2023-05-26T15:27:45.795+0700] {dagbag.py:541} INFO - Filling up the DagBag from /Users/kany/project-local/data-home/tranning-Airflow/venv/lib/python3.11/site-packages/airflow/example_dags/plugins/listener_plugin.py
[2023-05-26T15:27:45.798+0700] {processor.py:838} WARNING - No viable dags retrieved from /Users/kany/project-local/data-home/tranning-Airflow/venv/lib/python3.11/site-packages/airflow/example_dags/plugins/listener_plugin.py
[2023-05-26T15:27:46.318+0700] {processor.py:179} INFO - Processing /Users/kany/project-local/data-home/tranning-Airflow/venv/lib/python3.11/site-packages/airflow/example_dags/plugins/listener_plugin.py took 0.524 seconds
[2023-05-26T15:28:51.443+0700] {processor.py:157} INFO - Started process (PID=52277) to work on /Users/kany/project-local/data-home/tranning-Airflow/venv/lib/python3.11/site-packages/airflow/example_dags/plugins/listener_plugin.py
[2023-05-26T15:28:51.444+0700] {processor.py:826} INFO - Processing file /Users/kany/project-local/data-home/tranning-Airflow/venv/lib/python3.11/site-packages/airflow/example_dags/plugins/listener_plugin.py for tasks to queue
[2023-05-26T15:28:51.444+0700] {logging_mixin.py:149} INFO - [2023-05-26T15:28:51.444+0700] {dagbag.py:541} INFO - Filling up the DagBag from /Users/kany/project-local/data-home/tranning-Airflow/venv/lib/python3.11/site-packages/airflow/example_dags/plugins/listener_plugin.py
[2023-05-26T15:28:51.447+0700] {processor.py:838} WARNING - No viable dags retrieved from /Users/kany/project-local/data-home/tranning-Airflow/venv/lib/python3.11/site-packages/airflow/example_dags/plugins/listener_plugin.py
[2023-05-26T15:28:51.968+0700] {processor.py:179} INFO - Processing /Users/kany/project-local/data-home/tranning-Airflow/venv/lib/python3.11/site-packages/airflow/example_dags/plugins/listener_plugin.py took 0.525 seconds
[2023-05-26T15:29:59.709+0700] {processor.py:157} INFO - Started process (PID=52369) to work on /Users/kany/project-local/data-home/tranning-Airflow/venv/lib/python3.11/site-packages/airflow/example_dags/plugins/listener_plugin.py
[2023-05-26T15:29:59.709+0700] {processor.py:826} INFO - Processing file /Users/kany/project-local/data-home/tranning-Airflow/venv/lib/python3.11/site-packages/airflow/example_dags/plugins/listener_plugin.py for tasks to queue
[2023-05-26T15:29:59.709+0700] {logging_mixin.py:149} INFO - [2023-05-26T15:29:59.709+0700] {dagbag.py:541} INFO - Filling up the DagBag from /Users/kany/project-local/data-home/tranning-Airflow/venv/lib/python3.11/site-packages/airflow/example_dags/plugins/listener_plugin.py
[2023-05-26T15:29:59.713+0700] {processor.py:838} WARNING - No viable dags retrieved from /Users/kany/project-local/data-home/tranning-Airflow/venv/lib/python3.11/site-packages/airflow/example_dags/plugins/listener_plugin.py
[2023-05-26T15:30:00.214+0700] {processor.py:179} INFO - Processing /Users/kany/project-local/data-home/tranning-Airflow/venv/lib/python3.11/site-packages/airflow/example_dags/plugins/listener_plugin.py took 0.506 seconds
[2023-05-26T15:31:06.162+0700] {processor.py:157} INFO - Started process (PID=52431) to work on /Users/kany/project-local/data-home/tranning-Airflow/venv/lib/python3.11/site-packages/airflow/example_dags/plugins/listener_plugin.py
[2023-05-26T15:31:06.163+0700] {processor.py:826} INFO - Processing file /Users/kany/project-local/data-home/tranning-Airflow/venv/lib/python3.11/site-packages/airflow/example_dags/plugins/listener_plugin.py for tasks to queue
[2023-05-26T15:31:06.163+0700] {logging_mixin.py:149} INFO - [2023-05-26T15:31:06.163+0700] {dagbag.py:541} INFO - Filling up the DagBag from /Users/kany/project-local/data-home/tranning-Airflow/venv/lib/python3.11/site-packages/airflow/example_dags/plugins/listener_plugin.py
[2023-05-26T15:31:06.166+0700] {processor.py:838} WARNING - No viable dags retrieved from /Users/kany/project-local/data-home/tranning-Airflow/venv/lib/python3.11/site-packages/airflow/example_dags/plugins/listener_plugin.py
[2023-05-26T15:31:06.643+0700] {processor.py:179} INFO - Processing /Users/kany/project-local/data-home/tranning-Airflow/venv/lib/python3.11/site-packages/airflow/example_dags/plugins/listener_plugin.py took 0.482 seconds
[2023-05-26T15:32:12.618+0700] {processor.py:157} INFO - Started process (PID=52527) to work on /Users/kany/project-local/data-home/tranning-Airflow/venv/lib/python3.11/site-packages/airflow/example_dags/plugins/listener_plugin.py
[2023-05-26T15:32:12.619+0700] {processor.py:826} INFO - Processing file /Users/kany/project-local/data-home/tranning-Airflow/venv/lib/python3.11/site-packages/airflow/example_dags/plugins/listener_plugin.py for tasks to queue
[2023-05-26T15:32:12.619+0700] {logging_mixin.py:149} INFO - [2023-05-26T15:32:12.619+0700] {dagbag.py:541} INFO - Filling up the DagBag from /Users/kany/project-local/data-home/tranning-Airflow/venv/lib/python3.11/site-packages/airflow/example_dags/plugins/listener_plugin.py
[2023-05-26T15:32:12.622+0700] {processor.py:838} WARNING - No viable dags retrieved from /Users/kany/project-local/data-home/tranning-Airflow/venv/lib/python3.11/site-packages/airflow/example_dags/plugins/listener_plugin.py
[2023-05-26T15:32:13.057+0700] {processor.py:179} INFO - Processing /Users/kany/project-local/data-home/tranning-Airflow/venv/lib/python3.11/site-packages/airflow/example_dags/plugins/listener_plugin.py took 0.439 seconds
