[2023-05-26T15:11:53.013+0700] {processor.py:157} INFO - Started process (PID=51089) to work on /Users/kany/project-local/data-home/tranning-Airflow/venv/lib/python3.11/site-packages/airflow/example_dags/plugins/workday.py
[2023-05-26T15:11:53.013+0700] {processor.py:826} INFO - Processing file /Users/kany/project-local/data-home/tranning-Airflow/venv/lib/python3.11/site-packages/airflow/example_dags/plugins/workday.py for tasks to queue
[2023-05-26T15:11:53.013+0700] {logging_mixin.py:149} INFO - [2023-05-26T15:11:53.013+0700] {dagbag.py:541} INFO - Filling up the DagBag from /Users/kany/project-local/data-home/tranning-Airflow/venv/lib/python3.11/site-packages/airflow/example_dags/plugins/workday.py
[2023-05-26T15:11:53.014+0700] {logging_mixin.py:149} INFO - [2023-05-26T15:11:53.014+0700] {workday.py:36} WARNING - Could not import pandas. Holidays will not be considered.
[2023-05-26T15:11:53.014+0700] {processor.py:838} WARNING - No viable dags retrieved from /Users/kany/project-local/data-home/tranning-Airflow/venv/lib/python3.11/site-packages/airflow/example_dags/plugins/workday.py
[2023-05-26T15:11:53.462+0700] {processor.py:179} INFO - Processing /Users/kany/project-local/data-home/tranning-Airflow/venv/lib/python3.11/site-packages/airflow/example_dags/plugins/workday.py took 0.449 seconds
[2023-05-26T15:13:50.683+0700] {processor.py:157} INFO - Started process (PID=51200) to work on /Users/kany/project-local/data-home/tranning-Airflow/venv/lib/python3.11/site-packages/airflow/example_dags/plugins/workday.py
[2023-05-26T15:13:50.684+0700] {processor.py:826} INFO - Processing file /Users/kany/project-local/data-home/tranning-Airflow/venv/lib/python3.11/site-packages/airflow/example_dags/plugins/workday.py for tasks to queue
[2023-05-26T15:13:50.684+0700] {logging_mixin.py:149} INFO - [2023-05-26T15:13:50.684+0700] {dagbag.py:541} INFO - Filling up the DagBag from /Users/kany/project-local/data-home/tranning-Airflow/venv/lib/python3.11/site-packages/airflow/example_dags/plugins/workday.py
[2023-05-26T15:13:50.686+0700] {logging_mixin.py:149} INFO - [2023-05-26T15:13:50.686+0700] {workday.py:36} WARNING - Could not import pandas. Holidays will not be considered.
[2023-05-26T15:13:50.686+0700] {processor.py:838} WARNING - No viable dags retrieved from /Users/kany/project-local/data-home/tranning-Airflow/venv/lib/python3.11/site-packages/airflow/example_dags/plugins/workday.py
[2023-05-26T15:13:51.436+0700] {processor.py:179} INFO - Processing /Users/kany/project-local/data-home/tranning-Airflow/venv/lib/python3.11/site-packages/airflow/example_dags/plugins/workday.py took 0.753 seconds
[2023-05-26T15:15:23.154+0700] {processor.py:157} INFO - Started process (PID=51266) to work on /Users/kany/project-local/data-home/tranning-Airflow/venv/lib/python3.11/site-packages/airflow/example_dags/plugins/workday.py
[2023-05-26T15:15:23.154+0700] {processor.py:826} INFO - Processing file /Users/kany/project-local/data-home/tranning-Airflow/venv/lib/python3.11/site-packages/airflow/example_dags/plugins/workday.py for tasks to queue
[2023-05-26T15:15:23.154+0700] {logging_mixin.py:149} INFO - [2023-05-26T15:15:23.154+0700] {dagbag.py:541} INFO - Filling up the DagBag from /Users/kany/project-local/data-home/tranning-Airflow/venv/lib/python3.11/site-packages/airflow/example_dags/plugins/workday.py
[2023-05-26T15:15:23.156+0700] {logging_mixin.py:149} INFO - [2023-05-26T15:15:23.156+0700] {workday.py:36} WARNING - Could not import pandas. Holidays will not be considered.
[2023-05-26T15:15:23.156+0700] {processor.py:838} WARNING - No viable dags retrieved from /Users/kany/project-local/data-home/tranning-Airflow/venv/lib/python3.11/site-packages/airflow/example_dags/plugins/workday.py
[2023-05-26T15:15:23.599+0700] {processor.py:179} INFO - Processing /Users/kany/project-local/data-home/tranning-Airflow/venv/lib/python3.11/site-packages/airflow/example_dags/plugins/workday.py took 0.445 seconds
[2023-05-26T15:16:33.409+0700] {processor.py:157} INFO - Started process (PID=51366) to work on /Users/kany/project-local/data-home/tranning-Airflow/venv/lib/python3.11/site-packages/airflow/example_dags/plugins/workday.py
[2023-05-26T15:16:33.410+0700] {processor.py:826} INFO - Processing file /Users/kany/project-local/data-home/tranning-Airflow/venv/lib/python3.11/site-packages/airflow/example_dags/plugins/workday.py for tasks to queue
[2023-05-26T15:16:33.410+0700] {logging_mixin.py:149} INFO - [2023-05-26T15:16:33.410+0700] {dagbag.py:541} INFO - Filling up the DagBag from /Users/kany/project-local/data-home/tranning-Airflow/venv/lib/python3.11/site-packages/airflow/example_dags/plugins/workday.py
[2023-05-26T15:16:33.413+0700] {logging_mixin.py:149} INFO - [2023-05-26T15:16:33.413+0700] {workday.py:36} WARNING - Could not import pandas. Holidays will not be considered.
[2023-05-26T15:16:33.413+0700] {processor.py:838} WARNING - No viable dags retrieved from /Users/kany/project-local/data-home/tranning-Airflow/venv/lib/python3.11/site-packages/airflow/example_dags/plugins/workday.py
[2023-05-26T15:16:33.943+0700] {processor.py:179} INFO - Processing /Users/kany/project-local/data-home/tranning-Airflow/venv/lib/python3.11/site-packages/airflow/example_dags/plugins/workday.py took 0.534 seconds
[2023-05-26T15:17:53.728+0700] {processor.py:157} INFO - Started process (PID=51426) to work on /Users/kany/project-local/data-home/tranning-Airflow/venv/lib/python3.11/site-packages/airflow/example_dags/plugins/workday.py
[2023-05-26T15:17:53.729+0700] {processor.py:826} INFO - Processing file /Users/kany/project-local/data-home/tranning-Airflow/venv/lib/python3.11/site-packages/airflow/example_dags/plugins/workday.py for tasks to queue
[2023-05-26T15:17:53.729+0700] {logging_mixin.py:149} INFO - [2023-05-26T15:17:53.729+0700] {dagbag.py:541} INFO - Filling up the DagBag from /Users/kany/project-local/data-home/tranning-Airflow/venv/lib/python3.11/site-packages/airflow/example_dags/plugins/workday.py
[2023-05-26T15:17:53.730+0700] {logging_mixin.py:149} INFO - [2023-05-26T15:17:53.730+0700] {workday.py:36} WARNING - Could not import pandas. Holidays will not be considered.
[2023-05-26T15:17:53.731+0700] {processor.py:838} WARNING - No viable dags retrieved from /Users/kany/project-local/data-home/tranning-Airflow/venv/lib/python3.11/site-packages/airflow/example_dags/plugins/workday.py
[2023-05-26T15:17:54.272+0700] {processor.py:179} INFO - Processing /Users/kany/project-local/data-home/tranning-Airflow/venv/lib/python3.11/site-packages/airflow/example_dags/plugins/workday.py took 0.544 seconds
[2023-05-26T15:19:03.369+0700] {processor.py:157} INFO - Started process (PID=51520) to work on /Users/kany/project-local/data-home/tranning-Airflow/venv/lib/python3.11/site-packages/airflow/example_dags/plugins/workday.py
[2023-05-26T15:19:03.370+0700] {processor.py:826} INFO - Processing file /Users/kany/project-local/data-home/tranning-Airflow/venv/lib/python3.11/site-packages/airflow/example_dags/plugins/workday.py for tasks to queue
[2023-05-26T15:19:03.370+0700] {logging_mixin.py:149} INFO - [2023-05-26T15:19:03.370+0700] {dagbag.py:541} INFO - Filling up the DagBag from /Users/kany/project-local/data-home/tranning-Airflow/venv/lib/python3.11/site-packages/airflow/example_dags/plugins/workday.py
[2023-05-26T15:19:03.372+0700] {logging_mixin.py:149} INFO - [2023-05-26T15:19:03.372+0700] {workday.py:36} WARNING - Could not import pandas. Holidays will not be considered.
[2023-05-26T15:19:03.372+0700] {processor.py:838} WARNING - No viable dags retrieved from /Users/kany/project-local/data-home/tranning-Airflow/venv/lib/python3.11/site-packages/airflow/example_dags/plugins/workday.py
[2023-05-26T15:19:05.237+0700] {processor.py:179} INFO - Processing /Users/kany/project-local/data-home/tranning-Airflow/venv/lib/python3.11/site-packages/airflow/example_dags/plugins/workday.py took 1.869 seconds
[2023-05-26T15:20:12.506+0700] {processor.py:157} INFO - Started process (PID=51592) to work on /Users/kany/project-local/data-home/tranning-Airflow/venv/lib/python3.11/site-packages/airflow/example_dags/plugins/workday.py
[2023-05-26T15:20:12.506+0700] {processor.py:826} INFO - Processing file /Users/kany/project-local/data-home/tranning-Airflow/venv/lib/python3.11/site-packages/airflow/example_dags/plugins/workday.py for tasks to queue
[2023-05-26T15:20:12.506+0700] {logging_mixin.py:149} INFO - [2023-05-26T15:20:12.506+0700] {dagbag.py:541} INFO - Filling up the DagBag from /Users/kany/project-local/data-home/tranning-Airflow/venv/lib/python3.11/site-packages/airflow/example_dags/plugins/workday.py
[2023-05-26T15:20:12.508+0700] {logging_mixin.py:149} INFO - [2023-05-26T15:20:12.508+0700] {workday.py:36} WARNING - Could not import pandas. Holidays will not be considered.
[2023-05-26T15:20:12.508+0700] {processor.py:838} WARNING - No viable dags retrieved from /Users/kany/project-local/data-home/tranning-Airflow/venv/lib/python3.11/site-packages/airflow/example_dags/plugins/workday.py
[2023-05-26T15:20:13.114+0700] {processor.py:179} INFO - Processing /Users/kany/project-local/data-home/tranning-Airflow/venv/lib/python3.11/site-packages/airflow/example_dags/plugins/workday.py took 0.609 seconds
[2023-05-26T15:21:25.435+0700] {processor.py:157} INFO - Started process (PID=51703) to work on /Users/kany/project-local/data-home/tranning-Airflow/venv/lib/python3.11/site-packages/airflow/example_dags/plugins/workday.py
[2023-05-26T15:21:25.436+0700] {processor.py:826} INFO - Processing file /Users/kany/project-local/data-home/tranning-Airflow/venv/lib/python3.11/site-packages/airflow/example_dags/plugins/workday.py for tasks to queue
[2023-05-26T15:21:25.436+0700] {logging_mixin.py:149} INFO - [2023-05-26T15:21:25.436+0700] {dagbag.py:541} INFO - Filling up the DagBag from /Users/kany/project-local/data-home/tranning-Airflow/venv/lib/python3.11/site-packages/airflow/example_dags/plugins/workday.py
[2023-05-26T15:21:25.439+0700] {logging_mixin.py:149} INFO - [2023-05-26T15:21:25.439+0700] {workday.py:36} WARNING - Could not import pandas. Holidays will not be considered.
[2023-05-26T15:21:25.440+0700] {processor.py:838} WARNING - No viable dags retrieved from /Users/kany/project-local/data-home/tranning-Airflow/venv/lib/python3.11/site-packages/airflow/example_dags/plugins/workday.py
[2023-05-26T15:21:25.862+0700] {processor.py:179} INFO - Processing /Users/kany/project-local/data-home/tranning-Airflow/venv/lib/python3.11/site-packages/airflow/example_dags/plugins/workday.py took 0.427 seconds
[2023-05-26T15:22:28.734+0700] {processor.py:157} INFO - Started process (PID=51737) to work on /Users/kany/project-local/data-home/tranning-Airflow/venv/lib/python3.11/site-packages/airflow/example_dags/plugins/workday.py
[2023-05-26T15:22:28.736+0700] {processor.py:826} INFO - Processing file /Users/kany/project-local/data-home/tranning-Airflow/venv/lib/python3.11/site-packages/airflow/example_dags/plugins/workday.py for tasks to queue
[2023-05-26T15:22:28.736+0700] {logging_mixin.py:149} INFO - [2023-05-26T15:22:28.736+0700] {dagbag.py:541} INFO - Filling up the DagBag from /Users/kany/project-local/data-home/tranning-Airflow/venv/lib/python3.11/site-packages/airflow/example_dags/plugins/workday.py
[2023-05-26T15:22:28.737+0700] {logging_mixin.py:149} INFO - [2023-05-26T15:22:28.737+0700] {workday.py:36} WARNING - Could not import pandas. Holidays will not be considered.
[2023-05-26T15:22:28.737+0700] {processor.py:838} WARNING - No viable dags retrieved from /Users/kany/project-local/data-home/tranning-Airflow/venv/lib/python3.11/site-packages/airflow/example_dags/plugins/workday.py
[2023-05-26T15:22:29.168+0700] {processor.py:179} INFO - Processing /Users/kany/project-local/data-home/tranning-Airflow/venv/lib/python3.11/site-packages/airflow/example_dags/plugins/workday.py took 0.434 seconds
[2023-05-26T15:23:28.941+0700] {processor.py:157} INFO - Started process (PID=51773) to work on /Users/kany/project-local/data-home/tranning-Airflow/venv/lib/python3.11/site-packages/airflow/example_dags/plugins/workday.py
[2023-05-26T15:23:28.942+0700] {processor.py:826} INFO - Processing file /Users/kany/project-local/data-home/tranning-Airflow/venv/lib/python3.11/site-packages/airflow/example_dags/plugins/workday.py for tasks to queue
[2023-05-26T15:23:28.942+0700] {logging_mixin.py:149} INFO - [2023-05-26T15:23:28.942+0700] {dagbag.py:541} INFO - Filling up the DagBag from /Users/kany/project-local/data-home/tranning-Airflow/venv/lib/python3.11/site-packages/airflow/example_dags/plugins/workday.py
[2023-05-26T15:23:28.944+0700] {logging_mixin.py:149} INFO - [2023-05-26T15:23:28.944+0700] {workday.py:36} WARNING - Could not import pandas. Holidays will not be considered.
[2023-05-26T15:23:28.944+0700] {processor.py:838} WARNING - No viable dags retrieved from /Users/kany/project-local/data-home/tranning-Airflow/venv/lib/python3.11/site-packages/airflow/example_dags/plugins/workday.py
[2023-05-26T15:23:29.389+0700] {processor.py:179} INFO - Processing /Users/kany/project-local/data-home/tranning-Airflow/venv/lib/python3.11/site-packages/airflow/example_dags/plugins/workday.py took 0.449 seconds
[2023-05-26T15:24:31.722+0700] {processor.py:157} INFO - Started process (PID=51833) to work on /Users/kany/project-local/data-home/tranning-Airflow/venv/lib/python3.11/site-packages/airflow/example_dags/plugins/workday.py
[2023-05-26T15:24:31.723+0700] {processor.py:826} INFO - Processing file /Users/kany/project-local/data-home/tranning-Airflow/venv/lib/python3.11/site-packages/airflow/example_dags/plugins/workday.py for tasks to queue
[2023-05-26T15:24:31.723+0700] {logging_mixin.py:149} INFO - [2023-05-26T15:24:31.723+0700] {dagbag.py:541} INFO - Filling up the DagBag from /Users/kany/project-local/data-home/tranning-Airflow/venv/lib/python3.11/site-packages/airflow/example_dags/plugins/workday.py
[2023-05-26T15:24:31.724+0700] {logging_mixin.py:149} INFO - [2023-05-26T15:24:31.724+0700] {workday.py:36} WARNING - Could not import pandas. Holidays will not be considered.
[2023-05-26T15:24:31.724+0700] {processor.py:838} WARNING - No viable dags retrieved from /Users/kany/project-local/data-home/tranning-Airflow/venv/lib/python3.11/site-packages/airflow/example_dags/plugins/workday.py
[2023-05-26T15:24:32.219+0700] {processor.py:179} INFO - Processing /Users/kany/project-local/data-home/tranning-Airflow/venv/lib/python3.11/site-packages/airflow/example_dags/plugins/workday.py took 0.497 seconds
[2023-05-26T15:25:36.869+0700] {processor.py:157} INFO - Started process (PID=51886) to work on /Users/kany/project-local/data-home/tranning-Airflow/venv/lib/python3.11/site-packages/airflow/example_dags/plugins/workday.py
[2023-05-26T15:25:36.869+0700] {processor.py:826} INFO - Processing file /Users/kany/project-local/data-home/tranning-Airflow/venv/lib/python3.11/site-packages/airflow/example_dags/plugins/workday.py for tasks to queue
[2023-05-26T15:25:36.869+0700] {logging_mixin.py:149} INFO - [2023-05-26T15:25:36.869+0700] {dagbag.py:541} INFO - Filling up the DagBag from /Users/kany/project-local/data-home/tranning-Airflow/venv/lib/python3.11/site-packages/airflow/example_dags/plugins/workday.py
[2023-05-26T15:25:36.870+0700] {logging_mixin.py:149} INFO - [2023-05-26T15:25:36.870+0700] {workday.py:36} WARNING - Could not import pandas. Holidays will not be considered.
[2023-05-26T15:25:36.871+0700] {processor.py:838} WARNING - No viable dags retrieved from /Users/kany/project-local/data-home/tranning-Airflow/venv/lib/python3.11/site-packages/airflow/example_dags/plugins/workday.py
[2023-05-26T15:25:37.740+0700] {processor.py:179} INFO - Processing /Users/kany/project-local/data-home/tranning-Airflow/venv/lib/python3.11/site-packages/airflow/example_dags/plugins/workday.py took 0.872 seconds
[2023-05-26T15:26:40.108+0700] {processor.py:157} INFO - Started process (PID=52024) to work on /Users/kany/project-local/data-home/tranning-Airflow/venv/lib/python3.11/site-packages/airflow/example_dags/plugins/workday.py
[2023-05-26T15:26:40.109+0700] {processor.py:826} INFO - Processing file /Users/kany/project-local/data-home/tranning-Airflow/venv/lib/python3.11/site-packages/airflow/example_dags/plugins/workday.py for tasks to queue
[2023-05-26T15:26:40.109+0700] {logging_mixin.py:149} INFO - [2023-05-26T15:26:40.109+0700] {dagbag.py:541} INFO - Filling up the DagBag from /Users/kany/project-local/data-home/tranning-Airflow/venv/lib/python3.11/site-packages/airflow/example_dags/plugins/workday.py
[2023-05-26T15:26:40.110+0700] {logging_mixin.py:149} INFO - [2023-05-26T15:26:40.110+0700] {workday.py:36} WARNING - Could not import pandas. Holidays will not be considered.
[2023-05-26T15:26:40.111+0700] {processor.py:838} WARNING - No viable dags retrieved from /Users/kany/project-local/data-home/tranning-Airflow/venv/lib/python3.11/site-packages/airflow/example_dags/plugins/workday.py
[2023-05-26T15:26:40.699+0700] {processor.py:179} INFO - Processing /Users/kany/project-local/data-home/tranning-Airflow/venv/lib/python3.11/site-packages/airflow/example_dags/plugins/workday.py took 0.592 seconds
[2023-05-26T15:27:43.530+0700] {processor.py:157} INFO - Started process (PID=52135) to work on /Users/kany/project-local/data-home/tranning-Airflow/venv/lib/python3.11/site-packages/airflow/example_dags/plugins/workday.py
[2023-05-26T15:27:43.531+0700] {processor.py:826} INFO - Processing file /Users/kany/project-local/data-home/tranning-Airflow/venv/lib/python3.11/site-packages/airflow/example_dags/plugins/workday.py for tasks to queue
[2023-05-26T15:27:43.531+0700] {logging_mixin.py:149} INFO - [2023-05-26T15:27:43.531+0700] {dagbag.py:541} INFO - Filling up the DagBag from /Users/kany/project-local/data-home/tranning-Airflow/venv/lib/python3.11/site-packages/airflow/example_dags/plugins/workday.py
[2023-05-26T15:27:43.532+0700] {logging_mixin.py:149} INFO - [2023-05-26T15:27:43.532+0700] {workday.py:36} WARNING - Could not import pandas. Holidays will not be considered.
[2023-05-26T15:27:43.532+0700] {processor.py:838} WARNING - No viable dags retrieved from /Users/kany/project-local/data-home/tranning-Airflow/venv/lib/python3.11/site-packages/airflow/example_dags/plugins/workday.py
[2023-05-26T15:27:44.061+0700] {processor.py:179} INFO - Processing /Users/kany/project-local/data-home/tranning-Airflow/venv/lib/python3.11/site-packages/airflow/example_dags/plugins/workday.py took 0.531 seconds
[2023-05-26T15:28:49.827+0700] {processor.py:157} INFO - Started process (PID=52276) to work on /Users/kany/project-local/data-home/tranning-Airflow/venv/lib/python3.11/site-packages/airflow/example_dags/plugins/workday.py
[2023-05-26T15:28:49.828+0700] {processor.py:826} INFO - Processing file /Users/kany/project-local/data-home/tranning-Airflow/venv/lib/python3.11/site-packages/airflow/example_dags/plugins/workday.py for tasks to queue
[2023-05-26T15:28:49.828+0700] {logging_mixin.py:149} INFO - [2023-05-26T15:28:49.828+0700] {dagbag.py:541} INFO - Filling up the DagBag from /Users/kany/project-local/data-home/tranning-Airflow/venv/lib/python3.11/site-packages/airflow/example_dags/plugins/workday.py
[2023-05-26T15:28:49.830+0700] {logging_mixin.py:149} INFO - [2023-05-26T15:28:49.830+0700] {workday.py:36} WARNING - Could not import pandas. Holidays will not be considered.
[2023-05-26T15:28:49.830+0700] {processor.py:838} WARNING - No viable dags retrieved from /Users/kany/project-local/data-home/tranning-Airflow/venv/lib/python3.11/site-packages/airflow/example_dags/plugins/workday.py
[2023-05-26T15:28:50.312+0700] {processor.py:179} INFO - Processing /Users/kany/project-local/data-home/tranning-Airflow/venv/lib/python3.11/site-packages/airflow/example_dags/plugins/workday.py took 0.485 seconds
[2023-05-26T15:29:57.557+0700] {processor.py:157} INFO - Started process (PID=52368) to work on /Users/kany/project-local/data-home/tranning-Airflow/venv/lib/python3.11/site-packages/airflow/example_dags/plugins/workday.py
[2023-05-26T15:29:57.558+0700] {processor.py:826} INFO - Processing file /Users/kany/project-local/data-home/tranning-Airflow/venv/lib/python3.11/site-packages/airflow/example_dags/plugins/workday.py for tasks to queue
[2023-05-26T15:29:57.558+0700] {logging_mixin.py:149} INFO - [2023-05-26T15:29:57.558+0700] {dagbag.py:541} INFO - Filling up the DagBag from /Users/kany/project-local/data-home/tranning-Airflow/venv/lib/python3.11/site-packages/airflow/example_dags/plugins/workday.py
[2023-05-26T15:29:57.560+0700] {logging_mixin.py:149} INFO - [2023-05-26T15:29:57.560+0700] {workday.py:36} WARNING - Could not import pandas. Holidays will not be considered.
[2023-05-26T15:29:57.560+0700] {processor.py:838} WARNING - No viable dags retrieved from /Users/kany/project-local/data-home/tranning-Airflow/venv/lib/python3.11/site-packages/airflow/example_dags/plugins/workday.py
[2023-05-26T15:29:58.047+0700] {processor.py:179} INFO - Processing /Users/kany/project-local/data-home/tranning-Airflow/venv/lib/python3.11/site-packages/airflow/example_dags/plugins/workday.py took 0.490 seconds
[2023-05-26T15:31:03.892+0700] {processor.py:157} INFO - Started process (PID=52430) to work on /Users/kany/project-local/data-home/tranning-Airflow/venv/lib/python3.11/site-packages/airflow/example_dags/plugins/workday.py
[2023-05-26T15:31:03.893+0700] {processor.py:826} INFO - Processing file /Users/kany/project-local/data-home/tranning-Airflow/venv/lib/python3.11/site-packages/airflow/example_dags/plugins/workday.py for tasks to queue
[2023-05-26T15:31:03.893+0700] {logging_mixin.py:149} INFO - [2023-05-26T15:31:03.893+0700] {dagbag.py:541} INFO - Filling up the DagBag from /Users/kany/project-local/data-home/tranning-Airflow/venv/lib/python3.11/site-packages/airflow/example_dags/plugins/workday.py
[2023-05-26T15:31:03.894+0700] {logging_mixin.py:149} INFO - [2023-05-26T15:31:03.894+0700] {workday.py:36} WARNING - Could not import pandas. Holidays will not be considered.
[2023-05-26T15:31:03.894+0700] {processor.py:838} WARNING - No viable dags retrieved from /Users/kany/project-local/data-home/tranning-Airflow/venv/lib/python3.11/site-packages/airflow/example_dags/plugins/workday.py
[2023-05-26T15:31:04.395+0700] {processor.py:179} INFO - Processing /Users/kany/project-local/data-home/tranning-Airflow/venv/lib/python3.11/site-packages/airflow/example_dags/plugins/workday.py took 0.503 seconds
[2023-05-26T15:32:10.403+0700] {processor.py:157} INFO - Started process (PID=52521) to work on /Users/kany/project-local/data-home/tranning-Airflow/venv/lib/python3.11/site-packages/airflow/example_dags/plugins/workday.py
[2023-05-26T15:32:10.405+0700] {processor.py:826} INFO - Processing file /Users/kany/project-local/data-home/tranning-Airflow/venv/lib/python3.11/site-packages/airflow/example_dags/plugins/workday.py for tasks to queue
[2023-05-26T15:32:10.405+0700] {logging_mixin.py:149} INFO - [2023-05-26T15:32:10.405+0700] {dagbag.py:541} INFO - Filling up the DagBag from /Users/kany/project-local/data-home/tranning-Airflow/venv/lib/python3.11/site-packages/airflow/example_dags/plugins/workday.py
[2023-05-26T15:32:10.406+0700] {logging_mixin.py:149} INFO - [2023-05-26T15:32:10.406+0700] {workday.py:36} WARNING - Could not import pandas. Holidays will not be considered.
[2023-05-26T15:32:10.406+0700] {processor.py:838} WARNING - No viable dags retrieved from /Users/kany/project-local/data-home/tranning-Airflow/venv/lib/python3.11/site-packages/airflow/example_dags/plugins/workday.py
[2023-05-26T15:32:10.931+0700] {processor.py:179} INFO - Processing /Users/kany/project-local/data-home/tranning-Airflow/venv/lib/python3.11/site-packages/airflow/example_dags/plugins/workday.py took 0.529 seconds
