[2023-05-26T15:11:50.820+0700] {processor.py:157} INFO - Started process (PID=51087) to work on /Users/kany/project-local/data-home/tranning-Airflow/venv/lib/python3.11/site-packages/airflow/example_dags/subdags/subdag.py
[2023-05-26T15:11:50.820+0700] {processor.py:826} INFO - Processing file /Users/kany/project-local/data-home/tranning-Airflow/venv/lib/python3.11/site-packages/airflow/example_dags/subdags/subdag.py for tasks to queue
[2023-05-26T15:11:50.821+0700] {logging_mixin.py:149} INFO - [2023-05-26T15:11:50.821+0700] {dagbag.py:541} INFO - Filling up the DagBag from /Users/kany/project-local/data-home/tranning-Airflow/venv/lib/python3.11/site-packages/airflow/example_dags/subdags/subdag.py
[2023-05-26T15:11:50.823+0700] {processor.py:838} WARNING - No viable dags retrieved from /Users/kany/project-local/data-home/tranning-Airflow/venv/lib/python3.11/site-packages/airflow/example_dags/subdags/subdag.py
[2023-05-26T15:11:51.262+0700] {processor.py:179} INFO - Processing /Users/kany/project-local/data-home/tranning-Airflow/venv/lib/python3.11/site-packages/airflow/example_dags/subdags/subdag.py took 0.443 seconds
[2023-05-26T15:13:48.789+0700] {processor.py:157} INFO - Started process (PID=51199) to work on /Users/kany/project-local/data-home/tranning-Airflow/venv/lib/python3.11/site-packages/airflow/example_dags/subdags/subdag.py
[2023-05-26T15:13:48.790+0700] {processor.py:826} INFO - Processing file /Users/kany/project-local/data-home/tranning-Airflow/venv/lib/python3.11/site-packages/airflow/example_dags/subdags/subdag.py for tasks to queue
[2023-05-26T15:13:48.790+0700] {logging_mixin.py:149} INFO - [2023-05-26T15:13:48.790+0700] {dagbag.py:541} INFO - Filling up the DagBag from /Users/kany/project-local/data-home/tranning-Airflow/venv/lib/python3.11/site-packages/airflow/example_dags/subdags/subdag.py
[2023-05-26T15:13:48.793+0700] {processor.py:838} WARNING - No viable dags retrieved from /Users/kany/project-local/data-home/tranning-Airflow/venv/lib/python3.11/site-packages/airflow/example_dags/subdags/subdag.py
[2023-05-26T15:13:49.556+0700] {processor.py:179} INFO - Processing /Users/kany/project-local/data-home/tranning-Airflow/venv/lib/python3.11/site-packages/airflow/example_dags/subdags/subdag.py took 0.767 seconds
[2023-05-26T15:15:20.912+0700] {processor.py:157} INFO - Started process (PID=51265) to work on /Users/kany/project-local/data-home/tranning-Airflow/venv/lib/python3.11/site-packages/airflow/example_dags/subdags/subdag.py
[2023-05-26T15:15:20.913+0700] {processor.py:826} INFO - Processing file /Users/kany/project-local/data-home/tranning-Airflow/venv/lib/python3.11/site-packages/airflow/example_dags/subdags/subdag.py for tasks to queue
[2023-05-26T15:15:20.913+0700] {logging_mixin.py:149} INFO - [2023-05-26T15:15:20.913+0700] {dagbag.py:541} INFO - Filling up the DagBag from /Users/kany/project-local/data-home/tranning-Airflow/venv/lib/python3.11/site-packages/airflow/example_dags/subdags/subdag.py
[2023-05-26T15:15:20.916+0700] {processor.py:838} WARNING - No viable dags retrieved from /Users/kany/project-local/data-home/tranning-Airflow/venv/lib/python3.11/site-packages/airflow/example_dags/subdags/subdag.py
[2023-05-26T15:15:21.415+0700] {processor.py:179} INFO - Processing /Users/kany/project-local/data-home/tranning-Airflow/venv/lib/python3.11/site-packages/airflow/example_dags/subdags/subdag.py took 0.503 seconds
[2023-05-26T15:16:31.607+0700] {processor.py:157} INFO - Started process (PID=51364) to work on /Users/kany/project-local/data-home/tranning-Airflow/venv/lib/python3.11/site-packages/airflow/example_dags/subdags/subdag.py
[2023-05-26T15:16:31.607+0700] {processor.py:826} INFO - Processing file /Users/kany/project-local/data-home/tranning-Airflow/venv/lib/python3.11/site-packages/airflow/example_dags/subdags/subdag.py for tasks to queue
[2023-05-26T15:16:31.608+0700] {logging_mixin.py:149} INFO - [2023-05-26T15:16:31.607+0700] {dagbag.py:541} INFO - Filling up the DagBag from /Users/kany/project-local/data-home/tranning-Airflow/venv/lib/python3.11/site-packages/airflow/example_dags/subdags/subdag.py
[2023-05-26T15:16:31.616+0700] {processor.py:838} WARNING - No viable dags retrieved from /Users/kany/project-local/data-home/tranning-Airflow/venv/lib/python3.11/site-packages/airflow/example_dags/subdags/subdag.py
[2023-05-26T15:16:32.515+0700] {processor.py:179} INFO - Processing /Users/kany/project-local/data-home/tranning-Airflow/venv/lib/python3.11/site-packages/airflow/example_dags/subdags/subdag.py took 0.909 seconds
[2023-05-26T15:17:51.519+0700] {processor.py:157} INFO - Started process (PID=51425) to work on /Users/kany/project-local/data-home/tranning-Airflow/venv/lib/python3.11/site-packages/airflow/example_dags/subdags/subdag.py
[2023-05-26T15:17:51.520+0700] {processor.py:826} INFO - Processing file /Users/kany/project-local/data-home/tranning-Airflow/venv/lib/python3.11/site-packages/airflow/example_dags/subdags/subdag.py for tasks to queue
[2023-05-26T15:17:51.521+0700] {logging_mixin.py:149} INFO - [2023-05-26T15:17:51.521+0700] {dagbag.py:541} INFO - Filling up the DagBag from /Users/kany/project-local/data-home/tranning-Airflow/venv/lib/python3.11/site-packages/airflow/example_dags/subdags/subdag.py
[2023-05-26T15:17:51.522+0700] {processor.py:838} WARNING - No viable dags retrieved from /Users/kany/project-local/data-home/tranning-Airflow/venv/lib/python3.11/site-packages/airflow/example_dags/subdags/subdag.py
[2023-05-26T15:17:51.990+0700] {processor.py:179} INFO - Processing /Users/kany/project-local/data-home/tranning-Airflow/venv/lib/python3.11/site-packages/airflow/example_dags/subdags/subdag.py took 0.471 seconds
[2023-05-26T15:19:00.854+0700] {processor.py:157} INFO - Started process (PID=51519) to work on /Users/kany/project-local/data-home/tranning-Airflow/venv/lib/python3.11/site-packages/airflow/example_dags/subdags/subdag.py
[2023-05-26T15:19:00.854+0700] {processor.py:826} INFO - Processing file /Users/kany/project-local/data-home/tranning-Airflow/venv/lib/python3.11/site-packages/airflow/example_dags/subdags/subdag.py for tasks to queue
[2023-05-26T15:19:00.854+0700] {logging_mixin.py:149} INFO - [2023-05-26T15:19:00.854+0700] {dagbag.py:541} INFO - Filling up the DagBag from /Users/kany/project-local/data-home/tranning-Airflow/venv/lib/python3.11/site-packages/airflow/example_dags/subdags/subdag.py
[2023-05-26T15:19:00.857+0700] {processor.py:838} WARNING - No viable dags retrieved from /Users/kany/project-local/data-home/tranning-Airflow/venv/lib/python3.11/site-packages/airflow/example_dags/subdags/subdag.py
[2023-05-26T15:19:01.339+0700] {processor.py:179} INFO - Processing /Users/kany/project-local/data-home/tranning-Airflow/venv/lib/python3.11/site-packages/airflow/example_dags/subdags/subdag.py took 0.486 seconds
[2023-05-26T15:20:10.298+0700] {processor.py:157} INFO - Started process (PID=51590) to work on /Users/kany/project-local/data-home/tranning-Airflow/venv/lib/python3.11/site-packages/airflow/example_dags/subdags/subdag.py
[2023-05-26T15:20:10.299+0700] {processor.py:826} INFO - Processing file /Users/kany/project-local/data-home/tranning-Airflow/venv/lib/python3.11/site-packages/airflow/example_dags/subdags/subdag.py for tasks to queue
[2023-05-26T15:20:10.299+0700] {logging_mixin.py:149} INFO - [2023-05-26T15:20:10.299+0700] {dagbag.py:541} INFO - Filling up the DagBag from /Users/kany/project-local/data-home/tranning-Airflow/venv/lib/python3.11/site-packages/airflow/example_dags/subdags/subdag.py
[2023-05-26T15:20:10.301+0700] {processor.py:838} WARNING - No viable dags retrieved from /Users/kany/project-local/data-home/tranning-Airflow/venv/lib/python3.11/site-packages/airflow/example_dags/subdags/subdag.py
[2023-05-26T15:20:10.743+0700] {processor.py:179} INFO - Processing /Users/kany/project-local/data-home/tranning-Airflow/venv/lib/python3.11/site-packages/airflow/example_dags/subdags/subdag.py took 0.445 seconds
[2023-05-26T15:21:23.321+0700] {processor.py:157} INFO - Started process (PID=51702) to work on /Users/kany/project-local/data-home/tranning-Airflow/venv/lib/python3.11/site-packages/airflow/example_dags/subdags/subdag.py
[2023-05-26T15:21:23.321+0700] {processor.py:826} INFO - Processing file /Users/kany/project-local/data-home/tranning-Airflow/venv/lib/python3.11/site-packages/airflow/example_dags/subdags/subdag.py for tasks to queue
[2023-05-26T15:21:23.322+0700] {logging_mixin.py:149} INFO - [2023-05-26T15:21:23.322+0700] {dagbag.py:541} INFO - Filling up the DagBag from /Users/kany/project-local/data-home/tranning-Airflow/venv/lib/python3.11/site-packages/airflow/example_dags/subdags/subdag.py
[2023-05-26T15:21:23.324+0700] {processor.py:838} WARNING - No viable dags retrieved from /Users/kany/project-local/data-home/tranning-Airflow/venv/lib/python3.11/site-packages/airflow/example_dags/subdags/subdag.py
[2023-05-26T15:21:23.753+0700] {processor.py:179} INFO - Processing /Users/kany/project-local/data-home/tranning-Airflow/venv/lib/python3.11/site-packages/airflow/example_dags/subdags/subdag.py took 0.433 seconds
[2023-05-26T15:22:26.866+0700] {processor.py:157} INFO - Started process (PID=51736) to work on /Users/kany/project-local/data-home/tranning-Airflow/venv/lib/python3.11/site-packages/airflow/example_dags/subdags/subdag.py
[2023-05-26T15:22:26.867+0700] {processor.py:826} INFO - Processing file /Users/kany/project-local/data-home/tranning-Airflow/venv/lib/python3.11/site-packages/airflow/example_dags/subdags/subdag.py for tasks to queue
[2023-05-26T15:22:26.867+0700] {logging_mixin.py:149} INFO - [2023-05-26T15:22:26.867+0700] {dagbag.py:541} INFO - Filling up the DagBag from /Users/kany/project-local/data-home/tranning-Airflow/venv/lib/python3.11/site-packages/airflow/example_dags/subdags/subdag.py
[2023-05-26T15:22:26.869+0700] {processor.py:838} WARNING - No viable dags retrieved from /Users/kany/project-local/data-home/tranning-Airflow/venv/lib/python3.11/site-packages/airflow/example_dags/subdags/subdag.py
[2023-05-26T15:22:27.284+0700] {processor.py:179} INFO - Processing /Users/kany/project-local/data-home/tranning-Airflow/venv/lib/python3.11/site-packages/airflow/example_dags/subdags/subdag.py took 0.418 seconds
[2023-05-26T15:23:27.107+0700] {processor.py:157} INFO - Started process (PID=51772) to work on /Users/kany/project-local/data-home/tranning-Airflow/venv/lib/python3.11/site-packages/airflow/example_dags/subdags/subdag.py
[2023-05-26T15:23:27.108+0700] {processor.py:826} INFO - Processing file /Users/kany/project-local/data-home/tranning-Airflow/venv/lib/python3.11/site-packages/airflow/example_dags/subdags/subdag.py for tasks to queue
[2023-05-26T15:23:27.108+0700] {logging_mixin.py:149} INFO - [2023-05-26T15:23:27.108+0700] {dagbag.py:541} INFO - Filling up the DagBag from /Users/kany/project-local/data-home/tranning-Airflow/venv/lib/python3.11/site-packages/airflow/example_dags/subdags/subdag.py
[2023-05-26T15:23:27.110+0700] {processor.py:838} WARNING - No viable dags retrieved from /Users/kany/project-local/data-home/tranning-Airflow/venv/lib/python3.11/site-packages/airflow/example_dags/subdags/subdag.py
[2023-05-26T15:23:27.522+0700] {processor.py:179} INFO - Processing /Users/kany/project-local/data-home/tranning-Airflow/venv/lib/python3.11/site-packages/airflow/example_dags/subdags/subdag.py took 0.416 seconds
[2023-05-26T15:24:29.347+0700] {processor.py:157} INFO - Started process (PID=51832) to work on /Users/kany/project-local/data-home/tranning-Airflow/venv/lib/python3.11/site-packages/airflow/example_dags/subdags/subdag.py
[2023-05-26T15:24:29.348+0700] {processor.py:826} INFO - Processing file /Users/kany/project-local/data-home/tranning-Airflow/venv/lib/python3.11/site-packages/airflow/example_dags/subdags/subdag.py for tasks to queue
[2023-05-26T15:24:29.348+0700] {logging_mixin.py:149} INFO - [2023-05-26T15:24:29.348+0700] {dagbag.py:541} INFO - Filling up the DagBag from /Users/kany/project-local/data-home/tranning-Airflow/venv/lib/python3.11/site-packages/airflow/example_dags/subdags/subdag.py
[2023-05-26T15:24:29.350+0700] {processor.py:838} WARNING - No viable dags retrieved from /Users/kany/project-local/data-home/tranning-Airflow/venv/lib/python3.11/site-packages/airflow/example_dags/subdags/subdag.py
[2023-05-26T15:24:29.964+0700] {processor.py:179} INFO - Processing /Users/kany/project-local/data-home/tranning-Airflow/venv/lib/python3.11/site-packages/airflow/example_dags/subdags/subdag.py took 0.617 seconds
[2023-05-26T15:25:34.515+0700] {processor.py:157} INFO - Started process (PID=51885) to work on /Users/kany/project-local/data-home/tranning-Airflow/venv/lib/python3.11/site-packages/airflow/example_dags/subdags/subdag.py
[2023-05-26T15:25:34.516+0700] {processor.py:826} INFO - Processing file /Users/kany/project-local/data-home/tranning-Airflow/venv/lib/python3.11/site-packages/airflow/example_dags/subdags/subdag.py for tasks to queue
[2023-05-26T15:25:34.516+0700] {logging_mixin.py:149} INFO - [2023-05-26T15:25:34.516+0700] {dagbag.py:541} INFO - Filling up the DagBag from /Users/kany/project-local/data-home/tranning-Airflow/venv/lib/python3.11/site-packages/airflow/example_dags/subdags/subdag.py
[2023-05-26T15:25:34.518+0700] {processor.py:838} WARNING - No viable dags retrieved from /Users/kany/project-local/data-home/tranning-Airflow/venv/lib/python3.11/site-packages/airflow/example_dags/subdags/subdag.py
[2023-05-26T15:25:34.969+0700] {processor.py:179} INFO - Processing /Users/kany/project-local/data-home/tranning-Airflow/venv/lib/python3.11/site-packages/airflow/example_dags/subdags/subdag.py took 0.454 seconds
[2023-05-26T15:26:37.900+0700] {processor.py:157} INFO - Started process (PID=52023) to work on /Users/kany/project-local/data-home/tranning-Airflow/venv/lib/python3.11/site-packages/airflow/example_dags/subdags/subdag.py
[2023-05-26T15:26:37.900+0700] {processor.py:826} INFO - Processing file /Users/kany/project-local/data-home/tranning-Airflow/venv/lib/python3.11/site-packages/airflow/example_dags/subdags/subdag.py for tasks to queue
[2023-05-26T15:26:37.900+0700] {logging_mixin.py:149} INFO - [2023-05-26T15:26:37.900+0700] {dagbag.py:541} INFO - Filling up the DagBag from /Users/kany/project-local/data-home/tranning-Airflow/venv/lib/python3.11/site-packages/airflow/example_dags/subdags/subdag.py
[2023-05-26T15:26:37.902+0700] {processor.py:838} WARNING - No viable dags retrieved from /Users/kany/project-local/data-home/tranning-Airflow/venv/lib/python3.11/site-packages/airflow/example_dags/subdags/subdag.py
[2023-05-26T15:26:38.370+0700] {processor.py:179} INFO - Processing /Users/kany/project-local/data-home/tranning-Airflow/venv/lib/python3.11/site-packages/airflow/example_dags/subdags/subdag.py took 0.471 seconds
[2023-05-26T15:27:41.831+0700] {processor.py:157} INFO - Started process (PID=52131) to work on /Users/kany/project-local/data-home/tranning-Airflow/venv/lib/python3.11/site-packages/airflow/example_dags/subdags/subdag.py
[2023-05-26T15:27:41.832+0700] {processor.py:826} INFO - Processing file /Users/kany/project-local/data-home/tranning-Airflow/venv/lib/python3.11/site-packages/airflow/example_dags/subdags/subdag.py for tasks to queue
[2023-05-26T15:27:41.832+0700] {logging_mixin.py:149} INFO - [2023-05-26T15:27:41.832+0700] {dagbag.py:541} INFO - Filling up the DagBag from /Users/kany/project-local/data-home/tranning-Airflow/venv/lib/python3.11/site-packages/airflow/example_dags/subdags/subdag.py
[2023-05-26T15:27:41.833+0700] {processor.py:838} WARNING - No viable dags retrieved from /Users/kany/project-local/data-home/tranning-Airflow/venv/lib/python3.11/site-packages/airflow/example_dags/subdags/subdag.py
[2023-05-26T15:27:42.328+0700] {processor.py:179} INFO - Processing /Users/kany/project-local/data-home/tranning-Airflow/venv/lib/python3.11/site-packages/airflow/example_dags/subdags/subdag.py took 0.497 seconds
[2023-05-26T15:28:47.566+0700] {processor.py:157} INFO - Started process (PID=52268) to work on /Users/kany/project-local/data-home/tranning-Airflow/venv/lib/python3.11/site-packages/airflow/example_dags/subdags/subdag.py
[2023-05-26T15:28:47.567+0700] {processor.py:826} INFO - Processing file /Users/kany/project-local/data-home/tranning-Airflow/venv/lib/python3.11/site-packages/airflow/example_dags/subdags/subdag.py for tasks to queue
[2023-05-26T15:28:47.567+0700] {logging_mixin.py:149} INFO - [2023-05-26T15:28:47.567+0700] {dagbag.py:541} INFO - Filling up the DagBag from /Users/kany/project-local/data-home/tranning-Airflow/venv/lib/python3.11/site-packages/airflow/example_dags/subdags/subdag.py
[2023-05-26T15:28:47.571+0700] {processor.py:838} WARNING - No viable dags retrieved from /Users/kany/project-local/data-home/tranning-Airflow/venv/lib/python3.11/site-packages/airflow/example_dags/subdags/subdag.py
[2023-05-26T15:28:48.130+0700] {processor.py:179} INFO - Processing /Users/kany/project-local/data-home/tranning-Airflow/venv/lib/python3.11/site-packages/airflow/example_dags/subdags/subdag.py took 0.565 seconds
[2023-05-26T15:29:55.918+0700] {processor.py:157} INFO - Started process (PID=52367) to work on /Users/kany/project-local/data-home/tranning-Airflow/venv/lib/python3.11/site-packages/airflow/example_dags/subdags/subdag.py
[2023-05-26T15:29:55.919+0700] {processor.py:826} INFO - Processing file /Users/kany/project-local/data-home/tranning-Airflow/venv/lib/python3.11/site-packages/airflow/example_dags/subdags/subdag.py for tasks to queue
[2023-05-26T15:29:55.919+0700] {logging_mixin.py:149} INFO - [2023-05-26T15:29:55.919+0700] {dagbag.py:541} INFO - Filling up the DagBag from /Users/kany/project-local/data-home/tranning-Airflow/venv/lib/python3.11/site-packages/airflow/example_dags/subdags/subdag.py
[2023-05-26T15:29:55.921+0700] {processor.py:838} WARNING - No viable dags retrieved from /Users/kany/project-local/data-home/tranning-Airflow/venv/lib/python3.11/site-packages/airflow/example_dags/subdags/subdag.py
[2023-05-26T15:29:56.396+0700] {processor.py:179} INFO - Processing /Users/kany/project-local/data-home/tranning-Airflow/venv/lib/python3.11/site-packages/airflow/example_dags/subdags/subdag.py took 0.479 seconds
[2023-05-26T15:31:01.654+0700] {processor.py:157} INFO - Started process (PID=52428) to work on /Users/kany/project-local/data-home/tranning-Airflow/venv/lib/python3.11/site-packages/airflow/example_dags/subdags/subdag.py
[2023-05-26T15:31:01.654+0700] {processor.py:826} INFO - Processing file /Users/kany/project-local/data-home/tranning-Airflow/venv/lib/python3.11/site-packages/airflow/example_dags/subdags/subdag.py for tasks to queue
[2023-05-26T15:31:01.654+0700] {logging_mixin.py:149} INFO - [2023-05-26T15:31:01.654+0700] {dagbag.py:541} INFO - Filling up the DagBag from /Users/kany/project-local/data-home/tranning-Airflow/venv/lib/python3.11/site-packages/airflow/example_dags/subdags/subdag.py
[2023-05-26T15:31:01.656+0700] {processor.py:838} WARNING - No viable dags retrieved from /Users/kany/project-local/data-home/tranning-Airflow/venv/lib/python3.11/site-packages/airflow/example_dags/subdags/subdag.py
[2023-05-26T15:31:02.158+0700] {processor.py:179} INFO - Processing /Users/kany/project-local/data-home/tranning-Airflow/venv/lib/python3.11/site-packages/airflow/example_dags/subdags/subdag.py took 0.504 seconds
[2023-05-26T15:32:07.596+0700] {processor.py:157} INFO - Started process (PID=52481) to work on /Users/kany/project-local/data-home/tranning-Airflow/venv/lib/python3.11/site-packages/airflow/example_dags/subdags/subdag.py
[2023-05-26T15:32:07.597+0700] {processor.py:826} INFO - Processing file /Users/kany/project-local/data-home/tranning-Airflow/venv/lib/python3.11/site-packages/airflow/example_dags/subdags/subdag.py for tasks to queue
[2023-05-26T15:32:07.597+0700] {logging_mixin.py:149} INFO - [2023-05-26T15:32:07.597+0700] {dagbag.py:541} INFO - Filling up the DagBag from /Users/kany/project-local/data-home/tranning-Airflow/venv/lib/python3.11/site-packages/airflow/example_dags/subdags/subdag.py
[2023-05-26T15:32:07.599+0700] {processor.py:838} WARNING - No viable dags retrieved from /Users/kany/project-local/data-home/tranning-Airflow/venv/lib/python3.11/site-packages/airflow/example_dags/subdags/subdag.py
[2023-05-26T15:32:08.628+0700] {processor.py:179} INFO - Processing /Users/kany/project-local/data-home/tranning-Airflow/venv/lib/python3.11/site-packages/airflow/example_dags/subdags/subdag.py took 1.033 seconds
