[2023-05-26T15:13:33.946+0700] {processor.py:157} INFO - Started process (PID=51190) to work on /Users/kany/project-local/data-home/tranning-Airflow/venv/lib/python3.11/site-packages/airflow/example_dags/example_branch_operator.py
[2023-05-26T15:13:33.947+0700] {processor.py:826} INFO - Processing file /Users/kany/project-local/data-home/tranning-Airflow/venv/lib/python3.11/site-packages/airflow/example_dags/example_branch_operator.py for tasks to queue
[2023-05-26T15:13:33.948+0700] {logging_mixin.py:149} INFO - [2023-05-26T15:13:33.948+0700] {dagbag.py:541} INFO - Filling up the DagBag from /Users/kany/project-local/data-home/tranning-Airflow/venv/lib/python3.11/site-packages/airflow/example_dags/example_branch_operator.py
[2023-05-26T15:13:33.994+0700] {processor.py:836} INFO - DAG(s) dict_keys(['example_branch_operator']) retrieved from /Users/kany/project-local/data-home/tranning-Airflow/venv/lib/python3.11/site-packages/airflow/example_dags/example_branch_operator.py
[2023-05-26T15:13:35.277+0700] {logging_mixin.py:149} INFO - [2023-05-26T15:13:35.277+0700] {manager.py:504} INFO - Created Permission View: can edit on DAG:example_branch_operator
[2023-05-26T15:13:35.283+0700] {logging_mixin.py:149} INFO - [2023-05-26T15:13:35.282+0700] {manager.py:504} INFO - Created Permission View: can delete on DAG:example_branch_operator
[2023-05-26T15:13:35.286+0700] {logging_mixin.py:149} INFO - [2023-05-26T15:13:35.286+0700] {manager.py:504} INFO - Created Permission View: can read on DAG:example_branch_operator
[2023-05-26T15:13:35.287+0700] {logging_mixin.py:149} INFO - [2023-05-26T15:13:35.287+0700] {dag.py:2726} INFO - Sync 1 DAGs
[2023-05-26T15:13:35.291+0700] {logging_mixin.py:149} INFO - [2023-05-26T15:13:35.291+0700] {dag.py:2747} INFO - Creating ORM DAG for example_branch_operator
[2023-05-26T15:13:35.294+0700] {logging_mixin.py:149} INFO - [2023-05-26T15:13:35.294+0700] {dag.py:3486} INFO - Setting next_dagrun for example_branch_operator to 2023-05-25T00:00:00+00:00, run_after=2023-05-26T00:00:00+00:00
[2023-05-26T15:13:35.304+0700] {processor.py:179} INFO - Processing /Users/kany/project-local/data-home/tranning-Airflow/venv/lib/python3.11/site-packages/airflow/example_dags/example_branch_operator.py took 1.358 seconds
[2023-05-26T15:16:20.132+0700] {processor.py:157} INFO - Started process (PID=51345) to work on /Users/kany/project-local/data-home/tranning-Airflow/venv/lib/python3.11/site-packages/airflow/example_dags/example_branch_operator.py
[2023-05-26T15:16:20.133+0700] {processor.py:826} INFO - Processing file /Users/kany/project-local/data-home/tranning-Airflow/venv/lib/python3.11/site-packages/airflow/example_dags/example_branch_operator.py for tasks to queue
[2023-05-26T15:16:20.133+0700] {logging_mixin.py:149} INFO - [2023-05-26T15:16:20.133+0700] {dagbag.py:541} INFO - Filling up the DagBag from /Users/kany/project-local/data-home/tranning-Airflow/venv/lib/python3.11/site-packages/airflow/example_dags/example_branch_operator.py
[2023-05-26T15:16:20.155+0700] {processor.py:836} INFO - DAG(s) dict_keys(['example_branch_operator']) retrieved from /Users/kany/project-local/data-home/tranning-Airflow/venv/lib/python3.11/site-packages/airflow/example_dags/example_branch_operator.py
[2023-05-26T15:16:20.633+0700] {logging_mixin.py:149} INFO - [2023-05-26T15:16:20.632+0700] {dag.py:2726} INFO - Sync 1 DAGs
[2023-05-26T15:16:20.639+0700] {logging_mixin.py:149} INFO - [2023-05-26T15:16:20.639+0700] {dag.py:3486} INFO - Setting next_dagrun for example_branch_operator to 2023-05-25T00:00:00+00:00, run_after=2023-05-26T00:00:00+00:00
[2023-05-26T15:16:20.653+0700] {processor.py:179} INFO - Processing /Users/kany/project-local/data-home/tranning-Airflow/venv/lib/python3.11/site-packages/airflow/example_dags/example_branch_operator.py took 0.522 seconds
[2023-05-26T15:18:50.962+0700] {processor.py:157} INFO - Started process (PID=51508) to work on /Users/kany/project-local/data-home/tranning-Airflow/venv/lib/python3.11/site-packages/airflow/example_dags/example_branch_operator.py
[2023-05-26T15:18:50.963+0700] {processor.py:826} INFO - Processing file /Users/kany/project-local/data-home/tranning-Airflow/venv/lib/python3.11/site-packages/airflow/example_dags/example_branch_operator.py for tasks to queue
[2023-05-26T15:18:50.963+0700] {logging_mixin.py:149} INFO - [2023-05-26T15:18:50.963+0700] {dagbag.py:541} INFO - Filling up the DagBag from /Users/kany/project-local/data-home/tranning-Airflow/venv/lib/python3.11/site-packages/airflow/example_dags/example_branch_operator.py
[2023-05-26T15:18:50.989+0700] {processor.py:836} INFO - DAG(s) dict_keys(['example_branch_operator']) retrieved from /Users/kany/project-local/data-home/tranning-Airflow/venv/lib/python3.11/site-packages/airflow/example_dags/example_branch_operator.py
[2023-05-26T15:18:51.729+0700] {logging_mixin.py:149} INFO - [2023-05-26T15:18:51.729+0700] {dag.py:2726} INFO - Sync 1 DAGs
[2023-05-26T15:18:51.736+0700] {logging_mixin.py:149} INFO - [2023-05-26T15:18:51.736+0700] {dag.py:3486} INFO - Setting next_dagrun for example_branch_operator to 2023-05-25T00:00:00+00:00, run_after=2023-05-26T00:00:00+00:00
[2023-05-26T15:18:51.747+0700] {processor.py:179} INFO - Processing /Users/kany/project-local/data-home/tranning-Airflow/venv/lib/python3.11/site-packages/airflow/example_dags/example_branch_operator.py took 0.785 seconds
[2023-05-26T15:21:13.191+0700] {processor.py:157} INFO - Started process (PID=51697) to work on /Users/kany/project-local/data-home/tranning-Airflow/venv/lib/python3.11/site-packages/airflow/example_dags/example_branch_operator.py
[2023-05-26T15:21:13.191+0700] {processor.py:826} INFO - Processing file /Users/kany/project-local/data-home/tranning-Airflow/venv/lib/python3.11/site-packages/airflow/example_dags/example_branch_operator.py for tasks to queue
[2023-05-26T15:21:13.191+0700] {logging_mixin.py:149} INFO - [2023-05-26T15:21:13.191+0700] {dagbag.py:541} INFO - Filling up the DagBag from /Users/kany/project-local/data-home/tranning-Airflow/venv/lib/python3.11/site-packages/airflow/example_dags/example_branch_operator.py
[2023-05-26T15:21:13.216+0700] {processor.py:836} INFO - DAG(s) dict_keys(['example_branch_operator']) retrieved from /Users/kany/project-local/data-home/tranning-Airflow/venv/lib/python3.11/site-packages/airflow/example_dags/example_branch_operator.py
[2023-05-26T15:21:13.633+0700] {logging_mixin.py:149} INFO - [2023-05-26T15:21:13.633+0700] {dag.py:2726} INFO - Sync 1 DAGs
[2023-05-26T15:21:13.639+0700] {logging_mixin.py:149} INFO - [2023-05-26T15:21:13.639+0700] {dag.py:3486} INFO - Setting next_dagrun for example_branch_operator to 2023-05-25T00:00:00+00:00, run_after=2023-05-26T00:00:00+00:00
[2023-05-26T15:21:13.646+0700] {processor.py:179} INFO - Processing /Users/kany/project-local/data-home/tranning-Airflow/venv/lib/python3.11/site-packages/airflow/example_dags/example_branch_operator.py took 0.456 seconds
[2023-05-26T15:23:16.783+0700] {processor.py:157} INFO - Started process (PID=51765) to work on /Users/kany/project-local/data-home/tranning-Airflow/venv/lib/python3.11/site-packages/airflow/example_dags/example_branch_operator.py
[2023-05-26T15:23:16.785+0700] {processor.py:826} INFO - Processing file /Users/kany/project-local/data-home/tranning-Airflow/venv/lib/python3.11/site-packages/airflow/example_dags/example_branch_operator.py for tasks to queue
[2023-05-26T15:23:16.785+0700] {logging_mixin.py:149} INFO - [2023-05-26T15:23:16.785+0700] {dagbag.py:541} INFO - Filling up the DagBag from /Users/kany/project-local/data-home/tranning-Airflow/venv/lib/python3.11/site-packages/airflow/example_dags/example_branch_operator.py
[2023-05-26T15:23:16.807+0700] {processor.py:836} INFO - DAG(s) dict_keys(['example_branch_operator']) retrieved from /Users/kany/project-local/data-home/tranning-Airflow/venv/lib/python3.11/site-packages/airflow/example_dags/example_branch_operator.py
[2023-05-26T15:23:17.249+0700] {logging_mixin.py:149} INFO - [2023-05-26T15:23:17.248+0700] {dag.py:2726} INFO - Sync 1 DAGs
[2023-05-26T15:23:17.254+0700] {logging_mixin.py:149} INFO - [2023-05-26T15:23:17.254+0700] {dag.py:3486} INFO - Setting next_dagrun for example_branch_operator to 2023-05-25T00:00:00+00:00, run_after=2023-05-26T00:00:00+00:00
[2023-05-26T15:23:17.262+0700] {processor.py:179} INFO - Processing /Users/kany/project-local/data-home/tranning-Airflow/venv/lib/python3.11/site-packages/airflow/example_dags/example_branch_operator.py took 0.479 seconds
[2023-05-26T15:25:24.663+0700] {processor.py:157} INFO - Started process (PID=51872) to work on /Users/kany/project-local/data-home/tranning-Airflow/venv/lib/python3.11/site-packages/airflow/example_dags/example_branch_operator.py
[2023-05-26T15:25:24.663+0700] {processor.py:826} INFO - Processing file /Users/kany/project-local/data-home/tranning-Airflow/venv/lib/python3.11/site-packages/airflow/example_dags/example_branch_operator.py for tasks to queue
[2023-05-26T15:25:24.664+0700] {logging_mixin.py:149} INFO - [2023-05-26T15:25:24.664+0700] {dagbag.py:541} INFO - Filling up the DagBag from /Users/kany/project-local/data-home/tranning-Airflow/venv/lib/python3.11/site-packages/airflow/example_dags/example_branch_operator.py
[2023-05-26T15:25:24.687+0700] {processor.py:836} INFO - DAG(s) dict_keys(['example_branch_operator']) retrieved from /Users/kany/project-local/data-home/tranning-Airflow/venv/lib/python3.11/site-packages/airflow/example_dags/example_branch_operator.py
[2023-05-26T15:25:25.344+0700] {logging_mixin.py:149} INFO - [2023-05-26T15:25:25.344+0700] {dag.py:2726} INFO - Sync 1 DAGs
[2023-05-26T15:25:25.350+0700] {logging_mixin.py:149} INFO - [2023-05-26T15:25:25.350+0700] {dag.py:3486} INFO - Setting next_dagrun for example_branch_operator to 2023-05-25T00:00:00+00:00, run_after=2023-05-26T00:00:00+00:00
[2023-05-26T15:25:25.360+0700] {processor.py:179} INFO - Processing /Users/kany/project-local/data-home/tranning-Airflow/venv/lib/python3.11/site-packages/airflow/example_dags/example_branch_operator.py took 0.697 seconds
[2023-05-26T15:27:30.953+0700] {processor.py:157} INFO - Started process (PID=52113) to work on /Users/kany/project-local/data-home/tranning-Airflow/venv/lib/python3.11/site-packages/airflow/example_dags/example_branch_operator.py
[2023-05-26T15:27:30.954+0700] {processor.py:826} INFO - Processing file /Users/kany/project-local/data-home/tranning-Airflow/venv/lib/python3.11/site-packages/airflow/example_dags/example_branch_operator.py for tasks to queue
[2023-05-26T15:27:30.955+0700] {logging_mixin.py:149} INFO - [2023-05-26T15:27:30.954+0700] {dagbag.py:541} INFO - Filling up the DagBag from /Users/kany/project-local/data-home/tranning-Airflow/venv/lib/python3.11/site-packages/airflow/example_dags/example_branch_operator.py
[2023-05-26T15:27:30.985+0700] {processor.py:836} INFO - DAG(s) dict_keys(['example_branch_operator']) retrieved from /Users/kany/project-local/data-home/tranning-Airflow/venv/lib/python3.11/site-packages/airflow/example_dags/example_branch_operator.py
[2023-05-26T15:27:31.504+0700] {logging_mixin.py:149} INFO - [2023-05-26T15:27:31.504+0700] {dag.py:2726} INFO - Sync 1 DAGs
[2023-05-26T15:27:31.510+0700] {logging_mixin.py:149} INFO - [2023-05-26T15:27:31.510+0700] {dag.py:3486} INFO - Setting next_dagrun for example_branch_operator to 2023-05-25T00:00:00+00:00, run_after=2023-05-26T00:00:00+00:00
[2023-05-26T15:27:31.518+0700] {processor.py:179} INFO - Processing /Users/kany/project-local/data-home/tranning-Airflow/venv/lib/python3.11/site-packages/airflow/example_dags/example_branch_operator.py took 0.565 seconds
[2023-05-26T15:29:44.008+0700] {processor.py:157} INFO - Started process (PID=52356) to work on /Users/kany/project-local/data-home/tranning-Airflow/venv/lib/python3.11/site-packages/airflow/example_dags/example_branch_operator.py
[2023-05-26T15:29:44.009+0700] {processor.py:826} INFO - Processing file /Users/kany/project-local/data-home/tranning-Airflow/venv/lib/python3.11/site-packages/airflow/example_dags/example_branch_operator.py for tasks to queue
[2023-05-26T15:29:44.010+0700] {logging_mixin.py:149} INFO - [2023-05-26T15:29:44.010+0700] {dagbag.py:541} INFO - Filling up the DagBag from /Users/kany/project-local/data-home/tranning-Airflow/venv/lib/python3.11/site-packages/airflow/example_dags/example_branch_operator.py
[2023-05-26T15:29:44.033+0700] {processor.py:836} INFO - DAG(s) dict_keys(['example_branch_operator']) retrieved from /Users/kany/project-local/data-home/tranning-Airflow/venv/lib/python3.11/site-packages/airflow/example_dags/example_branch_operator.py
[2023-05-26T15:29:44.507+0700] {logging_mixin.py:149} INFO - [2023-05-26T15:29:44.507+0700] {dag.py:2726} INFO - Sync 1 DAGs
[2023-05-26T15:29:44.513+0700] {logging_mixin.py:149} INFO - [2023-05-26T15:29:44.513+0700] {dag.py:3486} INFO - Setting next_dagrun for example_branch_operator to 2023-05-25T00:00:00+00:00, run_after=2023-05-26T00:00:00+00:00
[2023-05-26T15:29:44.521+0700] {processor.py:179} INFO - Processing /Users/kany/project-local/data-home/tranning-Airflow/venv/lib/python3.11/site-packages/airflow/example_dags/example_branch_operator.py took 0.513 seconds
[2023-05-26T15:31:57.094+0700] {processor.py:157} INFO - Started process (PID=52465) to work on /Users/kany/project-local/data-home/tranning-Airflow/venv/lib/python3.11/site-packages/airflow/example_dags/example_branch_operator.py
[2023-05-26T15:31:57.095+0700] {processor.py:826} INFO - Processing file /Users/kany/project-local/data-home/tranning-Airflow/venv/lib/python3.11/site-packages/airflow/example_dags/example_branch_operator.py for tasks to queue
[2023-05-26T15:31:57.095+0700] {logging_mixin.py:149} INFO - [2023-05-26T15:31:57.095+0700] {dagbag.py:541} INFO - Filling up the DagBag from /Users/kany/project-local/data-home/tranning-Airflow/venv/lib/python3.11/site-packages/airflow/example_dags/example_branch_operator.py
[2023-05-26T15:31:57.116+0700] {processor.py:836} INFO - DAG(s) dict_keys(['example_branch_operator']) retrieved from /Users/kany/project-local/data-home/tranning-Airflow/venv/lib/python3.11/site-packages/airflow/example_dags/example_branch_operator.py
[2023-05-26T15:31:57.571+0700] {logging_mixin.py:149} INFO - [2023-05-26T15:31:57.571+0700] {dag.py:2726} INFO - Sync 1 DAGs
[2023-05-26T15:31:57.577+0700] {logging_mixin.py:149} INFO - [2023-05-26T15:31:57.577+0700] {dag.py:3486} INFO - Setting next_dagrun for example_branch_operator to 2023-05-25T00:00:00+00:00, run_after=2023-05-26T00:00:00+00:00
[2023-05-26T15:31:57.585+0700] {processor.py:179} INFO - Processing /Users/kany/project-local/data-home/tranning-Airflow/venv/lib/python3.11/site-packages/airflow/example_dags/example_branch_operator.py took 0.491 seconds
