[2023-05-26T15:12:36.333+0700] {processor.py:157} INFO - Started process (PID=51140) to work on /Users/kany/project-local/data-home/tranning-Airflow/venv/lib/python3.11/site-packages/airflow/example_dags/example_short_circuit_decorator.py
[2023-05-26T15:12:36.334+0700] {processor.py:826} INFO - Processing file /Users/kany/project-local/data-home/tranning-Airflow/venv/lib/python3.11/site-packages/airflow/example_dags/example_short_circuit_decorator.py for tasks to queue
[2023-05-26T15:12:36.334+0700] {logging_mixin.py:149} INFO - [2023-05-26T15:12:36.334+0700] {dagbag.py:541} INFO - Filling up the DagBag from /Users/kany/project-local/data-home/tranning-Airflow/venv/lib/python3.11/site-packages/airflow/example_dags/example_short_circuit_decorator.py
[2023-05-26T15:12:36.373+0700] {processor.py:836} INFO - DAG(s) dict_keys(['example_short_circuit_decorator']) retrieved from /Users/kany/project-local/data-home/tranning-Airflow/venv/lib/python3.11/site-packages/airflow/example_dags/example_short_circuit_decorator.py
[2023-05-26T15:12:37.036+0700] {logging_mixin.py:149} INFO - [2023-05-26T15:12:37.036+0700] {manager.py:504} INFO - Created Permission View: can read on DAG:example_short_circuit_decorator
[2023-05-26T15:12:37.039+0700] {logging_mixin.py:149} INFO - [2023-05-26T15:12:37.039+0700] {manager.py:504} INFO - Created Permission View: can edit on DAG:example_short_circuit_decorator
[2023-05-26T15:12:37.041+0700] {logging_mixin.py:149} INFO - [2023-05-26T15:12:37.041+0700] {manager.py:504} INFO - Created Permission View: can delete on DAG:example_short_circuit_decorator
[2023-05-26T15:12:37.041+0700] {logging_mixin.py:149} INFO - [2023-05-26T15:12:37.041+0700] {dag.py:2726} INFO - Sync 1 DAGs
[2023-05-26T15:12:37.045+0700] {logging_mixin.py:149} INFO - [2023-05-26T15:12:37.045+0700] {dag.py:2747} INFO - Creating ORM DAG for example_short_circuit_decorator
[2023-05-26T15:12:37.047+0700] {logging_mixin.py:149} INFO - [2023-05-26T15:12:37.047+0700] {dag.py:3486} INFO - Setting next_dagrun for example_short_circuit_decorator to 2023-05-25T08:12:37.047777+00:00, run_after=2023-05-26T08:12:37.047777+00:00
[2023-05-26T15:12:37.057+0700] {processor.py:179} INFO - Processing /Users/kany/project-local/data-home/tranning-Airflow/venv/lib/python3.11/site-packages/airflow/example_dags/example_short_circuit_decorator.py took 0.724 seconds
[2023-05-26T15:14:43.139+0700] {processor.py:157} INFO - Started process (PID=51232) to work on /Users/kany/project-local/data-home/tranning-Airflow/venv/lib/python3.11/site-packages/airflow/example_dags/example_short_circuit_decorator.py
[2023-05-26T15:14:43.140+0700] {processor.py:826} INFO - Processing file /Users/kany/project-local/data-home/tranning-Airflow/venv/lib/python3.11/site-packages/airflow/example_dags/example_short_circuit_decorator.py for tasks to queue
[2023-05-26T15:14:43.140+0700] {logging_mixin.py:149} INFO - [2023-05-26T15:14:43.140+0700] {dagbag.py:541} INFO - Filling up the DagBag from /Users/kany/project-local/data-home/tranning-Airflow/venv/lib/python3.11/site-packages/airflow/example_dags/example_short_circuit_decorator.py
[2023-05-26T15:14:43.187+0700] {processor.py:836} INFO - DAG(s) dict_keys(['example_short_circuit_decorator']) retrieved from /Users/kany/project-local/data-home/tranning-Airflow/venv/lib/python3.11/site-packages/airflow/example_dags/example_short_circuit_decorator.py
[2023-05-26T15:14:44.044+0700] {logging_mixin.py:149} INFO - [2023-05-26T15:14:44.044+0700] {dag.py:2726} INFO - Sync 1 DAGs
[2023-05-26T15:14:44.049+0700] {logging_mixin.py:149} INFO - [2023-05-26T15:14:44.049+0700] {dag.py:3486} INFO - Setting next_dagrun for example_short_circuit_decorator to 2023-05-25T08:14:44.049856+00:00, run_after=2023-05-26T08:14:44.049856+00:00
[2023-05-26T15:14:44.063+0700] {processor.py:179} INFO - Processing /Users/kany/project-local/data-home/tranning-Airflow/venv/lib/python3.11/site-packages/airflow/example_dags/example_short_circuit_decorator.py took 0.925 seconds
[2023-05-26T15:16:02.523+0700] {processor.py:157} INFO - Started process (PID=51323) to work on /Users/kany/project-local/data-home/tranning-Airflow/venv/lib/python3.11/site-packages/airflow/example_dags/example_short_circuit_decorator.py
[2023-05-26T15:16:02.524+0700] {processor.py:826} INFO - Processing file /Users/kany/project-local/data-home/tranning-Airflow/venv/lib/python3.11/site-packages/airflow/example_dags/example_short_circuit_decorator.py for tasks to queue
[2023-05-26T15:16:02.524+0700] {logging_mixin.py:149} INFO - [2023-05-26T15:16:02.524+0700] {dagbag.py:541} INFO - Filling up the DagBag from /Users/kany/project-local/data-home/tranning-Airflow/venv/lib/python3.11/site-packages/airflow/example_dags/example_short_circuit_decorator.py
[2023-05-26T15:16:02.559+0700] {processor.py:836} INFO - DAG(s) dict_keys(['example_short_circuit_decorator']) retrieved from /Users/kany/project-local/data-home/tranning-Airflow/venv/lib/python3.11/site-packages/airflow/example_dags/example_short_circuit_decorator.py
[2023-05-26T15:16:03.181+0700] {logging_mixin.py:149} INFO - [2023-05-26T15:16:03.181+0700] {dag.py:2726} INFO - Sync 1 DAGs
[2023-05-26T15:16:03.187+0700] {logging_mixin.py:149} INFO - [2023-05-26T15:16:03.186+0700] {dag.py:3486} INFO - Setting next_dagrun for example_short_circuit_decorator to 2023-05-25T08:16:03.186901+00:00, run_after=2023-05-26T08:16:03.186901+00:00
[2023-05-26T15:16:03.194+0700] {processor.py:179} INFO - Processing /Users/kany/project-local/data-home/tranning-Airflow/venv/lib/python3.11/site-packages/airflow/example_dags/example_short_circuit_decorator.py took 0.672 seconds
[2023-05-26T15:18:32.768+0700] {processor.py:157} INFO - Started process (PID=51477) to work on /Users/kany/project-local/data-home/tranning-Airflow/venv/lib/python3.11/site-packages/airflow/example_dags/example_short_circuit_decorator.py
[2023-05-26T15:18:32.769+0700] {processor.py:826} INFO - Processing file /Users/kany/project-local/data-home/tranning-Airflow/venv/lib/python3.11/site-packages/airflow/example_dags/example_short_circuit_decorator.py for tasks to queue
[2023-05-26T15:18:32.769+0700] {logging_mixin.py:149} INFO - [2023-05-26T15:18:32.769+0700] {dagbag.py:541} INFO - Filling up the DagBag from /Users/kany/project-local/data-home/tranning-Airflow/venv/lib/python3.11/site-packages/airflow/example_dags/example_short_circuit_decorator.py
[2023-05-26T15:18:32.801+0700] {processor.py:836} INFO - DAG(s) dict_keys(['example_short_circuit_decorator']) retrieved from /Users/kany/project-local/data-home/tranning-Airflow/venv/lib/python3.11/site-packages/airflow/example_dags/example_short_circuit_decorator.py
[2023-05-26T15:18:33.251+0700] {logging_mixin.py:149} INFO - [2023-05-26T15:18:33.251+0700] {dag.py:2726} INFO - Sync 1 DAGs
[2023-05-26T15:18:33.257+0700] {logging_mixin.py:149} INFO - [2023-05-26T15:18:33.257+0700] {dag.py:3486} INFO - Setting next_dagrun for example_short_circuit_decorator to 2023-05-25T08:18:33.257483+00:00, run_after=2023-05-26T08:18:33.257483+00:00
[2023-05-26T15:18:33.265+0700] {processor.py:179} INFO - Processing /Users/kany/project-local/data-home/tranning-Airflow/venv/lib/python3.11/site-packages/airflow/example_dags/example_short_circuit_decorator.py took 0.497 seconds
[2023-05-26T15:20:56.958+0700] {processor.py:157} INFO - Started process (PID=51689) to work on /Users/kany/project-local/data-home/tranning-Airflow/venv/lib/python3.11/site-packages/airflow/example_dags/example_short_circuit_decorator.py
[2023-05-26T15:20:56.959+0700] {processor.py:826} INFO - Processing file /Users/kany/project-local/data-home/tranning-Airflow/venv/lib/python3.11/site-packages/airflow/example_dags/example_short_circuit_decorator.py for tasks to queue
[2023-05-26T15:20:56.959+0700] {logging_mixin.py:149} INFO - [2023-05-26T15:20:56.959+0700] {dagbag.py:541} INFO - Filling up the DagBag from /Users/kany/project-local/data-home/tranning-Airflow/venv/lib/python3.11/site-packages/airflow/example_dags/example_short_circuit_decorator.py
[2023-05-26T15:20:57.039+0700] {processor.py:836} INFO - DAG(s) dict_keys(['example_short_circuit_decorator']) retrieved from /Users/kany/project-local/data-home/tranning-Airflow/venv/lib/python3.11/site-packages/airflow/example_dags/example_short_circuit_decorator.py
[2023-05-26T15:20:57.553+0700] {logging_mixin.py:149} INFO - [2023-05-26T15:20:57.553+0700] {dag.py:2726} INFO - Sync 1 DAGs
[2023-05-26T15:20:57.558+0700] {logging_mixin.py:149} INFO - [2023-05-26T15:20:57.558+0700] {dag.py:3486} INFO - Setting next_dagrun for example_short_circuit_decorator to 2023-05-25T08:20:57.558662+00:00, run_after=2023-05-26T08:20:57.558662+00:00
[2023-05-26T15:20:57.566+0700] {processor.py:179} INFO - Processing /Users/kany/project-local/data-home/tranning-Airflow/venv/lib/python3.11/site-packages/airflow/example_dags/example_short_circuit_decorator.py took 0.608 seconds
[2023-05-26T15:23:00.814+0700] {processor.py:157} INFO - Started process (PID=51757) to work on /Users/kany/project-local/data-home/tranning-Airflow/venv/lib/python3.11/site-packages/airflow/example_dags/example_short_circuit_decorator.py
[2023-05-26T15:23:00.815+0700] {processor.py:826} INFO - Processing file /Users/kany/project-local/data-home/tranning-Airflow/venv/lib/python3.11/site-packages/airflow/example_dags/example_short_circuit_decorator.py for tasks to queue
[2023-05-26T15:23:00.815+0700] {logging_mixin.py:149} INFO - [2023-05-26T15:23:00.815+0700] {dagbag.py:541} INFO - Filling up the DagBag from /Users/kany/project-local/data-home/tranning-Airflow/venv/lib/python3.11/site-packages/airflow/example_dags/example_short_circuit_decorator.py
[2023-05-26T15:23:00.847+0700] {processor.py:836} INFO - DAG(s) dict_keys(['example_short_circuit_decorator']) retrieved from /Users/kany/project-local/data-home/tranning-Airflow/venv/lib/python3.11/site-packages/airflow/example_dags/example_short_circuit_decorator.py
[2023-05-26T15:23:01.283+0700] {logging_mixin.py:149} INFO - [2023-05-26T15:23:01.283+0700] {dag.py:2726} INFO - Sync 1 DAGs
[2023-05-26T15:23:01.288+0700] {logging_mixin.py:149} INFO - [2023-05-26T15:23:01.288+0700] {dag.py:3486} INFO - Setting next_dagrun for example_short_circuit_decorator to 2023-05-25T08:23:01.288511+00:00, run_after=2023-05-26T08:23:01.288511+00:00
[2023-05-26T15:23:01.295+0700] {processor.py:179} INFO - Processing /Users/kany/project-local/data-home/tranning-Airflow/venv/lib/python3.11/site-packages/airflow/example_dags/example_short_circuit_decorator.py took 0.481 seconds
[2023-05-26T15:25:07.139+0700] {processor.py:157} INFO - Started process (PID=51858) to work on /Users/kany/project-local/data-home/tranning-Airflow/venv/lib/python3.11/site-packages/airflow/example_dags/example_short_circuit_decorator.py
[2023-05-26T15:25:07.140+0700] {processor.py:826} INFO - Processing file /Users/kany/project-local/data-home/tranning-Airflow/venv/lib/python3.11/site-packages/airflow/example_dags/example_short_circuit_decorator.py for tasks to queue
[2023-05-26T15:25:07.140+0700] {logging_mixin.py:149} INFO - [2023-05-26T15:25:07.140+0700] {dagbag.py:541} INFO - Filling up the DagBag from /Users/kany/project-local/data-home/tranning-Airflow/venv/lib/python3.11/site-packages/airflow/example_dags/example_short_circuit_decorator.py
[2023-05-26T15:25:07.176+0700] {processor.py:836} INFO - DAG(s) dict_keys(['example_short_circuit_decorator']) retrieved from /Users/kany/project-local/data-home/tranning-Airflow/venv/lib/python3.11/site-packages/airflow/example_dags/example_short_circuit_decorator.py
[2023-05-26T15:25:07.716+0700] {logging_mixin.py:149} INFO - [2023-05-26T15:25:07.716+0700] {dag.py:2726} INFO - Sync 1 DAGs
[2023-05-26T15:25:07.722+0700] {logging_mixin.py:149} INFO - [2023-05-26T15:25:07.722+0700] {dag.py:3486} INFO - Setting next_dagrun for example_short_circuit_decorator to 2023-05-25T08:25:07.722764+00:00, run_after=2023-05-26T08:25:07.722764+00:00
[2023-05-26T15:25:07.731+0700] {processor.py:179} INFO - Processing /Users/kany/project-local/data-home/tranning-Airflow/venv/lib/python3.11/site-packages/airflow/example_dags/example_short_circuit_decorator.py took 0.592 seconds
[2023-05-26T15:27:15.069+0700] {processor.py:157} INFO - Started process (PID=52086) to work on /Users/kany/project-local/data-home/tranning-Airflow/venv/lib/python3.11/site-packages/airflow/example_dags/example_short_circuit_decorator.py
[2023-05-26T15:27:15.069+0700] {processor.py:826} INFO - Processing file /Users/kany/project-local/data-home/tranning-Airflow/venv/lib/python3.11/site-packages/airflow/example_dags/example_short_circuit_decorator.py for tasks to queue
[2023-05-26T15:27:15.070+0700] {logging_mixin.py:149} INFO - [2023-05-26T15:27:15.069+0700] {dagbag.py:541} INFO - Filling up the DagBag from /Users/kany/project-local/data-home/tranning-Airflow/venv/lib/python3.11/site-packages/airflow/example_dags/example_short_circuit_decorator.py
[2023-05-26T15:27:15.106+0700] {processor.py:836} INFO - DAG(s) dict_keys(['example_short_circuit_decorator']) retrieved from /Users/kany/project-local/data-home/tranning-Airflow/venv/lib/python3.11/site-packages/airflow/example_dags/example_short_circuit_decorator.py
[2023-05-26T15:27:15.643+0700] {logging_mixin.py:149} INFO - [2023-05-26T15:27:15.643+0700] {dag.py:2726} INFO - Sync 1 DAGs
[2023-05-26T15:27:15.650+0700] {logging_mixin.py:149} INFO - [2023-05-26T15:27:15.650+0700] {dag.py:3486} INFO - Setting next_dagrun for example_short_circuit_decorator to 2023-05-25T08:27:15.650011+00:00, run_after=2023-05-26T08:27:15.650011+00:00
[2023-05-26T15:27:15.658+0700] {processor.py:179} INFO - Processing /Users/kany/project-local/data-home/tranning-Airflow/venv/lib/python3.11/site-packages/airflow/example_dags/example_short_circuit_decorator.py took 0.589 seconds
[2023-05-26T15:29:25.553+0700] {processor.py:157} INFO - Started process (PID=52343) to work on /Users/kany/project-local/data-home/tranning-Airflow/venv/lib/python3.11/site-packages/airflow/example_dags/example_short_circuit_decorator.py
[2023-05-26T15:29:25.554+0700] {processor.py:826} INFO - Processing file /Users/kany/project-local/data-home/tranning-Airflow/venv/lib/python3.11/site-packages/airflow/example_dags/example_short_circuit_decorator.py for tasks to queue
[2023-05-26T15:29:25.554+0700] {logging_mixin.py:149} INFO - [2023-05-26T15:29:25.554+0700] {dagbag.py:541} INFO - Filling up the DagBag from /Users/kany/project-local/data-home/tranning-Airflow/venv/lib/python3.11/site-packages/airflow/example_dags/example_short_circuit_decorator.py
[2023-05-26T15:29:25.596+0700] {processor.py:836} INFO - DAG(s) dict_keys(['example_short_circuit_decorator']) retrieved from /Users/kany/project-local/data-home/tranning-Airflow/venv/lib/python3.11/site-packages/airflow/example_dags/example_short_circuit_decorator.py
[2023-05-26T15:29:26.643+0700] {logging_mixin.py:149} INFO - [2023-05-26T15:29:26.642+0700] {dag.py:2726} INFO - Sync 1 DAGs
[2023-05-26T15:29:26.648+0700] {logging_mixin.py:149} INFO - [2023-05-26T15:29:26.648+0700] {dag.py:3486} INFO - Setting next_dagrun for example_short_circuit_decorator to 2023-05-25T08:29:26.648682+00:00, run_after=2023-05-26T08:29:26.648682+00:00
[2023-05-26T15:29:26.656+0700] {processor.py:179} INFO - Processing /Users/kany/project-local/data-home/tranning-Airflow/venv/lib/python3.11/site-packages/airflow/example_dags/example_short_circuit_decorator.py took 1.103 seconds
[2023-05-26T15:31:39.107+0700] {processor.py:157} INFO - Started process (PID=52449) to work on /Users/kany/project-local/data-home/tranning-Airflow/venv/lib/python3.11/site-packages/airflow/example_dags/example_short_circuit_decorator.py
[2023-05-26T15:31:39.108+0700] {processor.py:826} INFO - Processing file /Users/kany/project-local/data-home/tranning-Airflow/venv/lib/python3.11/site-packages/airflow/example_dags/example_short_circuit_decorator.py for tasks to queue
[2023-05-26T15:31:39.108+0700] {logging_mixin.py:149} INFO - [2023-05-26T15:31:39.108+0700] {dagbag.py:541} INFO - Filling up the DagBag from /Users/kany/project-local/data-home/tranning-Airflow/venv/lib/python3.11/site-packages/airflow/example_dags/example_short_circuit_decorator.py
[2023-05-26T15:31:39.142+0700] {processor.py:836} INFO - DAG(s) dict_keys(['example_short_circuit_decorator']) retrieved from /Users/kany/project-local/data-home/tranning-Airflow/venv/lib/python3.11/site-packages/airflow/example_dags/example_short_circuit_decorator.py
[2023-05-26T15:31:39.657+0700] {logging_mixin.py:149} INFO - [2023-05-26T15:31:39.657+0700] {dag.py:2726} INFO - Sync 1 DAGs
[2023-05-26T15:31:39.663+0700] {logging_mixin.py:149} INFO - [2023-05-26T15:31:39.663+0700] {dag.py:3486} INFO - Setting next_dagrun for example_short_circuit_decorator to 2023-05-25T08:31:39.663153+00:00, run_after=2023-05-26T08:31:39.663153+00:00
[2023-05-26T15:31:39.671+0700] {processor.py:179} INFO - Processing /Users/kany/project-local/data-home/tranning-Airflow/venv/lib/python3.11/site-packages/airflow/example_dags/example_short_circuit_decorator.py took 0.564 seconds
