[2023-05-26T15:12:31.627+0700] {processor.py:157} INFO - Started process (PID=51138) to work on /Users/kany/project-local/data-home/tranning-Airflow/venv/lib/python3.11/site-packages/airflow/example_dags/example_skip_dag.py
[2023-05-26T15:12:31.627+0700] {processor.py:826} INFO - Processing file /Users/kany/project-local/data-home/tranning-Airflow/venv/lib/python3.11/site-packages/airflow/example_dags/example_skip_dag.py for tasks to queue
[2023-05-26T15:12:31.627+0700] {logging_mixin.py:149} INFO - [2023-05-26T15:12:31.627+0700] {dagbag.py:541} INFO - Filling up the DagBag from /Users/kany/project-local/data-home/tranning-Airflow/venv/lib/python3.11/site-packages/airflow/example_dags/example_skip_dag.py
[2023-05-26T15:12:31.643+0700] {processor.py:836} INFO - DAG(s) dict_keys(['example_skip_dag']) retrieved from /Users/kany/project-local/data-home/tranning-Airflow/venv/lib/python3.11/site-packages/airflow/example_dags/example_skip_dag.py
[2023-05-26T15:12:32.118+0700] {logging_mixin.py:149} INFO - [2023-05-26T15:12:32.118+0700] {manager.py:504} INFO - Created Permission View: can edit on DAG:example_skip_dag
[2023-05-26T15:12:32.121+0700] {logging_mixin.py:149} INFO - [2023-05-26T15:12:32.121+0700] {manager.py:504} INFO - Created Permission View: can read on DAG:example_skip_dag
[2023-05-26T15:12:32.123+0700] {logging_mixin.py:149} INFO - [2023-05-26T15:12:32.123+0700] {manager.py:504} INFO - Created Permission View: can delete on DAG:example_skip_dag
[2023-05-26T15:12:32.124+0700] {logging_mixin.py:149} INFO - [2023-05-26T15:12:32.124+0700] {dag.py:2726} INFO - Sync 1 DAGs
[2023-05-26T15:12:32.154+0700] {logging_mixin.py:149} INFO - [2023-05-26T15:12:32.154+0700] {dag.py:2747} INFO - Creating ORM DAG for example_skip_dag
[2023-05-26T15:12:32.157+0700] {logging_mixin.py:149} INFO - [2023-05-26T15:12:32.157+0700] {dag.py:3486} INFO - Setting next_dagrun for example_skip_dag to 2023-05-25T08:12:32.157841+00:00, run_after=2023-05-26T08:12:32.157841+00:00
[2023-05-26T15:12:32.165+0700] {processor.py:179} INFO - Processing /Users/kany/project-local/data-home/tranning-Airflow/venv/lib/python3.11/site-packages/airflow/example_dags/example_skip_dag.py took 0.538 seconds
[2023-05-26T15:14:37.261+0700] {processor.py:157} INFO - Started process (PID=51224) to work on /Users/kany/project-local/data-home/tranning-Airflow/venv/lib/python3.11/site-packages/airflow/example_dags/example_skip_dag.py
[2023-05-26T15:14:37.262+0700] {processor.py:826} INFO - Processing file /Users/kany/project-local/data-home/tranning-Airflow/venv/lib/python3.11/site-packages/airflow/example_dags/example_skip_dag.py for tasks to queue
[2023-05-26T15:14:37.262+0700] {logging_mixin.py:149} INFO - [2023-05-26T15:14:37.262+0700] {dagbag.py:541} INFO - Filling up the DagBag from /Users/kany/project-local/data-home/tranning-Airflow/venv/lib/python3.11/site-packages/airflow/example_dags/example_skip_dag.py
[2023-05-26T15:14:37.283+0700] {processor.py:836} INFO - DAG(s) dict_keys(['example_skip_dag']) retrieved from /Users/kany/project-local/data-home/tranning-Airflow/venv/lib/python3.11/site-packages/airflow/example_dags/example_skip_dag.py
[2023-05-26T15:14:38.092+0700] {logging_mixin.py:149} INFO - [2023-05-26T15:14:38.092+0700] {dag.py:2726} INFO - Sync 1 DAGs
[2023-05-26T15:14:38.098+0700] {logging_mixin.py:149} INFO - [2023-05-26T15:14:38.098+0700] {dag.py:3486} INFO - Setting next_dagrun for example_skip_dag to 2023-05-25T08:14:38.098864+00:00, run_after=2023-05-26T08:14:38.098864+00:00
[2023-05-26T15:14:38.108+0700] {processor.py:179} INFO - Processing /Users/kany/project-local/data-home/tranning-Airflow/venv/lib/python3.11/site-packages/airflow/example_dags/example_skip_dag.py took 0.847 seconds
[2023-05-26T15:15:58.532+0700] {processor.py:157} INFO - Started process (PID=51316) to work on /Users/kany/project-local/data-home/tranning-Airflow/venv/lib/python3.11/site-packages/airflow/example_dags/example_skip_dag.py
[2023-05-26T15:15:58.533+0700] {processor.py:826} INFO - Processing file /Users/kany/project-local/data-home/tranning-Airflow/venv/lib/python3.11/site-packages/airflow/example_dags/example_skip_dag.py for tasks to queue
[2023-05-26T15:15:58.533+0700] {logging_mixin.py:149} INFO - [2023-05-26T15:15:58.533+0700] {dagbag.py:541} INFO - Filling up the DagBag from /Users/kany/project-local/data-home/tranning-Airflow/venv/lib/python3.11/site-packages/airflow/example_dags/example_skip_dag.py
[2023-05-26T15:15:58.546+0700] {processor.py:836} INFO - DAG(s) dict_keys(['example_skip_dag']) retrieved from /Users/kany/project-local/data-home/tranning-Airflow/venv/lib/python3.11/site-packages/airflow/example_dags/example_skip_dag.py
[2023-05-26T15:15:59.054+0700] {logging_mixin.py:149} INFO - [2023-05-26T15:15:59.054+0700] {dag.py:2726} INFO - Sync 1 DAGs
[2023-05-26T15:15:59.060+0700] {logging_mixin.py:149} INFO - [2023-05-26T15:15:59.060+0700] {dag.py:3486} INFO - Setting next_dagrun for example_skip_dag to 2023-05-25T08:15:59.060305+00:00, run_after=2023-05-26T08:15:59.060305+00:00
[2023-05-26T15:15:59.067+0700] {processor.py:179} INFO - Processing /Users/kany/project-local/data-home/tranning-Airflow/venv/lib/python3.11/site-packages/airflow/example_dags/example_skip_dag.py took 0.535 seconds
[2023-05-26T15:17:19.069+0700] {processor.py:157} INFO - Started process (PID=51404) to work on /Users/kany/project-local/data-home/tranning-Airflow/venv/lib/python3.11/site-packages/airflow/example_dags/example_skip_dag.py
[2023-05-26T15:17:19.070+0700] {processor.py:826} INFO - Processing file /Users/kany/project-local/data-home/tranning-Airflow/venv/lib/python3.11/site-packages/airflow/example_dags/example_skip_dag.py for tasks to queue
[2023-05-26T15:17:19.070+0700] {logging_mixin.py:149} INFO - [2023-05-26T15:17:19.070+0700] {dagbag.py:541} INFO - Filling up the DagBag from /Users/kany/project-local/data-home/tranning-Airflow/venv/lib/python3.11/site-packages/airflow/example_dags/example_skip_dag.py
[2023-05-26T15:17:19.097+0700] {processor.py:836} INFO - DAG(s) dict_keys(['example_skip_dag']) retrieved from /Users/kany/project-local/data-home/tranning-Airflow/venv/lib/python3.11/site-packages/airflow/example_dags/example_skip_dag.py
[2023-05-26T15:17:19.876+0700] {logging_mixin.py:149} INFO - [2023-05-26T15:17:19.876+0700] {dag.py:2726} INFO - Sync 1 DAGs
[2023-05-26T15:17:19.882+0700] {logging_mixin.py:149} INFO - [2023-05-26T15:17:19.882+0700] {dag.py:3486} INFO - Setting next_dagrun for example_skip_dag to 2023-05-25T08:17:19.882372+00:00, run_after=2023-05-26T08:17:19.882372+00:00
[2023-05-26T15:17:19.896+0700] {processor.py:179} INFO - Processing /Users/kany/project-local/data-home/tranning-Airflow/venv/lib/python3.11/site-packages/airflow/example_dags/example_skip_dag.py took 0.828 seconds
[2023-05-26T15:18:27.993+0700] {processor.py:157} INFO - Started process (PID=51471) to work on /Users/kany/project-local/data-home/tranning-Airflow/venv/lib/python3.11/site-packages/airflow/example_dags/example_skip_dag.py
[2023-05-26T15:18:27.994+0700] {processor.py:826} INFO - Processing file /Users/kany/project-local/data-home/tranning-Airflow/venv/lib/python3.11/site-packages/airflow/example_dags/example_skip_dag.py for tasks to queue
[2023-05-26T15:18:27.994+0700] {logging_mixin.py:149} INFO - [2023-05-26T15:18:27.994+0700] {dagbag.py:541} INFO - Filling up the DagBag from /Users/kany/project-local/data-home/tranning-Airflow/venv/lib/python3.11/site-packages/airflow/example_dags/example_skip_dag.py
[2023-05-26T15:18:28.008+0700] {processor.py:836} INFO - DAG(s) dict_keys(['example_skip_dag']) retrieved from /Users/kany/project-local/data-home/tranning-Airflow/venv/lib/python3.11/site-packages/airflow/example_dags/example_skip_dag.py
[2023-05-26T15:18:28.794+0700] {logging_mixin.py:149} INFO - [2023-05-26T15:18:28.794+0700] {dag.py:2726} INFO - Sync 1 DAGs
[2023-05-26T15:18:28.801+0700] {logging_mixin.py:149} INFO - [2023-05-26T15:18:28.801+0700] {dag.py:3486} INFO - Setting next_dagrun for example_skip_dag to 2023-05-25T08:18:28.801131+00:00, run_after=2023-05-26T08:18:28.801131+00:00
[2023-05-26T15:18:28.808+0700] {processor.py:179} INFO - Processing /Users/kany/project-local/data-home/tranning-Airflow/venv/lib/python3.11/site-packages/airflow/example_dags/example_skip_dag.py took 0.815 seconds
[2023-05-26T15:19:42.214+0700] {processor.py:157} INFO - Started process (PID=51574) to work on /Users/kany/project-local/data-home/tranning-Airflow/venv/lib/python3.11/site-packages/airflow/example_dags/example_skip_dag.py
[2023-05-26T15:19:42.215+0700] {processor.py:826} INFO - Processing file /Users/kany/project-local/data-home/tranning-Airflow/venv/lib/python3.11/site-packages/airflow/example_dags/example_skip_dag.py for tasks to queue
[2023-05-26T15:19:42.215+0700] {logging_mixin.py:149} INFO - [2023-05-26T15:19:42.215+0700] {dagbag.py:541} INFO - Filling up the DagBag from /Users/kany/project-local/data-home/tranning-Airflow/venv/lib/python3.11/site-packages/airflow/example_dags/example_skip_dag.py
[2023-05-26T15:19:42.227+0700] {processor.py:836} INFO - DAG(s) dict_keys(['example_skip_dag']) retrieved from /Users/kany/project-local/data-home/tranning-Airflow/venv/lib/python3.11/site-packages/airflow/example_dags/example_skip_dag.py
[2023-05-26T15:19:42.697+0700] {logging_mixin.py:149} INFO - [2023-05-26T15:19:42.697+0700] {dag.py:2726} INFO - Sync 1 DAGs
[2023-05-26T15:19:42.703+0700] {logging_mixin.py:149} INFO - [2023-05-26T15:19:42.703+0700] {dag.py:3486} INFO - Setting next_dagrun for example_skip_dag to 2023-05-25T08:19:42.703384+00:00, run_after=2023-05-26T08:19:42.703384+00:00
[2023-05-26T15:19:42.711+0700] {processor.py:179} INFO - Processing /Users/kany/project-local/data-home/tranning-Airflow/venv/lib/python3.11/site-packages/airflow/example_dags/example_skip_dag.py took 0.497 seconds
[2023-05-26T15:21:58.667+0700] {processor.py:157} INFO - Started process (PID=51721) to work on /Users/kany/project-local/data-home/tranning-Airflow/venv/lib/python3.11/site-packages/airflow/example_dags/example_skip_dag.py
[2023-05-26T15:21:58.668+0700] {processor.py:826} INFO - Processing file /Users/kany/project-local/data-home/tranning-Airflow/venv/lib/python3.11/site-packages/airflow/example_dags/example_skip_dag.py for tasks to queue
[2023-05-26T15:21:58.668+0700] {logging_mixin.py:149} INFO - [2023-05-26T15:21:58.668+0700] {dagbag.py:541} INFO - Filling up the DagBag from /Users/kany/project-local/data-home/tranning-Airflow/venv/lib/python3.11/site-packages/airflow/example_dags/example_skip_dag.py
[2023-05-26T15:21:58.681+0700] {processor.py:836} INFO - DAG(s) dict_keys(['example_skip_dag']) retrieved from /Users/kany/project-local/data-home/tranning-Airflow/venv/lib/python3.11/site-packages/airflow/example_dags/example_skip_dag.py
[2023-05-26T15:21:59.104+0700] {logging_mixin.py:149} INFO - [2023-05-26T15:21:59.104+0700] {dag.py:2726} INFO - Sync 1 DAGs
[2023-05-26T15:21:59.110+0700] {logging_mixin.py:149} INFO - [2023-05-26T15:21:59.110+0700] {dag.py:3486} INFO - Setting next_dagrun for example_skip_dag to 2023-05-25T08:21:59.110557+00:00, run_after=2023-05-26T08:21:59.110557+00:00
[2023-05-26T15:21:59.117+0700] {processor.py:179} INFO - Processing /Users/kany/project-local/data-home/tranning-Airflow/venv/lib/python3.11/site-packages/airflow/example_dags/example_skip_dag.py took 0.450 seconds
[2023-05-26T15:23:58.886+0700] {processor.py:157} INFO - Started process (PID=51807) to work on /Users/kany/project-local/data-home/tranning-Airflow/venv/lib/python3.11/site-packages/airflow/example_dags/example_skip_dag.py
[2023-05-26T15:23:58.887+0700] {processor.py:826} INFO - Processing file /Users/kany/project-local/data-home/tranning-Airflow/venv/lib/python3.11/site-packages/airflow/example_dags/example_skip_dag.py for tasks to queue
[2023-05-26T15:23:58.887+0700] {logging_mixin.py:149} INFO - [2023-05-26T15:23:58.887+0700] {dagbag.py:541} INFO - Filling up the DagBag from /Users/kany/project-local/data-home/tranning-Airflow/venv/lib/python3.11/site-packages/airflow/example_dags/example_skip_dag.py
[2023-05-26T15:23:58.915+0700] {processor.py:836} INFO - DAG(s) dict_keys(['example_skip_dag']) retrieved from /Users/kany/project-local/data-home/tranning-Airflow/venv/lib/python3.11/site-packages/airflow/example_dags/example_skip_dag.py
[2023-05-26T15:23:59.354+0700] {logging_mixin.py:149} INFO - [2023-05-26T15:23:59.354+0700] {dag.py:2726} INFO - Sync 1 DAGs
[2023-05-26T15:23:59.360+0700] {logging_mixin.py:149} INFO - [2023-05-26T15:23:59.360+0700] {dag.py:3486} INFO - Setting next_dagrun for example_skip_dag to 2023-05-25T08:23:59.360681+00:00, run_after=2023-05-26T08:23:59.360681+00:00
[2023-05-26T15:23:59.368+0700] {processor.py:179} INFO - Processing /Users/kany/project-local/data-home/tranning-Airflow/venv/lib/python3.11/site-packages/airflow/example_dags/example_skip_dag.py took 0.482 seconds
[2023-05-26T15:26:08.538+0700] {processor.py:157} INFO - Started process (PID=51970) to work on /Users/kany/project-local/data-home/tranning-Airflow/venv/lib/python3.11/site-packages/airflow/example_dags/example_skip_dag.py
[2023-05-26T15:26:08.539+0700] {processor.py:826} INFO - Processing file /Users/kany/project-local/data-home/tranning-Airflow/venv/lib/python3.11/site-packages/airflow/example_dags/example_skip_dag.py for tasks to queue
[2023-05-26T15:26:08.539+0700] {logging_mixin.py:149} INFO - [2023-05-26T15:26:08.539+0700] {dagbag.py:541} INFO - Filling up the DagBag from /Users/kany/project-local/data-home/tranning-Airflow/venv/lib/python3.11/site-packages/airflow/example_dags/example_skip_dag.py
[2023-05-26T15:26:08.554+0700] {processor.py:836} INFO - DAG(s) dict_keys(['example_skip_dag']) retrieved from /Users/kany/project-local/data-home/tranning-Airflow/venv/lib/python3.11/site-packages/airflow/example_dags/example_skip_dag.py
[2023-05-26T15:26:09.157+0700] {logging_mixin.py:149} INFO - [2023-05-26T15:26:09.157+0700] {dag.py:2726} INFO - Sync 1 DAGs
[2023-05-26T15:26:09.164+0700] {logging_mixin.py:149} INFO - [2023-05-26T15:26:09.164+0700] {dag.py:3486} INFO - Setting next_dagrun for example_skip_dag to 2023-05-25T08:26:09.163967+00:00, run_after=2023-05-26T08:26:09.163967+00:00
[2023-05-26T15:26:09.171+0700] {processor.py:179} INFO - Processing /Users/kany/project-local/data-home/tranning-Airflow/venv/lib/python3.11/site-packages/airflow/example_dags/example_skip_dag.py took 0.633 seconds
[2023-05-26T15:28:16.452+0700] {processor.py:157} INFO - Started process (PID=52213) to work on /Users/kany/project-local/data-home/tranning-Airflow/venv/lib/python3.11/site-packages/airflow/example_dags/example_skip_dag.py
[2023-05-26T15:28:16.454+0700] {processor.py:826} INFO - Processing file /Users/kany/project-local/data-home/tranning-Airflow/venv/lib/python3.11/site-packages/airflow/example_dags/example_skip_dag.py for tasks to queue
[2023-05-26T15:28:16.454+0700] {logging_mixin.py:149} INFO - [2023-05-26T15:28:16.454+0700] {dagbag.py:541} INFO - Filling up the DagBag from /Users/kany/project-local/data-home/tranning-Airflow/venv/lib/python3.11/site-packages/airflow/example_dags/example_skip_dag.py
[2023-05-26T15:28:16.469+0700] {processor.py:836} INFO - DAG(s) dict_keys(['example_skip_dag']) retrieved from /Users/kany/project-local/data-home/tranning-Airflow/venv/lib/python3.11/site-packages/airflow/example_dags/example_skip_dag.py
[2023-05-26T15:28:16.982+0700] {logging_mixin.py:149} INFO - [2023-05-26T15:28:16.982+0700] {dag.py:2726} INFO - Sync 1 DAGs
[2023-05-26T15:28:16.988+0700] {logging_mixin.py:149} INFO - [2023-05-26T15:28:16.987+0700] {dag.py:3486} INFO - Setting next_dagrun for example_skip_dag to 2023-05-25T08:28:16.987934+00:00, run_after=2023-05-26T08:28:16.987934+00:00
[2023-05-26T15:28:16.995+0700] {processor.py:179} INFO - Processing /Users/kany/project-local/data-home/tranning-Airflow/venv/lib/python3.11/site-packages/airflow/example_dags/example_skip_dag.py took 0.543 seconds
[2023-05-26T15:30:29.976+0700] {processor.py:157} INFO - Started process (PID=52395) to work on /Users/kany/project-local/data-home/tranning-Airflow/venv/lib/python3.11/site-packages/airflow/example_dags/example_skip_dag.py
[2023-05-26T15:30:29.976+0700] {processor.py:826} INFO - Processing file /Users/kany/project-local/data-home/tranning-Airflow/venv/lib/python3.11/site-packages/airflow/example_dags/example_skip_dag.py for tasks to queue
[2023-05-26T15:30:29.977+0700] {logging_mixin.py:149} INFO - [2023-05-26T15:30:29.977+0700] {dagbag.py:541} INFO - Filling up the DagBag from /Users/kany/project-local/data-home/tranning-Airflow/venv/lib/python3.11/site-packages/airflow/example_dags/example_skip_dag.py
[2023-05-26T15:30:29.993+0700] {processor.py:836} INFO - DAG(s) dict_keys(['example_skip_dag']) retrieved from /Users/kany/project-local/data-home/tranning-Airflow/venv/lib/python3.11/site-packages/airflow/example_dags/example_skip_dag.py
[2023-05-26T15:30:30.482+0700] {logging_mixin.py:149} INFO - [2023-05-26T15:30:30.482+0700] {dag.py:2726} INFO - Sync 1 DAGs
[2023-05-26T15:30:30.488+0700] {logging_mixin.py:149} INFO - [2023-05-26T15:30:30.488+0700] {dag.py:3486} INFO - Setting next_dagrun for example_skip_dag to 2023-05-25T08:30:30.488774+00:00, run_after=2023-05-26T08:30:30.488774+00:00
[2023-05-26T15:30:30.496+0700] {processor.py:179} INFO - Processing /Users/kany/project-local/data-home/tranning-Airflow/venv/lib/python3.11/site-packages/airflow/example_dags/example_skip_dag.py took 0.520 seconds
[2023-05-26T15:31:36.929+0700] {processor.py:157} INFO - Started process (PID=52448) to work on /Users/kany/project-local/data-home/tranning-Airflow/venv/lib/python3.11/site-packages/airflow/example_dags/example_skip_dag.py
[2023-05-26T15:31:36.930+0700] {processor.py:826} INFO - Processing file /Users/kany/project-local/data-home/tranning-Airflow/venv/lib/python3.11/site-packages/airflow/example_dags/example_skip_dag.py for tasks to queue
[2023-05-26T15:31:36.930+0700] {logging_mixin.py:149} INFO - [2023-05-26T15:31:36.930+0700] {dagbag.py:541} INFO - Filling up the DagBag from /Users/kany/project-local/data-home/tranning-Airflow/venv/lib/python3.11/site-packages/airflow/example_dags/example_skip_dag.py
[2023-05-26T15:31:36.942+0700] {processor.py:836} INFO - DAG(s) dict_keys(['example_skip_dag']) retrieved from /Users/kany/project-local/data-home/tranning-Airflow/venv/lib/python3.11/site-packages/airflow/example_dags/example_skip_dag.py
[2023-05-26T15:31:37.391+0700] {logging_mixin.py:149} INFO - [2023-05-26T15:31:37.391+0700] {dag.py:2726} INFO - Sync 1 DAGs
[2023-05-26T15:31:37.398+0700] {logging_mixin.py:149} INFO - [2023-05-26T15:31:37.397+0700] {dag.py:3486} INFO - Setting next_dagrun for example_skip_dag to 2023-05-25T08:31:37.397938+00:00, run_after=2023-05-26T08:31:37.397938+00:00
[2023-05-26T15:31:37.407+0700] {processor.py:179} INFO - Processing /Users/kany/project-local/data-home/tranning-Airflow/venv/lib/python3.11/site-packages/airflow/example_dags/example_skip_dag.py took 0.478 seconds
