[2023-05-26T15:12:52.998+0700] {processor.py:157} INFO - Started process (PID=51152) to work on /Users/kany/project-local/data-home/tranning-Airflow/venv/lib/python3.11/site-packages/airflow/example_dags/example_params_ui_tutorial.py
[2023-05-26T15:12:52.998+0700] {processor.py:826} INFO - Processing file /Users/kany/project-local/data-home/tranning-Airflow/venv/lib/python3.11/site-packages/airflow/example_dags/example_params_ui_tutorial.py for tasks to queue
[2023-05-26T15:12:52.999+0700] {logging_mixin.py:149} INFO - [2023-05-26T15:12:52.999+0700] {dagbag.py:541} INFO - Filling up the DagBag from /Users/kany/project-local/data-home/tranning-Airflow/venv/lib/python3.11/site-packages/airflow/example_dags/example_params_ui_tutorial.py
[2023-05-26T15:12:53.135+0700] {processor.py:836} INFO - DAG(s) dict_keys(['example_params_ui_tutorial']) retrieved from /Users/kany/project-local/data-home/tranning-Airflow/venv/lib/python3.11/site-packages/airflow/example_dags/example_params_ui_tutorial.py
[2023-05-26T15:12:53.701+0700] {logging_mixin.py:149} INFO - [2023-05-26T15:12:53.701+0700] {manager.py:504} INFO - Created Permission View: can edit on DAG:example_params_ui_tutorial
[2023-05-26T15:12:53.704+0700] {logging_mixin.py:149} INFO - [2023-05-26T15:12:53.704+0700] {manager.py:504} INFO - Created Permission View: can delete on DAG:example_params_ui_tutorial
[2023-05-26T15:12:53.707+0700] {logging_mixin.py:149} INFO - [2023-05-26T15:12:53.707+0700] {manager.py:504} INFO - Created Permission View: can read on DAG:example_params_ui_tutorial
[2023-05-26T15:12:53.707+0700] {logging_mixin.py:149} INFO - [2023-05-26T15:12:53.707+0700] {dag.py:2726} INFO - Sync 1 DAGs
[2023-05-26T15:12:53.711+0700] {logging_mixin.py:149} INFO - [2023-05-26T15:12:53.711+0700] {dag.py:2747} INFO - Creating ORM DAG for example_params_ui_tutorial
[2023-05-26T15:12:53.714+0700] {logging_mixin.py:149} INFO - [2023-05-26T15:12:53.714+0700] {dag.py:3486} INFO - Setting next_dagrun for example_params_ui_tutorial to None, run_after=None
[2023-05-26T15:12:53.720+0700] {processor.py:179} INFO - Processing /Users/kany/project-local/data-home/tranning-Airflow/venv/lib/python3.11/site-packages/airflow/example_dags/example_params_ui_tutorial.py took 0.723 seconds
[2023-05-26T15:14:59.345+0700] {processor.py:157} INFO - Started process (PID=51246) to work on /Users/kany/project-local/data-home/tranning-Airflow/venv/lib/python3.11/site-packages/airflow/example_dags/example_params_ui_tutorial.py
[2023-05-26T15:14:59.346+0700] {processor.py:826} INFO - Processing file /Users/kany/project-local/data-home/tranning-Airflow/venv/lib/python3.11/site-packages/airflow/example_dags/example_params_ui_tutorial.py for tasks to queue
[2023-05-26T15:14:59.346+0700] {logging_mixin.py:149} INFO - [2023-05-26T15:14:59.346+0700] {dagbag.py:541} INFO - Filling up the DagBag from /Users/kany/project-local/data-home/tranning-Airflow/venv/lib/python3.11/site-packages/airflow/example_dags/example_params_ui_tutorial.py
[2023-05-26T15:14:59.442+0700] {processor.py:836} INFO - DAG(s) dict_keys(['example_params_ui_tutorial']) retrieved from /Users/kany/project-local/data-home/tranning-Airflow/venv/lib/python3.11/site-packages/airflow/example_dags/example_params_ui_tutorial.py
[2023-05-26T15:14:59.990+0700] {logging_mixin.py:149} INFO - [2023-05-26T15:14:59.990+0700] {dag.py:2726} INFO - Sync 1 DAGs
[2023-05-26T15:15:00.030+0700] {logging_mixin.py:149} INFO - [2023-05-26T15:15:00.030+0700] {dag.py:3486} INFO - Setting next_dagrun for example_params_ui_tutorial to None, run_after=None
[2023-05-26T15:15:00.044+0700] {processor.py:179} INFO - Processing /Users/kany/project-local/data-home/tranning-Airflow/venv/lib/python3.11/site-packages/airflow/example_dags/example_params_ui_tutorial.py took 0.699 seconds
[2023-05-26T15:17:31.781+0700] {processor.py:157} INFO - Started process (PID=51413) to work on /Users/kany/project-local/data-home/tranning-Airflow/venv/lib/python3.11/site-packages/airflow/example_dags/example_params_ui_tutorial.py
[2023-05-26T15:17:31.782+0700] {processor.py:826} INFO - Processing file /Users/kany/project-local/data-home/tranning-Airflow/venv/lib/python3.11/site-packages/airflow/example_dags/example_params_ui_tutorial.py for tasks to queue
[2023-05-26T15:17:31.782+0700] {logging_mixin.py:149} INFO - [2023-05-26T15:17:31.782+0700] {dagbag.py:541} INFO - Filling up the DagBag from /Users/kany/project-local/data-home/tranning-Airflow/venv/lib/python3.11/site-packages/airflow/example_dags/example_params_ui_tutorial.py
[2023-05-26T15:17:31.856+0700] {processor.py:836} INFO - DAG(s) dict_keys(['example_params_ui_tutorial']) retrieved from /Users/kany/project-local/data-home/tranning-Airflow/venv/lib/python3.11/site-packages/airflow/example_dags/example_params_ui_tutorial.py
[2023-05-26T15:17:32.337+0700] {logging_mixin.py:149} INFO - [2023-05-26T15:17:32.337+0700] {dag.py:2726} INFO - Sync 1 DAGs
[2023-05-26T15:17:32.367+0700] {logging_mixin.py:149} INFO - [2023-05-26T15:17:32.367+0700] {dag.py:3486} INFO - Setting next_dagrun for example_params_ui_tutorial to None, run_after=None
[2023-05-26T15:17:32.375+0700] {processor.py:179} INFO - Processing /Users/kany/project-local/data-home/tranning-Airflow/venv/lib/python3.11/site-packages/airflow/example_dags/example_params_ui_tutorial.py took 0.594 seconds
[2023-05-26T15:19:52.369+0700] {processor.py:157} INFO - Started process (PID=51579) to work on /Users/kany/project-local/data-home/tranning-Airflow/venv/lib/python3.11/site-packages/airflow/example_dags/example_params_ui_tutorial.py
[2023-05-26T15:19:52.370+0700] {processor.py:826} INFO - Processing file /Users/kany/project-local/data-home/tranning-Airflow/venv/lib/python3.11/site-packages/airflow/example_dags/example_params_ui_tutorial.py for tasks to queue
[2023-05-26T15:19:52.370+0700] {logging_mixin.py:149} INFO - [2023-05-26T15:19:52.370+0700] {dagbag.py:541} INFO - Filling up the DagBag from /Users/kany/project-local/data-home/tranning-Airflow/venv/lib/python3.11/site-packages/airflow/example_dags/example_params_ui_tutorial.py
[2023-05-26T15:19:52.429+0700] {processor.py:836} INFO - DAG(s) dict_keys(['example_params_ui_tutorial']) retrieved from /Users/kany/project-local/data-home/tranning-Airflow/venv/lib/python3.11/site-packages/airflow/example_dags/example_params_ui_tutorial.py
[2023-05-26T15:19:52.836+0700] {logging_mixin.py:149} INFO - [2023-05-26T15:19:52.836+0700] {dag.py:2726} INFO - Sync 1 DAGs
[2023-05-26T15:19:52.866+0700] {logging_mixin.py:149} INFO - [2023-05-26T15:19:52.866+0700] {dag.py:3486} INFO - Setting next_dagrun for example_params_ui_tutorial to None, run_after=None
[2023-05-26T15:19:52.873+0700] {processor.py:179} INFO - Processing /Users/kany/project-local/data-home/tranning-Airflow/venv/lib/python3.11/site-packages/airflow/example_dags/example_params_ui_tutorial.py took 0.505 seconds
[2023-05-26T15:22:08.008+0700] {processor.py:157} INFO - Started process (PID=51727) to work on /Users/kany/project-local/data-home/tranning-Airflow/venv/lib/python3.11/site-packages/airflow/example_dags/example_params_ui_tutorial.py
[2023-05-26T15:22:08.009+0700] {processor.py:826} INFO - Processing file /Users/kany/project-local/data-home/tranning-Airflow/venv/lib/python3.11/site-packages/airflow/example_dags/example_params_ui_tutorial.py for tasks to queue
[2023-05-26T15:22:08.009+0700] {logging_mixin.py:149} INFO - [2023-05-26T15:22:08.009+0700] {dagbag.py:541} INFO - Filling up the DagBag from /Users/kany/project-local/data-home/tranning-Airflow/venv/lib/python3.11/site-packages/airflow/example_dags/example_params_ui_tutorial.py
[2023-05-26T15:22:08.071+0700] {processor.py:836} INFO - DAG(s) dict_keys(['example_params_ui_tutorial']) retrieved from /Users/kany/project-local/data-home/tranning-Airflow/venv/lib/python3.11/site-packages/airflow/example_dags/example_params_ui_tutorial.py
[2023-05-26T15:22:08.506+0700] {logging_mixin.py:149} INFO - [2023-05-26T15:22:08.506+0700] {dag.py:2726} INFO - Sync 1 DAGs
[2023-05-26T15:22:08.536+0700] {logging_mixin.py:149} INFO - [2023-05-26T15:22:08.536+0700] {dag.py:3486} INFO - Setting next_dagrun for example_params_ui_tutorial to None, run_after=None
[2023-05-26T15:22:08.545+0700] {processor.py:179} INFO - Processing /Users/kany/project-local/data-home/tranning-Airflow/venv/lib/python3.11/site-packages/airflow/example_dags/example_params_ui_tutorial.py took 0.537 seconds
[2023-05-26T15:24:11.002+0700] {processor.py:157} INFO - Started process (PID=51816) to work on /Users/kany/project-local/data-home/tranning-Airflow/venv/lib/python3.11/site-packages/airflow/example_dags/example_params_ui_tutorial.py
[2023-05-26T15:24:11.002+0700] {processor.py:826} INFO - Processing file /Users/kany/project-local/data-home/tranning-Airflow/venv/lib/python3.11/site-packages/airflow/example_dags/example_params_ui_tutorial.py for tasks to queue
[2023-05-26T15:24:11.003+0700] {logging_mixin.py:149} INFO - [2023-05-26T15:24:11.003+0700] {dagbag.py:541} INFO - Filling up the DagBag from /Users/kany/project-local/data-home/tranning-Airflow/venv/lib/python3.11/site-packages/airflow/example_dags/example_params_ui_tutorial.py
[2023-05-26T15:24:11.062+0700] {processor.py:836} INFO - DAG(s) dict_keys(['example_params_ui_tutorial']) retrieved from /Users/kany/project-local/data-home/tranning-Airflow/venv/lib/python3.11/site-packages/airflow/example_dags/example_params_ui_tutorial.py
[2023-05-26T15:24:11.489+0700] {logging_mixin.py:149} INFO - [2023-05-26T15:24:11.489+0700] {dag.py:2726} INFO - Sync 1 DAGs
[2023-05-26T15:24:11.519+0700] {logging_mixin.py:149} INFO - [2023-05-26T15:24:11.519+0700] {dag.py:3486} INFO - Setting next_dagrun for example_params_ui_tutorial to None, run_after=None
[2023-05-26T15:24:11.527+0700] {processor.py:179} INFO - Processing /Users/kany/project-local/data-home/tranning-Airflow/venv/lib/python3.11/site-packages/airflow/example_dags/example_params_ui_tutorial.py took 0.525 seconds
[2023-05-26T15:26:18.747+0700] {processor.py:157} INFO - Started process (PID=51983) to work on /Users/kany/project-local/data-home/tranning-Airflow/venv/lib/python3.11/site-packages/airflow/example_dags/example_params_ui_tutorial.py
[2023-05-26T15:26:18.749+0700] {processor.py:826} INFO - Processing file /Users/kany/project-local/data-home/tranning-Airflow/venv/lib/python3.11/site-packages/airflow/example_dags/example_params_ui_tutorial.py for tasks to queue
[2023-05-26T15:26:18.749+0700] {logging_mixin.py:149} INFO - [2023-05-26T15:26:18.749+0700] {dagbag.py:541} INFO - Filling up the DagBag from /Users/kany/project-local/data-home/tranning-Airflow/venv/lib/python3.11/site-packages/airflow/example_dags/example_params_ui_tutorial.py
[2023-05-26T15:26:18.817+0700] {processor.py:836} INFO - DAG(s) dict_keys(['example_params_ui_tutorial']) retrieved from /Users/kany/project-local/data-home/tranning-Airflow/venv/lib/python3.11/site-packages/airflow/example_dags/example_params_ui_tutorial.py
[2023-05-26T15:26:19.284+0700] {logging_mixin.py:149} INFO - [2023-05-26T15:26:19.284+0700] {dag.py:2726} INFO - Sync 1 DAGs
[2023-05-26T15:26:19.317+0700] {logging_mixin.py:149} INFO - [2023-05-26T15:26:19.317+0700] {dag.py:3486} INFO - Setting next_dagrun for example_params_ui_tutorial to None, run_after=None
[2023-05-26T15:26:19.325+0700] {processor.py:179} INFO - Processing /Users/kany/project-local/data-home/tranning-Airflow/venv/lib/python3.11/site-packages/airflow/example_dags/example_params_ui_tutorial.py took 0.578 seconds
[2023-05-26T15:28:28.150+0700] {processor.py:157} INFO - Started process (PID=52226) to work on /Users/kany/project-local/data-home/tranning-Airflow/venv/lib/python3.11/site-packages/airflow/example_dags/example_params_ui_tutorial.py
[2023-05-26T15:28:28.151+0700] {processor.py:826} INFO - Processing file /Users/kany/project-local/data-home/tranning-Airflow/venv/lib/python3.11/site-packages/airflow/example_dags/example_params_ui_tutorial.py for tasks to queue
[2023-05-26T15:28:28.152+0700] {logging_mixin.py:149} INFO - [2023-05-26T15:28:28.152+0700] {dagbag.py:541} INFO - Filling up the DagBag from /Users/kany/project-local/data-home/tranning-Airflow/venv/lib/python3.11/site-packages/airflow/example_dags/example_params_ui_tutorial.py
[2023-05-26T15:28:28.209+0700] {processor.py:836} INFO - DAG(s) dict_keys(['example_params_ui_tutorial']) retrieved from /Users/kany/project-local/data-home/tranning-Airflow/venv/lib/python3.11/site-packages/airflow/example_dags/example_params_ui_tutorial.py
[2023-05-26T15:28:28.679+0700] {logging_mixin.py:149} INFO - [2023-05-26T15:28:28.679+0700] {dag.py:2726} INFO - Sync 1 DAGs
[2023-05-26T15:28:28.712+0700] {logging_mixin.py:149} INFO - [2023-05-26T15:28:28.712+0700] {dag.py:3486} INFO - Setting next_dagrun for example_params_ui_tutorial to None, run_after=None
[2023-05-26T15:28:28.721+0700] {processor.py:179} INFO - Processing /Users/kany/project-local/data-home/tranning-Airflow/venv/lib/python3.11/site-packages/airflow/example_dags/example_params_ui_tutorial.py took 0.571 seconds
[2023-05-26T15:30:42.834+0700] {processor.py:157} INFO - Started process (PID=52402) to work on /Users/kany/project-local/data-home/tranning-Airflow/venv/lib/python3.11/site-packages/airflow/example_dags/example_params_ui_tutorial.py
[2023-05-26T15:30:42.834+0700] {processor.py:826} INFO - Processing file /Users/kany/project-local/data-home/tranning-Airflow/venv/lib/python3.11/site-packages/airflow/example_dags/example_params_ui_tutorial.py for tasks to queue
[2023-05-26T15:30:42.834+0700] {logging_mixin.py:149} INFO - [2023-05-26T15:30:42.834+0700] {dagbag.py:541} INFO - Filling up the DagBag from /Users/kany/project-local/data-home/tranning-Airflow/venv/lib/python3.11/site-packages/airflow/example_dags/example_params_ui_tutorial.py
[2023-05-26T15:30:42.893+0700] {processor.py:836} INFO - DAG(s) dict_keys(['example_params_ui_tutorial']) retrieved from /Users/kany/project-local/data-home/tranning-Airflow/venv/lib/python3.11/site-packages/airflow/example_dags/example_params_ui_tutorial.py
[2023-05-26T15:30:43.423+0700] {logging_mixin.py:149} INFO - [2023-05-26T15:30:43.422+0700] {dag.py:2726} INFO - Sync 1 DAGs
[2023-05-26T15:30:43.455+0700] {logging_mixin.py:149} INFO - [2023-05-26T15:30:43.455+0700] {dag.py:3486} INFO - Setting next_dagrun for example_params_ui_tutorial to None, run_after=None
[2023-05-26T15:30:43.465+0700] {processor.py:179} INFO - Processing /Users/kany/project-local/data-home/tranning-Airflow/venv/lib/python3.11/site-packages/airflow/example_dags/example_params_ui_tutorial.py took 0.632 seconds
