[2023-05-26T15:12:30.006+0700] {processor.py:157} INFO - Started process (PID=51137) to work on /Users/kany/project-local/data-home/tranning-Airflow/venv/lib/python3.11/site-packages/airflow/example_dags/example_sla_dag.py
[2023-05-26T15:12:30.007+0700] {processor.py:826} INFO - Processing file /Users/kany/project-local/data-home/tranning-Airflow/venv/lib/python3.11/site-packages/airflow/example_dags/example_sla_dag.py for tasks to queue
[2023-05-26T15:12:30.007+0700] {logging_mixin.py:149} INFO - [2023-05-26T15:12:30.007+0700] {dagbag.py:541} INFO - Filling up the DagBag from /Users/kany/project-local/data-home/tranning-Airflow/venv/lib/python3.11/site-packages/airflow/example_dags/example_sla_dag.py
[2023-05-26T15:12:30.044+0700] {processor.py:836} INFO - DAG(s) dict_keys(['example_sla_dag']) retrieved from /Users/kany/project-local/data-home/tranning-Airflow/venv/lib/python3.11/site-packages/airflow/example_dags/example_sla_dag.py
[2023-05-26T15:12:30.558+0700] {logging_mixin.py:149} INFO - [2023-05-26T15:12:30.558+0700] {manager.py:504} INFO - Created Permission View: can delete on DAG:example_sla_dag
[2023-05-26T15:12:30.561+0700] {logging_mixin.py:149} INFO - [2023-05-26T15:12:30.561+0700] {manager.py:504} INFO - Created Permission View: can read on DAG:example_sla_dag
[2023-05-26T15:12:30.564+0700] {logging_mixin.py:149} INFO - [2023-05-26T15:12:30.564+0700] {manager.py:504} INFO - Created Permission View: can edit on DAG:example_sla_dag
[2023-05-26T15:12:30.564+0700] {logging_mixin.py:149} INFO - [2023-05-26T15:12:30.564+0700] {dag.py:2726} INFO - Sync 1 DAGs
[2023-05-26T15:12:30.568+0700] {logging_mixin.py:149} INFO - [2023-05-26T15:12:30.567+0700] {dag.py:2747} INFO - Creating ORM DAG for example_sla_dag
[2023-05-26T15:12:30.571+0700] {logging_mixin.py:149} INFO - [2023-05-26T15:12:30.571+0700] {dag.py:3486} INFO - Setting next_dagrun for example_sla_dag to 2023-05-26T08:10:00+00:00, run_after=2023-05-26T08:12:00+00:00
[2023-05-26T15:12:30.578+0700] {processor.py:179} INFO - Processing /Users/kany/project-local/data-home/tranning-Airflow/venv/lib/python3.11/site-packages/airflow/example_dags/example_sla_dag.py took 0.572 seconds
[2023-05-26T15:14:34.373+0700] {processor.py:157} INFO - Started process (PID=51223) to work on /Users/kany/project-local/data-home/tranning-Airflow/venv/lib/python3.11/site-packages/airflow/example_dags/example_sla_dag.py
[2023-05-26T15:14:34.374+0700] {processor.py:826} INFO - Processing file /Users/kany/project-local/data-home/tranning-Airflow/venv/lib/python3.11/site-packages/airflow/example_dags/example_sla_dag.py for tasks to queue
[2023-05-26T15:14:34.374+0700] {logging_mixin.py:149} INFO - [2023-05-26T15:14:34.374+0700] {dagbag.py:541} INFO - Filling up the DagBag from /Users/kany/project-local/data-home/tranning-Airflow/venv/lib/python3.11/site-packages/airflow/example_dags/example_sla_dag.py
[2023-05-26T15:14:34.442+0700] {processor.py:836} INFO - DAG(s) dict_keys(['example_sla_dag']) retrieved from /Users/kany/project-local/data-home/tranning-Airflow/venv/lib/python3.11/site-packages/airflow/example_dags/example_sla_dag.py
[2023-05-26T15:14:35.209+0700] {logging_mixin.py:149} INFO - [2023-05-26T15:14:35.209+0700] {dag.py:2726} INFO - Sync 1 DAGs
[2023-05-26T15:14:35.217+0700] {logging_mixin.py:149} INFO - [2023-05-26T15:14:35.217+0700] {dag.py:3486} INFO - Setting next_dagrun for example_sla_dag to 2023-05-26T08:12:00+00:00, run_after=2023-05-26T08:14:00+00:00
[2023-05-26T15:14:35.226+0700] {processor.py:179} INFO - Processing /Users/kany/project-local/data-home/tranning-Airflow/venv/lib/python3.11/site-packages/airflow/example_dags/example_sla_dag.py took 0.855 seconds
[2023-05-26T15:15:56.056+0700] {processor.py:157} INFO - Started process (PID=51310) to work on /Users/kany/project-local/data-home/tranning-Airflow/venv/lib/python3.11/site-packages/airflow/example_dags/example_sla_dag.py
[2023-05-26T15:15:56.057+0700] {processor.py:826} INFO - Processing file /Users/kany/project-local/data-home/tranning-Airflow/venv/lib/python3.11/site-packages/airflow/example_dags/example_sla_dag.py for tasks to queue
[2023-05-26T15:15:56.057+0700] {logging_mixin.py:149} INFO - [2023-05-26T15:15:56.057+0700] {dagbag.py:541} INFO - Filling up the DagBag from /Users/kany/project-local/data-home/tranning-Airflow/venv/lib/python3.11/site-packages/airflow/example_dags/example_sla_dag.py
[2023-05-26T15:15:56.093+0700] {processor.py:836} INFO - DAG(s) dict_keys(['example_sla_dag']) retrieved from /Users/kany/project-local/data-home/tranning-Airflow/venv/lib/python3.11/site-packages/airflow/example_dags/example_sla_dag.py
[2023-05-26T15:15:56.660+0700] {logging_mixin.py:149} INFO - [2023-05-26T15:15:56.659+0700] {dag.py:2726} INFO - Sync 1 DAGs
[2023-05-26T15:15:56.666+0700] {logging_mixin.py:149} INFO - [2023-05-26T15:15:56.666+0700] {dag.py:3486} INFO - Setting next_dagrun for example_sla_dag to 2023-05-26T08:12:00+00:00, run_after=2023-05-26T08:14:00+00:00
[2023-05-26T15:15:56.675+0700] {processor.py:179} INFO - Processing /Users/kany/project-local/data-home/tranning-Airflow/venv/lib/python3.11/site-packages/airflow/example_dags/example_sla_dag.py took 0.619 seconds
[2023-05-26T15:17:15.807+0700] {processor.py:157} INFO - Started process (PID=51401) to work on /Users/kany/project-local/data-home/tranning-Airflow/venv/lib/python3.11/site-packages/airflow/example_dags/example_sla_dag.py
[2023-05-26T15:17:15.807+0700] {processor.py:826} INFO - Processing file /Users/kany/project-local/data-home/tranning-Airflow/venv/lib/python3.11/site-packages/airflow/example_dags/example_sla_dag.py for tasks to queue
[2023-05-26T15:17:15.808+0700] {logging_mixin.py:149} INFO - [2023-05-26T15:17:15.808+0700] {dagbag.py:541} INFO - Filling up the DagBag from /Users/kany/project-local/data-home/tranning-Airflow/venv/lib/python3.11/site-packages/airflow/example_dags/example_sla_dag.py
[2023-05-26T15:17:15.858+0700] {processor.py:836} INFO - DAG(s) dict_keys(['example_sla_dag']) retrieved from /Users/kany/project-local/data-home/tranning-Airflow/venv/lib/python3.11/site-packages/airflow/example_dags/example_sla_dag.py
[2023-05-26T15:17:16.767+0700] {logging_mixin.py:149} INFO - [2023-05-26T15:17:16.767+0700] {dag.py:2726} INFO - Sync 1 DAGs
[2023-05-26T15:17:16.775+0700] {logging_mixin.py:149} INFO - [2023-05-26T15:17:16.774+0700] {dag.py:3486} INFO - Setting next_dagrun for example_sla_dag to 2023-05-26T08:14:00+00:00, run_after=2023-05-26T08:16:00+00:00
[2023-05-26T15:17:16.784+0700] {processor.py:179} INFO - Processing /Users/kany/project-local/data-home/tranning-Airflow/venv/lib/python3.11/site-packages/airflow/example_dags/example_sla_dag.py took 0.978 seconds
[2023-05-26T15:18:25.697+0700] {processor.py:157} INFO - Started process (PID=51468) to work on /Users/kany/project-local/data-home/tranning-Airflow/venv/lib/python3.11/site-packages/airflow/example_dags/example_sla_dag.py
[2023-05-26T15:18:25.698+0700] {processor.py:826} INFO - Processing file /Users/kany/project-local/data-home/tranning-Airflow/venv/lib/python3.11/site-packages/airflow/example_dags/example_sla_dag.py for tasks to queue
[2023-05-26T15:18:25.698+0700] {logging_mixin.py:149} INFO - [2023-05-26T15:18:25.698+0700] {dagbag.py:541} INFO - Filling up the DagBag from /Users/kany/project-local/data-home/tranning-Airflow/venv/lib/python3.11/site-packages/airflow/example_dags/example_sla_dag.py
[2023-05-26T15:18:25.732+0700] {processor.py:836} INFO - DAG(s) dict_keys(['example_sla_dag']) retrieved from /Users/kany/project-local/data-home/tranning-Airflow/venv/lib/python3.11/site-packages/airflow/example_dags/example_sla_dag.py
[2023-05-26T15:18:26.236+0700] {logging_mixin.py:149} INFO - [2023-05-26T15:18:26.236+0700] {dag.py:2726} INFO - Sync 1 DAGs
[2023-05-26T15:18:26.243+0700] {logging_mixin.py:149} INFO - [2023-05-26T15:18:26.242+0700] {dag.py:3486} INFO - Setting next_dagrun for example_sla_dag to 2023-05-26T08:16:00+00:00, run_after=2023-05-26T08:18:00+00:00
[2023-05-26T15:18:26.251+0700] {processor.py:179} INFO - Processing /Users/kany/project-local/data-home/tranning-Airflow/venv/lib/python3.11/site-packages/airflow/example_dags/example_sla_dag.py took 0.554 seconds
[2023-05-26T15:19:40.039+0700] {processor.py:157} INFO - Started process (PID=51571) to work on /Users/kany/project-local/data-home/tranning-Airflow/venv/lib/python3.11/site-packages/airflow/example_dags/example_sla_dag.py
[2023-05-26T15:19:40.040+0700] {processor.py:826} INFO - Processing file /Users/kany/project-local/data-home/tranning-Airflow/venv/lib/python3.11/site-packages/airflow/example_dags/example_sla_dag.py for tasks to queue
[2023-05-26T15:19:40.040+0700] {logging_mixin.py:149} INFO - [2023-05-26T15:19:40.040+0700] {dagbag.py:541} INFO - Filling up the DagBag from /Users/kany/project-local/data-home/tranning-Airflow/venv/lib/python3.11/site-packages/airflow/example_dags/example_sla_dag.py
[2023-05-26T15:19:40.070+0700] {processor.py:836} INFO - DAG(s) dict_keys(['example_sla_dag']) retrieved from /Users/kany/project-local/data-home/tranning-Airflow/venv/lib/python3.11/site-packages/airflow/example_dags/example_sla_dag.py
[2023-05-26T15:19:40.496+0700] {logging_mixin.py:149} INFO - [2023-05-26T15:19:40.496+0700] {dag.py:2726} INFO - Sync 1 DAGs
[2023-05-26T15:19:40.502+0700] {logging_mixin.py:149} INFO - [2023-05-26T15:19:40.502+0700] {dag.py:3486} INFO - Setting next_dagrun for example_sla_dag to 2023-05-26T08:16:00+00:00, run_after=2023-05-26T08:18:00+00:00
[2023-05-26T15:19:40.510+0700] {processor.py:179} INFO - Processing /Users/kany/project-local/data-home/tranning-Airflow/venv/lib/python3.11/site-packages/airflow/example_dags/example_sla_dag.py took 0.470 seconds
[2023-05-26T15:21:56.801+0700] {processor.py:157} INFO - Started process (PID=51720) to work on /Users/kany/project-local/data-home/tranning-Airflow/venv/lib/python3.11/site-packages/airflow/example_dags/example_sla_dag.py
[2023-05-26T15:21:56.801+0700] {processor.py:826} INFO - Processing file /Users/kany/project-local/data-home/tranning-Airflow/venv/lib/python3.11/site-packages/airflow/example_dags/example_sla_dag.py for tasks to queue
[2023-05-26T15:21:56.801+0700] {logging_mixin.py:149} INFO - [2023-05-26T15:21:56.801+0700] {dagbag.py:541} INFO - Filling up the DagBag from /Users/kany/project-local/data-home/tranning-Airflow/venv/lib/python3.11/site-packages/airflow/example_dags/example_sla_dag.py
[2023-05-26T15:21:56.833+0700] {processor.py:836} INFO - DAG(s) dict_keys(['example_sla_dag']) retrieved from /Users/kany/project-local/data-home/tranning-Airflow/venv/lib/python3.11/site-packages/airflow/example_dags/example_sla_dag.py
[2023-05-26T15:21:57.246+0700] {logging_mixin.py:149} INFO - [2023-05-26T15:21:57.246+0700] {dag.py:2726} INFO - Sync 1 DAGs
[2023-05-26T15:21:57.253+0700] {logging_mixin.py:149} INFO - [2023-05-26T15:21:57.253+0700] {dag.py:3486} INFO - Setting next_dagrun for example_sla_dag to 2023-05-26T08:18:00+00:00, run_after=2023-05-26T08:20:00+00:00
[2023-05-26T15:21:57.260+0700] {processor.py:179} INFO - Processing /Users/kany/project-local/data-home/tranning-Airflow/venv/lib/python3.11/site-packages/airflow/example_dags/example_sla_dag.py took 0.459 seconds
[2023-05-26T15:23:57.099+0700] {processor.py:157} INFO - Started process (PID=51806) to work on /Users/kany/project-local/data-home/tranning-Airflow/venv/lib/python3.11/site-packages/airflow/example_dags/example_sla_dag.py
[2023-05-26T15:23:57.100+0700] {processor.py:826} INFO - Processing file /Users/kany/project-local/data-home/tranning-Airflow/venv/lib/python3.11/site-packages/airflow/example_dags/example_sla_dag.py for tasks to queue
[2023-05-26T15:23:57.100+0700] {logging_mixin.py:149} INFO - [2023-05-26T15:23:57.100+0700] {dagbag.py:541} INFO - Filling up the DagBag from /Users/kany/project-local/data-home/tranning-Airflow/venv/lib/python3.11/site-packages/airflow/example_dags/example_sla_dag.py
[2023-05-26T15:23:57.132+0700] {processor.py:836} INFO - DAG(s) dict_keys(['example_sla_dag']) retrieved from /Users/kany/project-local/data-home/tranning-Airflow/venv/lib/python3.11/site-packages/airflow/example_dags/example_sla_dag.py
[2023-05-26T15:23:57.591+0700] {logging_mixin.py:149} INFO - [2023-05-26T15:23:57.590+0700] {dag.py:2726} INFO - Sync 1 DAGs
[2023-05-26T15:23:57.597+0700] {logging_mixin.py:149} INFO - [2023-05-26T15:23:57.597+0700] {dag.py:3486} INFO - Setting next_dagrun for example_sla_dag to 2023-05-26T08:20:00+00:00, run_after=2023-05-26T08:22:00+00:00
[2023-05-26T15:23:57.604+0700] {processor.py:179} INFO - Processing /Users/kany/project-local/data-home/tranning-Airflow/venv/lib/python3.11/site-packages/airflow/example_dags/example_sla_dag.py took 0.506 seconds
[2023-05-26T15:25:03.242+0700] {processor.py:157} INFO - Started process (PID=51851) to work on /Users/kany/project-local/data-home/tranning-Airflow/venv/lib/python3.11/site-packages/airflow/example_dags/example_sla_dag.py
[2023-05-26T15:25:03.242+0700] {processor.py:826} INFO - Processing file /Users/kany/project-local/data-home/tranning-Airflow/venv/lib/python3.11/site-packages/airflow/example_dags/example_sla_dag.py for tasks to queue
[2023-05-26T15:25:03.243+0700] {logging_mixin.py:149} INFO - [2023-05-26T15:25:03.243+0700] {dagbag.py:541} INFO - Filling up the DagBag from /Users/kany/project-local/data-home/tranning-Airflow/venv/lib/python3.11/site-packages/airflow/example_dags/example_sla_dag.py
[2023-05-26T15:25:03.282+0700] {processor.py:836} INFO - DAG(s) dict_keys(['example_sla_dag']) retrieved from /Users/kany/project-local/data-home/tranning-Airflow/venv/lib/python3.11/site-packages/airflow/example_dags/example_sla_dag.py
[2023-05-26T15:25:03.929+0700] {logging_mixin.py:149} INFO - [2023-05-26T15:25:03.928+0700] {dag.py:2726} INFO - Sync 1 DAGs
[2023-05-26T15:25:03.936+0700] {logging_mixin.py:149} INFO - [2023-05-26T15:25:03.935+0700] {dag.py:3486} INFO - Setting next_dagrun for example_sla_dag to 2023-05-26T08:22:00+00:00, run_after=2023-05-26T08:24:00+00:00
[2023-05-26T15:25:03.946+0700] {processor.py:179} INFO - Processing /Users/kany/project-local/data-home/tranning-Airflow/venv/lib/python3.11/site-packages/airflow/example_dags/example_sla_dag.py took 0.705 seconds
[2023-05-26T15:27:10.612+0700] {processor.py:157} INFO - Started process (PID=52078) to work on /Users/kany/project-local/data-home/tranning-Airflow/venv/lib/python3.11/site-packages/airflow/example_dags/example_sla_dag.py
[2023-05-26T15:27:10.613+0700] {processor.py:826} INFO - Processing file /Users/kany/project-local/data-home/tranning-Airflow/venv/lib/python3.11/site-packages/airflow/example_dags/example_sla_dag.py for tasks to queue
[2023-05-26T15:27:10.613+0700] {logging_mixin.py:149} INFO - [2023-05-26T15:27:10.613+0700] {dagbag.py:541} INFO - Filling up the DagBag from /Users/kany/project-local/data-home/tranning-Airflow/venv/lib/python3.11/site-packages/airflow/example_dags/example_sla_dag.py
[2023-05-26T15:27:10.646+0700] {processor.py:836} INFO - DAG(s) dict_keys(['example_sla_dag']) retrieved from /Users/kany/project-local/data-home/tranning-Airflow/venv/lib/python3.11/site-packages/airflow/example_dags/example_sla_dag.py
[2023-05-26T15:27:11.142+0700] {logging_mixin.py:149} INFO - [2023-05-26T15:27:11.142+0700] {dag.py:2726} INFO - Sync 1 DAGs
[2023-05-26T15:27:11.150+0700] {logging_mixin.py:149} INFO - [2023-05-26T15:27:11.149+0700] {dag.py:3486} INFO - Setting next_dagrun for example_sla_dag to 2023-05-26T08:24:00+00:00, run_after=2023-05-26T08:26:00+00:00
[2023-05-26T15:27:11.157+0700] {processor.py:179} INFO - Processing /Users/kany/project-local/data-home/tranning-Airflow/venv/lib/python3.11/site-packages/airflow/example_dags/example_sla_dag.py took 0.545 seconds
[2023-05-26T15:29:20.811+0700] {processor.py:157} INFO - Started process (PID=52332) to work on /Users/kany/project-local/data-home/tranning-Airflow/venv/lib/python3.11/site-packages/airflow/example_dags/example_sla_dag.py
[2023-05-26T15:29:20.812+0700] {processor.py:826} INFO - Processing file /Users/kany/project-local/data-home/tranning-Airflow/venv/lib/python3.11/site-packages/airflow/example_dags/example_sla_dag.py for tasks to queue
[2023-05-26T15:29:20.812+0700] {logging_mixin.py:149} INFO - [2023-05-26T15:29:20.812+0700] {dagbag.py:541} INFO - Filling up the DagBag from /Users/kany/project-local/data-home/tranning-Airflow/venv/lib/python3.11/site-packages/airflow/example_dags/example_sla_dag.py
[2023-05-26T15:29:20.842+0700] {processor.py:836} INFO - DAG(s) dict_keys(['example_sla_dag']) retrieved from /Users/kany/project-local/data-home/tranning-Airflow/venv/lib/python3.11/site-packages/airflow/example_dags/example_sla_dag.py
[2023-05-26T15:29:21.299+0700] {logging_mixin.py:149} INFO - [2023-05-26T15:29:21.299+0700] {dag.py:2726} INFO - Sync 1 DAGs
[2023-05-26T15:29:21.306+0700] {logging_mixin.py:149} INFO - [2023-05-26T15:29:21.306+0700] {dag.py:3486} INFO - Setting next_dagrun for example_sla_dag to 2023-05-26T08:26:00+00:00, run_after=2023-05-26T08:28:00+00:00
[2023-05-26T15:29:21.313+0700] {processor.py:179} INFO - Processing /Users/kany/project-local/data-home/tranning-Airflow/venv/lib/python3.11/site-packages/airflow/example_dags/example_sla_dag.py took 0.502 seconds
[2023-05-26T15:30:28.588+0700] {processor.py:157} INFO - Started process (PID=52394) to work on /Users/kany/project-local/data-home/tranning-Airflow/venv/lib/python3.11/site-packages/airflow/example_dags/example_sla_dag.py
[2023-05-26T15:30:28.589+0700] {processor.py:826} INFO - Processing file /Users/kany/project-local/data-home/tranning-Airflow/venv/lib/python3.11/site-packages/airflow/example_dags/example_sla_dag.py for tasks to queue
[2023-05-26T15:30:28.589+0700] {logging_mixin.py:149} INFO - [2023-05-26T15:30:28.589+0700] {dagbag.py:541} INFO - Filling up the DagBag from /Users/kany/project-local/data-home/tranning-Airflow/venv/lib/python3.11/site-packages/airflow/example_dags/example_sla_dag.py
[2023-05-26T15:30:28.623+0700] {processor.py:836} INFO - DAG(s) dict_keys(['example_sla_dag']) retrieved from /Users/kany/project-local/data-home/tranning-Airflow/venv/lib/python3.11/site-packages/airflow/example_dags/example_sla_dag.py
[2023-05-26T15:30:29.112+0700] {logging_mixin.py:149} INFO - [2023-05-26T15:30:29.112+0700] {dag.py:2726} INFO - Sync 1 DAGs
[2023-05-26T15:30:29.119+0700] {logging_mixin.py:149} INFO - [2023-05-26T15:30:29.118+0700] {dag.py:3486} INFO - Setting next_dagrun for example_sla_dag to 2023-05-26T08:28:00+00:00, run_after=2023-05-26T08:30:00+00:00
[2023-05-26T15:30:29.127+0700] {processor.py:179} INFO - Processing /Users/kany/project-local/data-home/tranning-Airflow/venv/lib/python3.11/site-packages/airflow/example_dags/example_sla_dag.py took 0.540 seconds
[2023-05-26T15:31:34.706+0700] {processor.py:157} INFO - Started process (PID=52447) to work on /Users/kany/project-local/data-home/tranning-Airflow/venv/lib/python3.11/site-packages/airflow/example_dags/example_sla_dag.py
[2023-05-26T15:31:34.706+0700] {processor.py:826} INFO - Processing file /Users/kany/project-local/data-home/tranning-Airflow/venv/lib/python3.11/site-packages/airflow/example_dags/example_sla_dag.py for tasks to queue
[2023-05-26T15:31:34.706+0700] {logging_mixin.py:149} INFO - [2023-05-26T15:31:34.706+0700] {dagbag.py:541} INFO - Filling up the DagBag from /Users/kany/project-local/data-home/tranning-Airflow/venv/lib/python3.11/site-packages/airflow/example_dags/example_sla_dag.py
[2023-05-26T15:31:34.740+0700] {processor.py:836} INFO - DAG(s) dict_keys(['example_sla_dag']) retrieved from /Users/kany/project-local/data-home/tranning-Airflow/venv/lib/python3.11/site-packages/airflow/example_dags/example_sla_dag.py
[2023-05-26T15:31:35.196+0700] {logging_mixin.py:149} INFO - [2023-05-26T15:31:35.195+0700] {dag.py:2726} INFO - Sync 1 DAGs
[2023-05-26T15:31:35.202+0700] {logging_mixin.py:149} INFO - [2023-05-26T15:31:35.202+0700] {dag.py:3486} INFO - Setting next_dagrun for example_sla_dag to 2023-05-26T08:28:00+00:00, run_after=2023-05-26T08:30:00+00:00
[2023-05-26T15:31:35.209+0700] {processor.py:179} INFO - Processing /Users/kany/project-local/data-home/tranning-Airflow/venv/lib/python3.11/site-packages/airflow/example_dags/example_sla_dag.py took 0.504 seconds
