[2023-05-26T15:12:22.383+0700] {processor.py:157} INFO - Started process (PID=51129) to work on /Users/kany/project-local/data-home/tranning-Airflow/venv/lib/python3.11/site-packages/airflow/example_dags/example_task_group_decorator.py
[2023-05-26T15:12:22.383+0700] {processor.py:826} INFO - Processing file /Users/kany/project-local/data-home/tranning-Airflow/venv/lib/python3.11/site-packages/airflow/example_dags/example_task_group_decorator.py for tasks to queue
[2023-05-26T15:12:22.383+0700] {logging_mixin.py:149} INFO - [2023-05-26T15:12:22.383+0700] {dagbag.py:541} INFO - Filling up the DagBag from /Users/kany/project-local/data-home/tranning-Airflow/venv/lib/python3.11/site-packages/airflow/example_dags/example_task_group_decorator.py
[2023-05-26T15:12:22.423+0700] {processor.py:836} INFO - DAG(s) dict_keys(['example_task_group_decorator']) retrieved from /Users/kany/project-local/data-home/tranning-Airflow/venv/lib/python3.11/site-packages/airflow/example_dags/example_task_group_decorator.py
[2023-05-26T15:12:23.019+0700] {logging_mixin.py:149} INFO - [2023-05-26T15:12:23.019+0700] {manager.py:504} INFO - Created Permission View: can delete on DAG:example_task_group_decorator
[2023-05-26T15:12:23.023+0700] {logging_mixin.py:149} INFO - [2023-05-26T15:12:23.022+0700] {manager.py:504} INFO - Created Permission View: can edit on DAG:example_task_group_decorator
[2023-05-26T15:12:23.025+0700] {logging_mixin.py:149} INFO - [2023-05-26T15:12:23.025+0700] {manager.py:504} INFO - Created Permission View: can read on DAG:example_task_group_decorator
[2023-05-26T15:12:23.025+0700] {logging_mixin.py:149} INFO - [2023-05-26T15:12:23.025+0700] {dag.py:2726} INFO - Sync 1 DAGs
[2023-05-26T15:12:23.029+0700] {logging_mixin.py:149} INFO - [2023-05-26T15:12:23.029+0700] {dag.py:2747} INFO - Creating ORM DAG for example_task_group_decorator
[2023-05-26T15:12:23.032+0700] {logging_mixin.py:149} INFO - [2023-05-26T15:12:23.031+0700] {dag.py:3486} INFO - Setting next_dagrun for example_task_group_decorator to 2023-05-25T08:12:23.031935+00:00, run_after=2023-05-26T08:12:23.031935+00:00
[2023-05-26T15:12:23.039+0700] {processor.py:179} INFO - Processing /Users/kany/project-local/data-home/tranning-Airflow/venv/lib/python3.11/site-packages/airflow/example_dags/example_task_group_decorator.py took 0.657 seconds
[2023-05-26T15:14:25.756+0700] {processor.py:157} INFO - Started process (PID=51219) to work on /Users/kany/project-local/data-home/tranning-Airflow/venv/lib/python3.11/site-packages/airflow/example_dags/example_task_group_decorator.py
[2023-05-26T15:14:25.757+0700] {processor.py:826} INFO - Processing file /Users/kany/project-local/data-home/tranning-Airflow/venv/lib/python3.11/site-packages/airflow/example_dags/example_task_group_decorator.py for tasks to queue
[2023-05-26T15:14:25.757+0700] {logging_mixin.py:149} INFO - [2023-05-26T15:14:25.757+0700] {dagbag.py:541} INFO - Filling up the DagBag from /Users/kany/project-local/data-home/tranning-Airflow/venv/lib/python3.11/site-packages/airflow/example_dags/example_task_group_decorator.py
[2023-05-26T15:14:25.810+0700] {processor.py:836} INFO - DAG(s) dict_keys(['example_task_group_decorator']) retrieved from /Users/kany/project-local/data-home/tranning-Airflow/venv/lib/python3.11/site-packages/airflow/example_dags/example_task_group_decorator.py
[2023-05-26T15:14:26.557+0700] {logging_mixin.py:149} INFO - [2023-05-26T15:14:26.557+0700] {dag.py:2726} INFO - Sync 1 DAGs
[2023-05-26T15:14:26.562+0700] {logging_mixin.py:149} INFO - [2023-05-26T15:14:26.562+0700] {dag.py:3486} INFO - Setting next_dagrun for example_task_group_decorator to 2023-05-25T08:14:26.562695+00:00, run_after=2023-05-26T08:14:26.562695+00:00
[2023-05-26T15:14:26.571+0700] {processor.py:179} INFO - Processing /Users/kany/project-local/data-home/tranning-Airflow/venv/lib/python3.11/site-packages/airflow/example_dags/example_task_group_decorator.py took 0.815 seconds
[2023-05-26T15:15:49.363+0700] {processor.py:157} INFO - Started process (PID=51288) to work on /Users/kany/project-local/data-home/tranning-Airflow/venv/lib/python3.11/site-packages/airflow/example_dags/example_task_group_decorator.py
[2023-05-26T15:15:49.364+0700] {processor.py:826} INFO - Processing file /Users/kany/project-local/data-home/tranning-Airflow/venv/lib/python3.11/site-packages/airflow/example_dags/example_task_group_decorator.py for tasks to queue
[2023-05-26T15:15:49.364+0700] {logging_mixin.py:149} INFO - [2023-05-26T15:15:49.364+0700] {dagbag.py:541} INFO - Filling up the DagBag from /Users/kany/project-local/data-home/tranning-Airflow/venv/lib/python3.11/site-packages/airflow/example_dags/example_task_group_decorator.py
[2023-05-26T15:15:49.403+0700] {processor.py:836} INFO - DAG(s) dict_keys(['example_task_group_decorator']) retrieved from /Users/kany/project-local/data-home/tranning-Airflow/venv/lib/python3.11/site-packages/airflow/example_dags/example_task_group_decorator.py
[2023-05-26T15:15:49.974+0700] {logging_mixin.py:149} INFO - [2023-05-26T15:15:49.973+0700] {dag.py:2726} INFO - Sync 1 DAGs
[2023-05-26T15:15:49.979+0700] {logging_mixin.py:149} INFO - [2023-05-26T15:15:49.979+0700] {dag.py:3486} INFO - Setting next_dagrun for example_task_group_decorator to 2023-05-25T08:15:49.979621+00:00, run_after=2023-05-26T08:15:49.979621+00:00
[2023-05-26T15:15:49.986+0700] {processor.py:179} INFO - Processing /Users/kany/project-local/data-home/tranning-Airflow/venv/lib/python3.11/site-packages/airflow/example_dags/example_task_group_decorator.py took 0.623 seconds
[2023-05-26T15:17:07.418+0700] {processor.py:157} INFO - Started process (PID=51392) to work on /Users/kany/project-local/data-home/tranning-Airflow/venv/lib/python3.11/site-packages/airflow/example_dags/example_task_group_decorator.py
[2023-05-26T15:17:07.418+0700] {processor.py:826} INFO - Processing file /Users/kany/project-local/data-home/tranning-Airflow/venv/lib/python3.11/site-packages/airflow/example_dags/example_task_group_decorator.py for tasks to queue
[2023-05-26T15:17:07.419+0700] {logging_mixin.py:149} INFO - [2023-05-26T15:17:07.419+0700] {dagbag.py:541} INFO - Filling up the DagBag from /Users/kany/project-local/data-home/tranning-Airflow/venv/lib/python3.11/site-packages/airflow/example_dags/example_task_group_decorator.py
[2023-05-26T15:17:07.467+0700] {processor.py:836} INFO - DAG(s) dict_keys(['example_task_group_decorator']) retrieved from /Users/kany/project-local/data-home/tranning-Airflow/venv/lib/python3.11/site-packages/airflow/example_dags/example_task_group_decorator.py
[2023-05-26T15:17:08.228+0700] {logging_mixin.py:149} INFO - [2023-05-26T15:17:08.227+0700] {dag.py:2726} INFO - Sync 1 DAGs
[2023-05-26T15:17:08.234+0700] {logging_mixin.py:149} INFO - [2023-05-26T15:17:08.233+0700] {dag.py:3486} INFO - Setting next_dagrun for example_task_group_decorator to 2023-05-25T08:17:08.233929+00:00, run_after=2023-05-26T08:17:08.233929+00:00
[2023-05-26T15:17:08.245+0700] {processor.py:179} INFO - Processing /Users/kany/project-local/data-home/tranning-Airflow/venv/lib/python3.11/site-packages/airflow/example_dags/example_task_group_decorator.py took 0.828 seconds
[2023-05-26T15:18:19.247+0700] {processor.py:157} INFO - Started process (PID=51453) to work on /Users/kany/project-local/data-home/tranning-Airflow/venv/lib/python3.11/site-packages/airflow/example_dags/example_task_group_decorator.py
[2023-05-26T15:18:19.248+0700] {processor.py:826} INFO - Processing file /Users/kany/project-local/data-home/tranning-Airflow/venv/lib/python3.11/site-packages/airflow/example_dags/example_task_group_decorator.py for tasks to queue
[2023-05-26T15:18:19.249+0700] {logging_mixin.py:149} INFO - [2023-05-26T15:18:19.249+0700] {dagbag.py:541} INFO - Filling up the DagBag from /Users/kany/project-local/data-home/tranning-Airflow/venv/lib/python3.11/site-packages/airflow/example_dags/example_task_group_decorator.py
[2023-05-26T15:18:19.283+0700] {processor.py:836} INFO - DAG(s) dict_keys(['example_task_group_decorator']) retrieved from /Users/kany/project-local/data-home/tranning-Airflow/venv/lib/python3.11/site-packages/airflow/example_dags/example_task_group_decorator.py
[2023-05-26T15:18:19.772+0700] {logging_mixin.py:149} INFO - [2023-05-26T15:18:19.772+0700] {dag.py:2726} INFO - Sync 1 DAGs
[2023-05-26T15:18:19.778+0700] {logging_mixin.py:149} INFO - [2023-05-26T15:18:19.778+0700] {dag.py:3486} INFO - Setting next_dagrun for example_task_group_decorator to 2023-05-25T08:18:19.778361+00:00, run_after=2023-05-26T08:18:19.778361+00:00
[2023-05-26T15:18:19.785+0700] {processor.py:179} INFO - Processing /Users/kany/project-local/data-home/tranning-Airflow/venv/lib/python3.11/site-packages/airflow/example_dags/example_task_group_decorator.py took 0.538 seconds
[2023-05-26T15:19:33.843+0700] {processor.py:157} INFO - Started process (PID=51563) to work on /Users/kany/project-local/data-home/tranning-Airflow/venv/lib/python3.11/site-packages/airflow/example_dags/example_task_group_decorator.py
[2023-05-26T15:19:33.844+0700] {processor.py:826} INFO - Processing file /Users/kany/project-local/data-home/tranning-Airflow/venv/lib/python3.11/site-packages/airflow/example_dags/example_task_group_decorator.py for tasks to queue
[2023-05-26T15:19:33.844+0700] {logging_mixin.py:149} INFO - [2023-05-26T15:19:33.844+0700] {dagbag.py:541} INFO - Filling up the DagBag from /Users/kany/project-local/data-home/tranning-Airflow/venv/lib/python3.11/site-packages/airflow/example_dags/example_task_group_decorator.py
[2023-05-26T15:19:33.887+0700] {processor.py:836} INFO - DAG(s) dict_keys(['example_task_group_decorator']) retrieved from /Users/kany/project-local/data-home/tranning-Airflow/venv/lib/python3.11/site-packages/airflow/example_dags/example_task_group_decorator.py
[2023-05-26T15:19:34.327+0700] {logging_mixin.py:149} INFO - [2023-05-26T15:19:34.327+0700] {dag.py:2726} INFO - Sync 1 DAGs
[2023-05-26T15:19:34.333+0700] {logging_mixin.py:149} INFO - [2023-05-26T15:19:34.332+0700] {dag.py:3486} INFO - Setting next_dagrun for example_task_group_decorator to 2023-05-25T08:19:34.332894+00:00, run_after=2023-05-26T08:19:34.332894+00:00
[2023-05-26T15:19:34.340+0700] {processor.py:179} INFO - Processing /Users/kany/project-local/data-home/tranning-Airflow/venv/lib/python3.11/site-packages/airflow/example_dags/example_task_group_decorator.py took 0.497 seconds
[2023-05-26T15:20:41.268+0700] {processor.py:157} INFO - Started process (PID=51679) to work on /Users/kany/project-local/data-home/tranning-Airflow/venv/lib/python3.11/site-packages/airflow/example_dags/example_task_group_decorator.py
[2023-05-26T15:20:41.269+0700] {processor.py:826} INFO - Processing file /Users/kany/project-local/data-home/tranning-Airflow/venv/lib/python3.11/site-packages/airflow/example_dags/example_task_group_decorator.py for tasks to queue
[2023-05-26T15:20:41.269+0700] {logging_mixin.py:149} INFO - [2023-05-26T15:20:41.269+0700] {dagbag.py:541} INFO - Filling up the DagBag from /Users/kany/project-local/data-home/tranning-Airflow/venv/lib/python3.11/site-packages/airflow/example_dags/example_task_group_decorator.py
[2023-05-26T15:20:41.324+0700] {processor.py:836} INFO - DAG(s) dict_keys(['example_task_group_decorator']) retrieved from /Users/kany/project-local/data-home/tranning-Airflow/venv/lib/python3.11/site-packages/airflow/example_dags/example_task_group_decorator.py
[2023-05-26T15:20:42.021+0700] {logging_mixin.py:149} INFO - [2023-05-26T15:20:42.020+0700] {dag.py:2726} INFO - Sync 1 DAGs
[2023-05-26T15:20:42.027+0700] {logging_mixin.py:149} INFO - [2023-05-26T15:20:42.027+0700] {dag.py:3486} INFO - Setting next_dagrun for example_task_group_decorator to 2023-05-25T08:20:42.027170+00:00, run_after=2023-05-26T08:20:42.027170+00:00
[2023-05-26T15:20:42.035+0700] {processor.py:179} INFO - Processing /Users/kany/project-local/data-home/tranning-Airflow/venv/lib/python3.11/site-packages/airflow/example_dags/example_task_group_decorator.py took 0.768 seconds
[2023-05-26T15:21:50.528+0700] {processor.py:157} INFO - Started process (PID=51715) to work on /Users/kany/project-local/data-home/tranning-Airflow/venv/lib/python3.11/site-packages/airflow/example_dags/example_task_group_decorator.py
[2023-05-26T15:21:50.529+0700] {processor.py:826} INFO - Processing file /Users/kany/project-local/data-home/tranning-Airflow/venv/lib/python3.11/site-packages/airflow/example_dags/example_task_group_decorator.py for tasks to queue
[2023-05-26T15:21:50.529+0700] {logging_mixin.py:149} INFO - [2023-05-26T15:21:50.529+0700] {dagbag.py:541} INFO - Filling up the DagBag from /Users/kany/project-local/data-home/tranning-Airflow/venv/lib/python3.11/site-packages/airflow/example_dags/example_task_group_decorator.py
[2023-05-26T15:21:50.566+0700] {processor.py:836} INFO - DAG(s) dict_keys(['example_task_group_decorator']) retrieved from /Users/kany/project-local/data-home/tranning-Airflow/venv/lib/python3.11/site-packages/airflow/example_dags/example_task_group_decorator.py
[2023-05-26T15:21:50.985+0700] {logging_mixin.py:149} INFO - [2023-05-26T15:21:50.985+0700] {dag.py:2726} INFO - Sync 1 DAGs
[2023-05-26T15:21:50.991+0700] {logging_mixin.py:149} INFO - [2023-05-26T15:21:50.990+0700] {dag.py:3486} INFO - Setting next_dagrun for example_task_group_decorator to 2023-05-25T08:21:50.990935+00:00, run_after=2023-05-26T08:21:50.990935+00:00
[2023-05-26T15:21:50.998+0700] {processor.py:179} INFO - Processing /Users/kany/project-local/data-home/tranning-Airflow/venv/lib/python3.11/site-packages/airflow/example_dags/example_task_group_decorator.py took 0.470 seconds
[2023-05-26T15:22:52.401+0700] {processor.py:157} INFO - Started process (PID=51751) to work on /Users/kany/project-local/data-home/tranning-Airflow/venv/lib/python3.11/site-packages/airflow/example_dags/example_task_group_decorator.py
[2023-05-26T15:22:52.402+0700] {processor.py:826} INFO - Processing file /Users/kany/project-local/data-home/tranning-Airflow/venv/lib/python3.11/site-packages/airflow/example_dags/example_task_group_decorator.py for tasks to queue
[2023-05-26T15:22:52.403+0700] {logging_mixin.py:149} INFO - [2023-05-26T15:22:52.403+0700] {dagbag.py:541} INFO - Filling up the DagBag from /Users/kany/project-local/data-home/tranning-Airflow/venv/lib/python3.11/site-packages/airflow/example_dags/example_task_group_decorator.py
[2023-05-26T15:22:52.436+0700] {processor.py:836} INFO - DAG(s) dict_keys(['example_task_group_decorator']) retrieved from /Users/kany/project-local/data-home/tranning-Airflow/venv/lib/python3.11/site-packages/airflow/example_dags/example_task_group_decorator.py
[2023-05-26T15:22:52.845+0700] {logging_mixin.py:149} INFO - [2023-05-26T15:22:52.845+0700] {dag.py:2726} INFO - Sync 1 DAGs
[2023-05-26T15:22:52.850+0700] {logging_mixin.py:149} INFO - [2023-05-26T15:22:52.850+0700] {dag.py:3486} INFO - Setting next_dagrun for example_task_group_decorator to 2023-05-25T08:22:52.850588+00:00, run_after=2023-05-26T08:22:52.850588+00:00
[2023-05-26T15:22:52.857+0700] {processor.py:179} INFO - Processing /Users/kany/project-local/data-home/tranning-Airflow/venv/lib/python3.11/site-packages/airflow/example_dags/example_task_group_decorator.py took 0.457 seconds
[2023-05-26T15:23:52.717+0700] {processor.py:157} INFO - Started process (PID=51804) to work on /Users/kany/project-local/data-home/tranning-Airflow/venv/lib/python3.11/site-packages/airflow/example_dags/example_task_group_decorator.py
[2023-05-26T15:23:52.718+0700] {processor.py:826} INFO - Processing file /Users/kany/project-local/data-home/tranning-Airflow/venv/lib/python3.11/site-packages/airflow/example_dags/example_task_group_decorator.py for tasks to queue
[2023-05-26T15:23:52.718+0700] {logging_mixin.py:149} INFO - [2023-05-26T15:23:52.718+0700] {dagbag.py:541} INFO - Filling up the DagBag from /Users/kany/project-local/data-home/tranning-Airflow/venv/lib/python3.11/site-packages/airflow/example_dags/example_task_group_decorator.py
[2023-05-26T15:23:52.751+0700] {processor.py:836} INFO - DAG(s) dict_keys(['example_task_group_decorator']) retrieved from /Users/kany/project-local/data-home/tranning-Airflow/venv/lib/python3.11/site-packages/airflow/example_dags/example_task_group_decorator.py
[2023-05-26T15:23:53.170+0700] {logging_mixin.py:149} INFO - [2023-05-26T15:23:53.170+0700] {dag.py:2726} INFO - Sync 1 DAGs
[2023-05-26T15:23:53.176+0700] {logging_mixin.py:149} INFO - [2023-05-26T15:23:53.176+0700] {dag.py:3486} INFO - Setting next_dagrun for example_task_group_decorator to 2023-05-25T08:23:53.176249+00:00, run_after=2023-05-26T08:23:53.176249+00:00
[2023-05-26T15:23:53.183+0700] {processor.py:179} INFO - Processing /Users/kany/project-local/data-home/tranning-Airflow/venv/lib/python3.11/site-packages/airflow/example_dags/example_task_group_decorator.py took 0.466 seconds
[2023-05-26T15:24:56.356+0700] {processor.py:157} INFO - Started process (PID=51847) to work on /Users/kany/project-local/data-home/tranning-Airflow/venv/lib/python3.11/site-packages/airflow/example_dags/example_task_group_decorator.py
[2023-05-26T15:24:56.357+0700] {processor.py:826} INFO - Processing file /Users/kany/project-local/data-home/tranning-Airflow/venv/lib/python3.11/site-packages/airflow/example_dags/example_task_group_decorator.py for tasks to queue
[2023-05-26T15:24:56.357+0700] {logging_mixin.py:149} INFO - [2023-05-26T15:24:56.357+0700] {dagbag.py:541} INFO - Filling up the DagBag from /Users/kany/project-local/data-home/tranning-Airflow/venv/lib/python3.11/site-packages/airflow/example_dags/example_task_group_decorator.py
[2023-05-26T15:24:56.390+0700] {processor.py:836} INFO - DAG(s) dict_keys(['example_task_group_decorator']) retrieved from /Users/kany/project-local/data-home/tranning-Airflow/venv/lib/python3.11/site-packages/airflow/example_dags/example_task_group_decorator.py
[2023-05-26T15:24:56.845+0700] {logging_mixin.py:149} INFO - [2023-05-26T15:24:56.845+0700] {dag.py:2726} INFO - Sync 1 DAGs
[2023-05-26T15:24:56.851+0700] {logging_mixin.py:149} INFO - [2023-05-26T15:24:56.851+0700] {dag.py:3486} INFO - Setting next_dagrun for example_task_group_decorator to 2023-05-25T08:24:56.850953+00:00, run_after=2023-05-26T08:24:56.850953+00:00
[2023-05-26T15:24:56.858+0700] {processor.py:179} INFO - Processing /Users/kany/project-local/data-home/tranning-Airflow/venv/lib/python3.11/site-packages/airflow/example_dags/example_task_group_decorator.py took 0.502 seconds
[2023-05-26T15:26:02.192+0700] {processor.py:157} INFO - Started process (PID=51954) to work on /Users/kany/project-local/data-home/tranning-Airflow/venv/lib/python3.11/site-packages/airflow/example_dags/example_task_group_decorator.py
[2023-05-26T15:26:02.193+0700] {processor.py:826} INFO - Processing file /Users/kany/project-local/data-home/tranning-Airflow/venv/lib/python3.11/site-packages/airflow/example_dags/example_task_group_decorator.py for tasks to queue
[2023-05-26T15:26:02.193+0700] {logging_mixin.py:149} INFO - [2023-05-26T15:26:02.193+0700] {dagbag.py:541} INFO - Filling up the DagBag from /Users/kany/project-local/data-home/tranning-Airflow/venv/lib/python3.11/site-packages/airflow/example_dags/example_task_group_decorator.py
[2023-05-26T15:26:02.233+0700] {processor.py:836} INFO - DAG(s) dict_keys(['example_task_group_decorator']) retrieved from /Users/kany/project-local/data-home/tranning-Airflow/venv/lib/python3.11/site-packages/airflow/example_dags/example_task_group_decorator.py
[2023-05-26T15:26:02.721+0700] {logging_mixin.py:149} INFO - [2023-05-26T15:26:02.721+0700] {dag.py:2726} INFO - Sync 1 DAGs
[2023-05-26T15:26:02.727+0700] {logging_mixin.py:149} INFO - [2023-05-26T15:26:02.727+0700] {dag.py:3486} INFO - Setting next_dagrun for example_task_group_decorator to 2023-05-25T08:26:02.726959+00:00, run_after=2023-05-26T08:26:02.726959+00:00
[2023-05-26T15:26:02.734+0700] {processor.py:179} INFO - Processing /Users/kany/project-local/data-home/tranning-Airflow/venv/lib/python3.11/site-packages/airflow/example_dags/example_task_group_decorator.py took 0.542 seconds
[2023-05-26T15:27:03.807+0700] {processor.py:157} INFO - Started process (PID=52072) to work on /Users/kany/project-local/data-home/tranning-Airflow/venv/lib/python3.11/site-packages/airflow/example_dags/example_task_group_decorator.py
[2023-05-26T15:27:03.808+0700] {processor.py:826} INFO - Processing file /Users/kany/project-local/data-home/tranning-Airflow/venv/lib/python3.11/site-packages/airflow/example_dags/example_task_group_decorator.py for tasks to queue
[2023-05-26T15:27:03.808+0700] {logging_mixin.py:149} INFO - [2023-05-26T15:27:03.808+0700] {dagbag.py:541} INFO - Filling up the DagBag from /Users/kany/project-local/data-home/tranning-Airflow/venv/lib/python3.11/site-packages/airflow/example_dags/example_task_group_decorator.py
[2023-05-26T15:27:03.849+0700] {processor.py:836} INFO - DAG(s) dict_keys(['example_task_group_decorator']) retrieved from /Users/kany/project-local/data-home/tranning-Airflow/venv/lib/python3.11/site-packages/airflow/example_dags/example_task_group_decorator.py
[2023-05-26T15:27:04.406+0700] {logging_mixin.py:149} INFO - [2023-05-26T15:27:04.406+0700] {dag.py:2726} INFO - Sync 1 DAGs
[2023-05-26T15:27:04.412+0700] {logging_mixin.py:149} INFO - [2023-05-26T15:27:04.412+0700] {dag.py:3486} INFO - Setting next_dagrun for example_task_group_decorator to 2023-05-25T08:27:04.412054+00:00, run_after=2023-05-26T08:27:04.412054+00:00
[2023-05-26T15:27:04.420+0700] {processor.py:179} INFO - Processing /Users/kany/project-local/data-home/tranning-Airflow/venv/lib/python3.11/site-packages/airflow/example_dags/example_task_group_decorator.py took 0.613 seconds
[2023-05-26T15:28:10.142+0700] {processor.py:157} INFO - Started process (PID=52198) to work on /Users/kany/project-local/data-home/tranning-Airflow/venv/lib/python3.11/site-packages/airflow/example_dags/example_task_group_decorator.py
[2023-05-26T15:28:10.143+0700] {processor.py:826} INFO - Processing file /Users/kany/project-local/data-home/tranning-Airflow/venv/lib/python3.11/site-packages/airflow/example_dags/example_task_group_decorator.py for tasks to queue
[2023-05-26T15:28:10.143+0700] {logging_mixin.py:149} INFO - [2023-05-26T15:28:10.143+0700] {dagbag.py:541} INFO - Filling up the DagBag from /Users/kany/project-local/data-home/tranning-Airflow/venv/lib/python3.11/site-packages/airflow/example_dags/example_task_group_decorator.py
[2023-05-26T15:28:10.178+0700] {processor.py:836} INFO - DAG(s) dict_keys(['example_task_group_decorator']) retrieved from /Users/kany/project-local/data-home/tranning-Airflow/venv/lib/python3.11/site-packages/airflow/example_dags/example_task_group_decorator.py
[2023-05-26T15:28:10.670+0700] {logging_mixin.py:149} INFO - [2023-05-26T15:28:10.670+0700] {dag.py:2726} INFO - Sync 1 DAGs
[2023-05-26T15:28:10.676+0700] {logging_mixin.py:149} INFO - [2023-05-26T15:28:10.676+0700] {dag.py:3486} INFO - Setting next_dagrun for example_task_group_decorator to 2023-05-25T08:28:10.675989+00:00, run_after=2023-05-26T08:28:10.675989+00:00
[2023-05-26T15:28:10.684+0700] {processor.py:179} INFO - Processing /Users/kany/project-local/data-home/tranning-Airflow/venv/lib/python3.11/site-packages/airflow/example_dags/example_task_group_decorator.py took 0.542 seconds
[2023-05-26T15:29:13.993+0700] {processor.py:157} INFO - Started process (PID=52322) to work on /Users/kany/project-local/data-home/tranning-Airflow/venv/lib/python3.11/site-packages/airflow/example_dags/example_task_group_decorator.py
[2023-05-26T15:29:13.993+0700] {processor.py:826} INFO - Processing file /Users/kany/project-local/data-home/tranning-Airflow/venv/lib/python3.11/site-packages/airflow/example_dags/example_task_group_decorator.py for tasks to queue
[2023-05-26T15:29:13.994+0700] {logging_mixin.py:149} INFO - [2023-05-26T15:29:13.993+0700] {dagbag.py:541} INFO - Filling up the DagBag from /Users/kany/project-local/data-home/tranning-Airflow/venv/lib/python3.11/site-packages/airflow/example_dags/example_task_group_decorator.py
[2023-05-26T15:29:14.028+0700] {processor.py:836} INFO - DAG(s) dict_keys(['example_task_group_decorator']) retrieved from /Users/kany/project-local/data-home/tranning-Airflow/venv/lib/python3.11/site-packages/airflow/example_dags/example_task_group_decorator.py
[2023-05-26T15:29:14.617+0700] {logging_mixin.py:149} INFO - [2023-05-26T15:29:14.617+0700] {dag.py:2726} INFO - Sync 1 DAGs
[2023-05-26T15:29:14.623+0700] {logging_mixin.py:149} INFO - [2023-05-26T15:29:14.623+0700] {dag.py:3486} INFO - Setting next_dagrun for example_task_group_decorator to 2023-05-25T08:29:14.622985+00:00, run_after=2023-05-26T08:29:14.622985+00:00
[2023-05-26T15:29:14.631+0700] {processor.py:179} INFO - Processing /Users/kany/project-local/data-home/tranning-Airflow/venv/lib/python3.11/site-packages/airflow/example_dags/example_task_group_decorator.py took 0.638 seconds
[2023-05-26T15:30:22.260+0700] {processor.py:157} INFO - Started process (PID=52388) to work on /Users/kany/project-local/data-home/tranning-Airflow/venv/lib/python3.11/site-packages/airflow/example_dags/example_task_group_decorator.py
[2023-05-26T15:30:22.261+0700] {processor.py:826} INFO - Processing file /Users/kany/project-local/data-home/tranning-Airflow/venv/lib/python3.11/site-packages/airflow/example_dags/example_task_group_decorator.py for tasks to queue
[2023-05-26T15:30:22.261+0700] {logging_mixin.py:149} INFO - [2023-05-26T15:30:22.261+0700] {dagbag.py:541} INFO - Filling up the DagBag from /Users/kany/project-local/data-home/tranning-Airflow/venv/lib/python3.11/site-packages/airflow/example_dags/example_task_group_decorator.py
[2023-05-26T15:30:22.296+0700] {processor.py:836} INFO - DAG(s) dict_keys(['example_task_group_decorator']) retrieved from /Users/kany/project-local/data-home/tranning-Airflow/venv/lib/python3.11/site-packages/airflow/example_dags/example_task_group_decorator.py
[2023-05-26T15:30:22.802+0700] {logging_mixin.py:149} INFO - [2023-05-26T15:30:22.802+0700] {dag.py:2726} INFO - Sync 1 DAGs
[2023-05-26T15:30:22.808+0700] {logging_mixin.py:149} INFO - [2023-05-26T15:30:22.808+0700] {dag.py:3486} INFO - Setting next_dagrun for example_task_group_decorator to 2023-05-25T08:30:22.808281+00:00, run_after=2023-05-26T08:30:22.808281+00:00
[2023-05-26T15:30:22.815+0700] {processor.py:179} INFO - Processing /Users/kany/project-local/data-home/tranning-Airflow/venv/lib/python3.11/site-packages/airflow/example_dags/example_task_group_decorator.py took 0.556 seconds
[2023-05-26T15:31:28.479+0700] {processor.py:157} INFO - Started process (PID=52444) to work on /Users/kany/project-local/data-home/tranning-Airflow/venv/lib/python3.11/site-packages/airflow/example_dags/example_task_group_decorator.py
[2023-05-26T15:31:28.480+0700] {processor.py:826} INFO - Processing file /Users/kany/project-local/data-home/tranning-Airflow/venv/lib/python3.11/site-packages/airflow/example_dags/example_task_group_decorator.py for tasks to queue
[2023-05-26T15:31:28.480+0700] {logging_mixin.py:149} INFO - [2023-05-26T15:31:28.480+0700] {dagbag.py:541} INFO - Filling up the DagBag from /Users/kany/project-local/data-home/tranning-Airflow/venv/lib/python3.11/site-packages/airflow/example_dags/example_task_group_decorator.py
[2023-05-26T15:31:28.514+0700] {processor.py:836} INFO - DAG(s) dict_keys(['example_task_group_decorator']) retrieved from /Users/kany/project-local/data-home/tranning-Airflow/venv/lib/python3.11/site-packages/airflow/example_dags/example_task_group_decorator.py
[2023-05-26T15:31:28.968+0700] {logging_mixin.py:149} INFO - [2023-05-26T15:31:28.968+0700] {dag.py:2726} INFO - Sync 1 DAGs
[2023-05-26T15:31:28.974+0700] {logging_mixin.py:149} INFO - [2023-05-26T15:31:28.974+0700] {dag.py:3486} INFO - Setting next_dagrun for example_task_group_decorator to 2023-05-25T08:31:28.973956+00:00, run_after=2023-05-26T08:31:28.973956+00:00
[2023-05-26T15:31:28.981+0700] {processor.py:179} INFO - Processing /Users/kany/project-local/data-home/tranning-Airflow/venv/lib/python3.11/site-packages/airflow/example_dags/example_task_group_decorator.py took 0.503 seconds
