[2023-05-26T15:13:05.826+0700] {processor.py:157} INFO - Started process (PID=51167) to work on /Users/kany/project-local/data-home/tranning-Airflow/venv/lib/python3.11/site-packages/airflow/example_dags/example_latest_only.py
[2023-05-26T15:13:05.826+0700] {processor.py:826} INFO - Processing file /Users/kany/project-local/data-home/tranning-Airflow/venv/lib/python3.11/site-packages/airflow/example_dags/example_latest_only.py for tasks to queue
[2023-05-26T15:13:05.827+0700] {logging_mixin.py:149} INFO - [2023-05-26T15:13:05.827+0700] {dagbag.py:541} INFO - Filling up the DagBag from /Users/kany/project-local/data-home/tranning-Airflow/venv/lib/python3.11/site-packages/airflow/example_dags/example_latest_only.py
[2023-05-26T15:13:05.841+0700] {processor.py:836} INFO - DAG(s) dict_keys(['latest_only']) retrieved from /Users/kany/project-local/data-home/tranning-Airflow/venv/lib/python3.11/site-packages/airflow/example_dags/example_latest_only.py
[2023-05-26T15:13:07.055+0700] {logging_mixin.py:149} INFO - [2023-05-26T15:13:07.055+0700] {manager.py:504} INFO - Created Permission View: can read on DAG:latest_only
[2023-05-26T15:13:07.062+0700] {logging_mixin.py:149} INFO - [2023-05-26T15:13:07.062+0700] {manager.py:504} INFO - Created Permission View: can edit on DAG:latest_only
[2023-05-26T15:13:07.065+0700] {logging_mixin.py:149} INFO - [2023-05-26T15:13:07.065+0700] {manager.py:504} INFO - Created Permission View: can delete on DAG:latest_only
[2023-05-26T15:13:07.065+0700] {logging_mixin.py:149} INFO - [2023-05-26T15:13:07.065+0700] {dag.py:2726} INFO - Sync 1 DAGs
[2023-05-26T15:13:07.097+0700] {logging_mixin.py:149} INFO - [2023-05-26T15:13:07.097+0700] {dag.py:2747} INFO - Creating ORM DAG for latest_only
[2023-05-26T15:13:07.100+0700] {logging_mixin.py:149} INFO - [2023-05-26T15:13:07.100+0700] {dag.py:3486} INFO - Setting next_dagrun for latest_only to 2023-05-26T04:13:07.100584+00:00, run_after=2023-05-26T08:13:07.100584+00:00
[2023-05-26T15:13:07.109+0700] {processor.py:179} INFO - Processing /Users/kany/project-local/data-home/tranning-Airflow/venv/lib/python3.11/site-packages/airflow/example_dags/example_latest_only.py took 1.283 seconds
[2023-05-26T15:15:11.769+0700] {processor.py:157} INFO - Started process (PID=51260) to work on /Users/kany/project-local/data-home/tranning-Airflow/venv/lib/python3.11/site-packages/airflow/example_dags/example_latest_only.py
[2023-05-26T15:15:11.770+0700] {processor.py:826} INFO - Processing file /Users/kany/project-local/data-home/tranning-Airflow/venv/lib/python3.11/site-packages/airflow/example_dags/example_latest_only.py for tasks to queue
[2023-05-26T15:15:11.770+0700] {logging_mixin.py:149} INFO - [2023-05-26T15:15:11.770+0700] {dagbag.py:541} INFO - Filling up the DagBag from /Users/kany/project-local/data-home/tranning-Airflow/venv/lib/python3.11/site-packages/airflow/example_dags/example_latest_only.py
[2023-05-26T15:15:11.792+0700] {processor.py:836} INFO - DAG(s) dict_keys(['latest_only']) retrieved from /Users/kany/project-local/data-home/tranning-Airflow/venv/lib/python3.11/site-packages/airflow/example_dags/example_latest_only.py
[2023-05-26T15:15:12.351+0700] {logging_mixin.py:149} INFO - [2023-05-26T15:15:12.351+0700] {dag.py:2726} INFO - Sync 1 DAGs
[2023-05-26T15:15:12.358+0700] {logging_mixin.py:149} INFO - [2023-05-26T15:15:12.358+0700] {dag.py:3486} INFO - Setting next_dagrun for latest_only to 2023-05-26T04:15:12.358171+00:00, run_after=2023-05-26T08:15:12.358171+00:00
[2023-05-26T15:15:12.367+0700] {processor.py:179} INFO - Processing /Users/kany/project-local/data-home/tranning-Airflow/venv/lib/python3.11/site-packages/airflow/example_dags/example_latest_only.py took 0.598 seconds
[2023-05-26T15:17:43.556+0700] {processor.py:157} INFO - Started process (PID=51419) to work on /Users/kany/project-local/data-home/tranning-Airflow/venv/lib/python3.11/site-packages/airflow/example_dags/example_latest_only.py
[2023-05-26T15:17:43.557+0700] {processor.py:826} INFO - Processing file /Users/kany/project-local/data-home/tranning-Airflow/venv/lib/python3.11/site-packages/airflow/example_dags/example_latest_only.py for tasks to queue
[2023-05-26T15:17:43.557+0700] {logging_mixin.py:149} INFO - [2023-05-26T15:17:43.557+0700] {dagbag.py:541} INFO - Filling up the DagBag from /Users/kany/project-local/data-home/tranning-Airflow/venv/lib/python3.11/site-packages/airflow/example_dags/example_latest_only.py
[2023-05-26T15:17:43.571+0700] {processor.py:836} INFO - DAG(s) dict_keys(['latest_only']) retrieved from /Users/kany/project-local/data-home/tranning-Airflow/venv/lib/python3.11/site-packages/airflow/example_dags/example_latest_only.py
[2023-05-26T15:17:44.058+0700] {logging_mixin.py:149} INFO - [2023-05-26T15:17:44.057+0700] {dag.py:2726} INFO - Sync 1 DAGs
[2023-05-26T15:17:44.064+0700] {logging_mixin.py:149} INFO - [2023-05-26T15:17:44.064+0700] {dag.py:3486} INFO - Setting next_dagrun for latest_only to 2023-05-26T04:17:44.064608+00:00, run_after=2023-05-26T08:17:44.064608+00:00
[2023-05-26T15:17:44.072+0700] {processor.py:179} INFO - Processing /Users/kany/project-local/data-home/tranning-Airflow/venv/lib/python3.11/site-packages/airflow/example_dags/example_latest_only.py took 0.516 seconds
[2023-05-26T15:20:01.933+0700] {processor.py:157} INFO - Started process (PID=51585) to work on /Users/kany/project-local/data-home/tranning-Airflow/venv/lib/python3.11/site-packages/airflow/example_dags/example_latest_only.py
[2023-05-26T15:20:01.935+0700] {processor.py:826} INFO - Processing file /Users/kany/project-local/data-home/tranning-Airflow/venv/lib/python3.11/site-packages/airflow/example_dags/example_latest_only.py for tasks to queue
[2023-05-26T15:20:01.935+0700] {logging_mixin.py:149} INFO - [2023-05-26T15:20:01.935+0700] {dagbag.py:541} INFO - Filling up the DagBag from /Users/kany/project-local/data-home/tranning-Airflow/venv/lib/python3.11/site-packages/airflow/example_dags/example_latest_only.py
[2023-05-26T15:20:01.949+0700] {processor.py:836} INFO - DAG(s) dict_keys(['latest_only']) retrieved from /Users/kany/project-local/data-home/tranning-Airflow/venv/lib/python3.11/site-packages/airflow/example_dags/example_latest_only.py
[2023-05-26T15:20:02.386+0700] {logging_mixin.py:149} INFO - [2023-05-26T15:20:02.386+0700] {dag.py:2726} INFO - Sync 1 DAGs
[2023-05-26T15:20:02.393+0700] {logging_mixin.py:149} INFO - [2023-05-26T15:20:02.393+0700] {dag.py:3486} INFO - Setting next_dagrun for latest_only to 2023-05-26T04:20:02.393185+00:00, run_after=2023-05-26T08:20:02.393185+00:00
[2023-05-26T15:20:02.400+0700] {processor.py:179} INFO - Processing /Users/kany/project-local/data-home/tranning-Airflow/venv/lib/python3.11/site-packages/airflow/example_dags/example_latest_only.py took 0.467 seconds
[2023-05-26T15:22:18.561+0700] {processor.py:157} INFO - Started process (PID=51732) to work on /Users/kany/project-local/data-home/tranning-Airflow/venv/lib/python3.11/site-packages/airflow/example_dags/example_latest_only.py
[2023-05-26T15:22:18.561+0700] {processor.py:826} INFO - Processing file /Users/kany/project-local/data-home/tranning-Airflow/venv/lib/python3.11/site-packages/airflow/example_dags/example_latest_only.py for tasks to queue
[2023-05-26T15:22:18.561+0700] {logging_mixin.py:149} INFO - [2023-05-26T15:22:18.561+0700] {dagbag.py:541} INFO - Filling up the DagBag from /Users/kany/project-local/data-home/tranning-Airflow/venv/lib/python3.11/site-packages/airflow/example_dags/example_latest_only.py
[2023-05-26T15:22:18.574+0700] {processor.py:836} INFO - DAG(s) dict_keys(['latest_only']) retrieved from /Users/kany/project-local/data-home/tranning-Airflow/venv/lib/python3.11/site-packages/airflow/example_dags/example_latest_only.py
[2023-05-26T15:22:19.014+0700] {logging_mixin.py:149} INFO - [2023-05-26T15:22:19.014+0700] {dag.py:2726} INFO - Sync 1 DAGs
[2023-05-26T15:22:19.020+0700] {logging_mixin.py:149} INFO - [2023-05-26T15:22:19.020+0700] {dag.py:3486} INFO - Setting next_dagrun for latest_only to 2023-05-26T04:22:19.020476+00:00, run_after=2023-05-26T08:22:19.020476+00:00
[2023-05-26T15:22:19.029+0700] {processor.py:179} INFO - Processing /Users/kany/project-local/data-home/tranning-Airflow/venv/lib/python3.11/site-packages/airflow/example_dags/example_latest_only.py took 0.469 seconds
[2023-05-26T15:24:21.279+0700] {processor.py:157} INFO - Started process (PID=51825) to work on /Users/kany/project-local/data-home/tranning-Airflow/venv/lib/python3.11/site-packages/airflow/example_dags/example_latest_only.py
[2023-05-26T15:24:21.280+0700] {processor.py:826} INFO - Processing file /Users/kany/project-local/data-home/tranning-Airflow/venv/lib/python3.11/site-packages/airflow/example_dags/example_latest_only.py for tasks to queue
[2023-05-26T15:24:21.280+0700] {logging_mixin.py:149} INFO - [2023-05-26T15:24:21.280+0700] {dagbag.py:541} INFO - Filling up the DagBag from /Users/kany/project-local/data-home/tranning-Airflow/venv/lib/python3.11/site-packages/airflow/example_dags/example_latest_only.py
[2023-05-26T15:24:21.293+0700] {processor.py:836} INFO - DAG(s) dict_keys(['latest_only']) retrieved from /Users/kany/project-local/data-home/tranning-Airflow/venv/lib/python3.11/site-packages/airflow/example_dags/example_latest_only.py
[2023-05-26T15:24:21.786+0700] {logging_mixin.py:149} INFO - [2023-05-26T15:24:21.786+0700] {dag.py:2726} INFO - Sync 1 DAGs
[2023-05-26T15:24:21.792+0700] {logging_mixin.py:149} INFO - [2023-05-26T15:24:21.792+0700] {dag.py:3486} INFO - Setting next_dagrun for latest_only to 2023-05-26T04:24:21.792851+00:00, run_after=2023-05-26T08:24:21.792851+00:00
[2023-05-26T15:24:21.801+0700] {processor.py:179} INFO - Processing /Users/kany/project-local/data-home/tranning-Airflow/venv/lib/python3.11/site-packages/airflow/example_dags/example_latest_only.py took 0.522 seconds
[2023-05-26T15:26:28.947+0700] {processor.py:157} INFO - Started process (PID=52010) to work on /Users/kany/project-local/data-home/tranning-Airflow/venv/lib/python3.11/site-packages/airflow/example_dags/example_latest_only.py
[2023-05-26T15:26:28.948+0700] {processor.py:826} INFO - Processing file /Users/kany/project-local/data-home/tranning-Airflow/venv/lib/python3.11/site-packages/airflow/example_dags/example_latest_only.py for tasks to queue
[2023-05-26T15:26:28.948+0700] {logging_mixin.py:149} INFO - [2023-05-26T15:26:28.948+0700] {dagbag.py:541} INFO - Filling up the DagBag from /Users/kany/project-local/data-home/tranning-Airflow/venv/lib/python3.11/site-packages/airflow/example_dags/example_latest_only.py
[2023-05-26T15:26:28.961+0700] {processor.py:836} INFO - DAG(s) dict_keys(['latest_only']) retrieved from /Users/kany/project-local/data-home/tranning-Airflow/venv/lib/python3.11/site-packages/airflow/example_dags/example_latest_only.py
[2023-05-26T15:26:29.473+0700] {logging_mixin.py:149} INFO - [2023-05-26T15:26:29.473+0700] {dag.py:2726} INFO - Sync 1 DAGs
[2023-05-26T15:26:29.480+0700] {logging_mixin.py:149} INFO - [2023-05-26T15:26:29.480+0700] {dag.py:3486} INFO - Setting next_dagrun for latest_only to 2023-05-26T04:26:29.480349+00:00, run_after=2023-05-26T08:26:29.480349+00:00
[2023-05-26T15:26:29.488+0700] {processor.py:179} INFO - Processing /Users/kany/project-local/data-home/tranning-Airflow/venv/lib/python3.11/site-packages/airflow/example_dags/example_latest_only.py took 0.541 seconds
[2023-05-26T15:28:38.658+0700] {processor.py:157} INFO - Started process (PID=52239) to work on /Users/kany/project-local/data-home/tranning-Airflow/venv/lib/python3.11/site-packages/airflow/example_dags/example_latest_only.py
[2023-05-26T15:28:38.659+0700] {processor.py:826} INFO - Processing file /Users/kany/project-local/data-home/tranning-Airflow/venv/lib/python3.11/site-packages/airflow/example_dags/example_latest_only.py for tasks to queue
[2023-05-26T15:28:38.659+0700] {logging_mixin.py:149} INFO - [2023-05-26T15:28:38.659+0700] {dagbag.py:541} INFO - Filling up the DagBag from /Users/kany/project-local/data-home/tranning-Airflow/venv/lib/python3.11/site-packages/airflow/example_dags/example_latest_only.py
[2023-05-26T15:28:38.674+0700] {processor.py:836} INFO - DAG(s) dict_keys(['latest_only']) retrieved from /Users/kany/project-local/data-home/tranning-Airflow/venv/lib/python3.11/site-packages/airflow/example_dags/example_latest_only.py
[2023-05-26T15:28:39.273+0700] {logging_mixin.py:149} INFO - [2023-05-26T15:28:39.273+0700] {dag.py:2726} INFO - Sync 1 DAGs
[2023-05-26T15:28:39.279+0700] {logging_mixin.py:149} INFO - [2023-05-26T15:28:39.279+0700] {dag.py:3486} INFO - Setting next_dagrun for latest_only to 2023-05-26T04:28:39.279794+00:00, run_after=2023-05-26T08:28:39.279794+00:00
[2023-05-26T15:28:39.288+0700] {processor.py:179} INFO - Processing /Users/kany/project-local/data-home/tranning-Airflow/venv/lib/python3.11/site-packages/airflow/example_dags/example_latest_only.py took 0.631 seconds
[2023-05-26T15:30:53.816+0700] {processor.py:157} INFO - Started process (PID=52420) to work on /Users/kany/project-local/data-home/tranning-Airflow/venv/lib/python3.11/site-packages/airflow/example_dags/example_latest_only.py
[2023-05-26T15:30:53.817+0700] {processor.py:826} INFO - Processing file /Users/kany/project-local/data-home/tranning-Airflow/venv/lib/python3.11/site-packages/airflow/example_dags/example_latest_only.py for tasks to queue
[2023-05-26T15:30:53.817+0700] {logging_mixin.py:149} INFO - [2023-05-26T15:30:53.817+0700] {dagbag.py:541} INFO - Filling up the DagBag from /Users/kany/project-local/data-home/tranning-Airflow/venv/lib/python3.11/site-packages/airflow/example_dags/example_latest_only.py
[2023-05-26T15:30:53.833+0700] {processor.py:836} INFO - DAG(s) dict_keys(['latest_only']) retrieved from /Users/kany/project-local/data-home/tranning-Airflow/venv/lib/python3.11/site-packages/airflow/example_dags/example_latest_only.py
[2023-05-26T15:30:54.327+0700] {logging_mixin.py:149} INFO - [2023-05-26T15:30:54.327+0700] {dag.py:2726} INFO - Sync 1 DAGs
[2023-05-26T15:30:54.333+0700] {logging_mixin.py:149} INFO - [2023-05-26T15:30:54.333+0700] {dag.py:3486} INFO - Setting next_dagrun for latest_only to 2023-05-26T04:30:54.333695+00:00, run_after=2023-05-26T08:30:54.333695+00:00
[2023-05-26T15:30:54.340+0700] {processor.py:179} INFO - Processing /Users/kany/project-local/data-home/tranning-Airflow/venv/lib/python3.11/site-packages/airflow/example_dags/example_latest_only.py took 0.524 seconds
