[2023-05-26T15:12:41.434+0700] {processor.py:157} INFO - Started process (PID=51144) to work on /Users/kany/project-local/data-home/tranning-Airflow/venv/lib/python3.11/site-packages/airflow/example_dags/example_setup_teardown.py
[2023-05-26T15:12:41.434+0700] {processor.py:826} INFO - Processing file /Users/kany/project-local/data-home/tranning-Airflow/venv/lib/python3.11/site-packages/airflow/example_dags/example_setup_teardown.py for tasks to queue
[2023-05-26T15:12:41.434+0700] {logging_mixin.py:149} INFO - [2023-05-26T15:12:41.434+0700] {dagbag.py:541} INFO - Filling up the DagBag from /Users/kany/project-local/data-home/tranning-Airflow/venv/lib/python3.11/site-packages/airflow/example_dags/example_setup_teardown.py
[2023-05-26T15:12:41.438+0700] {processor.py:838} WARNING - No viable dags retrieved from /Users/kany/project-local/data-home/tranning-Airflow/venv/lib/python3.11/site-packages/airflow/example_dags/example_setup_teardown.py
[2023-05-26T15:12:42.078+0700] {processor.py:179} INFO - Processing /Users/kany/project-local/data-home/tranning-Airflow/venv/lib/python3.11/site-packages/airflow/example_dags/example_setup_teardown.py took 0.645 seconds
[2023-05-26T15:14:47.100+0700] {processor.py:157} INFO - Started process (PID=51237) to work on /Users/kany/project-local/data-home/tranning-Airflow/venv/lib/python3.11/site-packages/airflow/example_dags/example_setup_teardown.py
[2023-05-26T15:14:47.101+0700] {processor.py:826} INFO - Processing file /Users/kany/project-local/data-home/tranning-Airflow/venv/lib/python3.11/site-packages/airflow/example_dags/example_setup_teardown.py for tasks to queue
[2023-05-26T15:14:47.102+0700] {logging_mixin.py:149} INFO - [2023-05-26T15:14:47.102+0700] {dagbag.py:541} INFO - Filling up the DagBag from /Users/kany/project-local/data-home/tranning-Airflow/venv/lib/python3.11/site-packages/airflow/example_dags/example_setup_teardown.py
[2023-05-26T15:14:47.106+0700] {processor.py:838} WARNING - No viable dags retrieved from /Users/kany/project-local/data-home/tranning-Airflow/venv/lib/python3.11/site-packages/airflow/example_dags/example_setup_teardown.py
[2023-05-26T15:14:47.922+0700] {processor.py:179} INFO - Processing /Users/kany/project-local/data-home/tranning-Airflow/venv/lib/python3.11/site-packages/airflow/example_dags/example_setup_teardown.py took 0.822 seconds
[2023-05-26T15:16:07.432+0700] {processor.py:157} INFO - Started process (PID=51331) to work on /Users/kany/project-local/data-home/tranning-Airflow/venv/lib/python3.11/site-packages/airflow/example_dags/example_setup_teardown.py
[2023-05-26T15:16:07.432+0700] {processor.py:826} INFO - Processing file /Users/kany/project-local/data-home/tranning-Airflow/venv/lib/python3.11/site-packages/airflow/example_dags/example_setup_teardown.py for tasks to queue
[2023-05-26T15:16:07.432+0700] {logging_mixin.py:149} INFO - [2023-05-26T15:16:07.432+0700] {dagbag.py:541} INFO - Filling up the DagBag from /Users/kany/project-local/data-home/tranning-Airflow/venv/lib/python3.11/site-packages/airflow/example_dags/example_setup_teardown.py
[2023-05-26T15:16:07.436+0700] {processor.py:838} WARNING - No viable dags retrieved from /Users/kany/project-local/data-home/tranning-Airflow/venv/lib/python3.11/site-packages/airflow/example_dags/example_setup_teardown.py
[2023-05-26T15:16:07.898+0700] {processor.py:179} INFO - Processing /Users/kany/project-local/data-home/tranning-Airflow/venv/lib/python3.11/site-packages/airflow/example_dags/example_setup_teardown.py took 0.466 seconds
[2023-05-26T15:18:36.789+0700] {processor.py:157} INFO - Started process (PID=51482) to work on /Users/kany/project-local/data-home/tranning-Airflow/venv/lib/python3.11/site-packages/airflow/example_dags/example_setup_teardown.py
[2023-05-26T15:18:36.790+0700] {processor.py:826} INFO - Processing file /Users/kany/project-local/data-home/tranning-Airflow/venv/lib/python3.11/site-packages/airflow/example_dags/example_setup_teardown.py for tasks to queue
[2023-05-26T15:18:36.790+0700] {logging_mixin.py:149} INFO - [2023-05-26T15:18:36.790+0700] {dagbag.py:541} INFO - Filling up the DagBag from /Users/kany/project-local/data-home/tranning-Airflow/venv/lib/python3.11/site-packages/airflow/example_dags/example_setup_teardown.py
[2023-05-26T15:18:36.795+0700] {processor.py:838} WARNING - No viable dags retrieved from /Users/kany/project-local/data-home/tranning-Airflow/venv/lib/python3.11/site-packages/airflow/example_dags/example_setup_teardown.py
[2023-05-26T15:18:37.294+0700] {processor.py:179} INFO - Processing /Users/kany/project-local/data-home/tranning-Airflow/venv/lib/python3.11/site-packages/airflow/example_dags/example_setup_teardown.py took 0.506 seconds
[2023-05-26T15:21:01.035+0700] {processor.py:157} INFO - Started process (PID=51691) to work on /Users/kany/project-local/data-home/tranning-Airflow/venv/lib/python3.11/site-packages/airflow/example_dags/example_setup_teardown.py
[2023-05-26T15:21:01.035+0700] {processor.py:826} INFO - Processing file /Users/kany/project-local/data-home/tranning-Airflow/venv/lib/python3.11/site-packages/airflow/example_dags/example_setup_teardown.py for tasks to queue
[2023-05-26T15:21:01.036+0700] {logging_mixin.py:149} INFO - [2023-05-26T15:21:01.036+0700] {dagbag.py:541} INFO - Filling up the DagBag from /Users/kany/project-local/data-home/tranning-Airflow/venv/lib/python3.11/site-packages/airflow/example_dags/example_setup_teardown.py
[2023-05-26T15:21:01.055+0700] {processor.py:838} WARNING - No viable dags retrieved from /Users/kany/project-local/data-home/tranning-Airflow/venv/lib/python3.11/site-packages/airflow/example_dags/example_setup_teardown.py
[2023-05-26T15:21:01.531+0700] {processor.py:179} INFO - Processing /Users/kany/project-local/data-home/tranning-Airflow/venv/lib/python3.11/site-packages/airflow/example_dags/example_setup_teardown.py took 0.497 seconds
[2023-05-26T15:23:04.565+0700] {processor.py:157} INFO - Started process (PID=51759) to work on /Users/kany/project-local/data-home/tranning-Airflow/venv/lib/python3.11/site-packages/airflow/example_dags/example_setup_teardown.py
[2023-05-26T15:23:04.567+0700] {processor.py:826} INFO - Processing file /Users/kany/project-local/data-home/tranning-Airflow/venv/lib/python3.11/site-packages/airflow/example_dags/example_setup_teardown.py for tasks to queue
[2023-05-26T15:23:04.567+0700] {logging_mixin.py:149} INFO - [2023-05-26T15:23:04.567+0700] {dagbag.py:541} INFO - Filling up the DagBag from /Users/kany/project-local/data-home/tranning-Airflow/venv/lib/python3.11/site-packages/airflow/example_dags/example_setup_teardown.py
[2023-05-26T15:23:04.571+0700] {processor.py:838} WARNING - No viable dags retrieved from /Users/kany/project-local/data-home/tranning-Airflow/venv/lib/python3.11/site-packages/airflow/example_dags/example_setup_teardown.py
[2023-05-26T15:23:04.999+0700] {processor.py:179} INFO - Processing /Users/kany/project-local/data-home/tranning-Airflow/venv/lib/python3.11/site-packages/airflow/example_dags/example_setup_teardown.py took 0.434 seconds
[2023-05-26T15:25:12.031+0700] {processor.py:157} INFO - Started process (PID=51862) to work on /Users/kany/project-local/data-home/tranning-Airflow/venv/lib/python3.11/site-packages/airflow/example_dags/example_setup_teardown.py
[2023-05-26T15:25:12.031+0700] {processor.py:826} INFO - Processing file /Users/kany/project-local/data-home/tranning-Airflow/venv/lib/python3.11/site-packages/airflow/example_dags/example_setup_teardown.py for tasks to queue
[2023-05-26T15:25:12.032+0700] {logging_mixin.py:149} INFO - [2023-05-26T15:25:12.032+0700] {dagbag.py:541} INFO - Filling up the DagBag from /Users/kany/project-local/data-home/tranning-Airflow/venv/lib/python3.11/site-packages/airflow/example_dags/example_setup_teardown.py
[2023-05-26T15:25:12.036+0700] {processor.py:838} WARNING - No viable dags retrieved from /Users/kany/project-local/data-home/tranning-Airflow/venv/lib/python3.11/site-packages/airflow/example_dags/example_setup_teardown.py
[2023-05-26T15:25:12.556+0700] {processor.py:179} INFO - Processing /Users/kany/project-local/data-home/tranning-Airflow/venv/lib/python3.11/site-packages/airflow/example_dags/example_setup_teardown.py took 0.526 seconds
[2023-05-26T15:27:18.848+0700] {processor.py:157} INFO - Started process (PID=52093) to work on /Users/kany/project-local/data-home/tranning-Airflow/venv/lib/python3.11/site-packages/airflow/example_dags/example_setup_teardown.py
[2023-05-26T15:27:18.849+0700] {processor.py:826} INFO - Processing file /Users/kany/project-local/data-home/tranning-Airflow/venv/lib/python3.11/site-packages/airflow/example_dags/example_setup_teardown.py for tasks to queue
[2023-05-26T15:27:18.849+0700] {logging_mixin.py:149} INFO - [2023-05-26T15:27:18.849+0700] {dagbag.py:541} INFO - Filling up the DagBag from /Users/kany/project-local/data-home/tranning-Airflow/venv/lib/python3.11/site-packages/airflow/example_dags/example_setup_teardown.py
[2023-05-26T15:27:18.852+0700] {processor.py:838} WARNING - No viable dags retrieved from /Users/kany/project-local/data-home/tranning-Airflow/venv/lib/python3.11/site-packages/airflow/example_dags/example_setup_teardown.py
[2023-05-26T15:27:19.346+0700] {processor.py:179} INFO - Processing /Users/kany/project-local/data-home/tranning-Airflow/venv/lib/python3.11/site-packages/airflow/example_dags/example_setup_teardown.py took 0.498 seconds
[2023-05-26T15:29:31.082+0700] {processor.py:157} INFO - Started process (PID=52346) to work on /Users/kany/project-local/data-home/tranning-Airflow/venv/lib/python3.11/site-packages/airflow/example_dags/example_setup_teardown.py
[2023-05-26T15:29:31.082+0700] {processor.py:826} INFO - Processing file /Users/kany/project-local/data-home/tranning-Airflow/venv/lib/python3.11/site-packages/airflow/example_dags/example_setup_teardown.py for tasks to queue
[2023-05-26T15:29:31.082+0700] {logging_mixin.py:149} INFO - [2023-05-26T15:29:31.082+0700] {dagbag.py:541} INFO - Filling up the DagBag from /Users/kany/project-local/data-home/tranning-Airflow/venv/lib/python3.11/site-packages/airflow/example_dags/example_setup_teardown.py
[2023-05-26T15:29:31.086+0700] {processor.py:838} WARNING - No viable dags retrieved from /Users/kany/project-local/data-home/tranning-Airflow/venv/lib/python3.11/site-packages/airflow/example_dags/example_setup_teardown.py
[2023-05-26T15:29:31.629+0700] {processor.py:179} INFO - Processing /Users/kany/project-local/data-home/tranning-Airflow/venv/lib/python3.11/site-packages/airflow/example_dags/example_setup_teardown.py took 0.548 seconds
[2023-05-26T15:31:43.391+0700] {processor.py:157} INFO - Started process (PID=52452) to work on /Users/kany/project-local/data-home/tranning-Airflow/venv/lib/python3.11/site-packages/airflow/example_dags/example_setup_teardown.py
[2023-05-26T15:31:43.392+0700] {processor.py:826} INFO - Processing file /Users/kany/project-local/data-home/tranning-Airflow/venv/lib/python3.11/site-packages/airflow/example_dags/example_setup_teardown.py for tasks to queue
[2023-05-26T15:31:43.392+0700] {logging_mixin.py:149} INFO - [2023-05-26T15:31:43.392+0700] {dagbag.py:541} INFO - Filling up the DagBag from /Users/kany/project-local/data-home/tranning-Airflow/venv/lib/python3.11/site-packages/airflow/example_dags/example_setup_teardown.py
[2023-05-26T15:31:43.396+0700] {processor.py:838} WARNING - No viable dags retrieved from /Users/kany/project-local/data-home/tranning-Airflow/venv/lib/python3.11/site-packages/airflow/example_dags/example_setup_teardown.py
[2023-05-26T15:31:44.479+0700] {processor.py:179} INFO - Processing /Users/kany/project-local/data-home/tranning-Airflow/venv/lib/python3.11/site-packages/airflow/example_dags/example_setup_teardown.py took 1.088 seconds
