[2023-05-26T15:12:43.899+0700] {processor.py:157} INFO - Started process (PID=51145) to work on /Users/kany/project-local/data-home/tranning-Airflow/venv/lib/python3.11/site-packages/airflow/example_dags/example_sensors.py
[2023-05-26T15:12:43.900+0700] {processor.py:826} INFO - Processing file /Users/kany/project-local/data-home/tranning-Airflow/venv/lib/python3.11/site-packages/airflow/example_dags/example_sensors.py for tasks to queue
[2023-05-26T15:12:43.900+0700] {logging_mixin.py:149} INFO - [2023-05-26T15:12:43.900+0700] {dagbag.py:541} INFO - Filling up the DagBag from /Users/kany/project-local/data-home/tranning-Airflow/venv/lib/python3.11/site-packages/airflow/example_dags/example_sensors.py
[2023-05-26T15:12:43.935+0700] {processor.py:836} INFO - DAG(s) dict_keys(['example_sensors']) retrieved from /Users/kany/project-local/data-home/tranning-Airflow/venv/lib/python3.11/site-packages/airflow/example_dags/example_sensors.py
[2023-05-26T15:12:44.774+0700] {logging_mixin.py:149} INFO - [2023-05-26T15:12:44.773+0700] {manager.py:504} INFO - Created Permission View: can read on DAG:example_sensors
[2023-05-26T15:12:44.779+0700] {logging_mixin.py:149} INFO - [2023-05-26T15:12:44.779+0700] {manager.py:504} INFO - Created Permission View: can edit on DAG:example_sensors
[2023-05-26T15:12:44.784+0700] {logging_mixin.py:149} INFO - [2023-05-26T15:12:44.784+0700] {manager.py:504} INFO - Created Permission View: can delete on DAG:example_sensors
[2023-05-26T15:12:44.784+0700] {logging_mixin.py:149} INFO - [2023-05-26T15:12:44.784+0700] {dag.py:2726} INFO - Sync 1 DAGs
[2023-05-26T15:12:44.832+0700] {logging_mixin.py:149} INFO - [2023-05-26T15:12:44.832+0700] {dag.py:2747} INFO - Creating ORM DAG for example_sensors
[2023-05-26T15:12:44.835+0700] {logging_mixin.py:149} INFO - [2023-05-26T15:12:44.835+0700] {dag.py:3486} INFO - Setting next_dagrun for example_sensors to None, run_after=None
[2023-05-26T15:12:44.844+0700] {processor.py:179} INFO - Processing /Users/kany/project-local/data-home/tranning-Airflow/venv/lib/python3.11/site-packages/airflow/example_dags/example_sensors.py took 0.945 seconds
[2023-05-26T15:14:50.087+0700] {processor.py:157} INFO - Started process (PID=51239) to work on /Users/kany/project-local/data-home/tranning-Airflow/venv/lib/python3.11/site-packages/airflow/example_dags/example_sensors.py
[2023-05-26T15:14:50.088+0700] {processor.py:826} INFO - Processing file /Users/kany/project-local/data-home/tranning-Airflow/venv/lib/python3.11/site-packages/airflow/example_dags/example_sensors.py for tasks to queue
[2023-05-26T15:14:50.088+0700] {logging_mixin.py:149} INFO - [2023-05-26T15:14:50.088+0700] {dagbag.py:541} INFO - Filling up the DagBag from /Users/kany/project-local/data-home/tranning-Airflow/venv/lib/python3.11/site-packages/airflow/example_dags/example_sensors.py
[2023-05-26T15:14:50.151+0700] {processor.py:836} INFO - DAG(s) dict_keys(['example_sensors']) retrieved from /Users/kany/project-local/data-home/tranning-Airflow/venv/lib/python3.11/site-packages/airflow/example_dags/example_sensors.py
[2023-05-26T15:14:51.000+0700] {logging_mixin.py:149} INFO - [2023-05-26T15:14:50.999+0700] {dag.py:2726} INFO - Sync 1 DAGs
[2023-05-26T15:14:51.008+0700] {logging_mixin.py:149} INFO - [2023-05-26T15:14:51.008+0700] {dag.py:3486} INFO - Setting next_dagrun for example_sensors to None, run_after=None
[2023-05-26T15:14:51.017+0700] {processor.py:179} INFO - Processing /Users/kany/project-local/data-home/tranning-Airflow/venv/lib/python3.11/site-packages/airflow/example_dags/example_sensors.py took 0.931 seconds
[2023-05-26T15:17:21.885+0700] {processor.py:157} INFO - Started process (PID=51405) to work on /Users/kany/project-local/data-home/tranning-Airflow/venv/lib/python3.11/site-packages/airflow/example_dags/example_sensors.py
[2023-05-26T15:17:21.888+0700] {processor.py:826} INFO - Processing file /Users/kany/project-local/data-home/tranning-Airflow/venv/lib/python3.11/site-packages/airflow/example_dags/example_sensors.py for tasks to queue
[2023-05-26T15:17:21.888+0700] {logging_mixin.py:149} INFO - [2023-05-26T15:17:21.888+0700] {dagbag.py:541} INFO - Filling up the DagBag from /Users/kany/project-local/data-home/tranning-Airflow/venv/lib/python3.11/site-packages/airflow/example_dags/example_sensors.py
[2023-05-26T15:17:21.939+0700] {processor.py:836} INFO - DAG(s) dict_keys(['example_sensors']) retrieved from /Users/kany/project-local/data-home/tranning-Airflow/venv/lib/python3.11/site-packages/airflow/example_dags/example_sensors.py
[2023-05-26T15:17:22.693+0700] {logging_mixin.py:149} INFO - [2023-05-26T15:17:22.693+0700] {dag.py:2726} INFO - Sync 1 DAGs
[2023-05-26T15:17:22.699+0700] {logging_mixin.py:149} INFO - [2023-05-26T15:17:22.699+0700] {dag.py:3486} INFO - Setting next_dagrun for example_sensors to None, run_after=None
[2023-05-26T15:17:22.709+0700] {processor.py:179} INFO - Processing /Users/kany/project-local/data-home/tranning-Airflow/venv/lib/python3.11/site-packages/airflow/example_dags/example_sensors.py took 0.824 seconds
[2023-05-26T15:19:44.409+0700] {processor.py:157} INFO - Started process (PID=51575) to work on /Users/kany/project-local/data-home/tranning-Airflow/venv/lib/python3.11/site-packages/airflow/example_dags/example_sensors.py
[2023-05-26T15:19:44.410+0700] {processor.py:826} INFO - Processing file /Users/kany/project-local/data-home/tranning-Airflow/venv/lib/python3.11/site-packages/airflow/example_dags/example_sensors.py for tasks to queue
[2023-05-26T15:19:44.410+0700] {logging_mixin.py:149} INFO - [2023-05-26T15:19:44.410+0700] {dagbag.py:541} INFO - Filling up the DagBag from /Users/kany/project-local/data-home/tranning-Airflow/venv/lib/python3.11/site-packages/airflow/example_dags/example_sensors.py
[2023-05-26T15:19:44.444+0700] {processor.py:836} INFO - DAG(s) dict_keys(['example_sensors']) retrieved from /Users/kany/project-local/data-home/tranning-Airflow/venv/lib/python3.11/site-packages/airflow/example_dags/example_sensors.py
[2023-05-26T15:19:45.070+0700] {logging_mixin.py:149} INFO - [2023-05-26T15:19:45.070+0700] {dag.py:2726} INFO - Sync 1 DAGs
[2023-05-26T15:19:45.076+0700] {logging_mixin.py:149} INFO - [2023-05-26T15:19:45.076+0700] {dag.py:3486} INFO - Setting next_dagrun for example_sensors to None, run_after=None
[2023-05-26T15:19:45.084+0700] {processor.py:179} INFO - Processing /Users/kany/project-local/data-home/tranning-Airflow/venv/lib/python3.11/site-packages/airflow/example_dags/example_sensors.py took 0.675 seconds
[2023-05-26T15:22:00.547+0700] {processor.py:157} INFO - Started process (PID=51722) to work on /Users/kany/project-local/data-home/tranning-Airflow/venv/lib/python3.11/site-packages/airflow/example_dags/example_sensors.py
[2023-05-26T15:22:00.548+0700] {processor.py:826} INFO - Processing file /Users/kany/project-local/data-home/tranning-Airflow/venv/lib/python3.11/site-packages/airflow/example_dags/example_sensors.py for tasks to queue
[2023-05-26T15:22:00.548+0700] {logging_mixin.py:149} INFO - [2023-05-26T15:22:00.548+0700] {dagbag.py:541} INFO - Filling up the DagBag from /Users/kany/project-local/data-home/tranning-Airflow/venv/lib/python3.11/site-packages/airflow/example_dags/example_sensors.py
[2023-05-26T15:22:00.601+0700] {processor.py:836} INFO - DAG(s) dict_keys(['example_sensors']) retrieved from /Users/kany/project-local/data-home/tranning-Airflow/venv/lib/python3.11/site-packages/airflow/example_dags/example_sensors.py
[2023-05-26T15:22:01.024+0700] {logging_mixin.py:149} INFO - [2023-05-26T15:22:01.024+0700] {dag.py:2726} INFO - Sync 1 DAGs
[2023-05-26T15:22:01.030+0700] {logging_mixin.py:149} INFO - [2023-05-26T15:22:01.030+0700] {dag.py:3486} INFO - Setting next_dagrun for example_sensors to None, run_after=None
[2023-05-26T15:22:01.037+0700] {processor.py:179} INFO - Processing /Users/kany/project-local/data-home/tranning-Airflow/venv/lib/python3.11/site-packages/airflow/example_dags/example_sensors.py took 0.490 seconds
[2023-05-26T15:24:01.112+0700] {processor.py:157} INFO - Started process (PID=51808) to work on /Users/kany/project-local/data-home/tranning-Airflow/venv/lib/python3.11/site-packages/airflow/example_dags/example_sensors.py
[2023-05-26T15:24:01.113+0700] {processor.py:826} INFO - Processing file /Users/kany/project-local/data-home/tranning-Airflow/venv/lib/python3.11/site-packages/airflow/example_dags/example_sensors.py for tasks to queue
[2023-05-26T15:24:01.113+0700] {logging_mixin.py:149} INFO - [2023-05-26T15:24:01.113+0700] {dagbag.py:541} INFO - Filling up the DagBag from /Users/kany/project-local/data-home/tranning-Airflow/venv/lib/python3.11/site-packages/airflow/example_dags/example_sensors.py
[2023-05-26T15:24:01.146+0700] {processor.py:836} INFO - DAG(s) dict_keys(['example_sensors']) retrieved from /Users/kany/project-local/data-home/tranning-Airflow/venv/lib/python3.11/site-packages/airflow/example_dags/example_sensors.py
[2023-05-26T15:24:01.575+0700] {logging_mixin.py:149} INFO - [2023-05-26T15:24:01.575+0700] {dag.py:2726} INFO - Sync 1 DAGs
[2023-05-26T15:24:01.582+0700] {logging_mixin.py:149} INFO - [2023-05-26T15:24:01.582+0700] {dag.py:3486} INFO - Setting next_dagrun for example_sensors to None, run_after=None
[2023-05-26T15:24:01.590+0700] {processor.py:179} INFO - Processing /Users/kany/project-local/data-home/tranning-Airflow/venv/lib/python3.11/site-packages/airflow/example_dags/example_sensors.py took 0.478 seconds
[2023-05-26T15:26:10.037+0700] {processor.py:157} INFO - Started process (PID=51971) to work on /Users/kany/project-local/data-home/tranning-Airflow/venv/lib/python3.11/site-packages/airflow/example_dags/example_sensors.py
[2023-05-26T15:26:10.038+0700] {processor.py:826} INFO - Processing file /Users/kany/project-local/data-home/tranning-Airflow/venv/lib/python3.11/site-packages/airflow/example_dags/example_sensors.py for tasks to queue
[2023-05-26T15:26:10.038+0700] {logging_mixin.py:149} INFO - [2023-05-26T15:26:10.038+0700] {dagbag.py:541} INFO - Filling up the DagBag from /Users/kany/project-local/data-home/tranning-Airflow/venv/lib/python3.11/site-packages/airflow/example_dags/example_sensors.py
[2023-05-26T15:26:10.070+0700] {processor.py:836} INFO - DAG(s) dict_keys(['example_sensors']) retrieved from /Users/kany/project-local/data-home/tranning-Airflow/venv/lib/python3.11/site-packages/airflow/example_dags/example_sensors.py
[2023-05-26T15:26:10.536+0700] {logging_mixin.py:149} INFO - [2023-05-26T15:26:10.536+0700] {dag.py:2726} INFO - Sync 1 DAGs
[2023-05-26T15:26:10.543+0700] {logging_mixin.py:149} INFO - [2023-05-26T15:26:10.542+0700] {dag.py:3486} INFO - Setting next_dagrun for example_sensors to None, run_after=None
[2023-05-26T15:26:10.550+0700] {processor.py:179} INFO - Processing /Users/kany/project-local/data-home/tranning-Airflow/venv/lib/python3.11/site-packages/airflow/example_dags/example_sensors.py took 0.513 seconds
[2023-05-26T15:28:18.721+0700] {processor.py:157} INFO - Started process (PID=52217) to work on /Users/kany/project-local/data-home/tranning-Airflow/venv/lib/python3.11/site-packages/airflow/example_dags/example_sensors.py
[2023-05-26T15:28:18.721+0700] {processor.py:826} INFO - Processing file /Users/kany/project-local/data-home/tranning-Airflow/venv/lib/python3.11/site-packages/airflow/example_dags/example_sensors.py for tasks to queue
[2023-05-26T15:28:18.721+0700] {logging_mixin.py:149} INFO - [2023-05-26T15:28:18.721+0700] {dagbag.py:541} INFO - Filling up the DagBag from /Users/kany/project-local/data-home/tranning-Airflow/venv/lib/python3.11/site-packages/airflow/example_dags/example_sensors.py
[2023-05-26T15:28:18.757+0700] {processor.py:836} INFO - DAG(s) dict_keys(['example_sensors']) retrieved from /Users/kany/project-local/data-home/tranning-Airflow/venv/lib/python3.11/site-packages/airflow/example_dags/example_sensors.py
[2023-05-26T15:28:19.283+0700] {logging_mixin.py:149} INFO - [2023-05-26T15:28:19.283+0700] {dag.py:2726} INFO - Sync 1 DAGs
[2023-05-26T15:28:19.295+0700] {logging_mixin.py:149} INFO - [2023-05-26T15:28:19.295+0700] {dag.py:3486} INFO - Setting next_dagrun for example_sensors to None, run_after=None
[2023-05-26T15:28:19.308+0700] {processor.py:179} INFO - Processing /Users/kany/project-local/data-home/tranning-Airflow/venv/lib/python3.11/site-packages/airflow/example_dags/example_sensors.py took 0.587 seconds
[2023-05-26T15:30:33.901+0700] {processor.py:157} INFO - Started process (PID=52397) to work on /Users/kany/project-local/data-home/tranning-Airflow/venv/lib/python3.11/site-packages/airflow/example_dags/example_sensors.py
[2023-05-26T15:30:33.902+0700] {processor.py:826} INFO - Processing file /Users/kany/project-local/data-home/tranning-Airflow/venv/lib/python3.11/site-packages/airflow/example_dags/example_sensors.py for tasks to queue
[2023-05-26T15:30:33.902+0700] {logging_mixin.py:149} INFO - [2023-05-26T15:30:33.902+0700] {dagbag.py:541} INFO - Filling up the DagBag from /Users/kany/project-local/data-home/tranning-Airflow/venv/lib/python3.11/site-packages/airflow/example_dags/example_sensors.py
[2023-05-26T15:30:33.939+0700] {processor.py:836} INFO - DAG(s) dict_keys(['example_sensors']) retrieved from /Users/kany/project-local/data-home/tranning-Airflow/venv/lib/python3.11/site-packages/airflow/example_dags/example_sensors.py
[2023-05-26T15:30:34.417+0700] {logging_mixin.py:149} INFO - [2023-05-26T15:30:34.417+0700] {dag.py:2726} INFO - Sync 1 DAGs
[2023-05-26T15:30:34.424+0700] {logging_mixin.py:149} INFO - [2023-05-26T15:30:34.424+0700] {dag.py:3486} INFO - Setting next_dagrun for example_sensors to None, run_after=None
[2023-05-26T15:30:34.432+0700] {processor.py:179} INFO - Processing /Users/kany/project-local/data-home/tranning-Airflow/venv/lib/python3.11/site-packages/airflow/example_dags/example_sensors.py took 0.531 seconds
