[2023-05-26T15:12:27.642+0700] {processor.py:157} INFO - Started process (PID=51136) to work on /Users/kany/project-local/data-home/tranning-Airflow/venv/lib/python3.11/site-packages/airflow/example_dags/example_subdag_operator.py
[2023-05-26T15:12:27.642+0700] {processor.py:826} INFO - Processing file /Users/kany/project-local/data-home/tranning-Airflow/venv/lib/python3.11/site-packages/airflow/example_dags/example_subdag_operator.py for tasks to queue
[2023-05-26T15:12:27.642+0700] {logging_mixin.py:149} INFO - [2023-05-26T15:12:27.642+0700] {dagbag.py:541} INFO - Filling up the DagBag from /Users/kany/project-local/data-home/tranning-Airflow/venv/lib/python3.11/site-packages/airflow/example_dags/example_subdag_operator.py
[2023-05-26T15:12:28.101+0700] {processor.py:836} INFO - DAG(s) dict_keys(['example_subdag_operator.section-1', 'example_subdag_operator.section-2', 'example_subdag_operator']) retrieved from /Users/kany/project-local/data-home/tranning-Airflow/venv/lib/python3.11/site-packages/airflow/example_dags/example_subdag_operator.py
[2023-05-26T15:12:28.184+0700] {logging_mixin.py:149} INFO - [2023-05-26T15:12:28.184+0700] {manager.py:504} INFO - Created Permission View: can delete on DAG:example_subdag_operator
[2023-05-26T15:12:28.187+0700] {logging_mixin.py:149} INFO - [2023-05-26T15:12:28.187+0700] {manager.py:504} INFO - Created Permission View: can edit on DAG:example_subdag_operator
[2023-05-26T15:12:28.191+0700] {logging_mixin.py:149} INFO - [2023-05-26T15:12:28.191+0700] {manager.py:504} INFO - Created Permission View: can read on DAG:example_subdag_operator
[2023-05-26T15:12:28.191+0700] {logging_mixin.py:149} INFO - [2023-05-26T15:12:28.191+0700] {dag.py:2726} INFO - Sync 3 DAGs
[2023-05-26T15:12:28.220+0700] {logging_mixin.py:149} INFO - [2023-05-26T15:12:28.220+0700] {dag.py:2747} INFO - Creating ORM DAG for example_subdag_operator.section-1
[2023-05-26T15:12:28.220+0700] {logging_mixin.py:149} INFO - [2023-05-26T15:12:28.220+0700] {dag.py:2747} INFO - Creating ORM DAG for example_subdag_operator
[2023-05-26T15:12:28.221+0700] {logging_mixin.py:149} INFO - [2023-05-26T15:12:28.221+0700] {dag.py:2747} INFO - Creating ORM DAG for example_subdag_operator.section-2
[2023-05-26T15:12:28.223+0700] {logging_mixin.py:149} INFO - [2023-05-26T15:12:28.223+0700] {dag.py:3486} INFO - Setting next_dagrun for example_subdag_operator to 2022-01-01T00:00:00+00:00, run_after=2022-01-01T00:00:00+00:00
[2023-05-26T15:12:28.223+0700] {logging_mixin.py:149} INFO - [2023-05-26T15:12:28.223+0700] {dag.py:3486} INFO - Setting next_dagrun for example_subdag_operator.section-1 to None, run_after=None
[2023-05-26T15:12:28.224+0700] {logging_mixin.py:149} INFO - [2023-05-26T15:12:28.224+0700] {dag.py:3486} INFO - Setting next_dagrun for example_subdag_operator.section-2 to None, run_after=None
[2023-05-26T15:12:28.226+0700] {logging_mixin.py:149} INFO - [2023-05-26T15:12:28.226+0700] {dag.py:2726} INFO - Sync 2 DAGs
[2023-05-26T15:12:28.228+0700] {logging_mixin.py:149} INFO - [2023-05-26T15:12:28.228+0700] {dag.py:3486} INFO - Setting next_dagrun for example_subdag_operator.section-1 to None, run_after=None
[2023-05-26T15:12:28.228+0700] {logging_mixin.py:149} INFO - [2023-05-26T15:12:28.228+0700] {dag.py:3486} INFO - Setting next_dagrun for example_subdag_operator.section-2 to None, run_after=None
[2023-05-26T15:12:28.234+0700] {processor.py:179} INFO - Processing /Users/kany/project-local/data-home/tranning-Airflow/venv/lib/python3.11/site-packages/airflow/example_dags/example_subdag_operator.py took 0.592 seconds
[2023-05-26T15:14:31.205+0700] {processor.py:157} INFO - Started process (PID=51222) to work on /Users/kany/project-local/data-home/tranning-Airflow/venv/lib/python3.11/site-packages/airflow/example_dags/example_subdag_operator.py
[2023-05-26T15:14:31.207+0700] {processor.py:826} INFO - Processing file /Users/kany/project-local/data-home/tranning-Airflow/venv/lib/python3.11/site-packages/airflow/example_dags/example_subdag_operator.py for tasks to queue
[2023-05-26T15:14:31.207+0700] {logging_mixin.py:149} INFO - [2023-05-26T15:14:31.207+0700] {dagbag.py:541} INFO - Filling up the DagBag from /Users/kany/project-local/data-home/tranning-Airflow/venv/lib/python3.11/site-packages/airflow/example_dags/example_subdag_operator.py
[2023-05-26T15:14:32.127+0700] {processor.py:836} INFO - DAG(s) dict_keys(['example_subdag_operator.section-1', 'example_subdag_operator.section-2', 'example_subdag_operator']) retrieved from /Users/kany/project-local/data-home/tranning-Airflow/venv/lib/python3.11/site-packages/airflow/example_dags/example_subdag_operator.py
[2023-05-26T15:14:32.159+0700] {logging_mixin.py:149} INFO - [2023-05-26T15:14:32.159+0700] {dag.py:2726} INFO - Sync 3 DAGs
[2023-05-26T15:14:32.168+0700] {logging_mixin.py:149} INFO - [2023-05-26T15:14:32.167+0700] {dag.py:3486} INFO - Setting next_dagrun for example_subdag_operator to 2022-01-01T00:00:00+00:00, run_after=2022-01-01T00:00:00+00:00
[2023-05-26T15:14:32.169+0700] {logging_mixin.py:149} INFO - [2023-05-26T15:14:32.169+0700] {dag.py:3486} INFO - Setting next_dagrun for example_subdag_operator.section-1 to None, run_after=None
[2023-05-26T15:14:32.169+0700] {logging_mixin.py:149} INFO - [2023-05-26T15:14:32.169+0700] {dag.py:3486} INFO - Setting next_dagrun for example_subdag_operator.section-2 to None, run_after=None
[2023-05-26T15:14:32.172+0700] {logging_mixin.py:149} INFO - [2023-05-26T15:14:32.172+0700] {dag.py:2726} INFO - Sync 2 DAGs
[2023-05-26T15:14:32.174+0700] {logging_mixin.py:149} INFO - [2023-05-26T15:14:32.174+0700] {dag.py:3486} INFO - Setting next_dagrun for example_subdag_operator.section-1 to None, run_after=None
[2023-05-26T15:14:32.174+0700] {logging_mixin.py:149} INFO - [2023-05-26T15:14:32.174+0700] {dag.py:3486} INFO - Setting next_dagrun for example_subdag_operator.section-2 to None, run_after=None
[2023-05-26T15:14:32.181+0700] {processor.py:179} INFO - Processing /Users/kany/project-local/data-home/tranning-Airflow/venv/lib/python3.11/site-packages/airflow/example_dags/example_subdag_operator.py took 0.976 seconds
[2023-05-26T15:15:53.414+0700] {processor.py:157} INFO - Started process (PID=51309) to work on /Users/kany/project-local/data-home/tranning-Airflow/venv/lib/python3.11/site-packages/airflow/example_dags/example_subdag_operator.py
[2023-05-26T15:15:53.415+0700] {processor.py:826} INFO - Processing file /Users/kany/project-local/data-home/tranning-Airflow/venv/lib/python3.11/site-packages/airflow/example_dags/example_subdag_operator.py for tasks to queue
[2023-05-26T15:15:53.415+0700] {logging_mixin.py:149} INFO - [2023-05-26T15:15:53.415+0700] {dagbag.py:541} INFO - Filling up the DagBag from /Users/kany/project-local/data-home/tranning-Airflow/venv/lib/python3.11/site-packages/airflow/example_dags/example_subdag_operator.py
[2023-05-26T15:15:54.043+0700] {processor.py:836} INFO - DAG(s) dict_keys(['example_subdag_operator.section-1', 'example_subdag_operator.section-2', 'example_subdag_operator']) retrieved from /Users/kany/project-local/data-home/tranning-Airflow/venv/lib/python3.11/site-packages/airflow/example_dags/example_subdag_operator.py
[2023-05-26T15:15:54.073+0700] {logging_mixin.py:149} INFO - [2023-05-26T15:15:54.073+0700] {dag.py:2726} INFO - Sync 3 DAGs
[2023-05-26T15:15:54.080+0700] {logging_mixin.py:149} INFO - [2023-05-26T15:15:54.080+0700] {dag.py:3486} INFO - Setting next_dagrun for example_subdag_operator to 2022-01-01T00:00:00+00:00, run_after=2022-01-01T00:00:00+00:00
[2023-05-26T15:15:54.081+0700] {logging_mixin.py:149} INFO - [2023-05-26T15:15:54.081+0700] {dag.py:3486} INFO - Setting next_dagrun for example_subdag_operator.section-1 to None, run_after=None
[2023-05-26T15:15:54.081+0700] {logging_mixin.py:149} INFO - [2023-05-26T15:15:54.081+0700] {dag.py:3486} INFO - Setting next_dagrun for example_subdag_operator.section-2 to None, run_after=None
[2023-05-26T15:15:54.084+0700] {logging_mixin.py:149} INFO - [2023-05-26T15:15:54.084+0700] {dag.py:2726} INFO - Sync 2 DAGs
[2023-05-26T15:15:54.085+0700] {logging_mixin.py:149} INFO - [2023-05-26T15:15:54.085+0700] {dag.py:3486} INFO - Setting next_dagrun for example_subdag_operator.section-1 to None, run_after=None
[2023-05-26T15:15:54.085+0700] {logging_mixin.py:149} INFO - [2023-05-26T15:15:54.085+0700] {dag.py:3486} INFO - Setting next_dagrun for example_subdag_operator.section-2 to None, run_after=None
[2023-05-26T15:15:54.091+0700] {processor.py:179} INFO - Processing /Users/kany/project-local/data-home/tranning-Airflow/venv/lib/python3.11/site-packages/airflow/example_dags/example_subdag_operator.py took 0.678 seconds
[2023-05-26T15:17:12.607+0700] {processor.py:157} INFO - Started process (PID=51398) to work on /Users/kany/project-local/data-home/tranning-Airflow/venv/lib/python3.11/site-packages/airflow/example_dags/example_subdag_operator.py
[2023-05-26T15:17:12.608+0700] {processor.py:826} INFO - Processing file /Users/kany/project-local/data-home/tranning-Airflow/venv/lib/python3.11/site-packages/airflow/example_dags/example_subdag_operator.py for tasks to queue
[2023-05-26T15:17:12.609+0700] {logging_mixin.py:149} INFO - [2023-05-26T15:17:12.609+0700] {dagbag.py:541} INFO - Filling up the DagBag from /Users/kany/project-local/data-home/tranning-Airflow/venv/lib/python3.11/site-packages/airflow/example_dags/example_subdag_operator.py
[2023-05-26T15:17:13.417+0700] {processor.py:836} INFO - DAG(s) dict_keys(['example_subdag_operator.section-1', 'example_subdag_operator.section-2', 'example_subdag_operator']) retrieved from /Users/kany/project-local/data-home/tranning-Airflow/venv/lib/python3.11/site-packages/airflow/example_dags/example_subdag_operator.py
[2023-05-26T15:17:13.460+0700] {logging_mixin.py:149} INFO - [2023-05-26T15:17:13.460+0700] {dag.py:2726} INFO - Sync 3 DAGs
[2023-05-26T15:17:13.467+0700] {logging_mixin.py:149} INFO - [2023-05-26T15:17:13.467+0700] {dag.py:3486} INFO - Setting next_dagrun for example_subdag_operator to 2022-01-01T00:00:00+00:00, run_after=2022-01-01T00:00:00+00:00
[2023-05-26T15:17:13.468+0700] {logging_mixin.py:149} INFO - [2023-05-26T15:17:13.468+0700] {dag.py:3486} INFO - Setting next_dagrun for example_subdag_operator.section-1 to None, run_after=None
[2023-05-26T15:17:13.468+0700] {logging_mixin.py:149} INFO - [2023-05-26T15:17:13.468+0700] {dag.py:3486} INFO - Setting next_dagrun for example_subdag_operator.section-2 to None, run_after=None
[2023-05-26T15:17:13.475+0700] {logging_mixin.py:149} INFO - [2023-05-26T15:17:13.475+0700] {dag.py:2726} INFO - Sync 2 DAGs
[2023-05-26T15:17:13.476+0700] {logging_mixin.py:149} INFO - [2023-05-26T15:17:13.476+0700] {dag.py:3486} INFO - Setting next_dagrun for example_subdag_operator.section-1 to None, run_after=None
[2023-05-26T15:17:13.477+0700] {logging_mixin.py:149} INFO - [2023-05-26T15:17:13.477+0700] {dag.py:3486} INFO - Setting next_dagrun for example_subdag_operator.section-2 to None, run_after=None
[2023-05-26T15:17:13.483+0700] {processor.py:179} INFO - Processing /Users/kany/project-local/data-home/tranning-Airflow/venv/lib/python3.11/site-packages/airflow/example_dags/example_subdag_operator.py took 0.876 seconds
[2023-05-26T15:18:23.249+0700] {processor.py:157} INFO - Started process (PID=51455) to work on /Users/kany/project-local/data-home/tranning-Airflow/venv/lib/python3.11/site-packages/airflow/example_dags/example_subdag_operator.py
[2023-05-26T15:18:23.250+0700] {processor.py:826} INFO - Processing file /Users/kany/project-local/data-home/tranning-Airflow/venv/lib/python3.11/site-packages/airflow/example_dags/example_subdag_operator.py for tasks to queue
[2023-05-26T15:18:23.250+0700] {logging_mixin.py:149} INFO - [2023-05-26T15:18:23.250+0700] {dagbag.py:541} INFO - Filling up the DagBag from /Users/kany/project-local/data-home/tranning-Airflow/venv/lib/python3.11/site-packages/airflow/example_dags/example_subdag_operator.py
[2023-05-26T15:18:23.740+0700] {processor.py:836} INFO - DAG(s) dict_keys(['example_subdag_operator.section-1', 'example_subdag_operator.section-2', 'example_subdag_operator']) retrieved from /Users/kany/project-local/data-home/tranning-Airflow/venv/lib/python3.11/site-packages/airflow/example_dags/example_subdag_operator.py
[2023-05-26T15:18:23.765+0700] {logging_mixin.py:149} INFO - [2023-05-26T15:18:23.765+0700] {dag.py:2726} INFO - Sync 3 DAGs
[2023-05-26T15:18:23.771+0700] {logging_mixin.py:149} INFO - [2023-05-26T15:18:23.771+0700] {dag.py:3486} INFO - Setting next_dagrun for example_subdag_operator to 2022-01-01T00:00:00+00:00, run_after=2022-01-01T00:00:00+00:00
[2023-05-26T15:18:23.772+0700] {logging_mixin.py:149} INFO - [2023-05-26T15:18:23.772+0700] {dag.py:3486} INFO - Setting next_dagrun for example_subdag_operator.section-1 to None, run_after=None
[2023-05-26T15:18:23.773+0700] {logging_mixin.py:149} INFO - [2023-05-26T15:18:23.773+0700] {dag.py:3486} INFO - Setting next_dagrun for example_subdag_operator.section-2 to None, run_after=None
[2023-05-26T15:18:23.775+0700] {logging_mixin.py:149} INFO - [2023-05-26T15:18:23.774+0700] {dag.py:2726} INFO - Sync 2 DAGs
[2023-05-26T15:18:23.776+0700] {logging_mixin.py:149} INFO - [2023-05-26T15:18:23.776+0700] {dag.py:3486} INFO - Setting next_dagrun for example_subdag_operator.section-1 to None, run_after=None
[2023-05-26T15:18:23.776+0700] {logging_mixin.py:149} INFO - [2023-05-26T15:18:23.776+0700] {dag.py:3486} INFO - Setting next_dagrun for example_subdag_operator.section-2 to None, run_after=None
[2023-05-26T15:18:23.780+0700] {processor.py:179} INFO - Processing /Users/kany/project-local/data-home/tranning-Airflow/venv/lib/python3.11/site-packages/airflow/example_dags/example_subdag_operator.py took 0.532 seconds
[2023-05-26T15:19:38.471+0700] {processor.py:157} INFO - Started process (PID=51567) to work on /Users/kany/project-local/data-home/tranning-Airflow/venv/lib/python3.11/site-packages/airflow/example_dags/example_subdag_operator.py
[2023-05-26T15:19:38.472+0700] {processor.py:826} INFO - Processing file /Users/kany/project-local/data-home/tranning-Airflow/venv/lib/python3.11/site-packages/airflow/example_dags/example_subdag_operator.py for tasks to queue
[2023-05-26T15:19:38.472+0700] {logging_mixin.py:149} INFO - [2023-05-26T15:19:38.472+0700] {dagbag.py:541} INFO - Filling up the DagBag from /Users/kany/project-local/data-home/tranning-Airflow/venv/lib/python3.11/site-packages/airflow/example_dags/example_subdag_operator.py
[2023-05-26T15:19:38.938+0700] {processor.py:836} INFO - DAG(s) dict_keys(['example_subdag_operator.section-1', 'example_subdag_operator.section-2', 'example_subdag_operator']) retrieved from /Users/kany/project-local/data-home/tranning-Airflow/venv/lib/python3.11/site-packages/airflow/example_dags/example_subdag_operator.py
[2023-05-26T15:19:38.962+0700] {logging_mixin.py:149} INFO - [2023-05-26T15:19:38.962+0700] {dag.py:2726} INFO - Sync 3 DAGs
[2023-05-26T15:19:38.968+0700] {logging_mixin.py:149} INFO - [2023-05-26T15:19:38.968+0700] {dag.py:3486} INFO - Setting next_dagrun for example_subdag_operator to 2022-01-01T00:00:00+00:00, run_after=2022-01-01T00:00:00+00:00
[2023-05-26T15:19:38.969+0700] {logging_mixin.py:149} INFO - [2023-05-26T15:19:38.969+0700] {dag.py:3486} INFO - Setting next_dagrun for example_subdag_operator.section-1 to None, run_after=None
[2023-05-26T15:19:38.969+0700] {logging_mixin.py:149} INFO - [2023-05-26T15:19:38.969+0700] {dag.py:3486} INFO - Setting next_dagrun for example_subdag_operator.section-2 to None, run_after=None
[2023-05-26T15:19:38.971+0700] {logging_mixin.py:149} INFO - [2023-05-26T15:19:38.971+0700] {dag.py:2726} INFO - Sync 2 DAGs
[2023-05-26T15:19:38.973+0700] {logging_mixin.py:149} INFO - [2023-05-26T15:19:38.973+0700] {dag.py:3486} INFO - Setting next_dagrun for example_subdag_operator.section-1 to None, run_after=None
[2023-05-26T15:19:38.973+0700] {logging_mixin.py:149} INFO - [2023-05-26T15:19:38.973+0700] {dag.py:3486} INFO - Setting next_dagrun for example_subdag_operator.section-2 to None, run_after=None
[2023-05-26T15:19:38.978+0700] {processor.py:179} INFO - Processing /Users/kany/project-local/data-home/tranning-Airflow/venv/lib/python3.11/site-packages/airflow/example_dags/example_subdag_operator.py took 0.507 seconds
[2023-05-26T15:20:48.445+0700] {processor.py:157} INFO - Started process (PID=51682) to work on /Users/kany/project-local/data-home/tranning-Airflow/venv/lib/python3.11/site-packages/airflow/example_dags/example_subdag_operator.py
[2023-05-26T15:20:48.448+0700] {processor.py:826} INFO - Processing file /Users/kany/project-local/data-home/tranning-Airflow/venv/lib/python3.11/site-packages/airflow/example_dags/example_subdag_operator.py for tasks to queue
[2023-05-26T15:20:48.448+0700] {logging_mixin.py:149} INFO - [2023-05-26T15:20:48.448+0700] {dagbag.py:541} INFO - Filling up the DagBag from /Users/kany/project-local/data-home/tranning-Airflow/venv/lib/python3.11/site-packages/airflow/example_dags/example_subdag_operator.py
[2023-05-26T15:20:51.802+0700] {processor.py:836} INFO - DAG(s) dict_keys(['example_subdag_operator.section-1', 'example_subdag_operator.section-2', 'example_subdag_operator']) retrieved from /Users/kany/project-local/data-home/tranning-Airflow/venv/lib/python3.11/site-packages/airflow/example_dags/example_subdag_operator.py
[2023-05-26T15:20:51.926+0700] {logging_mixin.py:149} INFO - [2023-05-26T15:20:51.926+0700] {dag.py:2726} INFO - Sync 3 DAGs
[2023-05-26T15:20:51.933+0700] {logging_mixin.py:149} INFO - [2023-05-26T15:20:51.933+0700] {dag.py:3486} INFO - Setting next_dagrun for example_subdag_operator to 2022-01-01T00:00:00+00:00, run_after=2022-01-01T00:00:00+00:00
[2023-05-26T15:20:51.934+0700] {logging_mixin.py:149} INFO - [2023-05-26T15:20:51.934+0700] {dag.py:3486} INFO - Setting next_dagrun for example_subdag_operator.section-1 to None, run_after=None
[2023-05-26T15:20:51.934+0700] {logging_mixin.py:149} INFO - [2023-05-26T15:20:51.934+0700] {dag.py:3486} INFO - Setting next_dagrun for example_subdag_operator.section-2 to None, run_after=None
[2023-05-26T15:20:51.937+0700] {logging_mixin.py:149} INFO - [2023-05-26T15:20:51.937+0700] {dag.py:2726} INFO - Sync 2 DAGs
[2023-05-26T15:20:51.938+0700] {logging_mixin.py:149} INFO - [2023-05-26T15:20:51.938+0700] {dag.py:3486} INFO - Setting next_dagrun for example_subdag_operator.section-1 to None, run_after=None
[2023-05-26T15:20:51.938+0700] {logging_mixin.py:149} INFO - [2023-05-26T15:20:51.938+0700] {dag.py:3486} INFO - Setting next_dagrun for example_subdag_operator.section-2 to None, run_after=None
[2023-05-26T15:20:51.943+0700] {processor.py:179} INFO - Processing /Users/kany/project-local/data-home/tranning-Airflow/venv/lib/python3.11/site-packages/airflow/example_dags/example_subdag_operator.py took 3.499 seconds
[2023-05-26T15:21:54.660+0700] {processor.py:157} INFO - Started process (PID=51719) to work on /Users/kany/project-local/data-home/tranning-Airflow/venv/lib/python3.11/site-packages/airflow/example_dags/example_subdag_operator.py
[2023-05-26T15:21:54.661+0700] {processor.py:826} INFO - Processing file /Users/kany/project-local/data-home/tranning-Airflow/venv/lib/python3.11/site-packages/airflow/example_dags/example_subdag_operator.py for tasks to queue
[2023-05-26T15:21:54.661+0700] {logging_mixin.py:149} INFO - [2023-05-26T15:21:54.661+0700] {dagbag.py:541} INFO - Filling up the DagBag from /Users/kany/project-local/data-home/tranning-Airflow/venv/lib/python3.11/site-packages/airflow/example_dags/example_subdag_operator.py
[2023-05-26T15:21:55.099+0700] {processor.py:836} INFO - DAG(s) dict_keys(['example_subdag_operator.section-1', 'example_subdag_operator.section-2', 'example_subdag_operator']) retrieved from /Users/kany/project-local/data-home/tranning-Airflow/venv/lib/python3.11/site-packages/airflow/example_dags/example_subdag_operator.py
[2023-05-26T15:21:55.120+0700] {logging_mixin.py:149} INFO - [2023-05-26T15:21:55.120+0700] {dag.py:2726} INFO - Sync 3 DAGs
[2023-05-26T15:21:55.126+0700] {logging_mixin.py:149} INFO - [2023-05-26T15:21:55.126+0700] {dag.py:3486} INFO - Setting next_dagrun for example_subdag_operator to 2022-01-01T00:00:00+00:00, run_after=2022-01-01T00:00:00+00:00
[2023-05-26T15:21:55.127+0700] {logging_mixin.py:149} INFO - [2023-05-26T15:21:55.127+0700] {dag.py:3486} INFO - Setting next_dagrun for example_subdag_operator.section-1 to None, run_after=None
[2023-05-26T15:21:55.128+0700] {logging_mixin.py:149} INFO - [2023-05-26T15:21:55.127+0700] {dag.py:3486} INFO - Setting next_dagrun for example_subdag_operator.section-2 to None, run_after=None
[2023-05-26T15:21:55.130+0700] {logging_mixin.py:149} INFO - [2023-05-26T15:21:55.129+0700] {dag.py:2726} INFO - Sync 2 DAGs
[2023-05-26T15:21:55.131+0700] {logging_mixin.py:149} INFO - [2023-05-26T15:21:55.131+0700] {dag.py:3486} INFO - Setting next_dagrun for example_subdag_operator.section-1 to None, run_after=None
[2023-05-26T15:21:55.131+0700] {logging_mixin.py:149} INFO - [2023-05-26T15:21:55.131+0700] {dag.py:3486} INFO - Setting next_dagrun for example_subdag_operator.section-2 to None, run_after=None
[2023-05-26T15:21:55.135+0700] {processor.py:179} INFO - Processing /Users/kany/project-local/data-home/tranning-Airflow/venv/lib/python3.11/site-packages/airflow/example_dags/example_subdag_operator.py took 0.476 seconds
[2023-05-26T15:22:56.694+0700] {processor.py:157} INFO - Started process (PID=51753) to work on /Users/kany/project-local/data-home/tranning-Airflow/venv/lib/python3.11/site-packages/airflow/example_dags/example_subdag_operator.py
[2023-05-26T15:22:56.695+0700] {processor.py:826} INFO - Processing file /Users/kany/project-local/data-home/tranning-Airflow/venv/lib/python3.11/site-packages/airflow/example_dags/example_subdag_operator.py for tasks to queue
[2023-05-26T15:22:56.695+0700] {logging_mixin.py:149} INFO - [2023-05-26T15:22:56.695+0700] {dagbag.py:541} INFO - Filling up the DagBag from /Users/kany/project-local/data-home/tranning-Airflow/venv/lib/python3.11/site-packages/airflow/example_dags/example_subdag_operator.py
[2023-05-26T15:22:57.143+0700] {processor.py:836} INFO - DAG(s) dict_keys(['example_subdag_operator.section-1', 'example_subdag_operator.section-2', 'example_subdag_operator']) retrieved from /Users/kany/project-local/data-home/tranning-Airflow/venv/lib/python3.11/site-packages/airflow/example_dags/example_subdag_operator.py
[2023-05-26T15:22:57.166+0700] {logging_mixin.py:149} INFO - [2023-05-26T15:22:57.166+0700] {dag.py:2726} INFO - Sync 3 DAGs
[2023-05-26T15:22:57.172+0700] {logging_mixin.py:149} INFO - [2023-05-26T15:22:57.172+0700] {dag.py:3486} INFO - Setting next_dagrun for example_subdag_operator to 2022-01-01T00:00:00+00:00, run_after=2022-01-01T00:00:00+00:00
[2023-05-26T15:22:57.173+0700] {logging_mixin.py:149} INFO - [2023-05-26T15:22:57.173+0700] {dag.py:3486} INFO - Setting next_dagrun for example_subdag_operator.section-1 to None, run_after=None
[2023-05-26T15:22:57.173+0700] {logging_mixin.py:149} INFO - [2023-05-26T15:22:57.173+0700] {dag.py:3486} INFO - Setting next_dagrun for example_subdag_operator.section-2 to None, run_after=None
[2023-05-26T15:22:57.175+0700] {logging_mixin.py:149} INFO - [2023-05-26T15:22:57.175+0700] {dag.py:2726} INFO - Sync 2 DAGs
[2023-05-26T15:22:57.176+0700] {logging_mixin.py:149} INFO - [2023-05-26T15:22:57.176+0700] {dag.py:3486} INFO - Setting next_dagrun for example_subdag_operator.section-1 to None, run_after=None
[2023-05-26T15:22:57.176+0700] {logging_mixin.py:149} INFO - [2023-05-26T15:22:57.176+0700] {dag.py:3486} INFO - Setting next_dagrun for example_subdag_operator.section-2 to None, run_after=None
[2023-05-26T15:22:57.181+0700] {processor.py:179} INFO - Processing /Users/kany/project-local/data-home/tranning-Airflow/venv/lib/python3.11/site-packages/airflow/example_dags/example_subdag_operator.py took 0.488 seconds
[2023-05-26T15:25:00.652+0700] {processor.py:157} INFO - Started process (PID=51849) to work on /Users/kany/project-local/data-home/tranning-Airflow/venv/lib/python3.11/site-packages/airflow/example_dags/example_subdag_operator.py
[2023-05-26T15:25:00.652+0700] {processor.py:826} INFO - Processing file /Users/kany/project-local/data-home/tranning-Airflow/venv/lib/python3.11/site-packages/airflow/example_dags/example_subdag_operator.py for tasks to queue
[2023-05-26T15:25:00.652+0700] {logging_mixin.py:149} INFO - [2023-05-26T15:25:00.652+0700] {dagbag.py:541} INFO - Filling up the DagBag from /Users/kany/project-local/data-home/tranning-Airflow/venv/lib/python3.11/site-packages/airflow/example_dags/example_subdag_operator.py
[2023-05-26T15:25:01.183+0700] {processor.py:836} INFO - DAG(s) dict_keys(['example_subdag_operator.section-1', 'example_subdag_operator.section-2', 'example_subdag_operator']) retrieved from /Users/kany/project-local/data-home/tranning-Airflow/venv/lib/python3.11/site-packages/airflow/example_dags/example_subdag_operator.py
[2023-05-26T15:25:01.208+0700] {logging_mixin.py:149} INFO - [2023-05-26T15:25:01.208+0700] {dag.py:2726} INFO - Sync 3 DAGs
[2023-05-26T15:25:01.214+0700] {logging_mixin.py:149} INFO - [2023-05-26T15:25:01.214+0700] {dag.py:3486} INFO - Setting next_dagrun for example_subdag_operator to 2022-01-01T00:00:00+00:00, run_after=2022-01-01T00:00:00+00:00
[2023-05-26T15:25:01.215+0700] {logging_mixin.py:149} INFO - [2023-05-26T15:25:01.215+0700] {dag.py:3486} INFO - Setting next_dagrun for example_subdag_operator.section-1 to None, run_after=None
[2023-05-26T15:25:01.215+0700] {logging_mixin.py:149} INFO - [2023-05-26T15:25:01.215+0700] {dag.py:3486} INFO - Setting next_dagrun for example_subdag_operator.section-2 to None, run_after=None
[2023-05-26T15:25:01.217+0700] {logging_mixin.py:149} INFO - [2023-05-26T15:25:01.217+0700] {dag.py:2726} INFO - Sync 2 DAGs
[2023-05-26T15:25:01.219+0700] {logging_mixin.py:149} INFO - [2023-05-26T15:25:01.219+0700] {dag.py:3486} INFO - Setting next_dagrun for example_subdag_operator.section-1 to None, run_after=None
[2023-05-26T15:25:01.219+0700] {logging_mixin.py:149} INFO - [2023-05-26T15:25:01.219+0700] {dag.py:3486} INFO - Setting next_dagrun for example_subdag_operator.section-2 to None, run_after=None
[2023-05-26T15:25:01.223+0700] {processor.py:179} INFO - Processing /Users/kany/project-local/data-home/tranning-Airflow/venv/lib/python3.11/site-packages/airflow/example_dags/example_subdag_operator.py took 0.572 seconds
[2023-05-26T15:26:06.196+0700] {processor.py:157} INFO - Started process (PID=51963) to work on /Users/kany/project-local/data-home/tranning-Airflow/venv/lib/python3.11/site-packages/airflow/example_dags/example_subdag_operator.py
[2023-05-26T15:26:06.197+0700] {processor.py:826} INFO - Processing file /Users/kany/project-local/data-home/tranning-Airflow/venv/lib/python3.11/site-packages/airflow/example_dags/example_subdag_operator.py for tasks to queue
[2023-05-26T15:26:06.197+0700] {logging_mixin.py:149} INFO - [2023-05-26T15:26:06.197+0700] {dagbag.py:541} INFO - Filling up the DagBag from /Users/kany/project-local/data-home/tranning-Airflow/venv/lib/python3.11/site-packages/airflow/example_dags/example_subdag_operator.py
[2023-05-26T15:26:06.751+0700] {processor.py:836} INFO - DAG(s) dict_keys(['example_subdag_operator.section-1', 'example_subdag_operator.section-2', 'example_subdag_operator']) retrieved from /Users/kany/project-local/data-home/tranning-Airflow/venv/lib/python3.11/site-packages/airflow/example_dags/example_subdag_operator.py
[2023-05-26T15:26:06.772+0700] {logging_mixin.py:149} INFO - [2023-05-26T15:26:06.772+0700] {dag.py:2726} INFO - Sync 3 DAGs
[2023-05-26T15:26:06.778+0700] {logging_mixin.py:149} INFO - [2023-05-26T15:26:06.778+0700] {dag.py:3486} INFO - Setting next_dagrun for example_subdag_operator to 2022-01-01T00:00:00+00:00, run_after=2022-01-01T00:00:00+00:00
[2023-05-26T15:26:06.779+0700] {logging_mixin.py:149} INFO - [2023-05-26T15:26:06.779+0700] {dag.py:3486} INFO - Setting next_dagrun for example_subdag_operator.section-1 to None, run_after=None
[2023-05-26T15:26:06.779+0700] {logging_mixin.py:149} INFO - [2023-05-26T15:26:06.779+0700] {dag.py:3486} INFO - Setting next_dagrun for example_subdag_operator.section-2 to None, run_after=None
[2023-05-26T15:26:06.781+0700] {logging_mixin.py:149} INFO - [2023-05-26T15:26:06.781+0700] {dag.py:2726} INFO - Sync 2 DAGs
[2023-05-26T15:26:06.782+0700] {logging_mixin.py:149} INFO - [2023-05-26T15:26:06.782+0700] {dag.py:3486} INFO - Setting next_dagrun for example_subdag_operator.section-1 to None, run_after=None
[2023-05-26T15:26:06.782+0700] {logging_mixin.py:149} INFO - [2023-05-26T15:26:06.782+0700] {dag.py:3486} INFO - Setting next_dagrun for example_subdag_operator.section-2 to None, run_after=None
[2023-05-26T15:26:06.787+0700] {processor.py:179} INFO - Processing /Users/kany/project-local/data-home/tranning-Airflow/venv/lib/python3.11/site-packages/airflow/example_dags/example_subdag_operator.py took 0.591 seconds
[2023-05-26T15:27:08.378+0700] {processor.py:157} INFO - Started process (PID=52077) to work on /Users/kany/project-local/data-home/tranning-Airflow/venv/lib/python3.11/site-packages/airflow/example_dags/example_subdag_operator.py
[2023-05-26T15:27:08.379+0700] {processor.py:826} INFO - Processing file /Users/kany/project-local/data-home/tranning-Airflow/venv/lib/python3.11/site-packages/airflow/example_dags/example_subdag_operator.py for tasks to queue
[2023-05-26T15:27:08.379+0700] {logging_mixin.py:149} INFO - [2023-05-26T15:27:08.379+0700] {dagbag.py:541} INFO - Filling up the DagBag from /Users/kany/project-local/data-home/tranning-Airflow/venv/lib/python3.11/site-packages/airflow/example_dags/example_subdag_operator.py
[2023-05-26T15:27:08.864+0700] {processor.py:836} INFO - DAG(s) dict_keys(['example_subdag_operator.section-1', 'example_subdag_operator.section-2', 'example_subdag_operator']) retrieved from /Users/kany/project-local/data-home/tranning-Airflow/venv/lib/python3.11/site-packages/airflow/example_dags/example_subdag_operator.py
[2023-05-26T15:27:08.888+0700] {logging_mixin.py:149} INFO - [2023-05-26T15:27:08.888+0700] {dag.py:2726} INFO - Sync 3 DAGs
[2023-05-26T15:27:08.895+0700] {logging_mixin.py:149} INFO - [2023-05-26T15:27:08.895+0700] {dag.py:3486} INFO - Setting next_dagrun for example_subdag_operator to 2022-01-01T00:00:00+00:00, run_after=2022-01-01T00:00:00+00:00
[2023-05-26T15:27:08.896+0700] {logging_mixin.py:149} INFO - [2023-05-26T15:27:08.896+0700] {dag.py:3486} INFO - Setting next_dagrun for example_subdag_operator.section-1 to None, run_after=None
[2023-05-26T15:27:08.897+0700] {logging_mixin.py:149} INFO - [2023-05-26T15:27:08.897+0700] {dag.py:3486} INFO - Setting next_dagrun for example_subdag_operator.section-2 to None, run_after=None
[2023-05-26T15:27:08.899+0700] {logging_mixin.py:149} INFO - [2023-05-26T15:27:08.899+0700] {dag.py:2726} INFO - Sync 2 DAGs
[2023-05-26T15:27:08.900+0700] {logging_mixin.py:149} INFO - [2023-05-26T15:27:08.900+0700] {dag.py:3486} INFO - Setting next_dagrun for example_subdag_operator.section-1 to None, run_after=None
[2023-05-26T15:27:08.900+0700] {logging_mixin.py:149} INFO - [2023-05-26T15:27:08.900+0700] {dag.py:3486} INFO - Setting next_dagrun for example_subdag_operator.section-2 to None, run_after=None
[2023-05-26T15:27:08.906+0700] {processor.py:179} INFO - Processing /Users/kany/project-local/data-home/tranning-Airflow/venv/lib/python3.11/site-packages/airflow/example_dags/example_subdag_operator.py took 0.528 seconds
[2023-05-26T15:28:14.078+0700] {processor.py:157} INFO - Started process (PID=52211) to work on /Users/kany/project-local/data-home/tranning-Airflow/venv/lib/python3.11/site-packages/airflow/example_dags/example_subdag_operator.py
[2023-05-26T15:28:14.080+0700] {processor.py:826} INFO - Processing file /Users/kany/project-local/data-home/tranning-Airflow/venv/lib/python3.11/site-packages/airflow/example_dags/example_subdag_operator.py for tasks to queue
[2023-05-26T15:28:14.080+0700] {logging_mixin.py:149} INFO - [2023-05-26T15:28:14.080+0700] {dagbag.py:541} INFO - Filling up the DagBag from /Users/kany/project-local/data-home/tranning-Airflow/venv/lib/python3.11/site-packages/airflow/example_dags/example_subdag_operator.py
[2023-05-26T15:28:14.644+0700] {processor.py:836} INFO - DAG(s) dict_keys(['example_subdag_operator.section-1', 'example_subdag_operator.section-2', 'example_subdag_operator']) retrieved from /Users/kany/project-local/data-home/tranning-Airflow/venv/lib/python3.11/site-packages/airflow/example_dags/example_subdag_operator.py
[2023-05-26T15:28:14.670+0700] {logging_mixin.py:149} INFO - [2023-05-26T15:28:14.670+0700] {dag.py:2726} INFO - Sync 3 DAGs
[2023-05-26T15:28:14.676+0700] {logging_mixin.py:149} INFO - [2023-05-26T15:28:14.676+0700] {dag.py:3486} INFO - Setting next_dagrun for example_subdag_operator to 2022-01-01T00:00:00+00:00, run_after=2022-01-01T00:00:00+00:00
[2023-05-26T15:28:14.677+0700] {logging_mixin.py:149} INFO - [2023-05-26T15:28:14.677+0700] {dag.py:3486} INFO - Setting next_dagrun for example_subdag_operator.section-1 to None, run_after=None
[2023-05-26T15:28:14.677+0700] {logging_mixin.py:149} INFO - [2023-05-26T15:28:14.677+0700] {dag.py:3486} INFO - Setting next_dagrun for example_subdag_operator.section-2 to None, run_after=None
[2023-05-26T15:28:14.679+0700] {logging_mixin.py:149} INFO - [2023-05-26T15:28:14.679+0700] {dag.py:2726} INFO - Sync 2 DAGs
[2023-05-26T15:28:14.680+0700] {logging_mixin.py:149} INFO - [2023-05-26T15:28:14.680+0700] {dag.py:3486} INFO - Setting next_dagrun for example_subdag_operator.section-1 to None, run_after=None
[2023-05-26T15:28:14.680+0700] {logging_mixin.py:149} INFO - [2023-05-26T15:28:14.680+0700] {dag.py:3486} INFO - Setting next_dagrun for example_subdag_operator.section-2 to None, run_after=None
[2023-05-26T15:28:14.686+0700] {processor.py:179} INFO - Processing /Users/kany/project-local/data-home/tranning-Airflow/venv/lib/python3.11/site-packages/airflow/example_dags/example_subdag_operator.py took 0.608 seconds
[2023-05-26T15:29:18.585+0700] {processor.py:157} INFO - Started process (PID=52330) to work on /Users/kany/project-local/data-home/tranning-Airflow/venv/lib/python3.11/site-packages/airflow/example_dags/example_subdag_operator.py
[2023-05-26T15:29:18.587+0700] {processor.py:826} INFO - Processing file /Users/kany/project-local/data-home/tranning-Airflow/venv/lib/python3.11/site-packages/airflow/example_dags/example_subdag_operator.py for tasks to queue
[2023-05-26T15:29:18.587+0700] {logging_mixin.py:149} INFO - [2023-05-26T15:29:18.587+0700] {dagbag.py:541} INFO - Filling up the DagBag from /Users/kany/project-local/data-home/tranning-Airflow/venv/lib/python3.11/site-packages/airflow/example_dags/example_subdag_operator.py
[2023-05-26T15:29:19.180+0700] {processor.py:836} INFO - DAG(s) dict_keys(['example_subdag_operator.section-1', 'example_subdag_operator.section-2', 'example_subdag_operator']) retrieved from /Users/kany/project-local/data-home/tranning-Airflow/venv/lib/python3.11/site-packages/airflow/example_dags/example_subdag_operator.py
[2023-05-26T15:29:19.205+0700] {logging_mixin.py:149} INFO - [2023-05-26T15:29:19.205+0700] {dag.py:2726} INFO - Sync 3 DAGs
[2023-05-26T15:29:19.212+0700] {logging_mixin.py:149} INFO - [2023-05-26T15:29:19.212+0700] {dag.py:3486} INFO - Setting next_dagrun for example_subdag_operator to 2022-01-01T00:00:00+00:00, run_after=2022-01-01T00:00:00+00:00
[2023-05-26T15:29:19.213+0700] {logging_mixin.py:149} INFO - [2023-05-26T15:29:19.213+0700] {dag.py:3486} INFO - Setting next_dagrun for example_subdag_operator.section-1 to None, run_after=None
[2023-05-26T15:29:19.213+0700] {logging_mixin.py:149} INFO - [2023-05-26T15:29:19.213+0700] {dag.py:3486} INFO - Setting next_dagrun for example_subdag_operator.section-2 to None, run_after=None
[2023-05-26T15:29:19.215+0700] {logging_mixin.py:149} INFO - [2023-05-26T15:29:19.215+0700] {dag.py:2726} INFO - Sync 2 DAGs
[2023-05-26T15:29:19.216+0700] {logging_mixin.py:149} INFO - [2023-05-26T15:29:19.216+0700] {dag.py:3486} INFO - Setting next_dagrun for example_subdag_operator.section-1 to None, run_after=None
[2023-05-26T15:29:19.216+0700] {logging_mixin.py:149} INFO - [2023-05-26T15:29:19.216+0700] {dag.py:3486} INFO - Setting next_dagrun for example_subdag_operator.section-2 to None, run_after=None
[2023-05-26T15:29:19.221+0700] {processor.py:179} INFO - Processing /Users/kany/project-local/data-home/tranning-Airflow/venv/lib/python3.11/site-packages/airflow/example_dags/example_subdag_operator.py took 0.636 seconds
[2023-05-26T15:30:27.020+0700] {processor.py:157} INFO - Started process (PID=52393) to work on /Users/kany/project-local/data-home/tranning-Airflow/venv/lib/python3.11/site-packages/airflow/example_dags/example_subdag_operator.py
[2023-05-26T15:30:27.022+0700] {processor.py:826} INFO - Processing file /Users/kany/project-local/data-home/tranning-Airflow/venv/lib/python3.11/site-packages/airflow/example_dags/example_subdag_operator.py for tasks to queue
[2023-05-26T15:30:27.022+0700] {logging_mixin.py:149} INFO - [2023-05-26T15:30:27.022+0700] {dagbag.py:541} INFO - Filling up the DagBag from /Users/kany/project-local/data-home/tranning-Airflow/venv/lib/python3.11/site-packages/airflow/example_dags/example_subdag_operator.py
[2023-05-26T15:30:27.500+0700] {processor.py:836} INFO - DAG(s) dict_keys(['example_subdag_operator.section-1', 'example_subdag_operator.section-2', 'example_subdag_operator']) retrieved from /Users/kany/project-local/data-home/tranning-Airflow/venv/lib/python3.11/site-packages/airflow/example_dags/example_subdag_operator.py
[2023-05-26T15:30:27.525+0700] {logging_mixin.py:149} INFO - [2023-05-26T15:30:27.524+0700] {dag.py:2726} INFO - Sync 3 DAGs
[2023-05-26T15:30:27.531+0700] {logging_mixin.py:149} INFO - [2023-05-26T15:30:27.531+0700] {dag.py:3486} INFO - Setting next_dagrun for example_subdag_operator to 2022-01-01T00:00:00+00:00, run_after=2022-01-01T00:00:00+00:00
[2023-05-26T15:30:27.532+0700] {logging_mixin.py:149} INFO - [2023-05-26T15:30:27.532+0700] {dag.py:3486} INFO - Setting next_dagrun for example_subdag_operator.section-1 to None, run_after=None
[2023-05-26T15:30:27.532+0700] {logging_mixin.py:149} INFO - [2023-05-26T15:30:27.532+0700] {dag.py:3486} INFO - Setting next_dagrun for example_subdag_operator.section-2 to None, run_after=None
[2023-05-26T15:30:27.534+0700] {logging_mixin.py:149} INFO - [2023-05-26T15:30:27.534+0700] {dag.py:2726} INFO - Sync 2 DAGs
[2023-05-26T15:30:27.536+0700] {logging_mixin.py:149} INFO - [2023-05-26T15:30:27.536+0700] {dag.py:3486} INFO - Setting next_dagrun for example_subdag_operator.section-1 to None, run_after=None
[2023-05-26T15:30:27.536+0700] {logging_mixin.py:149} INFO - [2023-05-26T15:30:27.536+0700] {dag.py:3486} INFO - Setting next_dagrun for example_subdag_operator.section-2 to None, run_after=None
[2023-05-26T15:30:27.540+0700] {processor.py:179} INFO - Processing /Users/kany/project-local/data-home/tranning-Airflow/venv/lib/python3.11/site-packages/airflow/example_dags/example_subdag_operator.py took 0.520 seconds
[2023-05-26T15:31:32.869+0700] {processor.py:157} INFO - Started process (PID=52446) to work on /Users/kany/project-local/data-home/tranning-Airflow/venv/lib/python3.11/site-packages/airflow/example_dags/example_subdag_operator.py
[2023-05-26T15:31:32.870+0700] {processor.py:826} INFO - Processing file /Users/kany/project-local/data-home/tranning-Airflow/venv/lib/python3.11/site-packages/airflow/example_dags/example_subdag_operator.py for tasks to queue
[2023-05-26T15:31:32.870+0700] {logging_mixin.py:149} INFO - [2023-05-26T15:31:32.870+0700] {dagbag.py:541} INFO - Filling up the DagBag from /Users/kany/project-local/data-home/tranning-Airflow/venv/lib/python3.11/site-packages/airflow/example_dags/example_subdag_operator.py
[2023-05-26T15:31:33.352+0700] {processor.py:836} INFO - DAG(s) dict_keys(['example_subdag_operator.section-1', 'example_subdag_operator.section-2', 'example_subdag_operator']) retrieved from /Users/kany/project-local/data-home/tranning-Airflow/venv/lib/python3.11/site-packages/airflow/example_dags/example_subdag_operator.py
[2023-05-26T15:31:33.378+0700] {logging_mixin.py:149} INFO - [2023-05-26T15:31:33.378+0700] {dag.py:2726} INFO - Sync 3 DAGs
[2023-05-26T15:31:33.384+0700] {logging_mixin.py:149} INFO - [2023-05-26T15:31:33.384+0700] {dag.py:3486} INFO - Setting next_dagrun for example_subdag_operator to 2022-01-01T00:00:00+00:00, run_after=2022-01-01T00:00:00+00:00
[2023-05-26T15:31:33.385+0700] {logging_mixin.py:149} INFO - [2023-05-26T15:31:33.385+0700] {dag.py:3486} INFO - Setting next_dagrun for example_subdag_operator.section-1 to None, run_after=None
[2023-05-26T15:31:33.385+0700] {logging_mixin.py:149} INFO - [2023-05-26T15:31:33.385+0700] {dag.py:3486} INFO - Setting next_dagrun for example_subdag_operator.section-2 to None, run_after=None
[2023-05-26T15:31:33.387+0700] {logging_mixin.py:149} INFO - [2023-05-26T15:31:33.387+0700] {dag.py:2726} INFO - Sync 2 DAGs
[2023-05-26T15:31:33.388+0700] {logging_mixin.py:149} INFO - [2023-05-26T15:31:33.388+0700] {dag.py:3486} INFO - Setting next_dagrun for example_subdag_operator.section-1 to None, run_after=None
[2023-05-26T15:31:33.388+0700] {logging_mixin.py:149} INFO - [2023-05-26T15:31:33.388+0700] {dag.py:3486} INFO - Setting next_dagrun for example_subdag_operator.section-2 to None, run_after=None
[2023-05-26T15:31:33.393+0700] {processor.py:179} INFO - Processing /Users/kany/project-local/data-home/tranning-Airflow/venv/lib/python3.11/site-packages/airflow/example_dags/example_subdag_operator.py took 0.524 seconds
