[2023-05-26T15:12:56.002+0700] {processor.py:157} INFO - Started process (PID=51155) to work on /Users/kany/project-local/data-home/tranning-Airflow/venv/lib/python3.11/site-packages/airflow/example_dags/example_params_trigger_ui.py
[2023-05-26T15:12:56.012+0700] {processor.py:826} INFO - Processing file /Users/kany/project-local/data-home/tranning-Airflow/venv/lib/python3.11/site-packages/airflow/example_dags/example_params_trigger_ui.py for tasks to queue
[2023-05-26T15:12:56.012+0700] {logging_mixin.py:149} INFO - [2023-05-26T15:12:56.012+0700] {dagbag.py:541} INFO - Filling up the DagBag from /Users/kany/project-local/data-home/tranning-Airflow/venv/lib/python3.11/site-packages/airflow/example_dags/example_params_trigger_ui.py
[2023-05-26T15:12:56.117+0700] {processor.py:836} INFO - DAG(s) dict_keys(['example_params_trigger_ui']) retrieved from /Users/kany/project-local/data-home/tranning-Airflow/venv/lib/python3.11/site-packages/airflow/example_dags/example_params_trigger_ui.py
[2023-05-26T15:12:56.884+0700] {logging_mixin.py:149} INFO - [2023-05-26T15:12:56.884+0700] {manager.py:504} INFO - Created Permission View: can delete on DAG:example_params_trigger_ui
[2023-05-26T15:12:56.888+0700] {logging_mixin.py:149} INFO - [2023-05-26T15:12:56.888+0700] {manager.py:504} INFO - Created Permission View: can edit on DAG:example_params_trigger_ui
[2023-05-26T15:12:56.890+0700] {logging_mixin.py:149} INFO - [2023-05-26T15:12:56.890+0700] {manager.py:504} INFO - Created Permission View: can read on DAG:example_params_trigger_ui
[2023-05-26T15:12:56.891+0700] {logging_mixin.py:149} INFO - [2023-05-26T15:12:56.891+0700] {dag.py:2726} INFO - Sync 1 DAGs
[2023-05-26T15:12:56.895+0700] {logging_mixin.py:149} INFO - [2023-05-26T15:12:56.895+0700] {dag.py:2747} INFO - Creating ORM DAG for example_params_trigger_ui
[2023-05-26T15:12:56.897+0700] {logging_mixin.py:149} INFO - [2023-05-26T15:12:56.897+0700] {dag.py:3486} INFO - Setting next_dagrun for example_params_trigger_ui to None, run_after=None
[2023-05-26T15:12:56.904+0700] {processor.py:179} INFO - Processing /Users/kany/project-local/data-home/tranning-Airflow/venv/lib/python3.11/site-packages/airflow/example_dags/example_params_trigger_ui.py took 0.903 seconds
[2023-05-26T15:15:01.864+0700] {processor.py:157} INFO - Started process (PID=51249) to work on /Users/kany/project-local/data-home/tranning-Airflow/venv/lib/python3.11/site-packages/airflow/example_dags/example_params_trigger_ui.py
[2023-05-26T15:15:01.865+0700] {processor.py:826} INFO - Processing file /Users/kany/project-local/data-home/tranning-Airflow/venv/lib/python3.11/site-packages/airflow/example_dags/example_params_trigger_ui.py for tasks to queue
[2023-05-26T15:15:01.865+0700] {logging_mixin.py:149} INFO - [2023-05-26T15:15:01.865+0700] {dagbag.py:541} INFO - Filling up the DagBag from /Users/kany/project-local/data-home/tranning-Airflow/venv/lib/python3.11/site-packages/airflow/example_dags/example_params_trigger_ui.py
[2023-05-26T15:15:01.929+0700] {processor.py:836} INFO - DAG(s) dict_keys(['example_params_trigger_ui']) retrieved from /Users/kany/project-local/data-home/tranning-Airflow/venv/lib/python3.11/site-packages/airflow/example_dags/example_params_trigger_ui.py
[2023-05-26T15:15:03.416+0700] {logging_mixin.py:149} INFO - [2023-05-26T15:15:03.415+0700] {dag.py:2726} INFO - Sync 1 DAGs
[2023-05-26T15:15:03.422+0700] {logging_mixin.py:149} INFO - [2023-05-26T15:15:03.422+0700] {dag.py:3486} INFO - Setting next_dagrun for example_params_trigger_ui to None, run_after=None
[2023-05-26T15:15:03.461+0700] {processor.py:179} INFO - Processing /Users/kany/project-local/data-home/tranning-Airflow/venv/lib/python3.11/site-packages/airflow/example_dags/example_params_trigger_ui.py took 1.598 seconds
[2023-05-26T15:17:33.573+0700] {processor.py:157} INFO - Started process (PID=51414) to work on /Users/kany/project-local/data-home/tranning-Airflow/venv/lib/python3.11/site-packages/airflow/example_dags/example_params_trigger_ui.py
[2023-05-26T15:17:33.574+0700] {processor.py:826} INFO - Processing file /Users/kany/project-local/data-home/tranning-Airflow/venv/lib/python3.11/site-packages/airflow/example_dags/example_params_trigger_ui.py for tasks to queue
[2023-05-26T15:17:33.574+0700] {logging_mixin.py:149} INFO - [2023-05-26T15:17:33.574+0700] {dagbag.py:541} INFO - Filling up the DagBag from /Users/kany/project-local/data-home/tranning-Airflow/venv/lib/python3.11/site-packages/airflow/example_dags/example_params_trigger_ui.py
[2023-05-26T15:17:33.629+0700] {processor.py:836} INFO - DAG(s) dict_keys(['example_params_trigger_ui']) retrieved from /Users/kany/project-local/data-home/tranning-Airflow/venv/lib/python3.11/site-packages/airflow/example_dags/example_params_trigger_ui.py
[2023-05-26T15:17:34.067+0700] {logging_mixin.py:149} INFO - [2023-05-26T15:17:34.067+0700] {dag.py:2726} INFO - Sync 1 DAGs
[2023-05-26T15:17:34.074+0700] {logging_mixin.py:149} INFO - [2023-05-26T15:17:34.074+0700] {dag.py:3486} INFO - Setting next_dagrun for example_params_trigger_ui to None, run_after=None
[2023-05-26T15:17:34.110+0700] {processor.py:179} INFO - Processing /Users/kany/project-local/data-home/tranning-Airflow/venv/lib/python3.11/site-packages/airflow/example_dags/example_params_trigger_ui.py took 0.538 seconds
[2023-05-26T15:19:54.668+0700] {processor.py:157} INFO - Started process (PID=51580) to work on /Users/kany/project-local/data-home/tranning-Airflow/venv/lib/python3.11/site-packages/airflow/example_dags/example_params_trigger_ui.py
[2023-05-26T15:19:54.669+0700] {processor.py:826} INFO - Processing file /Users/kany/project-local/data-home/tranning-Airflow/venv/lib/python3.11/site-packages/airflow/example_dags/example_params_trigger_ui.py for tasks to queue
[2023-05-26T15:19:54.669+0700] {logging_mixin.py:149} INFO - [2023-05-26T15:19:54.669+0700] {dagbag.py:541} INFO - Filling up the DagBag from /Users/kany/project-local/data-home/tranning-Airflow/venv/lib/python3.11/site-packages/airflow/example_dags/example_params_trigger_ui.py
[2023-05-26T15:19:54.722+0700] {processor.py:836} INFO - DAG(s) dict_keys(['example_params_trigger_ui']) retrieved from /Users/kany/project-local/data-home/tranning-Airflow/venv/lib/python3.11/site-packages/airflow/example_dags/example_params_trigger_ui.py
[2023-05-26T15:19:55.210+0700] {logging_mixin.py:149} INFO - [2023-05-26T15:19:55.210+0700] {dag.py:2726} INFO - Sync 1 DAGs
[2023-05-26T15:19:55.216+0700] {logging_mixin.py:149} INFO - [2023-05-26T15:19:55.216+0700] {dag.py:3486} INFO - Setting next_dagrun for example_params_trigger_ui to None, run_after=None
[2023-05-26T15:19:55.255+0700] {processor.py:179} INFO - Processing /Users/kany/project-local/data-home/tranning-Airflow/venv/lib/python3.11/site-packages/airflow/example_dags/example_params_trigger_ui.py took 0.587 seconds
[2023-05-26T15:22:10.219+0700] {processor.py:157} INFO - Started process (PID=51728) to work on /Users/kany/project-local/data-home/tranning-Airflow/venv/lib/python3.11/site-packages/airflow/example_dags/example_params_trigger_ui.py
[2023-05-26T15:22:10.220+0700] {processor.py:826} INFO - Processing file /Users/kany/project-local/data-home/tranning-Airflow/venv/lib/python3.11/site-packages/airflow/example_dags/example_params_trigger_ui.py for tasks to queue
[2023-05-26T15:22:10.220+0700] {logging_mixin.py:149} INFO - [2023-05-26T15:22:10.220+0700] {dagbag.py:541} INFO - Filling up the DagBag from /Users/kany/project-local/data-home/tranning-Airflow/venv/lib/python3.11/site-packages/airflow/example_dags/example_params_trigger_ui.py
[2023-05-26T15:22:10.272+0700] {processor.py:836} INFO - DAG(s) dict_keys(['example_params_trigger_ui']) retrieved from /Users/kany/project-local/data-home/tranning-Airflow/venv/lib/python3.11/site-packages/airflow/example_dags/example_params_trigger_ui.py
[2023-05-26T15:22:10.693+0700] {logging_mixin.py:149} INFO - [2023-05-26T15:22:10.693+0700] {dag.py:2726} INFO - Sync 1 DAGs
[2023-05-26T15:22:10.699+0700] {logging_mixin.py:149} INFO - [2023-05-26T15:22:10.699+0700] {dag.py:3486} INFO - Setting next_dagrun for example_params_trigger_ui to None, run_after=None
[2023-05-26T15:22:10.730+0700] {processor.py:179} INFO - Processing /Users/kany/project-local/data-home/tranning-Airflow/venv/lib/python3.11/site-packages/airflow/example_dags/example_params_trigger_ui.py took 0.511 seconds
[2023-05-26T15:24:12.280+0700] {processor.py:157} INFO - Started process (PID=51818) to work on /Users/kany/project-local/data-home/tranning-Airflow/venv/lib/python3.11/site-packages/airflow/example_dags/example_params_trigger_ui.py
[2023-05-26T15:24:12.280+0700] {processor.py:826} INFO - Processing file /Users/kany/project-local/data-home/tranning-Airflow/venv/lib/python3.11/site-packages/airflow/example_dags/example_params_trigger_ui.py for tasks to queue
[2023-05-26T15:24:12.280+0700] {logging_mixin.py:149} INFO - [2023-05-26T15:24:12.280+0700] {dagbag.py:541} INFO - Filling up the DagBag from /Users/kany/project-local/data-home/tranning-Airflow/venv/lib/python3.11/site-packages/airflow/example_dags/example_params_trigger_ui.py
[2023-05-26T15:24:12.333+0700] {processor.py:836} INFO - DAG(s) dict_keys(['example_params_trigger_ui']) retrieved from /Users/kany/project-local/data-home/tranning-Airflow/venv/lib/python3.11/site-packages/airflow/example_dags/example_params_trigger_ui.py
[2023-05-26T15:24:12.816+0700] {logging_mixin.py:149} INFO - [2023-05-26T15:24:12.816+0700] {dag.py:2726} INFO - Sync 1 DAGs
[2023-05-26T15:24:12.822+0700] {logging_mixin.py:149} INFO - [2023-05-26T15:24:12.822+0700] {dag.py:3486} INFO - Setting next_dagrun for example_params_trigger_ui to None, run_after=None
[2023-05-26T15:24:12.854+0700] {processor.py:179} INFO - Processing /Users/kany/project-local/data-home/tranning-Airflow/venv/lib/python3.11/site-packages/airflow/example_dags/example_params_trigger_ui.py took 0.574 seconds
[2023-05-26T15:26:21.094+0700] {processor.py:157} INFO - Started process (PID=51986) to work on /Users/kany/project-local/data-home/tranning-Airflow/venv/lib/python3.11/site-packages/airflow/example_dags/example_params_trigger_ui.py
[2023-05-26T15:26:21.095+0700] {processor.py:826} INFO - Processing file /Users/kany/project-local/data-home/tranning-Airflow/venv/lib/python3.11/site-packages/airflow/example_dags/example_params_trigger_ui.py for tasks to queue
[2023-05-26T15:26:21.095+0700] {logging_mixin.py:149} INFO - [2023-05-26T15:26:21.095+0700] {dagbag.py:541} INFO - Filling up the DagBag from /Users/kany/project-local/data-home/tranning-Airflow/venv/lib/python3.11/site-packages/airflow/example_dags/example_params_trigger_ui.py
[2023-05-26T15:26:21.150+0700] {processor.py:836} INFO - DAG(s) dict_keys(['example_params_trigger_ui']) retrieved from /Users/kany/project-local/data-home/tranning-Airflow/venv/lib/python3.11/site-packages/airflow/example_dags/example_params_trigger_ui.py
[2023-05-26T15:26:21.684+0700] {logging_mixin.py:149} INFO - [2023-05-26T15:26:21.684+0700] {dag.py:2726} INFO - Sync 1 DAGs
[2023-05-26T15:26:21.690+0700] {logging_mixin.py:149} INFO - [2023-05-26T15:26:21.690+0700] {dag.py:3486} INFO - Setting next_dagrun for example_params_trigger_ui to None, run_after=None
[2023-05-26T15:26:21.728+0700] {processor.py:179} INFO - Processing /Users/kany/project-local/data-home/tranning-Airflow/venv/lib/python3.11/site-packages/airflow/example_dags/example_params_trigger_ui.py took 0.635 seconds
[2023-05-26T15:28:30.440+0700] {processor.py:157} INFO - Started process (PID=52227) to work on /Users/kany/project-local/data-home/tranning-Airflow/venv/lib/python3.11/site-packages/airflow/example_dags/example_params_trigger_ui.py
[2023-05-26T15:28:30.440+0700] {processor.py:826} INFO - Processing file /Users/kany/project-local/data-home/tranning-Airflow/venv/lib/python3.11/site-packages/airflow/example_dags/example_params_trigger_ui.py for tasks to queue
[2023-05-26T15:28:30.440+0700] {logging_mixin.py:149} INFO - [2023-05-26T15:28:30.440+0700] {dagbag.py:541} INFO - Filling up the DagBag from /Users/kany/project-local/data-home/tranning-Airflow/venv/lib/python3.11/site-packages/airflow/example_dags/example_params_trigger_ui.py
[2023-05-26T15:28:30.494+0700] {processor.py:836} INFO - DAG(s) dict_keys(['example_params_trigger_ui']) retrieved from /Users/kany/project-local/data-home/tranning-Airflow/venv/lib/python3.11/site-packages/airflow/example_dags/example_params_trigger_ui.py
[2023-05-26T15:28:30.972+0700] {logging_mixin.py:149} INFO - [2023-05-26T15:28:30.972+0700] {dag.py:2726} INFO - Sync 1 DAGs
[2023-05-26T15:28:30.978+0700] {logging_mixin.py:149} INFO - [2023-05-26T15:28:30.978+0700] {dag.py:3486} INFO - Setting next_dagrun for example_params_trigger_ui to None, run_after=None
[2023-05-26T15:28:31.011+0700] {processor.py:179} INFO - Processing /Users/kany/project-local/data-home/tranning-Airflow/venv/lib/python3.11/site-packages/airflow/example_dags/example_params_trigger_ui.py took 0.571 seconds
[2023-05-26T15:30:45.290+0700] {processor.py:157} INFO - Started process (PID=52404) to work on /Users/kany/project-local/data-home/tranning-Airflow/venv/lib/python3.11/site-packages/airflow/example_dags/example_params_trigger_ui.py
[2023-05-26T15:30:45.291+0700] {processor.py:826} INFO - Processing file /Users/kany/project-local/data-home/tranning-Airflow/venv/lib/python3.11/site-packages/airflow/example_dags/example_params_trigger_ui.py for tasks to queue
[2023-05-26T15:30:45.291+0700] {logging_mixin.py:149} INFO - [2023-05-26T15:30:45.291+0700] {dagbag.py:541} INFO - Filling up the DagBag from /Users/kany/project-local/data-home/tranning-Airflow/venv/lib/python3.11/site-packages/airflow/example_dags/example_params_trigger_ui.py
[2023-05-26T15:30:45.345+0700] {processor.py:836} INFO - DAG(s) dict_keys(['example_params_trigger_ui']) retrieved from /Users/kany/project-local/data-home/tranning-Airflow/venv/lib/python3.11/site-packages/airflow/example_dags/example_params_trigger_ui.py
[2023-05-26T15:30:45.838+0700] {logging_mixin.py:149} INFO - [2023-05-26T15:30:45.838+0700] {dag.py:2726} INFO - Sync 1 DAGs
[2023-05-26T15:30:45.844+0700] {logging_mixin.py:149} INFO - [2023-05-26T15:30:45.844+0700] {dag.py:3486} INFO - Setting next_dagrun for example_params_trigger_ui to None, run_after=None
[2023-05-26T15:30:45.878+0700] {processor.py:179} INFO - Processing /Users/kany/project-local/data-home/tranning-Airflow/venv/lib/python3.11/site-packages/airflow/example_dags/example_params_trigger_ui.py took 0.589 seconds
