[2023-05-26T15:13:45.934+0700] {processor.py:157} INFO - Started process (PID=51197) to work on /Users/kany/project-local/data-home/tranning-Airflow/venv/lib/python3.11/site-packages/airflow/example_dags/example_bash_operator.py
[2023-05-26T15:13:45.935+0700] {processor.py:826} INFO - Processing file /Users/kany/project-local/data-home/tranning-Airflow/venv/lib/python3.11/site-packages/airflow/example_dags/example_bash_operator.py for tasks to queue
[2023-05-26T15:13:45.935+0700] {logging_mixin.py:149} INFO - [2023-05-26T15:13:45.935+0700] {dagbag.py:541} INFO - Filling up the DagBag from /Users/kany/project-local/data-home/tranning-Airflow/venv/lib/python3.11/site-packages/airflow/example_dags/example_bash_operator.py
[2023-05-26T15:13:45.988+0700] {processor.py:836} INFO - DAG(s) dict_keys(['example_bash_operator']) retrieved from /Users/kany/project-local/data-home/tranning-Airflow/venv/lib/python3.11/site-packages/airflow/example_dags/example_bash_operator.py
[2023-05-26T15:13:46.737+0700] {logging_mixin.py:149} INFO - [2023-05-26T15:13:46.737+0700] {manager.py:504} INFO - Created Permission View: can edit on DAG:example_bash_operator
[2023-05-26T15:13:46.741+0700] {logging_mixin.py:149} INFO - [2023-05-26T15:13:46.741+0700] {manager.py:504} INFO - Created Permission View: can read on DAG:example_bash_operator
[2023-05-26T15:13:46.771+0700] {logging_mixin.py:149} INFO - [2023-05-26T15:13:46.771+0700] {manager.py:504} INFO - Created Permission View: can delete on DAG:example_bash_operator
[2023-05-26T15:13:46.771+0700] {logging_mixin.py:149} INFO - [2023-05-26T15:13:46.771+0700] {dag.py:2726} INFO - Sync 1 DAGs
[2023-05-26T15:13:46.776+0700] {logging_mixin.py:149} INFO - [2023-05-26T15:13:46.776+0700] {dag.py:2747} INFO - Creating ORM DAG for example_bash_operator
[2023-05-26T15:13:46.779+0700] {logging_mixin.py:149} INFO - [2023-05-26T15:13:46.779+0700] {dag.py:3486} INFO - Setting next_dagrun for example_bash_operator to 2023-05-25T00:00:00+00:00, run_after=2023-05-26T00:00:00+00:00
[2023-05-26T15:13:46.788+0700] {processor.py:179} INFO - Processing /Users/kany/project-local/data-home/tranning-Airflow/venv/lib/python3.11/site-packages/airflow/example_dags/example_bash_operator.py took 0.854 seconds
[2023-05-26T15:16:29.264+0700] {processor.py:157} INFO - Started process (PID=51356) to work on /Users/kany/project-local/data-home/tranning-Airflow/venv/lib/python3.11/site-packages/airflow/example_dags/example_bash_operator.py
[2023-05-26T15:16:29.265+0700] {processor.py:826} INFO - Processing file /Users/kany/project-local/data-home/tranning-Airflow/venv/lib/python3.11/site-packages/airflow/example_dags/example_bash_operator.py for tasks to queue
[2023-05-26T15:16:29.265+0700] {logging_mixin.py:149} INFO - [2023-05-26T15:16:29.265+0700] {dagbag.py:541} INFO - Filling up the DagBag from /Users/kany/project-local/data-home/tranning-Airflow/venv/lib/python3.11/site-packages/airflow/example_dags/example_bash_operator.py
[2023-05-26T15:16:29.304+0700] {processor.py:836} INFO - DAG(s) dict_keys(['example_bash_operator']) retrieved from /Users/kany/project-local/data-home/tranning-Airflow/venv/lib/python3.11/site-packages/airflow/example_dags/example_bash_operator.py
[2023-05-26T15:16:29.815+0700] {logging_mixin.py:149} INFO - [2023-05-26T15:16:29.815+0700] {dag.py:2726} INFO - Sync 1 DAGs
[2023-05-26T15:16:29.822+0700] {logging_mixin.py:149} INFO - [2023-05-26T15:16:29.822+0700] {dag.py:3486} INFO - Setting next_dagrun for example_bash_operator to 2023-05-25T00:00:00+00:00, run_after=2023-05-26T00:00:00+00:00
[2023-05-26T15:16:29.830+0700] {processor.py:179} INFO - Processing /Users/kany/project-local/data-home/tranning-Airflow/venv/lib/python3.11/site-packages/airflow/example_dags/example_bash_operator.py took 0.566 seconds
[2023-05-26T15:18:58.581+0700] {processor.py:157} INFO - Started process (PID=51514) to work on /Users/kany/project-local/data-home/tranning-Airflow/venv/lib/python3.11/site-packages/airflow/example_dags/example_bash_operator.py
[2023-05-26T15:18:58.583+0700] {processor.py:826} INFO - Processing file /Users/kany/project-local/data-home/tranning-Airflow/venv/lib/python3.11/site-packages/airflow/example_dags/example_bash_operator.py for tasks to queue
[2023-05-26T15:18:58.583+0700] {logging_mixin.py:149} INFO - [2023-05-26T15:18:58.583+0700] {dagbag.py:541} INFO - Filling up the DagBag from /Users/kany/project-local/data-home/tranning-Airflow/venv/lib/python3.11/site-packages/airflow/example_dags/example_bash_operator.py
[2023-05-26T15:18:58.619+0700] {processor.py:836} INFO - DAG(s) dict_keys(['example_bash_operator']) retrieved from /Users/kany/project-local/data-home/tranning-Airflow/venv/lib/python3.11/site-packages/airflow/example_dags/example_bash_operator.py
[2023-05-26T15:18:59.077+0700] {logging_mixin.py:149} INFO - [2023-05-26T15:18:59.077+0700] {dag.py:2726} INFO - Sync 1 DAGs
[2023-05-26T15:18:59.083+0700] {logging_mixin.py:149} INFO - [2023-05-26T15:18:59.083+0700] {dag.py:3486} INFO - Setting next_dagrun for example_bash_operator to 2023-05-25T00:00:00+00:00, run_after=2023-05-26T00:00:00+00:00
[2023-05-26T15:18:59.091+0700] {processor.py:179} INFO - Processing /Users/kany/project-local/data-home/tranning-Airflow/venv/lib/python3.11/site-packages/airflow/example_dags/example_bash_operator.py took 0.510 seconds
[2023-05-26T15:21:21.161+0700] {processor.py:157} INFO - Started process (PID=51701) to work on /Users/kany/project-local/data-home/tranning-Airflow/venv/lib/python3.11/site-packages/airflow/example_dags/example_bash_operator.py
[2023-05-26T15:21:21.161+0700] {processor.py:826} INFO - Processing file /Users/kany/project-local/data-home/tranning-Airflow/venv/lib/python3.11/site-packages/airflow/example_dags/example_bash_operator.py for tasks to queue
[2023-05-26T15:21:21.161+0700] {logging_mixin.py:149} INFO - [2023-05-26T15:21:21.161+0700] {dagbag.py:541} INFO - Filling up the DagBag from /Users/kany/project-local/data-home/tranning-Airflow/venv/lib/python3.11/site-packages/airflow/example_dags/example_bash_operator.py
[2023-05-26T15:21:21.200+0700] {processor.py:836} INFO - DAG(s) dict_keys(['example_bash_operator']) retrieved from /Users/kany/project-local/data-home/tranning-Airflow/venv/lib/python3.11/site-packages/airflow/example_dags/example_bash_operator.py
[2023-05-26T15:21:21.620+0700] {logging_mixin.py:149} INFO - [2023-05-26T15:21:21.620+0700] {dag.py:2726} INFO - Sync 1 DAGs
[2023-05-26T15:21:21.627+0700] {logging_mixin.py:149} INFO - [2023-05-26T15:21:21.626+0700] {dag.py:3486} INFO - Setting next_dagrun for example_bash_operator to 2023-05-25T00:00:00+00:00, run_after=2023-05-26T00:00:00+00:00
[2023-05-26T15:21:21.634+0700] {processor.py:179} INFO - Processing /Users/kany/project-local/data-home/tranning-Airflow/venv/lib/python3.11/site-packages/airflow/example_dags/example_bash_operator.py took 0.473 seconds
[2023-05-26T15:23:24.939+0700] {processor.py:157} INFO - Started process (PID=51771) to work on /Users/kany/project-local/data-home/tranning-Airflow/venv/lib/python3.11/site-packages/airflow/example_dags/example_bash_operator.py
[2023-05-26T15:23:24.941+0700] {processor.py:826} INFO - Processing file /Users/kany/project-local/data-home/tranning-Airflow/venv/lib/python3.11/site-packages/airflow/example_dags/example_bash_operator.py for tasks to queue
[2023-05-26T15:23:24.941+0700] {logging_mixin.py:149} INFO - [2023-05-26T15:23:24.941+0700] {dagbag.py:541} INFO - Filling up the DagBag from /Users/kany/project-local/data-home/tranning-Airflow/venv/lib/python3.11/site-packages/airflow/example_dags/example_bash_operator.py
[2023-05-26T15:23:24.973+0700] {processor.py:836} INFO - DAG(s) dict_keys(['example_bash_operator']) retrieved from /Users/kany/project-local/data-home/tranning-Airflow/venv/lib/python3.11/site-packages/airflow/example_dags/example_bash_operator.py
[2023-05-26T15:23:25.434+0700] {logging_mixin.py:149} INFO - [2023-05-26T15:23:25.434+0700] {dag.py:2726} INFO - Sync 1 DAGs
[2023-05-26T15:23:25.440+0700] {logging_mixin.py:149} INFO - [2023-05-26T15:23:25.440+0700] {dag.py:3486} INFO - Setting next_dagrun for example_bash_operator to 2023-05-25T00:00:00+00:00, run_after=2023-05-26T00:00:00+00:00
[2023-05-26T15:23:25.447+0700] {processor.py:179} INFO - Processing /Users/kany/project-local/data-home/tranning-Airflow/venv/lib/python3.11/site-packages/airflow/example_dags/example_bash_operator.py took 0.509 seconds
[2023-05-26T15:25:32.301+0700] {processor.py:157} INFO - Started process (PID=51883) to work on /Users/kany/project-local/data-home/tranning-Airflow/venv/lib/python3.11/site-packages/airflow/example_dags/example_bash_operator.py
[2023-05-26T15:25:32.303+0700] {processor.py:826} INFO - Processing file /Users/kany/project-local/data-home/tranning-Airflow/venv/lib/python3.11/site-packages/airflow/example_dags/example_bash_operator.py for tasks to queue
[2023-05-26T15:25:32.303+0700] {logging_mixin.py:149} INFO - [2023-05-26T15:25:32.303+0700] {dagbag.py:541} INFO - Filling up the DagBag from /Users/kany/project-local/data-home/tranning-Airflow/venv/lib/python3.11/site-packages/airflow/example_dags/example_bash_operator.py
[2023-05-26T15:25:32.338+0700] {processor.py:836} INFO - DAG(s) dict_keys(['example_bash_operator']) retrieved from /Users/kany/project-local/data-home/tranning-Airflow/venv/lib/python3.11/site-packages/airflow/example_dags/example_bash_operator.py
[2023-05-26T15:25:32.770+0700] {logging_mixin.py:149} INFO - [2023-05-26T15:25:32.770+0700] {dag.py:2726} INFO - Sync 1 DAGs
[2023-05-26T15:25:32.776+0700] {logging_mixin.py:149} INFO - [2023-05-26T15:25:32.776+0700] {dag.py:3486} INFO - Setting next_dagrun for example_bash_operator to 2023-05-25T00:00:00+00:00, run_after=2023-05-26T00:00:00+00:00
[2023-05-26T15:25:32.783+0700] {processor.py:179} INFO - Processing /Users/kany/project-local/data-home/tranning-Airflow/venv/lib/python3.11/site-packages/airflow/example_dags/example_bash_operator.py took 0.482 seconds
[2023-05-26T15:27:39.582+0700] {processor.py:157} INFO - Started process (PID=52130) to work on /Users/kany/project-local/data-home/tranning-Airflow/venv/lib/python3.11/site-packages/airflow/example_dags/example_bash_operator.py
[2023-05-26T15:27:39.583+0700] {processor.py:826} INFO - Processing file /Users/kany/project-local/data-home/tranning-Airflow/venv/lib/python3.11/site-packages/airflow/example_dags/example_bash_operator.py for tasks to queue
[2023-05-26T15:27:39.583+0700] {logging_mixin.py:149} INFO - [2023-05-26T15:27:39.583+0700] {dagbag.py:541} INFO - Filling up the DagBag from /Users/kany/project-local/data-home/tranning-Airflow/venv/lib/python3.11/site-packages/airflow/example_dags/example_bash_operator.py
[2023-05-26T15:27:39.620+0700] {processor.py:836} INFO - DAG(s) dict_keys(['example_bash_operator']) retrieved from /Users/kany/project-local/data-home/tranning-Airflow/venv/lib/python3.11/site-packages/airflow/example_dags/example_bash_operator.py
[2023-05-26T15:27:40.086+0700] {logging_mixin.py:149} INFO - [2023-05-26T15:27:40.086+0700] {dag.py:2726} INFO - Sync 1 DAGs
[2023-05-26T15:27:40.092+0700] {logging_mixin.py:149} INFO - [2023-05-26T15:27:40.092+0700] {dag.py:3486} INFO - Setting next_dagrun for example_bash_operator to 2023-05-25T00:00:00+00:00, run_after=2023-05-26T00:00:00+00:00
[2023-05-26T15:27:40.101+0700] {processor.py:179} INFO - Processing /Users/kany/project-local/data-home/tranning-Airflow/venv/lib/python3.11/site-packages/airflow/example_dags/example_bash_operator.py took 0.519 seconds
[2023-05-26T15:29:53.746+0700] {processor.py:157} INFO - Started process (PID=52365) to work on /Users/kany/project-local/data-home/tranning-Airflow/venv/lib/python3.11/site-packages/airflow/example_dags/example_bash_operator.py
[2023-05-26T15:29:53.747+0700] {processor.py:826} INFO - Processing file /Users/kany/project-local/data-home/tranning-Airflow/venv/lib/python3.11/site-packages/airflow/example_dags/example_bash_operator.py for tasks to queue
[2023-05-26T15:29:53.748+0700] {logging_mixin.py:149} INFO - [2023-05-26T15:29:53.748+0700] {dagbag.py:541} INFO - Filling up the DagBag from /Users/kany/project-local/data-home/tranning-Airflow/venv/lib/python3.11/site-packages/airflow/example_dags/example_bash_operator.py
[2023-05-26T15:29:53.788+0700] {processor.py:836} INFO - DAG(s) dict_keys(['example_bash_operator']) retrieved from /Users/kany/project-local/data-home/tranning-Airflow/venv/lib/python3.11/site-packages/airflow/example_dags/example_bash_operator.py
[2023-05-26T15:29:54.815+0700] {logging_mixin.py:149} INFO - [2023-05-26T15:29:54.815+0700] {dag.py:2726} INFO - Sync 1 DAGs
[2023-05-26T15:29:54.822+0700] {logging_mixin.py:149} INFO - [2023-05-26T15:29:54.822+0700] {dag.py:3486} INFO - Setting next_dagrun for example_bash_operator to 2023-05-25T00:00:00+00:00, run_after=2023-05-26T00:00:00+00:00
[2023-05-26T15:29:54.830+0700] {processor.py:179} INFO - Processing /Users/kany/project-local/data-home/tranning-Airflow/venv/lib/python3.11/site-packages/airflow/example_dags/example_bash_operator.py took 1.083 seconds
[2023-05-26T15:32:05.036+0700] {processor.py:157} INFO - Started process (PID=52469) to work on /Users/kany/project-local/data-home/tranning-Airflow/venv/lib/python3.11/site-packages/airflow/example_dags/example_bash_operator.py
[2023-05-26T15:32:05.037+0700] {processor.py:826} INFO - Processing file /Users/kany/project-local/data-home/tranning-Airflow/venv/lib/python3.11/site-packages/airflow/example_dags/example_bash_operator.py for tasks to queue
[2023-05-26T15:32:05.037+0700] {logging_mixin.py:149} INFO - [2023-05-26T15:32:05.037+0700] {dagbag.py:541} INFO - Filling up the DagBag from /Users/kany/project-local/data-home/tranning-Airflow/venv/lib/python3.11/site-packages/airflow/example_dags/example_bash_operator.py
[2023-05-26T15:32:05.073+0700] {processor.py:836} INFO - DAG(s) dict_keys(['example_bash_operator']) retrieved from /Users/kany/project-local/data-home/tranning-Airflow/venv/lib/python3.11/site-packages/airflow/example_dags/example_bash_operator.py
[2023-05-26T15:32:05.745+0700] {logging_mixin.py:149} INFO - [2023-05-26T15:32:05.745+0700] {dag.py:2726} INFO - Sync 1 DAGs
[2023-05-26T15:32:05.752+0700] {logging_mixin.py:149} INFO - [2023-05-26T15:32:05.752+0700] {dag.py:3486} INFO - Setting next_dagrun for example_bash_operator to 2023-05-25T00:00:00+00:00, run_after=2023-05-26T00:00:00+00:00
[2023-05-26T15:32:05.760+0700] {processor.py:179} INFO - Processing /Users/kany/project-local/data-home/tranning-Airflow/venv/lib/python3.11/site-packages/airflow/example_dags/example_bash_operator.py took 0.724 seconds
