[2023-05-26T15:12:19.706+0700] {processor.py:157} INFO - Started process (PID=51125) to work on /Users/kany/project-local/data-home/tranning-Airflow/venv/lib/python3.11/site-packages/airflow/example_dags/example_time_delta_sensor_async.py
[2023-05-26T15:12:19.707+0700] {processor.py:826} INFO - Processing file /Users/kany/project-local/data-home/tranning-Airflow/venv/lib/python3.11/site-packages/airflow/example_dags/example_time_delta_sensor_async.py for tasks to queue
[2023-05-26T15:12:19.707+0700] {logging_mixin.py:149} INFO - [2023-05-26T15:12:19.707+0700] {dagbag.py:541} INFO - Filling up the DagBag from /Users/kany/project-local/data-home/tranning-Airflow/venv/lib/python3.11/site-packages/airflow/example_dags/example_time_delta_sensor_async.py
[2023-05-26T15:12:19.790+0700] {processor.py:836} INFO - DAG(s) dict_keys(['example_time_delta_sensor_async']) retrieved from /Users/kany/project-local/data-home/tranning-Airflow/venv/lib/python3.11/site-packages/airflow/example_dags/example_time_delta_sensor_async.py
[2023-05-26T15:12:20.473+0700] {logging_mixin.py:149} INFO - [2023-05-26T15:12:20.473+0700] {manager.py:504} INFO - Created Permission View: can delete on DAG:example_time_delta_sensor_async
[2023-05-26T15:12:20.476+0700] {logging_mixin.py:149} INFO - [2023-05-26T15:12:20.476+0700] {manager.py:504} INFO - Created Permission View: can read on DAG:example_time_delta_sensor_async
[2023-05-26T15:12:20.478+0700] {logging_mixin.py:149} INFO - [2023-05-26T15:12:20.478+0700] {manager.py:504} INFO - Created Permission View: can edit on DAG:example_time_delta_sensor_async
[2023-05-26T15:12:20.478+0700] {logging_mixin.py:149} INFO - [2023-05-26T15:12:20.478+0700] {dag.py:2726} INFO - Sync 1 DAGs
[2023-05-26T15:12:20.513+0700] {logging_mixin.py:149} INFO - [2023-05-26T15:12:20.513+0700] {dag.py:2747} INFO - Creating ORM DAG for example_time_delta_sensor_async
[2023-05-26T15:12:20.516+0700] {logging_mixin.py:149} INFO - [2023-05-26T15:12:20.516+0700] {dag.py:3486} INFO - Setting next_dagrun for example_time_delta_sensor_async to None, run_after=None
[2023-05-26T15:12:20.531+0700] {processor.py:179} INFO - Processing /Users/kany/project-local/data-home/tranning-Airflow/venv/lib/python3.11/site-packages/airflow/example_dags/example_time_delta_sensor_async.py took 0.825 seconds
[2023-05-26T15:14:22.430+0700] {processor.py:157} INFO - Started process (PID=51213) to work on /Users/kany/project-local/data-home/tranning-Airflow/venv/lib/python3.11/site-packages/airflow/example_dags/example_time_delta_sensor_async.py
[2023-05-26T15:14:22.433+0700] {processor.py:826} INFO - Processing file /Users/kany/project-local/data-home/tranning-Airflow/venv/lib/python3.11/site-packages/airflow/example_dags/example_time_delta_sensor_async.py for tasks to queue
[2023-05-26T15:14:22.433+0700] {logging_mixin.py:149} INFO - [2023-05-26T15:14:22.433+0700] {dagbag.py:541} INFO - Filling up the DagBag from /Users/kany/project-local/data-home/tranning-Airflow/venv/lib/python3.11/site-packages/airflow/example_dags/example_time_delta_sensor_async.py
[2023-05-26T15:14:22.499+0700] {processor.py:836} INFO - DAG(s) dict_keys(['example_time_delta_sensor_async']) retrieved from /Users/kany/project-local/data-home/tranning-Airflow/venv/lib/python3.11/site-packages/airflow/example_dags/example_time_delta_sensor_async.py
[2023-05-26T15:14:23.630+0700] {logging_mixin.py:149} INFO - [2023-05-26T15:14:23.630+0700] {dag.py:2726} INFO - Sync 1 DAGs
[2023-05-26T15:14:23.637+0700] {logging_mixin.py:149} INFO - [2023-05-26T15:14:23.636+0700] {dag.py:3486} INFO - Setting next_dagrun for example_time_delta_sensor_async to None, run_after=None
[2023-05-26T15:14:23.645+0700] {processor.py:179} INFO - Processing /Users/kany/project-local/data-home/tranning-Airflow/venv/lib/python3.11/site-packages/airflow/example_dags/example_time_delta_sensor_async.py took 1.216 seconds
[2023-05-26T15:15:47.090+0700] {processor.py:157} INFO - Started process (PID=51286) to work on /Users/kany/project-local/data-home/tranning-Airflow/venv/lib/python3.11/site-packages/airflow/example_dags/example_time_delta_sensor_async.py
[2023-05-26T15:15:47.092+0700] {processor.py:826} INFO - Processing file /Users/kany/project-local/data-home/tranning-Airflow/venv/lib/python3.11/site-packages/airflow/example_dags/example_time_delta_sensor_async.py for tasks to queue
[2023-05-26T15:15:47.092+0700] {logging_mixin.py:149} INFO - [2023-05-26T15:15:47.092+0700] {dagbag.py:541} INFO - Filling up the DagBag from /Users/kany/project-local/data-home/tranning-Airflow/venv/lib/python3.11/site-packages/airflow/example_dags/example_time_delta_sensor_async.py
[2023-05-26T15:15:47.118+0700] {processor.py:836} INFO - DAG(s) dict_keys(['example_time_delta_sensor_async']) retrieved from /Users/kany/project-local/data-home/tranning-Airflow/venv/lib/python3.11/site-packages/airflow/example_dags/example_time_delta_sensor_async.py
[2023-05-26T15:15:47.607+0700] {logging_mixin.py:149} INFO - [2023-05-26T15:15:47.607+0700] {dag.py:2726} INFO - Sync 1 DAGs
[2023-05-26T15:15:47.613+0700] {logging_mixin.py:149} INFO - [2023-05-26T15:15:47.613+0700] {dag.py:3486} INFO - Setting next_dagrun for example_time_delta_sensor_async to None, run_after=None
[2023-05-26T15:15:47.620+0700] {processor.py:179} INFO - Processing /Users/kany/project-local/data-home/tranning-Airflow/venv/lib/python3.11/site-packages/airflow/example_dags/example_time_delta_sensor_async.py took 0.530 seconds
[2023-05-26T15:17:04.496+0700] {processor.py:157} INFO - Started process (PID=51388) to work on /Users/kany/project-local/data-home/tranning-Airflow/venv/lib/python3.11/site-packages/airflow/example_dags/example_time_delta_sensor_async.py
[2023-05-26T15:17:04.498+0700] {processor.py:826} INFO - Processing file /Users/kany/project-local/data-home/tranning-Airflow/venv/lib/python3.11/site-packages/airflow/example_dags/example_time_delta_sensor_async.py for tasks to queue
[2023-05-26T15:17:04.498+0700] {logging_mixin.py:149} INFO - [2023-05-26T15:17:04.498+0700] {dagbag.py:541} INFO - Filling up the DagBag from /Users/kany/project-local/data-home/tranning-Airflow/venv/lib/python3.11/site-packages/airflow/example_dags/example_time_delta_sensor_async.py
[2023-05-26T15:17:04.535+0700] {processor.py:836} INFO - DAG(s) dict_keys(['example_time_delta_sensor_async']) retrieved from /Users/kany/project-local/data-home/tranning-Airflow/venv/lib/python3.11/site-packages/airflow/example_dags/example_time_delta_sensor_async.py
[2023-05-26T15:17:05.398+0700] {logging_mixin.py:149} INFO - [2023-05-26T15:17:05.398+0700] {dag.py:2726} INFO - Sync 1 DAGs
[2023-05-26T15:17:05.404+0700] {logging_mixin.py:149} INFO - [2023-05-26T15:17:05.404+0700] {dag.py:3486} INFO - Setting next_dagrun for example_time_delta_sensor_async to None, run_after=None
[2023-05-26T15:17:05.415+0700] {processor.py:179} INFO - Processing /Users/kany/project-local/data-home/tranning-Airflow/venv/lib/python3.11/site-packages/airflow/example_dags/example_time_delta_sensor_async.py took 0.919 seconds
[2023-05-26T15:18:16.881+0700] {processor.py:157} INFO - Started process (PID=51452) to work on /Users/kany/project-local/data-home/tranning-Airflow/venv/lib/python3.11/site-packages/airflow/example_dags/example_time_delta_sensor_async.py
[2023-05-26T15:18:16.882+0700] {processor.py:826} INFO - Processing file /Users/kany/project-local/data-home/tranning-Airflow/venv/lib/python3.11/site-packages/airflow/example_dags/example_time_delta_sensor_async.py for tasks to queue
[2023-05-26T15:18:16.882+0700] {logging_mixin.py:149} INFO - [2023-05-26T15:18:16.882+0700] {dagbag.py:541} INFO - Filling up the DagBag from /Users/kany/project-local/data-home/tranning-Airflow/venv/lib/python3.11/site-packages/airflow/example_dags/example_time_delta_sensor_async.py
[2023-05-26T15:18:16.911+0700] {processor.py:836} INFO - DAG(s) dict_keys(['example_time_delta_sensor_async']) retrieved from /Users/kany/project-local/data-home/tranning-Airflow/venv/lib/python3.11/site-packages/airflow/example_dags/example_time_delta_sensor_async.py
[2023-05-26T15:18:17.445+0700] {logging_mixin.py:149} INFO - [2023-05-26T15:18:17.445+0700] {dag.py:2726} INFO - Sync 1 DAGs
[2023-05-26T15:18:17.451+0700] {logging_mixin.py:149} INFO - [2023-05-26T15:18:17.451+0700] {dag.py:3486} INFO - Setting next_dagrun for example_time_delta_sensor_async to None, run_after=None
[2023-05-26T15:18:17.459+0700] {processor.py:179} INFO - Processing /Users/kany/project-local/data-home/tranning-Airflow/venv/lib/python3.11/site-packages/airflow/example_dags/example_time_delta_sensor_async.py took 0.578 seconds
[2023-05-26T15:19:32.048+0700] {processor.py:157} INFO - Started process (PID=51562) to work on /Users/kany/project-local/data-home/tranning-Airflow/venv/lib/python3.11/site-packages/airflow/example_dags/example_time_delta_sensor_async.py
[2023-05-26T15:19:32.049+0700] {processor.py:826} INFO - Processing file /Users/kany/project-local/data-home/tranning-Airflow/venv/lib/python3.11/site-packages/airflow/example_dags/example_time_delta_sensor_async.py for tasks to queue
[2023-05-26T15:19:32.049+0700] {logging_mixin.py:149} INFO - [2023-05-26T15:19:32.049+0700] {dagbag.py:541} INFO - Filling up the DagBag from /Users/kany/project-local/data-home/tranning-Airflow/venv/lib/python3.11/site-packages/airflow/example_dags/example_time_delta_sensor_async.py
[2023-05-26T15:19:32.074+0700] {processor.py:836} INFO - DAG(s) dict_keys(['example_time_delta_sensor_async']) retrieved from /Users/kany/project-local/data-home/tranning-Airflow/venv/lib/python3.11/site-packages/airflow/example_dags/example_time_delta_sensor_async.py
[2023-05-26T15:19:32.495+0700] {logging_mixin.py:149} INFO - [2023-05-26T15:19:32.495+0700] {dag.py:2726} INFO - Sync 1 DAGs
[2023-05-26T15:19:32.501+0700] {logging_mixin.py:149} INFO - [2023-05-26T15:19:32.501+0700] {dag.py:3486} INFO - Setting next_dagrun for example_time_delta_sensor_async to None, run_after=None
[2023-05-26T15:19:32.508+0700] {processor.py:179} INFO - Processing /Users/kany/project-local/data-home/tranning-Airflow/venv/lib/python3.11/site-packages/airflow/example_dags/example_time_delta_sensor_async.py took 0.461 seconds
[2023-05-26T15:20:39.888+0700] {processor.py:157} INFO - Started process (PID=51677) to work on /Users/kany/project-local/data-home/tranning-Airflow/venv/lib/python3.11/site-packages/airflow/example_dags/example_time_delta_sensor_async.py
[2023-05-26T15:20:39.889+0700] {processor.py:826} INFO - Processing file /Users/kany/project-local/data-home/tranning-Airflow/venv/lib/python3.11/site-packages/airflow/example_dags/example_time_delta_sensor_async.py for tasks to queue
[2023-05-26T15:20:39.889+0700] {logging_mixin.py:149} INFO - [2023-05-26T15:20:39.889+0700] {dagbag.py:541} INFO - Filling up the DagBag from /Users/kany/project-local/data-home/tranning-Airflow/venv/lib/python3.11/site-packages/airflow/example_dags/example_time_delta_sensor_async.py
[2023-05-26T15:20:39.915+0700] {processor.py:836} INFO - DAG(s) dict_keys(['example_time_delta_sensor_async']) retrieved from /Users/kany/project-local/data-home/tranning-Airflow/venv/lib/python3.11/site-packages/airflow/example_dags/example_time_delta_sensor_async.py
[2023-05-26T15:20:40.457+0700] {logging_mixin.py:149} INFO - [2023-05-26T15:20:40.456+0700] {dag.py:2726} INFO - Sync 1 DAGs
[2023-05-26T15:20:40.463+0700] {logging_mixin.py:149} INFO - [2023-05-26T15:20:40.463+0700] {dag.py:3486} INFO - Setting next_dagrun for example_time_delta_sensor_async to None, run_after=None
[2023-05-26T15:20:40.475+0700] {processor.py:179} INFO - Processing /Users/kany/project-local/data-home/tranning-Airflow/venv/lib/python3.11/site-packages/airflow/example_dags/example_time_delta_sensor_async.py took 0.587 seconds
[2023-05-26T15:21:48.329+0700] {processor.py:157} INFO - Started process (PID=51714) to work on /Users/kany/project-local/data-home/tranning-Airflow/venv/lib/python3.11/site-packages/airflow/example_dags/example_time_delta_sensor_async.py
[2023-05-26T15:21:48.329+0700] {processor.py:826} INFO - Processing file /Users/kany/project-local/data-home/tranning-Airflow/venv/lib/python3.11/site-packages/airflow/example_dags/example_time_delta_sensor_async.py for tasks to queue
[2023-05-26T15:21:48.329+0700] {logging_mixin.py:149} INFO - [2023-05-26T15:21:48.329+0700] {dagbag.py:541} INFO - Filling up the DagBag from /Users/kany/project-local/data-home/tranning-Airflow/venv/lib/python3.11/site-packages/airflow/example_dags/example_time_delta_sensor_async.py
[2023-05-26T15:21:48.366+0700] {processor.py:836} INFO - DAG(s) dict_keys(['example_time_delta_sensor_async']) retrieved from /Users/kany/project-local/data-home/tranning-Airflow/venv/lib/python3.11/site-packages/airflow/example_dags/example_time_delta_sensor_async.py
[2023-05-26T15:21:48.785+0700] {logging_mixin.py:149} INFO - [2023-05-26T15:21:48.785+0700] {dag.py:2726} INFO - Sync 1 DAGs
[2023-05-26T15:21:48.791+0700] {logging_mixin.py:149} INFO - [2023-05-26T15:21:48.791+0700] {dag.py:3486} INFO - Setting next_dagrun for example_time_delta_sensor_async to None, run_after=None
[2023-05-26T15:21:48.799+0700] {processor.py:179} INFO - Processing /Users/kany/project-local/data-home/tranning-Airflow/venv/lib/python3.11/site-packages/airflow/example_dags/example_time_delta_sensor_async.py took 0.471 seconds
[2023-05-26T15:22:50.561+0700] {processor.py:157} INFO - Started process (PID=51750) to work on /Users/kany/project-local/data-home/tranning-Airflow/venv/lib/python3.11/site-packages/airflow/example_dags/example_time_delta_sensor_async.py
[2023-05-26T15:22:50.561+0700] {processor.py:826} INFO - Processing file /Users/kany/project-local/data-home/tranning-Airflow/venv/lib/python3.11/site-packages/airflow/example_dags/example_time_delta_sensor_async.py for tasks to queue
[2023-05-26T15:22:50.561+0700] {logging_mixin.py:149} INFO - [2023-05-26T15:22:50.561+0700] {dagbag.py:541} INFO - Filling up the DagBag from /Users/kany/project-local/data-home/tranning-Airflow/venv/lib/python3.11/site-packages/airflow/example_dags/example_time_delta_sensor_async.py
[2023-05-26T15:22:50.587+0700] {processor.py:836} INFO - DAG(s) dict_keys(['example_time_delta_sensor_async']) retrieved from /Users/kany/project-local/data-home/tranning-Airflow/venv/lib/python3.11/site-packages/airflow/example_dags/example_time_delta_sensor_async.py
[2023-05-26T15:22:51.155+0700] {logging_mixin.py:149} INFO - [2023-05-26T15:22:51.155+0700] {dag.py:2726} INFO - Sync 1 DAGs
[2023-05-26T15:22:51.161+0700] {logging_mixin.py:149} INFO - [2023-05-26T15:22:51.161+0700] {dag.py:3486} INFO - Setting next_dagrun for example_time_delta_sensor_async to None, run_after=None
[2023-05-26T15:22:51.168+0700] {processor.py:179} INFO - Processing /Users/kany/project-local/data-home/tranning-Airflow/venv/lib/python3.11/site-packages/airflow/example_dags/example_time_delta_sensor_async.py took 0.607 seconds
[2023-05-26T15:23:51.121+0700] {processor.py:157} INFO - Started process (PID=51803) to work on /Users/kany/project-local/data-home/tranning-Airflow/venv/lib/python3.11/site-packages/airflow/example_dags/example_time_delta_sensor_async.py
[2023-05-26T15:23:51.122+0700] {processor.py:826} INFO - Processing file /Users/kany/project-local/data-home/tranning-Airflow/venv/lib/python3.11/site-packages/airflow/example_dags/example_time_delta_sensor_async.py for tasks to queue
[2023-05-26T15:23:51.122+0700] {logging_mixin.py:149} INFO - [2023-05-26T15:23:51.122+0700] {dagbag.py:541} INFO - Filling up the DagBag from /Users/kany/project-local/data-home/tranning-Airflow/venv/lib/python3.11/site-packages/airflow/example_dags/example_time_delta_sensor_async.py
[2023-05-26T15:23:51.147+0700] {processor.py:836} INFO - DAG(s) dict_keys(['example_time_delta_sensor_async']) retrieved from /Users/kany/project-local/data-home/tranning-Airflow/venv/lib/python3.11/site-packages/airflow/example_dags/example_time_delta_sensor_async.py
[2023-05-26T15:23:51.561+0700] {logging_mixin.py:149} INFO - [2023-05-26T15:23:51.561+0700] {dag.py:2726} INFO - Sync 1 DAGs
[2023-05-26T15:23:51.567+0700] {logging_mixin.py:149} INFO - [2023-05-26T15:23:51.567+0700] {dag.py:3486} INFO - Setting next_dagrun for example_time_delta_sensor_async to None, run_after=None
[2023-05-26T15:23:51.574+0700] {processor.py:179} INFO - Processing /Users/kany/project-local/data-home/tranning-Airflow/venv/lib/python3.11/site-packages/airflow/example_dags/example_time_delta_sensor_async.py took 0.454 seconds
[2023-05-26T15:24:54.225+0700] {processor.py:157} INFO - Started process (PID=51846) to work on /Users/kany/project-local/data-home/tranning-Airflow/venv/lib/python3.11/site-packages/airflow/example_dags/example_time_delta_sensor_async.py
[2023-05-26T15:24:54.225+0700] {processor.py:826} INFO - Processing file /Users/kany/project-local/data-home/tranning-Airflow/venv/lib/python3.11/site-packages/airflow/example_dags/example_time_delta_sensor_async.py for tasks to queue
[2023-05-26T15:24:54.225+0700] {logging_mixin.py:149} INFO - [2023-05-26T15:24:54.225+0700] {dagbag.py:541} INFO - Filling up the DagBag from /Users/kany/project-local/data-home/tranning-Airflow/venv/lib/python3.11/site-packages/airflow/example_dags/example_time_delta_sensor_async.py
[2023-05-26T15:24:54.254+0700] {processor.py:836} INFO - DAG(s) dict_keys(['example_time_delta_sensor_async']) retrieved from /Users/kany/project-local/data-home/tranning-Airflow/venv/lib/python3.11/site-packages/airflow/example_dags/example_time_delta_sensor_async.py
[2023-05-26T15:24:54.722+0700] {logging_mixin.py:149} INFO - [2023-05-26T15:24:54.722+0700] {dag.py:2726} INFO - Sync 1 DAGs
[2023-05-26T15:24:54.729+0700] {logging_mixin.py:149} INFO - [2023-05-26T15:24:54.729+0700] {dag.py:3486} INFO - Setting next_dagrun for example_time_delta_sensor_async to None, run_after=None
[2023-05-26T15:24:54.737+0700] {processor.py:179} INFO - Processing /Users/kany/project-local/data-home/tranning-Airflow/venv/lib/python3.11/site-packages/airflow/example_dags/example_time_delta_sensor_async.py took 0.512 seconds
[2023-05-26T15:25:59.783+0700] {processor.py:157} INFO - Started process (PID=51947) to work on /Users/kany/project-local/data-home/tranning-Airflow/venv/lib/python3.11/site-packages/airflow/example_dags/example_time_delta_sensor_async.py
[2023-05-26T15:25:59.784+0700] {processor.py:826} INFO - Processing file /Users/kany/project-local/data-home/tranning-Airflow/venv/lib/python3.11/site-packages/airflow/example_dags/example_time_delta_sensor_async.py for tasks to queue
[2023-05-26T15:25:59.784+0700] {logging_mixin.py:149} INFO - [2023-05-26T15:25:59.784+0700] {dagbag.py:541} INFO - Filling up the DagBag from /Users/kany/project-local/data-home/tranning-Airflow/venv/lib/python3.11/site-packages/airflow/example_dags/example_time_delta_sensor_async.py
[2023-05-26T15:25:59.818+0700] {processor.py:836} INFO - DAG(s) dict_keys(['example_time_delta_sensor_async']) retrieved from /Users/kany/project-local/data-home/tranning-Airflow/venv/lib/python3.11/site-packages/airflow/example_dags/example_time_delta_sensor_async.py
[2023-05-26T15:26:00.453+0700] {logging_mixin.py:149} INFO - [2023-05-26T15:26:00.453+0700] {dag.py:2726} INFO - Sync 1 DAGs
[2023-05-26T15:26:00.459+0700] {logging_mixin.py:149} INFO - [2023-05-26T15:26:00.459+0700] {dag.py:3486} INFO - Setting next_dagrun for example_time_delta_sensor_async to None, run_after=None
[2023-05-26T15:26:00.467+0700] {processor.py:179} INFO - Processing /Users/kany/project-local/data-home/tranning-Airflow/venv/lib/python3.11/site-packages/airflow/example_dags/example_time_delta_sensor_async.py took 0.684 seconds
[2023-05-26T15:27:02.320+0700] {processor.py:157} INFO - Started process (PID=52068) to work on /Users/kany/project-local/data-home/tranning-Airflow/venv/lib/python3.11/site-packages/airflow/example_dags/example_time_delta_sensor_async.py
[2023-05-26T15:27:02.322+0700] {processor.py:826} INFO - Processing file /Users/kany/project-local/data-home/tranning-Airflow/venv/lib/python3.11/site-packages/airflow/example_dags/example_time_delta_sensor_async.py for tasks to queue
[2023-05-26T15:27:02.322+0700] {logging_mixin.py:149} INFO - [2023-05-26T15:27:02.322+0700] {dagbag.py:541} INFO - Filling up the DagBag from /Users/kany/project-local/data-home/tranning-Airflow/venv/lib/python3.11/site-packages/airflow/example_dags/example_time_delta_sensor_async.py
[2023-05-26T15:27:02.355+0700] {processor.py:836} INFO - DAG(s) dict_keys(['example_time_delta_sensor_async']) retrieved from /Users/kany/project-local/data-home/tranning-Airflow/venv/lib/python3.11/site-packages/airflow/example_dags/example_time_delta_sensor_async.py
[2023-05-26T15:27:02.803+0700] {logging_mixin.py:149} INFO - [2023-05-26T15:27:02.803+0700] {dag.py:2726} INFO - Sync 1 DAGs
[2023-05-26T15:27:02.809+0700] {logging_mixin.py:149} INFO - [2023-05-26T15:27:02.809+0700] {dag.py:3486} INFO - Setting next_dagrun for example_time_delta_sensor_async to None, run_after=None
[2023-05-26T15:27:02.816+0700] {processor.py:179} INFO - Processing /Users/kany/project-local/data-home/tranning-Airflow/venv/lib/python3.11/site-packages/airflow/example_dags/example_time_delta_sensor_async.py took 0.496 seconds
[2023-05-26T15:28:07.528+0700] {processor.py:157} INFO - Started process (PID=52179) to work on /Users/kany/project-local/data-home/tranning-Airflow/venv/lib/python3.11/site-packages/airflow/example_dags/example_time_delta_sensor_async.py
[2023-05-26T15:28:07.528+0700] {processor.py:826} INFO - Processing file /Users/kany/project-local/data-home/tranning-Airflow/venv/lib/python3.11/site-packages/airflow/example_dags/example_time_delta_sensor_async.py for tasks to queue
[2023-05-26T15:28:07.528+0700] {logging_mixin.py:149} INFO - [2023-05-26T15:28:07.528+0700] {dagbag.py:541} INFO - Filling up the DagBag from /Users/kany/project-local/data-home/tranning-Airflow/venv/lib/python3.11/site-packages/airflow/example_dags/example_time_delta_sensor_async.py
[2023-05-26T15:28:07.583+0700] {processor.py:836} INFO - DAG(s) dict_keys(['example_time_delta_sensor_async']) retrieved from /Users/kany/project-local/data-home/tranning-Airflow/venv/lib/python3.11/site-packages/airflow/example_dags/example_time_delta_sensor_async.py
[2023-05-26T15:28:08.328+0700] {logging_mixin.py:149} INFO - [2023-05-26T15:28:08.328+0700] {dag.py:2726} INFO - Sync 1 DAGs
[2023-05-26T15:28:08.334+0700] {logging_mixin.py:149} INFO - [2023-05-26T15:28:08.334+0700] {dag.py:3486} INFO - Setting next_dagrun for example_time_delta_sensor_async to None, run_after=None
[2023-05-26T15:28:08.341+0700] {processor.py:179} INFO - Processing /Users/kany/project-local/data-home/tranning-Airflow/venv/lib/python3.11/site-packages/airflow/example_dags/example_time_delta_sensor_async.py took 0.814 seconds
[2023-05-26T15:29:12.686+0700] {processor.py:157} INFO - Started process (PID=52318) to work on /Users/kany/project-local/data-home/tranning-Airflow/venv/lib/python3.11/site-packages/airflow/example_dags/example_time_delta_sensor_async.py
[2023-05-26T15:29:12.688+0700] {processor.py:826} INFO - Processing file /Users/kany/project-local/data-home/tranning-Airflow/venv/lib/python3.11/site-packages/airflow/example_dags/example_time_delta_sensor_async.py for tasks to queue
[2023-05-26T15:29:12.688+0700] {logging_mixin.py:149} INFO - [2023-05-26T15:29:12.688+0700] {dagbag.py:541} INFO - Filling up the DagBag from /Users/kany/project-local/data-home/tranning-Airflow/venv/lib/python3.11/site-packages/airflow/example_dags/example_time_delta_sensor_async.py
[2023-05-26T15:29:12.727+0700] {processor.py:836} INFO - DAG(s) dict_keys(['example_time_delta_sensor_async']) retrieved from /Users/kany/project-local/data-home/tranning-Airflow/venv/lib/python3.11/site-packages/airflow/example_dags/example_time_delta_sensor_async.py
[2023-05-26T15:29:13.242+0700] {logging_mixin.py:149} INFO - [2023-05-26T15:29:13.242+0700] {dag.py:2726} INFO - Sync 1 DAGs
[2023-05-26T15:29:13.249+0700] {logging_mixin.py:149} INFO - [2023-05-26T15:29:13.249+0700] {dag.py:3486} INFO - Setting next_dagrun for example_time_delta_sensor_async to None, run_after=None
[2023-05-26T15:29:13.257+0700] {processor.py:179} INFO - Processing /Users/kany/project-local/data-home/tranning-Airflow/venv/lib/python3.11/site-packages/airflow/example_dags/example_time_delta_sensor_async.py took 0.571 seconds
[2023-05-26T15:30:20.447+0700] {processor.py:157} INFO - Started process (PID=52387) to work on /Users/kany/project-local/data-home/tranning-Airflow/venv/lib/python3.11/site-packages/airflow/example_dags/example_time_delta_sensor_async.py
[2023-05-26T15:30:20.448+0700] {processor.py:826} INFO - Processing file /Users/kany/project-local/data-home/tranning-Airflow/venv/lib/python3.11/site-packages/airflow/example_dags/example_time_delta_sensor_async.py for tasks to queue
[2023-05-26T15:30:20.448+0700] {logging_mixin.py:149} INFO - [2023-05-26T15:30:20.448+0700] {dagbag.py:541} INFO - Filling up the DagBag from /Users/kany/project-local/data-home/tranning-Airflow/venv/lib/python3.11/site-packages/airflow/example_dags/example_time_delta_sensor_async.py
[2023-05-26T15:30:20.474+0700] {processor.py:836} INFO - DAG(s) dict_keys(['example_time_delta_sensor_async']) retrieved from /Users/kany/project-local/data-home/tranning-Airflow/venv/lib/python3.11/site-packages/airflow/example_dags/example_time_delta_sensor_async.py
[2023-05-26T15:30:20.932+0700] {logging_mixin.py:149} INFO - [2023-05-26T15:30:20.932+0700] {dag.py:2726} INFO - Sync 1 DAGs
[2023-05-26T15:30:20.938+0700] {logging_mixin.py:149} INFO - [2023-05-26T15:30:20.938+0700] {dag.py:3486} INFO - Setting next_dagrun for example_time_delta_sensor_async to None, run_after=None
[2023-05-26T15:30:20.945+0700] {processor.py:179} INFO - Processing /Users/kany/project-local/data-home/tranning-Airflow/venv/lib/python3.11/site-packages/airflow/example_dags/example_time_delta_sensor_async.py took 0.498 seconds
[2023-05-26T15:31:26.876+0700] {processor.py:157} INFO - Started process (PID=52443) to work on /Users/kany/project-local/data-home/tranning-Airflow/venv/lib/python3.11/site-packages/airflow/example_dags/example_time_delta_sensor_async.py
[2023-05-26T15:31:26.877+0700] {processor.py:826} INFO - Processing file /Users/kany/project-local/data-home/tranning-Airflow/venv/lib/python3.11/site-packages/airflow/example_dags/example_time_delta_sensor_async.py for tasks to queue
[2023-05-26T15:31:26.877+0700] {logging_mixin.py:149} INFO - [2023-05-26T15:31:26.877+0700] {dagbag.py:541} INFO - Filling up the DagBag from /Users/kany/project-local/data-home/tranning-Airflow/venv/lib/python3.11/site-packages/airflow/example_dags/example_time_delta_sensor_async.py
[2023-05-26T15:31:26.904+0700] {processor.py:836} INFO - DAG(s) dict_keys(['example_time_delta_sensor_async']) retrieved from /Users/kany/project-local/data-home/tranning-Airflow/venv/lib/python3.11/site-packages/airflow/example_dags/example_time_delta_sensor_async.py
[2023-05-26T15:31:27.364+0700] {logging_mixin.py:149} INFO - [2023-05-26T15:31:27.363+0700] {dag.py:2726} INFO - Sync 1 DAGs
[2023-05-26T15:31:27.370+0700] {logging_mixin.py:149} INFO - [2023-05-26T15:31:27.370+0700] {dag.py:3486} INFO - Setting next_dagrun for example_time_delta_sensor_async to None, run_after=None
[2023-05-26T15:31:27.377+0700] {processor.py:179} INFO - Processing /Users/kany/project-local/data-home/tranning-Airflow/venv/lib/python3.11/site-packages/airflow/example_dags/example_time_delta_sensor_async.py took 0.501 seconds
