[2023-05-26T15:13:40.248+0700] {processor.py:157} INFO - Started process (PID=51195) to work on /Users/kany/project-local/data-home/tranning-Airflow/venv/lib/python3.11/site-packages/airflow/example_dags/example_branch_day_of_week_operator.py
[2023-05-26T15:13:40.248+0700] {processor.py:826} INFO - Processing file /Users/kany/project-local/data-home/tranning-Airflow/venv/lib/python3.11/site-packages/airflow/example_dags/example_branch_day_of_week_operator.py for tasks to queue
[2023-05-26T15:13:40.249+0700] {logging_mixin.py:149} INFO - [2023-05-26T15:13:40.248+0700] {dagbag.py:541} INFO - Filling up the DagBag from /Users/kany/project-local/data-home/tranning-Airflow/venv/lib/python3.11/site-packages/airflow/example_dags/example_branch_day_of_week_operator.py
[2023-05-26T15:13:40.274+0700] {processor.py:836} INFO - DAG(s) dict_keys(['example_weekday_branch_operator']) retrieved from /Users/kany/project-local/data-home/tranning-Airflow/venv/lib/python3.11/site-packages/airflow/example_dags/example_branch_day_of_week_operator.py
[2023-05-26T15:13:41.144+0700] {logging_mixin.py:149} INFO - [2023-05-26T15:13:41.144+0700] {manager.py:504} INFO - Created Permission View: can delete on DAG:example_weekday_branch_operator
[2023-05-26T15:13:41.149+0700] {logging_mixin.py:149} INFO - [2023-05-26T15:13:41.149+0700] {manager.py:504} INFO - Created Permission View: can edit on DAG:example_weekday_branch_operator
[2023-05-26T15:13:41.152+0700] {logging_mixin.py:149} INFO - [2023-05-26T15:13:41.152+0700] {manager.py:504} INFO - Created Permission View: can read on DAG:example_weekday_branch_operator
[2023-05-26T15:13:41.152+0700] {logging_mixin.py:149} INFO - [2023-05-26T15:13:41.152+0700] {dag.py:2726} INFO - Sync 1 DAGs
[2023-05-26T15:13:41.183+0700] {logging_mixin.py:149} INFO - [2023-05-26T15:13:41.183+0700] {dag.py:2747} INFO - Creating ORM DAG for example_weekday_branch_operator
[2023-05-26T15:13:41.187+0700] {logging_mixin.py:149} INFO - [2023-05-26T15:13:41.187+0700] {dag.py:3486} INFO - Setting next_dagrun for example_weekday_branch_operator to 2023-05-25T00:00:00+00:00, run_after=2023-05-26T00:00:00+00:00
[2023-05-26T15:13:41.197+0700] {processor.py:179} INFO - Processing /Users/kany/project-local/data-home/tranning-Airflow/venv/lib/python3.11/site-packages/airflow/example_dags/example_branch_day_of_week_operator.py took 0.950 seconds
[2023-05-26T15:16:23.614+0700] {processor.py:157} INFO - Started process (PID=51350) to work on /Users/kany/project-local/data-home/tranning-Airflow/venv/lib/python3.11/site-packages/airflow/example_dags/example_branch_day_of_week_operator.py
[2023-05-26T15:16:23.615+0700] {processor.py:826} INFO - Processing file /Users/kany/project-local/data-home/tranning-Airflow/venv/lib/python3.11/site-packages/airflow/example_dags/example_branch_day_of_week_operator.py for tasks to queue
[2023-05-26T15:16:23.615+0700] {logging_mixin.py:149} INFO - [2023-05-26T15:16:23.615+0700] {dagbag.py:541} INFO - Filling up the DagBag from /Users/kany/project-local/data-home/tranning-Airflow/venv/lib/python3.11/site-packages/airflow/example_dags/example_branch_day_of_week_operator.py
[2023-05-26T15:16:23.633+0700] {processor.py:836} INFO - DAG(s) dict_keys(['example_weekday_branch_operator']) retrieved from /Users/kany/project-local/data-home/tranning-Airflow/venv/lib/python3.11/site-packages/airflow/example_dags/example_branch_day_of_week_operator.py
[2023-05-26T15:16:24.135+0700] {logging_mixin.py:149} INFO - [2023-05-26T15:16:24.135+0700] {dag.py:2726} INFO - Sync 1 DAGs
[2023-05-26T15:16:24.143+0700] {logging_mixin.py:149} INFO - [2023-05-26T15:16:24.143+0700] {dag.py:3486} INFO - Setting next_dagrun for example_weekday_branch_operator to 2023-05-25T00:00:00+00:00, run_after=2023-05-26T00:00:00+00:00
[2023-05-26T15:16:24.150+0700] {processor.py:179} INFO - Processing /Users/kany/project-local/data-home/tranning-Airflow/venv/lib/python3.11/site-packages/airflow/example_dags/example_branch_day_of_week_operator.py took 0.537 seconds
[2023-05-26T15:18:54.798+0700] {processor.py:157} INFO - Started process (PID=51511) to work on /Users/kany/project-local/data-home/tranning-Airflow/venv/lib/python3.11/site-packages/airflow/example_dags/example_branch_day_of_week_operator.py
[2023-05-26T15:18:54.800+0700] {processor.py:826} INFO - Processing file /Users/kany/project-local/data-home/tranning-Airflow/venv/lib/python3.11/site-packages/airflow/example_dags/example_branch_day_of_week_operator.py for tasks to queue
[2023-05-26T15:18:54.800+0700] {logging_mixin.py:149} INFO - [2023-05-26T15:18:54.800+0700] {dagbag.py:541} INFO - Filling up the DagBag from /Users/kany/project-local/data-home/tranning-Airflow/venv/lib/python3.11/site-packages/airflow/example_dags/example_branch_day_of_week_operator.py
[2023-05-26T15:18:54.818+0700] {processor.py:836} INFO - DAG(s) dict_keys(['example_weekday_branch_operator']) retrieved from /Users/kany/project-local/data-home/tranning-Airflow/venv/lib/python3.11/site-packages/airflow/example_dags/example_branch_day_of_week_operator.py
[2023-05-26T15:18:55.275+0700] {logging_mixin.py:149} INFO - [2023-05-26T15:18:55.275+0700] {dag.py:2726} INFO - Sync 1 DAGs
[2023-05-26T15:18:55.281+0700] {logging_mixin.py:149} INFO - [2023-05-26T15:18:55.281+0700] {dag.py:3486} INFO - Setting next_dagrun for example_weekday_branch_operator to 2023-05-25T00:00:00+00:00, run_after=2023-05-26T00:00:00+00:00
[2023-05-26T15:18:55.289+0700] {processor.py:179} INFO - Processing /Users/kany/project-local/data-home/tranning-Airflow/venv/lib/python3.11/site-packages/airflow/example_dags/example_branch_day_of_week_operator.py took 0.492 seconds
[2023-05-26T15:21:17.173+0700] {processor.py:157} INFO - Started process (PID=51699) to work on /Users/kany/project-local/data-home/tranning-Airflow/venv/lib/python3.11/site-packages/airflow/example_dags/example_branch_day_of_week_operator.py
[2023-05-26T15:21:17.173+0700] {processor.py:826} INFO - Processing file /Users/kany/project-local/data-home/tranning-Airflow/venv/lib/python3.11/site-packages/airflow/example_dags/example_branch_day_of_week_operator.py for tasks to queue
[2023-05-26T15:21:17.174+0700] {logging_mixin.py:149} INFO - [2023-05-26T15:21:17.174+0700] {dagbag.py:541} INFO - Filling up the DagBag from /Users/kany/project-local/data-home/tranning-Airflow/venv/lib/python3.11/site-packages/airflow/example_dags/example_branch_day_of_week_operator.py
[2023-05-26T15:21:17.203+0700] {processor.py:836} INFO - DAG(s) dict_keys(['example_weekday_branch_operator']) retrieved from /Users/kany/project-local/data-home/tranning-Airflow/venv/lib/python3.11/site-packages/airflow/example_dags/example_branch_day_of_week_operator.py
[2023-05-26T15:21:17.629+0700] {logging_mixin.py:149} INFO - [2023-05-26T15:21:17.629+0700] {dag.py:2726} INFO - Sync 1 DAGs
[2023-05-26T15:21:17.635+0700] {logging_mixin.py:149} INFO - [2023-05-26T15:21:17.635+0700] {dag.py:3486} INFO - Setting next_dagrun for example_weekday_branch_operator to 2023-05-25T00:00:00+00:00, run_after=2023-05-26T00:00:00+00:00
[2023-05-26T15:21:17.642+0700] {processor.py:179} INFO - Processing /Users/kany/project-local/data-home/tranning-Airflow/venv/lib/python3.11/site-packages/airflow/example_dags/example_branch_day_of_week_operator.py took 0.469 seconds
[2023-05-26T15:23:20.677+0700] {processor.py:157} INFO - Started process (PID=51767) to work on /Users/kany/project-local/data-home/tranning-Airflow/venv/lib/python3.11/site-packages/airflow/example_dags/example_branch_day_of_week_operator.py
[2023-05-26T15:23:20.677+0700] {processor.py:826} INFO - Processing file /Users/kany/project-local/data-home/tranning-Airflow/venv/lib/python3.11/site-packages/airflow/example_dags/example_branch_day_of_week_operator.py for tasks to queue
[2023-05-26T15:23:20.677+0700] {logging_mixin.py:149} INFO - [2023-05-26T15:23:20.677+0700] {dagbag.py:541} INFO - Filling up the DagBag from /Users/kany/project-local/data-home/tranning-Airflow/venv/lib/python3.11/site-packages/airflow/example_dags/example_branch_day_of_week_operator.py
[2023-05-26T15:23:20.691+0700] {processor.py:836} INFO - DAG(s) dict_keys(['example_weekday_branch_operator']) retrieved from /Users/kany/project-local/data-home/tranning-Airflow/venv/lib/python3.11/site-packages/airflow/example_dags/example_branch_day_of_week_operator.py
[2023-05-26T15:23:21.133+0700] {logging_mixin.py:149} INFO - [2023-05-26T15:23:21.133+0700] {dag.py:2726} INFO - Sync 1 DAGs
[2023-05-26T15:23:21.139+0700] {logging_mixin.py:149} INFO - [2023-05-26T15:23:21.139+0700] {dag.py:3486} INFO - Setting next_dagrun for example_weekday_branch_operator to 2023-05-25T00:00:00+00:00, run_after=2023-05-26T00:00:00+00:00
[2023-05-26T15:23:21.147+0700] {processor.py:179} INFO - Processing /Users/kany/project-local/data-home/tranning-Airflow/venv/lib/python3.11/site-packages/airflow/example_dags/example_branch_day_of_week_operator.py took 0.471 seconds
[2023-05-26T15:25:28.262+0700] {processor.py:157} INFO - Started process (PID=51874) to work on /Users/kany/project-local/data-home/tranning-Airflow/venv/lib/python3.11/site-packages/airflow/example_dags/example_branch_day_of_week_operator.py
[2023-05-26T15:25:28.263+0700] {processor.py:826} INFO - Processing file /Users/kany/project-local/data-home/tranning-Airflow/venv/lib/python3.11/site-packages/airflow/example_dags/example_branch_day_of_week_operator.py for tasks to queue
[2023-05-26T15:25:28.263+0700] {logging_mixin.py:149} INFO - [2023-05-26T15:25:28.263+0700] {dagbag.py:541} INFO - Filling up the DagBag from /Users/kany/project-local/data-home/tranning-Airflow/venv/lib/python3.11/site-packages/airflow/example_dags/example_branch_day_of_week_operator.py
[2023-05-26T15:25:28.279+0700] {processor.py:836} INFO - DAG(s) dict_keys(['example_weekday_branch_operator']) retrieved from /Users/kany/project-local/data-home/tranning-Airflow/venv/lib/python3.11/site-packages/airflow/example_dags/example_branch_day_of_week_operator.py
[2023-05-26T15:25:29.000+0700] {logging_mixin.py:149} INFO - [2023-05-26T15:25:29.000+0700] {dag.py:2726} INFO - Sync 1 DAGs
[2023-05-26T15:25:29.009+0700] {logging_mixin.py:149} INFO - [2023-05-26T15:25:29.009+0700] {dag.py:3486} INFO - Setting next_dagrun for example_weekday_branch_operator to 2023-05-25T00:00:00+00:00, run_after=2023-05-26T00:00:00+00:00
[2023-05-26T15:25:29.024+0700] {processor.py:179} INFO - Processing /Users/kany/project-local/data-home/tranning-Airflow/venv/lib/python3.11/site-packages/airflow/example_dags/example_branch_day_of_week_operator.py took 0.762 seconds
[2023-05-26T15:27:35.746+0700] {processor.py:157} INFO - Started process (PID=52122) to work on /Users/kany/project-local/data-home/tranning-Airflow/venv/lib/python3.11/site-packages/airflow/example_dags/example_branch_day_of_week_operator.py
[2023-05-26T15:27:35.747+0700] {processor.py:826} INFO - Processing file /Users/kany/project-local/data-home/tranning-Airflow/venv/lib/python3.11/site-packages/airflow/example_dags/example_branch_day_of_week_operator.py for tasks to queue
[2023-05-26T15:27:35.747+0700] {logging_mixin.py:149} INFO - [2023-05-26T15:27:35.747+0700] {dagbag.py:541} INFO - Filling up the DagBag from /Users/kany/project-local/data-home/tranning-Airflow/venv/lib/python3.11/site-packages/airflow/example_dags/example_branch_day_of_week_operator.py
[2023-05-26T15:27:35.772+0700] {processor.py:836} INFO - DAG(s) dict_keys(['example_weekday_branch_operator']) retrieved from /Users/kany/project-local/data-home/tranning-Airflow/venv/lib/python3.11/site-packages/airflow/example_dags/example_branch_day_of_week_operator.py
[2023-05-26T15:27:36.317+0700] {logging_mixin.py:149} INFO - [2023-05-26T15:27:36.317+0700] {dag.py:2726} INFO - Sync 1 DAGs
[2023-05-26T15:27:36.324+0700] {logging_mixin.py:149} INFO - [2023-05-26T15:27:36.324+0700] {dag.py:3486} INFO - Setting next_dagrun for example_weekday_branch_operator to 2023-05-25T00:00:00+00:00, run_after=2023-05-26T00:00:00+00:00
[2023-05-26T15:27:36.331+0700] {processor.py:179} INFO - Processing /Users/kany/project-local/data-home/tranning-Airflow/venv/lib/python3.11/site-packages/airflow/example_dags/example_branch_day_of_week_operator.py took 0.586 seconds
[2023-05-26T15:29:48.474+0700] {processor.py:157} INFO - Started process (PID=52360) to work on /Users/kany/project-local/data-home/tranning-Airflow/venv/lib/python3.11/site-packages/airflow/example_dags/example_branch_day_of_week_operator.py
[2023-05-26T15:29:48.475+0700] {processor.py:826} INFO - Processing file /Users/kany/project-local/data-home/tranning-Airflow/venv/lib/python3.11/site-packages/airflow/example_dags/example_branch_day_of_week_operator.py for tasks to queue
[2023-05-26T15:29:48.475+0700] {logging_mixin.py:149} INFO - [2023-05-26T15:29:48.475+0700] {dagbag.py:541} INFO - Filling up the DagBag from /Users/kany/project-local/data-home/tranning-Airflow/venv/lib/python3.11/site-packages/airflow/example_dags/example_branch_day_of_week_operator.py
[2023-05-26T15:29:48.493+0700] {processor.py:836} INFO - DAG(s) dict_keys(['example_weekday_branch_operator']) retrieved from /Users/kany/project-local/data-home/tranning-Airflow/venv/lib/python3.11/site-packages/airflow/example_dags/example_branch_day_of_week_operator.py
[2023-05-26T15:29:48.967+0700] {logging_mixin.py:149} INFO - [2023-05-26T15:29:48.966+0700] {dag.py:2726} INFO - Sync 1 DAGs
[2023-05-26T15:29:48.973+0700] {logging_mixin.py:149} INFO - [2023-05-26T15:29:48.973+0700] {dag.py:3486} INFO - Setting next_dagrun for example_weekday_branch_operator to 2023-05-25T00:00:00+00:00, run_after=2023-05-26T00:00:00+00:00
[2023-05-26T15:29:48.981+0700] {processor.py:179} INFO - Processing /Users/kany/project-local/data-home/tranning-Airflow/venv/lib/python3.11/site-packages/airflow/example_dags/example_branch_day_of_week_operator.py took 0.507 seconds
[2023-05-26T15:32:00.944+0700] {processor.py:157} INFO - Started process (PID=52467) to work on /Users/kany/project-local/data-home/tranning-Airflow/venv/lib/python3.11/site-packages/airflow/example_dags/example_branch_day_of_week_operator.py
[2023-05-26T15:32:00.944+0700] {processor.py:826} INFO - Processing file /Users/kany/project-local/data-home/tranning-Airflow/venv/lib/python3.11/site-packages/airflow/example_dags/example_branch_day_of_week_operator.py for tasks to queue
[2023-05-26T15:32:00.944+0700] {logging_mixin.py:149} INFO - [2023-05-26T15:32:00.944+0700] {dagbag.py:541} INFO - Filling up the DagBag from /Users/kany/project-local/data-home/tranning-Airflow/venv/lib/python3.11/site-packages/airflow/example_dags/example_branch_day_of_week_operator.py
[2023-05-26T15:32:00.959+0700] {processor.py:836} INFO - DAG(s) dict_keys(['example_weekday_branch_operator']) retrieved from /Users/kany/project-local/data-home/tranning-Airflow/venv/lib/python3.11/site-packages/airflow/example_dags/example_branch_day_of_week_operator.py
[2023-05-26T15:32:01.385+0700] {logging_mixin.py:149} INFO - [2023-05-26T15:32:01.385+0700] {dag.py:2726} INFO - Sync 1 DAGs
[2023-05-26T15:32:01.392+0700] {logging_mixin.py:149} INFO - [2023-05-26T15:32:01.392+0700] {dag.py:3486} INFO - Setting next_dagrun for example_weekday_branch_operator to 2023-05-25T00:00:00+00:00, run_after=2023-05-26T00:00:00+00:00
[2023-05-26T15:32:01.403+0700] {processor.py:179} INFO - Processing /Users/kany/project-local/data-home/tranning-Airflow/venv/lib/python3.11/site-packages/airflow/example_dags/example_branch_day_of_week_operator.py took 0.460 seconds
