[2023-05-26T15:13:09.131+0700] {processor.py:157} INFO - Started process (PID=51168) to work on /Users/kany/project-local/data-home/tranning-Airflow/venv/lib/python3.11/site-packages/airflow/example_dags/example_kubernetes_executor.py
[2023-05-26T15:13:09.197+0700] {processor.py:826} INFO - Processing file /Users/kany/project-local/data-home/tranning-Airflow/venv/lib/python3.11/site-packages/airflow/example_dags/example_kubernetes_executor.py for tasks to queue
[2023-05-26T15:13:09.197+0700] {logging_mixin.py:149} INFO - [2023-05-26T15:13:09.197+0700] {dagbag.py:541} INFO - Filling up the DagBag from /Users/kany/project-local/data-home/tranning-Airflow/venv/lib/python3.11/site-packages/airflow/example_dags/example_kubernetes_executor.py
[2023-05-26T15:13:09.250+0700] {logging_mixin.py:149} INFO - [2023-05-26T15:13:09.250+0700] {example_kubernetes_executor.py:41} WARNING - The example_kubernetes_executor example DAG requires the kubernetes provider. Please install it with: pip install apache-airflow[cncf.kubernetes]
[2023-05-26T15:13:09.251+0700] {processor.py:838} WARNING - No viable dags retrieved from /Users/kany/project-local/data-home/tranning-Airflow/venv/lib/python3.11/site-packages/airflow/example_dags/example_kubernetes_executor.py
[2023-05-26T15:13:09.870+0700] {processor.py:179} INFO - Processing /Users/kany/project-local/data-home/tranning-Airflow/venv/lib/python3.11/site-packages/airflow/example_dags/example_kubernetes_executor.py took 0.739 seconds
[2023-05-26T15:15:14.172+0700] {processor.py:157} INFO - Started process (PID=51261) to work on /Users/kany/project-local/data-home/tranning-Airflow/venv/lib/python3.11/site-packages/airflow/example_dags/example_kubernetes_executor.py
[2023-05-26T15:15:14.173+0700] {processor.py:826} INFO - Processing file /Users/kany/project-local/data-home/tranning-Airflow/venv/lib/python3.11/site-packages/airflow/example_dags/example_kubernetes_executor.py for tasks to queue
[2023-05-26T15:15:14.173+0700] {logging_mixin.py:149} INFO - [2023-05-26T15:15:14.173+0700] {dagbag.py:541} INFO - Filling up the DagBag from /Users/kany/project-local/data-home/tranning-Airflow/venv/lib/python3.11/site-packages/airflow/example_dags/example_kubernetes_executor.py
[2023-05-26T15:15:14.202+0700] {logging_mixin.py:149} INFO - [2023-05-26T15:15:14.202+0700] {example_kubernetes_executor.py:41} WARNING - The example_kubernetes_executor example DAG requires the kubernetes provider. Please install it with: pip install apache-airflow[cncf.kubernetes]
[2023-05-26T15:15:14.202+0700] {processor.py:838} WARNING - No viable dags retrieved from /Users/kany/project-local/data-home/tranning-Airflow/venv/lib/python3.11/site-packages/airflow/example_dags/example_kubernetes_executor.py
[2023-05-26T15:15:14.738+0700] {processor.py:179} INFO - Processing /Users/kany/project-local/data-home/tranning-Airflow/venv/lib/python3.11/site-packages/airflow/example_dags/example_kubernetes_executor.py took 0.567 seconds
[2023-05-26T15:17:45.281+0700] {processor.py:157} INFO - Started process (PID=51422) to work on /Users/kany/project-local/data-home/tranning-Airflow/venv/lib/python3.11/site-packages/airflow/example_dags/example_kubernetes_executor.py
[2023-05-26T15:17:45.282+0700] {processor.py:826} INFO - Processing file /Users/kany/project-local/data-home/tranning-Airflow/venv/lib/python3.11/site-packages/airflow/example_dags/example_kubernetes_executor.py for tasks to queue
[2023-05-26T15:17:45.282+0700] {logging_mixin.py:149} INFO - [2023-05-26T15:17:45.282+0700] {dagbag.py:541} INFO - Filling up the DagBag from /Users/kany/project-local/data-home/tranning-Airflow/venv/lib/python3.11/site-packages/airflow/example_dags/example_kubernetes_executor.py
[2023-05-26T15:17:45.312+0700] {logging_mixin.py:149} INFO - [2023-05-26T15:17:45.311+0700] {example_kubernetes_executor.py:41} WARNING - The example_kubernetes_executor example DAG requires the kubernetes provider. Please install it with: pip install apache-airflow[cncf.kubernetes]
[2023-05-26T15:17:45.312+0700] {processor.py:838} WARNING - No viable dags retrieved from /Users/kany/project-local/data-home/tranning-Airflow/venv/lib/python3.11/site-packages/airflow/example_dags/example_kubernetes_executor.py
[2023-05-26T15:17:45.794+0700] {processor.py:179} INFO - Processing /Users/kany/project-local/data-home/tranning-Airflow/venv/lib/python3.11/site-packages/airflow/example_dags/example_kubernetes_executor.py took 0.513 seconds
[2023-05-26T15:20:04.139+0700] {processor.py:157} INFO - Started process (PID=51586) to work on /Users/kany/project-local/data-home/tranning-Airflow/venv/lib/python3.11/site-packages/airflow/example_dags/example_kubernetes_executor.py
[2023-05-26T15:20:04.140+0700] {processor.py:826} INFO - Processing file /Users/kany/project-local/data-home/tranning-Airflow/venv/lib/python3.11/site-packages/airflow/example_dags/example_kubernetes_executor.py for tasks to queue
[2023-05-26T15:20:04.140+0700] {logging_mixin.py:149} INFO - [2023-05-26T15:20:04.140+0700] {dagbag.py:541} INFO - Filling up the DagBag from /Users/kany/project-local/data-home/tranning-Airflow/venv/lib/python3.11/site-packages/airflow/example_dags/example_kubernetes_executor.py
[2023-05-26T15:20:04.170+0700] {logging_mixin.py:149} INFO - [2023-05-26T15:20:04.170+0700] {example_kubernetes_executor.py:41} WARNING - The example_kubernetes_executor example DAG requires the kubernetes provider. Please install it with: pip install apache-airflow[cncf.kubernetes]
[2023-05-26T15:20:04.170+0700] {processor.py:838} WARNING - No viable dags retrieved from /Users/kany/project-local/data-home/tranning-Airflow/venv/lib/python3.11/site-packages/airflow/example_dags/example_kubernetes_executor.py
[2023-05-26T15:20:04.606+0700] {processor.py:179} INFO - Processing /Users/kany/project-local/data-home/tranning-Airflow/venv/lib/python3.11/site-packages/airflow/example_dags/example_kubernetes_executor.py took 0.468 seconds
[2023-05-26T15:22:20.708+0700] {processor.py:157} INFO - Started process (PID=51733) to work on /Users/kany/project-local/data-home/tranning-Airflow/venv/lib/python3.11/site-packages/airflow/example_dags/example_kubernetes_executor.py
[2023-05-26T15:22:20.708+0700] {processor.py:826} INFO - Processing file /Users/kany/project-local/data-home/tranning-Airflow/venv/lib/python3.11/site-packages/airflow/example_dags/example_kubernetes_executor.py for tasks to queue
[2023-05-26T15:22:20.708+0700] {logging_mixin.py:149} INFO - [2023-05-26T15:22:20.708+0700] {dagbag.py:541} INFO - Filling up the DagBag from /Users/kany/project-local/data-home/tranning-Airflow/venv/lib/python3.11/site-packages/airflow/example_dags/example_kubernetes_executor.py
[2023-05-26T15:22:20.734+0700] {logging_mixin.py:149} INFO - [2023-05-26T15:22:20.734+0700] {example_kubernetes_executor.py:41} WARNING - The example_kubernetes_executor example DAG requires the kubernetes provider. Please install it with: pip install apache-airflow[cncf.kubernetes]
[2023-05-26T15:22:20.734+0700] {processor.py:838} WARNING - No viable dags retrieved from /Users/kany/project-local/data-home/tranning-Airflow/venv/lib/python3.11/site-packages/airflow/example_dags/example_kubernetes_executor.py
[2023-05-26T15:22:21.161+0700] {processor.py:179} INFO - Processing /Users/kany/project-local/data-home/tranning-Airflow/venv/lib/python3.11/site-packages/airflow/example_dags/example_kubernetes_executor.py took 0.453 seconds
[2023-05-26T15:24:23.037+0700] {processor.py:157} INFO - Started process (PID=51826) to work on /Users/kany/project-local/data-home/tranning-Airflow/venv/lib/python3.11/site-packages/airflow/example_dags/example_kubernetes_executor.py
[2023-05-26T15:24:23.038+0700] {processor.py:826} INFO - Processing file /Users/kany/project-local/data-home/tranning-Airflow/venv/lib/python3.11/site-packages/airflow/example_dags/example_kubernetes_executor.py for tasks to queue
[2023-05-26T15:24:23.038+0700] {logging_mixin.py:149} INFO - [2023-05-26T15:24:23.038+0700] {dagbag.py:541} INFO - Filling up the DagBag from /Users/kany/project-local/data-home/tranning-Airflow/venv/lib/python3.11/site-packages/airflow/example_dags/example_kubernetes_executor.py
[2023-05-26T15:24:23.065+0700] {logging_mixin.py:149} INFO - [2023-05-26T15:24:23.065+0700] {example_kubernetes_executor.py:41} WARNING - The example_kubernetes_executor example DAG requires the kubernetes provider. Please install it with: pip install apache-airflow[cncf.kubernetes]
[2023-05-26T15:24:23.065+0700] {processor.py:838} WARNING - No viable dags retrieved from /Users/kany/project-local/data-home/tranning-Airflow/venv/lib/python3.11/site-packages/airflow/example_dags/example_kubernetes_executor.py
[2023-05-26T15:24:23.543+0700] {processor.py:179} INFO - Processing /Users/kany/project-local/data-home/tranning-Airflow/venv/lib/python3.11/site-packages/airflow/example_dags/example_kubernetes_executor.py took 0.506 seconds
[2023-05-26T15:26:31.354+0700] {processor.py:157} INFO - Started process (PID=52012) to work on /Users/kany/project-local/data-home/tranning-Airflow/venv/lib/python3.11/site-packages/airflow/example_dags/example_kubernetes_executor.py
[2023-05-26T15:26:31.356+0700] {processor.py:826} INFO - Processing file /Users/kany/project-local/data-home/tranning-Airflow/venv/lib/python3.11/site-packages/airflow/example_dags/example_kubernetes_executor.py for tasks to queue
[2023-05-26T15:26:31.356+0700] {logging_mixin.py:149} INFO - [2023-05-26T15:26:31.356+0700] {dagbag.py:541} INFO - Filling up the DagBag from /Users/kany/project-local/data-home/tranning-Airflow/venv/lib/python3.11/site-packages/airflow/example_dags/example_kubernetes_executor.py
[2023-05-26T15:26:31.386+0700] {logging_mixin.py:149} INFO - [2023-05-26T15:26:31.386+0700] {example_kubernetes_executor.py:41} WARNING - The example_kubernetes_executor example DAG requires the kubernetes provider. Please install it with: pip install apache-airflow[cncf.kubernetes]
[2023-05-26T15:26:31.386+0700] {processor.py:838} WARNING - No viable dags retrieved from /Users/kany/project-local/data-home/tranning-Airflow/venv/lib/python3.11/site-packages/airflow/example_dags/example_kubernetes_executor.py
[2023-05-26T15:26:32.000+0700] {processor.py:179} INFO - Processing /Users/kany/project-local/data-home/tranning-Airflow/venv/lib/python3.11/site-packages/airflow/example_dags/example_kubernetes_executor.py took 0.646 seconds
[2023-05-26T15:28:41.111+0700] {processor.py:157} INFO - Started process (PID=52240) to work on /Users/kany/project-local/data-home/tranning-Airflow/venv/lib/python3.11/site-packages/airflow/example_dags/example_kubernetes_executor.py
[2023-05-26T15:28:41.111+0700] {processor.py:826} INFO - Processing file /Users/kany/project-local/data-home/tranning-Airflow/venv/lib/python3.11/site-packages/airflow/example_dags/example_kubernetes_executor.py for tasks to queue
[2023-05-26T15:28:41.112+0700] {logging_mixin.py:149} INFO - [2023-05-26T15:28:41.112+0700] {dagbag.py:541} INFO - Filling up the DagBag from /Users/kany/project-local/data-home/tranning-Airflow/venv/lib/python3.11/site-packages/airflow/example_dags/example_kubernetes_executor.py
[2023-05-26T15:28:41.139+0700] {logging_mixin.py:149} INFO - [2023-05-26T15:28:41.139+0700] {example_kubernetes_executor.py:41} WARNING - The example_kubernetes_executor example DAG requires the kubernetes provider. Please install it with: pip install apache-airflow[cncf.kubernetes]
[2023-05-26T15:28:41.139+0700] {processor.py:838} WARNING - No viable dags retrieved from /Users/kany/project-local/data-home/tranning-Airflow/venv/lib/python3.11/site-packages/airflow/example_dags/example_kubernetes_executor.py
[2023-05-26T15:28:41.662+0700] {processor.py:179} INFO - Processing /Users/kany/project-local/data-home/tranning-Airflow/venv/lib/python3.11/site-packages/airflow/example_dags/example_kubernetes_executor.py took 0.552 seconds
[2023-05-26T15:30:56.056+0700] {processor.py:157} INFO - Started process (PID=52422) to work on /Users/kany/project-local/data-home/tranning-Airflow/venv/lib/python3.11/site-packages/airflow/example_dags/example_kubernetes_executor.py
[2023-05-26T15:30:56.057+0700] {processor.py:826} INFO - Processing file /Users/kany/project-local/data-home/tranning-Airflow/venv/lib/python3.11/site-packages/airflow/example_dags/example_kubernetes_executor.py for tasks to queue
[2023-05-26T15:30:56.058+0700] {logging_mixin.py:149} INFO - [2023-05-26T15:30:56.058+0700] {dagbag.py:541} INFO - Filling up the DagBag from /Users/kany/project-local/data-home/tranning-Airflow/venv/lib/python3.11/site-packages/airflow/example_dags/example_kubernetes_executor.py
[2023-05-26T15:30:56.085+0700] {logging_mixin.py:149} INFO - [2023-05-26T15:30:56.085+0700] {example_kubernetes_executor.py:41} WARNING - The example_kubernetes_executor example DAG requires the kubernetes provider. Please install it with: pip install apache-airflow[cncf.kubernetes]
[2023-05-26T15:30:56.085+0700] {processor.py:838} WARNING - No viable dags retrieved from /Users/kany/project-local/data-home/tranning-Airflow/venv/lib/python3.11/site-packages/airflow/example_dags/example_kubernetes_executor.py
[2023-05-26T15:30:56.545+0700] {processor.py:179} INFO - Processing /Users/kany/project-local/data-home/tranning-Airflow/venv/lib/python3.11/site-packages/airflow/example_dags/example_kubernetes_executor.py took 0.489 seconds
