[2023-05-26T15:12:07.009+0700] {processor.py:157} INFO - Started process (PID=51108) to work on /Users/kany/project-local/data-home/tranning-Airflow/venv/lib/python3.11/site-packages/airflow/example_dags/example_xcomargs.py
[2023-05-26T15:12:07.009+0700] {processor.py:826} INFO - Processing file /Users/kany/project-local/data-home/tranning-Airflow/venv/lib/python3.11/site-packages/airflow/example_dags/example_xcomargs.py for tasks to queue
[2023-05-26T15:12:07.009+0700] {logging_mixin.py:149} INFO - [2023-05-26T15:12:07.009+0700] {dagbag.py:541} INFO - Filling up the DagBag from /Users/kany/project-local/data-home/tranning-Airflow/venv/lib/python3.11/site-packages/airflow/example_dags/example_xcomargs.py
[2023-05-26T15:12:07.045+0700] {processor.py:836} INFO - DAG(s) dict_keys(['example_xcom_args', 'example_xcom_args_with_operators']) retrieved from /Users/kany/project-local/data-home/tranning-Airflow/venv/lib/python3.11/site-packages/airflow/example_dags/example_xcomargs.py
[2023-05-26T15:12:07.542+0700] {logging_mixin.py:149} INFO - [2023-05-26T15:12:07.542+0700] {manager.py:504} INFO - Created Permission View: can edit on DAG:example_xcom_args
[2023-05-26T15:12:07.545+0700] {logging_mixin.py:149} INFO - [2023-05-26T15:12:07.545+0700] {manager.py:504} INFO - Created Permission View: can delete on DAG:example_xcom_args
[2023-05-26T15:12:07.547+0700] {logging_mixin.py:149} INFO - [2023-05-26T15:12:07.547+0700] {manager.py:504} INFO - Created Permission View: can read on DAG:example_xcom_args
[2023-05-26T15:12:07.553+0700] {logging_mixin.py:149} INFO - [2023-05-26T15:12:07.553+0700] {manager.py:504} INFO - Created Permission View: can edit on DAG:example_xcom_args_with_operators
[2023-05-26T15:12:07.555+0700] {logging_mixin.py:149} INFO - [2023-05-26T15:12:07.555+0700] {manager.py:504} INFO - Created Permission View: can delete on DAG:example_xcom_args_with_operators
[2023-05-26T15:12:07.558+0700] {logging_mixin.py:149} INFO - [2023-05-26T15:12:07.558+0700] {manager.py:504} INFO - Created Permission View: can read on DAG:example_xcom_args_with_operators
[2023-05-26T15:12:07.558+0700] {logging_mixin.py:149} INFO - [2023-05-26T15:12:07.558+0700] {dag.py:2726} INFO - Sync 2 DAGs
[2023-05-26T15:12:07.562+0700] {logging_mixin.py:149} INFO - [2023-05-26T15:12:07.562+0700] {dag.py:2747} INFO - Creating ORM DAG for example_xcom_args_with_operators
[2023-05-26T15:12:07.562+0700] {logging_mixin.py:149} INFO - [2023-05-26T15:12:07.562+0700] {dag.py:2747} INFO - Creating ORM DAG for example_xcom_args
[2023-05-26T15:12:07.565+0700] {logging_mixin.py:149} INFO - [2023-05-26T15:12:07.565+0700] {dag.py:3486} INFO - Setting next_dagrun for example_xcom_args to None, run_after=None
[2023-05-26T15:12:07.565+0700] {logging_mixin.py:149} INFO - [2023-05-26T15:12:07.565+0700] {dag.py:3486} INFO - Setting next_dagrun for example_xcom_args_with_operators to None, run_after=None
[2023-05-26T15:12:07.573+0700] {processor.py:179} INFO - Processing /Users/kany/project-local/data-home/tranning-Airflow/venv/lib/python3.11/site-packages/airflow/example_dags/example_xcomargs.py took 0.564 seconds
[2023-05-26T15:14:10.187+0700] {processor.py:157} INFO - Started process (PID=51209) to work on /Users/kany/project-local/data-home/tranning-Airflow/venv/lib/python3.11/site-packages/airflow/example_dags/example_xcomargs.py
[2023-05-26T15:14:10.188+0700] {processor.py:826} INFO - Processing file /Users/kany/project-local/data-home/tranning-Airflow/venv/lib/python3.11/site-packages/airflow/example_dags/example_xcomargs.py for tasks to queue
[2023-05-26T15:14:10.188+0700] {logging_mixin.py:149} INFO - [2023-05-26T15:14:10.188+0700] {dagbag.py:541} INFO - Filling up the DagBag from /Users/kany/project-local/data-home/tranning-Airflow/venv/lib/python3.11/site-packages/airflow/example_dags/example_xcomargs.py
[2023-05-26T15:14:10.235+0700] {processor.py:836} INFO - DAG(s) dict_keys(['example_xcom_args_with_operators', 'example_xcom_args']) retrieved from /Users/kany/project-local/data-home/tranning-Airflow/venv/lib/python3.11/site-packages/airflow/example_dags/example_xcomargs.py
[2023-05-26T15:14:10.964+0700] {logging_mixin.py:149} INFO - [2023-05-26T15:14:10.964+0700] {dag.py:2726} INFO - Sync 2 DAGs
[2023-05-26T15:14:10.969+0700] {logging_mixin.py:149} INFO - [2023-05-26T15:14:10.969+0700] {dag.py:3486} INFO - Setting next_dagrun for example_xcom_args to None, run_after=None
[2023-05-26T15:14:10.970+0700] {logging_mixin.py:149} INFO - [2023-05-26T15:14:10.970+0700] {dag.py:3486} INFO - Setting next_dagrun for example_xcom_args_with_operators to None, run_after=None
[2023-05-26T15:14:10.979+0700] {processor.py:179} INFO - Processing /Users/kany/project-local/data-home/tranning-Airflow/venv/lib/python3.11/site-packages/airflow/example_dags/example_xcomargs.py took 0.792 seconds
[2023-05-26T15:15:36.972+0700] {processor.py:157} INFO - Started process (PID=51275) to work on /Users/kany/project-local/data-home/tranning-Airflow/venv/lib/python3.11/site-packages/airflow/example_dags/example_xcomargs.py
[2023-05-26T15:15:36.972+0700] {processor.py:826} INFO - Processing file /Users/kany/project-local/data-home/tranning-Airflow/venv/lib/python3.11/site-packages/airflow/example_dags/example_xcomargs.py for tasks to queue
[2023-05-26T15:15:36.972+0700] {logging_mixin.py:149} INFO - [2023-05-26T15:15:36.972+0700] {dagbag.py:541} INFO - Filling up the DagBag from /Users/kany/project-local/data-home/tranning-Airflow/venv/lib/python3.11/site-packages/airflow/example_dags/example_xcomargs.py
[2023-05-26T15:15:37.015+0700] {processor.py:836} INFO - DAG(s) dict_keys(['example_xcom_args_with_operators', 'example_xcom_args']) retrieved from /Users/kany/project-local/data-home/tranning-Airflow/venv/lib/python3.11/site-packages/airflow/example_dags/example_xcomargs.py
[2023-05-26T15:15:37.549+0700] {logging_mixin.py:149} INFO - [2023-05-26T15:15:37.549+0700] {dag.py:2726} INFO - Sync 2 DAGs
[2023-05-26T15:15:37.555+0700] {logging_mixin.py:149} INFO - [2023-05-26T15:15:37.554+0700] {dag.py:3486} INFO - Setting next_dagrun for example_xcom_args to None, run_after=None
[2023-05-26T15:15:37.555+0700] {logging_mixin.py:149} INFO - [2023-05-26T15:15:37.555+0700] {dag.py:3486} INFO - Setting next_dagrun for example_xcom_args_with_operators to None, run_after=None
[2023-05-26T15:15:37.563+0700] {processor.py:179} INFO - Processing /Users/kany/project-local/data-home/tranning-Airflow/venv/lib/python3.11/site-packages/airflow/example_dags/example_xcomargs.py took 0.591 seconds
[2023-05-26T15:16:52.387+0700] {processor.py:157} INFO - Started process (PID=51380) to work on /Users/kany/project-local/data-home/tranning-Airflow/venv/lib/python3.11/site-packages/airflow/example_dags/example_xcomargs.py
[2023-05-26T15:16:52.388+0700] {processor.py:826} INFO - Processing file /Users/kany/project-local/data-home/tranning-Airflow/venv/lib/python3.11/site-packages/airflow/example_dags/example_xcomargs.py for tasks to queue
[2023-05-26T15:16:52.388+0700] {logging_mixin.py:149} INFO - [2023-05-26T15:16:52.388+0700] {dagbag.py:541} INFO - Filling up the DagBag from /Users/kany/project-local/data-home/tranning-Airflow/venv/lib/python3.11/site-packages/airflow/example_dags/example_xcomargs.py
[2023-05-26T15:16:52.444+0700] {processor.py:836} INFO - DAG(s) dict_keys(['example_xcom_args', 'example_xcom_args_with_operators']) retrieved from /Users/kany/project-local/data-home/tranning-Airflow/venv/lib/python3.11/site-packages/airflow/example_dags/example_xcomargs.py
[2023-05-26T15:16:53.287+0700] {logging_mixin.py:149} INFO - [2023-05-26T15:16:53.287+0700] {dag.py:2726} INFO - Sync 2 DAGs
[2023-05-26T15:16:53.292+0700] {logging_mixin.py:149} INFO - [2023-05-26T15:16:53.292+0700] {dag.py:3486} INFO - Setting next_dagrun for example_xcom_args to None, run_after=None
[2023-05-26T15:16:53.293+0700] {logging_mixin.py:149} INFO - [2023-05-26T15:16:53.293+0700] {dag.py:3486} INFO - Setting next_dagrun for example_xcom_args_with_operators to None, run_after=None
[2023-05-26T15:16:53.304+0700] {processor.py:179} INFO - Processing /Users/kany/project-local/data-home/tranning-Airflow/venv/lib/python3.11/site-packages/airflow/example_dags/example_xcomargs.py took 0.917 seconds
[2023-05-26T15:18:09.049+0700] {processor.py:157} INFO - Started process (PID=51439) to work on /Users/kany/project-local/data-home/tranning-Airflow/venv/lib/python3.11/site-packages/airflow/example_dags/example_xcomargs.py
[2023-05-26T15:18:09.051+0700] {processor.py:826} INFO - Processing file /Users/kany/project-local/data-home/tranning-Airflow/venv/lib/python3.11/site-packages/airflow/example_dags/example_xcomargs.py for tasks to queue
[2023-05-26T15:18:09.051+0700] {logging_mixin.py:149} INFO - [2023-05-26T15:18:09.051+0700] {dagbag.py:541} INFO - Filling up the DagBag from /Users/kany/project-local/data-home/tranning-Airflow/venv/lib/python3.11/site-packages/airflow/example_dags/example_xcomargs.py
[2023-05-26T15:18:09.087+0700] {processor.py:836} INFO - DAG(s) dict_keys(['example_xcom_args_with_operators', 'example_xcom_args']) retrieved from /Users/kany/project-local/data-home/tranning-Airflow/venv/lib/python3.11/site-packages/airflow/example_dags/example_xcomargs.py
[2023-05-26T15:18:09.616+0700] {logging_mixin.py:149} INFO - [2023-05-26T15:18:09.616+0700] {dag.py:2726} INFO - Sync 2 DAGs
[2023-05-26T15:18:09.622+0700] {logging_mixin.py:149} INFO - [2023-05-26T15:18:09.622+0700] {dag.py:3486} INFO - Setting next_dagrun for example_xcom_args to None, run_after=None
[2023-05-26T15:18:09.623+0700] {logging_mixin.py:149} INFO - [2023-05-26T15:18:09.623+0700] {dag.py:3486} INFO - Setting next_dagrun for example_xcom_args_with_operators to None, run_after=None
[2023-05-26T15:18:09.631+0700] {processor.py:179} INFO - Processing /Users/kany/project-local/data-home/tranning-Airflow/venv/lib/python3.11/site-packages/airflow/example_dags/example_xcomargs.py took 0.582 seconds
[2023-05-26T15:19:22.043+0700] {processor.py:157} INFO - Started process (PID=51555) to work on /Users/kany/project-local/data-home/tranning-Airflow/venv/lib/python3.11/site-packages/airflow/example_dags/example_xcomargs.py
[2023-05-26T15:19:22.046+0700] {processor.py:826} INFO - Processing file /Users/kany/project-local/data-home/tranning-Airflow/venv/lib/python3.11/site-packages/airflow/example_dags/example_xcomargs.py for tasks to queue
[2023-05-26T15:19:22.046+0700] {logging_mixin.py:149} INFO - [2023-05-26T15:19:22.046+0700] {dagbag.py:541} INFO - Filling up the DagBag from /Users/kany/project-local/data-home/tranning-Airflow/venv/lib/python3.11/site-packages/airflow/example_dags/example_xcomargs.py
[2023-05-26T15:19:22.117+0700] {processor.py:836} INFO - DAG(s) dict_keys(['example_xcom_args', 'example_xcom_args_with_operators']) retrieved from /Users/kany/project-local/data-home/tranning-Airflow/venv/lib/python3.11/site-packages/airflow/example_dags/example_xcomargs.py
[2023-05-26T15:19:22.904+0700] {logging_mixin.py:149} INFO - [2023-05-26T15:19:22.903+0700] {dag.py:2726} INFO - Sync 2 DAGs
[2023-05-26T15:19:22.911+0700] {logging_mixin.py:149} INFO - [2023-05-26T15:19:22.910+0700] {dag.py:3486} INFO - Setting next_dagrun for example_xcom_args to None, run_after=None
[2023-05-26T15:19:22.912+0700] {logging_mixin.py:149} INFO - [2023-05-26T15:19:22.912+0700] {dag.py:3486} INFO - Setting next_dagrun for example_xcom_args_with_operators to None, run_after=None
[2023-05-26T15:19:22.919+0700] {processor.py:179} INFO - Processing /Users/kany/project-local/data-home/tranning-Airflow/venv/lib/python3.11/site-packages/airflow/example_dags/example_xcomargs.py took 0.879 seconds
[2023-05-26T15:20:28.419+0700] {processor.py:157} INFO - Started process (PID=51604) to work on /Users/kany/project-local/data-home/tranning-Airflow/venv/lib/python3.11/site-packages/airflow/example_dags/example_xcomargs.py
[2023-05-26T15:20:28.420+0700] {processor.py:826} INFO - Processing file /Users/kany/project-local/data-home/tranning-Airflow/venv/lib/python3.11/site-packages/airflow/example_dags/example_xcomargs.py for tasks to queue
[2023-05-26T15:20:28.420+0700] {logging_mixin.py:149} INFO - [2023-05-26T15:20:28.420+0700] {dagbag.py:541} INFO - Filling up the DagBag from /Users/kany/project-local/data-home/tranning-Airflow/venv/lib/python3.11/site-packages/airflow/example_dags/example_xcomargs.py
[2023-05-26T15:20:28.457+0700] {processor.py:836} INFO - DAG(s) dict_keys(['example_xcom_args_with_operators', 'example_xcom_args']) retrieved from /Users/kany/project-local/data-home/tranning-Airflow/venv/lib/python3.11/site-packages/airflow/example_dags/example_xcomargs.py
[2023-05-26T15:20:28.901+0700] {logging_mixin.py:149} INFO - [2023-05-26T15:20:28.901+0700] {dag.py:2726} INFO - Sync 2 DAGs
[2023-05-26T15:20:28.908+0700] {logging_mixin.py:149} INFO - [2023-05-26T15:20:28.908+0700] {dag.py:3486} INFO - Setting next_dagrun for example_xcom_args to None, run_after=None
[2023-05-26T15:20:28.909+0700] {logging_mixin.py:149} INFO - [2023-05-26T15:20:28.909+0700] {dag.py:3486} INFO - Setting next_dagrun for example_xcom_args_with_operators to None, run_after=None
[2023-05-26T15:20:28.922+0700] {processor.py:179} INFO - Processing /Users/kany/project-local/data-home/tranning-Airflow/venv/lib/python3.11/site-packages/airflow/example_dags/example_xcomargs.py took 0.502 seconds
[2023-05-26T15:21:39.999+0700] {processor.py:157} INFO - Started process (PID=51710) to work on /Users/kany/project-local/data-home/tranning-Airflow/venv/lib/python3.11/site-packages/airflow/example_dags/example_xcomargs.py
[2023-05-26T15:21:39.999+0700] {processor.py:826} INFO - Processing file /Users/kany/project-local/data-home/tranning-Airflow/venv/lib/python3.11/site-packages/airflow/example_dags/example_xcomargs.py for tasks to queue
[2023-05-26T15:21:39.999+0700] {logging_mixin.py:149} INFO - [2023-05-26T15:21:39.999+0700] {dagbag.py:541} INFO - Filling up the DagBag from /Users/kany/project-local/data-home/tranning-Airflow/venv/lib/python3.11/site-packages/airflow/example_dags/example_xcomargs.py
[2023-05-26T15:21:40.036+0700] {processor.py:836} INFO - DAG(s) dict_keys(['example_xcom_args', 'example_xcom_args_with_operators']) retrieved from /Users/kany/project-local/data-home/tranning-Airflow/venv/lib/python3.11/site-packages/airflow/example_dags/example_xcomargs.py
[2023-05-26T15:21:40.463+0700] {logging_mixin.py:149} INFO - [2023-05-26T15:21:40.463+0700] {dag.py:2726} INFO - Sync 2 DAGs
[2023-05-26T15:21:40.468+0700] {logging_mixin.py:149} INFO - [2023-05-26T15:21:40.468+0700] {dag.py:3486} INFO - Setting next_dagrun for example_xcom_args to None, run_after=None
[2023-05-26T15:21:40.469+0700] {logging_mixin.py:149} INFO - [2023-05-26T15:21:40.469+0700] {dag.py:3486} INFO - Setting next_dagrun for example_xcom_args_with_operators to None, run_after=None
[2023-05-26T15:21:40.478+0700] {processor.py:179} INFO - Processing /Users/kany/project-local/data-home/tranning-Airflow/venv/lib/python3.11/site-packages/airflow/example_dags/example_xcomargs.py took 0.479 seconds
[2023-05-26T15:22:42.322+0700] {processor.py:157} INFO - Started process (PID=51746) to work on /Users/kany/project-local/data-home/tranning-Airflow/venv/lib/python3.11/site-packages/airflow/example_dags/example_xcomargs.py
[2023-05-26T15:22:42.323+0700] {processor.py:826} INFO - Processing file /Users/kany/project-local/data-home/tranning-Airflow/venv/lib/python3.11/site-packages/airflow/example_dags/example_xcomargs.py for tasks to queue
[2023-05-26T15:22:42.323+0700] {logging_mixin.py:149} INFO - [2023-05-26T15:22:42.323+0700] {dagbag.py:541} INFO - Filling up the DagBag from /Users/kany/project-local/data-home/tranning-Airflow/venv/lib/python3.11/site-packages/airflow/example_dags/example_xcomargs.py
[2023-05-26T15:22:42.362+0700] {processor.py:836} INFO - DAG(s) dict_keys(['example_xcom_args_with_operators', 'example_xcom_args']) retrieved from /Users/kany/project-local/data-home/tranning-Airflow/venv/lib/python3.11/site-packages/airflow/example_dags/example_xcomargs.py
[2023-05-26T15:22:42.789+0700] {logging_mixin.py:149} INFO - [2023-05-26T15:22:42.789+0700] {dag.py:2726} INFO - Sync 2 DAGs
[2023-05-26T15:22:42.794+0700] {logging_mixin.py:149} INFO - [2023-05-26T15:22:42.794+0700] {dag.py:3486} INFO - Setting next_dagrun for example_xcom_args to None, run_after=None
[2023-05-26T15:22:42.795+0700] {logging_mixin.py:149} INFO - [2023-05-26T15:22:42.795+0700] {dag.py:3486} INFO - Setting next_dagrun for example_xcom_args_with_operators to None, run_after=None
[2023-05-26T15:22:42.802+0700] {processor.py:179} INFO - Processing /Users/kany/project-local/data-home/tranning-Airflow/venv/lib/python3.11/site-packages/airflow/example_dags/example_xcomargs.py took 0.480 seconds
[2023-05-26T15:23:42.750+0700] {processor.py:157} INFO - Started process (PID=51798) to work on /Users/kany/project-local/data-home/tranning-Airflow/venv/lib/python3.11/site-packages/airflow/example_dags/example_xcomargs.py
[2023-05-26T15:23:42.751+0700] {processor.py:826} INFO - Processing file /Users/kany/project-local/data-home/tranning-Airflow/venv/lib/python3.11/site-packages/airflow/example_dags/example_xcomargs.py for tasks to queue
[2023-05-26T15:23:42.751+0700] {logging_mixin.py:149} INFO - [2023-05-26T15:23:42.751+0700] {dagbag.py:541} INFO - Filling up the DagBag from /Users/kany/project-local/data-home/tranning-Airflow/venv/lib/python3.11/site-packages/airflow/example_dags/example_xcomargs.py
[2023-05-26T15:23:42.784+0700] {processor.py:836} INFO - DAG(s) dict_keys(['example_xcom_args_with_operators', 'example_xcom_args']) retrieved from /Users/kany/project-local/data-home/tranning-Airflow/venv/lib/python3.11/site-packages/airflow/example_dags/example_xcomargs.py
[2023-05-26T15:23:43.242+0700] {logging_mixin.py:149} INFO - [2023-05-26T15:23:43.242+0700] {dag.py:2726} INFO - Sync 2 DAGs
[2023-05-26T15:23:43.249+0700] {logging_mixin.py:149} INFO - [2023-05-26T15:23:43.248+0700] {dag.py:3486} INFO - Setting next_dagrun for example_xcom_args to None, run_after=None
[2023-05-26T15:23:43.249+0700] {logging_mixin.py:149} INFO - [2023-05-26T15:23:43.249+0700] {dag.py:3486} INFO - Setting next_dagrun for example_xcom_args_with_operators to None, run_after=None
[2023-05-26T15:23:43.257+0700] {processor.py:179} INFO - Processing /Users/kany/project-local/data-home/tranning-Airflow/venv/lib/python3.11/site-packages/airflow/example_dags/example_xcomargs.py took 0.507 seconds
[2023-05-26T15:24:46.224+0700] {processor.py:157} INFO - Started process (PID=51840) to work on /Users/kany/project-local/data-home/tranning-Airflow/venv/lib/python3.11/site-packages/airflow/example_dags/example_xcomargs.py
[2023-05-26T15:24:46.225+0700] {processor.py:826} INFO - Processing file /Users/kany/project-local/data-home/tranning-Airflow/venv/lib/python3.11/site-packages/airflow/example_dags/example_xcomargs.py for tasks to queue
[2023-05-26T15:24:46.225+0700] {logging_mixin.py:149} INFO - [2023-05-26T15:24:46.225+0700] {dagbag.py:541} INFO - Filling up the DagBag from /Users/kany/project-local/data-home/tranning-Airflow/venv/lib/python3.11/site-packages/airflow/example_dags/example_xcomargs.py
[2023-05-26T15:24:46.259+0700] {processor.py:836} INFO - DAG(s) dict_keys(['example_xcom_args_with_operators', 'example_xcom_args']) retrieved from /Users/kany/project-local/data-home/tranning-Airflow/venv/lib/python3.11/site-packages/airflow/example_dags/example_xcomargs.py
[2023-05-26T15:24:46.706+0700] {logging_mixin.py:149} INFO - [2023-05-26T15:24:46.705+0700] {dag.py:2726} INFO - Sync 2 DAGs
[2023-05-26T15:24:46.711+0700] {logging_mixin.py:149} INFO - [2023-05-26T15:24:46.711+0700] {dag.py:3486} INFO - Setting next_dagrun for example_xcom_args to None, run_after=None
[2023-05-26T15:24:46.712+0700] {logging_mixin.py:149} INFO - [2023-05-26T15:24:46.712+0700] {dag.py:3486} INFO - Setting next_dagrun for example_xcom_args_with_operators to None, run_after=None
[2023-05-26T15:24:46.719+0700] {processor.py:179} INFO - Processing /Users/kany/project-local/data-home/tranning-Airflow/venv/lib/python3.11/site-packages/airflow/example_dags/example_xcomargs.py took 0.495 seconds
[2023-05-26T15:25:50.695+0700] {processor.py:157} INFO - Started process (PID=51928) to work on /Users/kany/project-local/data-home/tranning-Airflow/venv/lib/python3.11/site-packages/airflow/example_dags/example_xcomargs.py
[2023-05-26T15:25:50.696+0700] {processor.py:826} INFO - Processing file /Users/kany/project-local/data-home/tranning-Airflow/venv/lib/python3.11/site-packages/airflow/example_dags/example_xcomargs.py for tasks to queue
[2023-05-26T15:25:50.697+0700] {logging_mixin.py:149} INFO - [2023-05-26T15:25:50.697+0700] {dagbag.py:541} INFO - Filling up the DagBag from /Users/kany/project-local/data-home/tranning-Airflow/venv/lib/python3.11/site-packages/airflow/example_dags/example_xcomargs.py
[2023-05-26T15:25:50.738+0700] {processor.py:836} INFO - DAG(s) dict_keys(['example_xcom_args', 'example_xcom_args_with_operators']) retrieved from /Users/kany/project-local/data-home/tranning-Airflow/venv/lib/python3.11/site-packages/airflow/example_dags/example_xcomargs.py
[2023-05-26T15:25:51.286+0700] {logging_mixin.py:149} INFO - [2023-05-26T15:25:51.285+0700] {dag.py:2726} INFO - Sync 2 DAGs
[2023-05-26T15:25:51.291+0700] {logging_mixin.py:149} INFO - [2023-05-26T15:25:51.291+0700] {dag.py:3486} INFO - Setting next_dagrun for example_xcom_args to None, run_after=None
[2023-05-26T15:25:51.292+0700] {logging_mixin.py:149} INFO - [2023-05-26T15:25:51.292+0700] {dag.py:3486} INFO - Setting next_dagrun for example_xcom_args_with_operators to None, run_after=None
[2023-05-26T15:25:51.300+0700] {processor.py:179} INFO - Processing /Users/kany/project-local/data-home/tranning-Airflow/venv/lib/python3.11/site-packages/airflow/example_dags/example_xcomargs.py took 0.605 seconds
[2023-05-26T15:26:53.820+0700] {processor.py:157} INFO - Started process (PID=52054) to work on /Users/kany/project-local/data-home/tranning-Airflow/venv/lib/python3.11/site-packages/airflow/example_dags/example_xcomargs.py
[2023-05-26T15:26:53.821+0700] {processor.py:826} INFO - Processing file /Users/kany/project-local/data-home/tranning-Airflow/venv/lib/python3.11/site-packages/airflow/example_dags/example_xcomargs.py for tasks to queue
[2023-05-26T15:26:53.822+0700] {logging_mixin.py:149} INFO - [2023-05-26T15:26:53.822+0700] {dagbag.py:541} INFO - Filling up the DagBag from /Users/kany/project-local/data-home/tranning-Airflow/venv/lib/python3.11/site-packages/airflow/example_dags/example_xcomargs.py
[2023-05-26T15:26:53.855+0700] {processor.py:836} INFO - DAG(s) dict_keys(['example_xcom_args_with_operators', 'example_xcom_args']) retrieved from /Users/kany/project-local/data-home/tranning-Airflow/venv/lib/python3.11/site-packages/airflow/example_dags/example_xcomargs.py
[2023-05-26T15:26:54.328+0700] {logging_mixin.py:149} INFO - [2023-05-26T15:26:54.328+0700] {dag.py:2726} INFO - Sync 2 DAGs
[2023-05-26T15:26:54.334+0700] {logging_mixin.py:149} INFO - [2023-05-26T15:26:54.334+0700] {dag.py:3486} INFO - Setting next_dagrun for example_xcom_args to None, run_after=None
[2023-05-26T15:26:54.335+0700] {logging_mixin.py:149} INFO - [2023-05-26T15:26:54.335+0700] {dag.py:3486} INFO - Setting next_dagrun for example_xcom_args_with_operators to None, run_after=None
[2023-05-26T15:26:54.342+0700] {processor.py:179} INFO - Processing /Users/kany/project-local/data-home/tranning-Airflow/venv/lib/python3.11/site-packages/airflow/example_dags/example_xcomargs.py took 0.522 seconds
[2023-05-26T15:27:58.778+0700] {processor.py:157} INFO - Started process (PID=52160) to work on /Users/kany/project-local/data-home/tranning-Airflow/venv/lib/python3.11/site-packages/airflow/example_dags/example_xcomargs.py
[2023-05-26T15:27:58.779+0700] {processor.py:826} INFO - Processing file /Users/kany/project-local/data-home/tranning-Airflow/venv/lib/python3.11/site-packages/airflow/example_dags/example_xcomargs.py for tasks to queue
[2023-05-26T15:27:58.779+0700] {logging_mixin.py:149} INFO - [2023-05-26T15:27:58.779+0700] {dagbag.py:541} INFO - Filling up the DagBag from /Users/kany/project-local/data-home/tranning-Airflow/venv/lib/python3.11/site-packages/airflow/example_dags/example_xcomargs.py
[2023-05-26T15:27:58.819+0700] {processor.py:836} INFO - DAG(s) dict_keys(['example_xcom_args_with_operators', 'example_xcom_args']) retrieved from /Users/kany/project-local/data-home/tranning-Airflow/venv/lib/python3.11/site-packages/airflow/example_dags/example_xcomargs.py
[2023-05-26T15:27:59.427+0700] {logging_mixin.py:149} INFO - [2023-05-26T15:27:59.427+0700] {dag.py:2726} INFO - Sync 2 DAGs
[2023-05-26T15:27:59.433+0700] {logging_mixin.py:149} INFO - [2023-05-26T15:27:59.433+0700] {dag.py:3486} INFO - Setting next_dagrun for example_xcom_args to None, run_after=None
[2023-05-26T15:27:59.434+0700] {logging_mixin.py:149} INFO - [2023-05-26T15:27:59.434+0700] {dag.py:3486} INFO - Setting next_dagrun for example_xcom_args_with_operators to None, run_after=None
[2023-05-26T15:27:59.441+0700] {processor.py:179} INFO - Processing /Users/kany/project-local/data-home/tranning-Airflow/venv/lib/python3.11/site-packages/airflow/example_dags/example_xcomargs.py took 0.663 seconds
[2023-05-26T15:29:05.032+0700] {processor.py:157} INFO - Started process (PID=52311) to work on /Users/kany/project-local/data-home/tranning-Airflow/venv/lib/python3.11/site-packages/airflow/example_dags/example_xcomargs.py
[2023-05-26T15:29:05.033+0700] {processor.py:826} INFO - Processing file /Users/kany/project-local/data-home/tranning-Airflow/venv/lib/python3.11/site-packages/airflow/example_dags/example_xcomargs.py for tasks to queue
[2023-05-26T15:29:05.034+0700] {logging_mixin.py:149} INFO - [2023-05-26T15:29:05.034+0700] {dagbag.py:541} INFO - Filling up the DagBag from /Users/kany/project-local/data-home/tranning-Airflow/venv/lib/python3.11/site-packages/airflow/example_dags/example_xcomargs.py
[2023-05-26T15:29:05.069+0700] {processor.py:836} INFO - DAG(s) dict_keys(['example_xcom_args', 'example_xcom_args_with_operators']) retrieved from /Users/kany/project-local/data-home/tranning-Airflow/venv/lib/python3.11/site-packages/airflow/example_dags/example_xcomargs.py
[2023-05-26T15:29:05.715+0700] {logging_mixin.py:149} INFO - [2023-05-26T15:29:05.715+0700] {dag.py:2726} INFO - Sync 2 DAGs
[2023-05-26T15:29:05.720+0700] {logging_mixin.py:149} INFO - [2023-05-26T15:29:05.720+0700] {dag.py:3486} INFO - Setting next_dagrun for example_xcom_args to None, run_after=None
[2023-05-26T15:29:05.722+0700] {logging_mixin.py:149} INFO - [2023-05-26T15:29:05.722+0700] {dag.py:3486} INFO - Setting next_dagrun for example_xcom_args_with_operators to None, run_after=None
[2023-05-26T15:29:05.728+0700] {processor.py:179} INFO - Processing /Users/kany/project-local/data-home/tranning-Airflow/venv/lib/python3.11/site-packages/airflow/example_dags/example_xcomargs.py took 0.696 seconds
[2023-05-26T15:30:12.296+0700] {processor.py:157} INFO - Started process (PID=52383) to work on /Users/kany/project-local/data-home/tranning-Airflow/venv/lib/python3.11/site-packages/airflow/example_dags/example_xcomargs.py
[2023-05-26T15:30:12.298+0700] {processor.py:826} INFO - Processing file /Users/kany/project-local/data-home/tranning-Airflow/venv/lib/python3.11/site-packages/airflow/example_dags/example_xcomargs.py for tasks to queue
[2023-05-26T15:30:12.298+0700] {logging_mixin.py:149} INFO - [2023-05-26T15:30:12.298+0700] {dagbag.py:541} INFO - Filling up the DagBag from /Users/kany/project-local/data-home/tranning-Airflow/venv/lib/python3.11/site-packages/airflow/example_dags/example_xcomargs.py
[2023-05-26T15:30:12.333+0700] {processor.py:836} INFO - DAG(s) dict_keys(['example_xcom_args_with_operators', 'example_xcom_args']) retrieved from /Users/kany/project-local/data-home/tranning-Airflow/venv/lib/python3.11/site-packages/airflow/example_dags/example_xcomargs.py
[2023-05-26T15:30:12.771+0700] {logging_mixin.py:149} INFO - [2023-05-26T15:30:12.771+0700] {dag.py:2726} INFO - Sync 2 DAGs
[2023-05-26T15:30:12.777+0700] {logging_mixin.py:149} INFO - [2023-05-26T15:30:12.777+0700] {dag.py:3486} INFO - Setting next_dagrun for example_xcom_args to None, run_after=None
[2023-05-26T15:30:12.778+0700] {logging_mixin.py:149} INFO - [2023-05-26T15:30:12.778+0700] {dag.py:3486} INFO - Setting next_dagrun for example_xcom_args_with_operators to None, run_after=None
[2023-05-26T15:30:12.785+0700] {processor.py:179} INFO - Processing /Users/kany/project-local/data-home/tranning-Airflow/venv/lib/python3.11/site-packages/airflow/example_dags/example_xcomargs.py took 0.489 seconds
[2023-05-26T15:31:17.849+0700] {processor.py:157} INFO - Started process (PID=52438) to work on /Users/kany/project-local/data-home/tranning-Airflow/venv/lib/python3.11/site-packages/airflow/example_dags/example_xcomargs.py
[2023-05-26T15:31:17.851+0700] {processor.py:826} INFO - Processing file /Users/kany/project-local/data-home/tranning-Airflow/venv/lib/python3.11/site-packages/airflow/example_dags/example_xcomargs.py for tasks to queue
[2023-05-26T15:31:17.851+0700] {logging_mixin.py:149} INFO - [2023-05-26T15:31:17.851+0700] {dagbag.py:541} INFO - Filling up the DagBag from /Users/kany/project-local/data-home/tranning-Airflow/venv/lib/python3.11/site-packages/airflow/example_dags/example_xcomargs.py
[2023-05-26T15:31:17.885+0700] {processor.py:836} INFO - DAG(s) dict_keys(['example_xcom_args', 'example_xcom_args_with_operators']) retrieved from /Users/kany/project-local/data-home/tranning-Airflow/venv/lib/python3.11/site-packages/airflow/example_dags/example_xcomargs.py
[2023-05-26T15:31:18.339+0700] {logging_mixin.py:149} INFO - [2023-05-26T15:31:18.339+0700] {dag.py:2726} INFO - Sync 2 DAGs
[2023-05-26T15:31:18.345+0700] {logging_mixin.py:149} INFO - [2023-05-26T15:31:18.345+0700] {dag.py:3486} INFO - Setting next_dagrun for example_xcom_args to None, run_after=None
[2023-05-26T15:31:18.346+0700] {logging_mixin.py:149} INFO - [2023-05-26T15:31:18.346+0700] {dag.py:3486} INFO - Setting next_dagrun for example_xcom_args_with_operators to None, run_after=None
[2023-05-26T15:31:18.352+0700] {processor.py:179} INFO - Processing /Users/kany/project-local/data-home/tranning-Airflow/venv/lib/python3.11/site-packages/airflow/example_dags/example_xcomargs.py took 0.504 seconds
[2023-05-26T15:32:25.075+0700] {processor.py:157} INFO - Started process (PID=52592) to work on /Users/kany/project-local/data-home/tranning-Airflow/venv/lib/python3.11/site-packages/airflow/example_dags/example_xcomargs.py
[2023-05-26T15:32:25.077+0700] {processor.py:826} INFO - Processing file /Users/kany/project-local/data-home/tranning-Airflow/venv/lib/python3.11/site-packages/airflow/example_dags/example_xcomargs.py for tasks to queue
[2023-05-26T15:32:25.077+0700] {logging_mixin.py:149} INFO - [2023-05-26T15:32:25.077+0700] {dagbag.py:541} INFO - Filling up the DagBag from /Users/kany/project-local/data-home/tranning-Airflow/venv/lib/python3.11/site-packages/airflow/example_dags/example_xcomargs.py
[2023-05-26T15:32:25.111+0700] {processor.py:836} INFO - DAG(s) dict_keys(['example_xcom_args', 'example_xcom_args_with_operators']) retrieved from /Users/kany/project-local/data-home/tranning-Airflow/venv/lib/python3.11/site-packages/airflow/example_dags/example_xcomargs.py
[2023-05-26T15:32:25.679+0700] {logging_mixin.py:149} INFO - [2023-05-26T15:32:25.679+0700] {dag.py:2726} INFO - Sync 2 DAGs
[2023-05-26T15:32:25.685+0700] {logging_mixin.py:149} INFO - [2023-05-26T15:32:25.685+0700] {dag.py:3486} INFO - Setting next_dagrun for example_xcom_args to None, run_after=None
[2023-05-26T15:32:25.686+0700] {logging_mixin.py:149} INFO - [2023-05-26T15:32:25.686+0700] {dag.py:3486} INFO - Setting next_dagrun for example_xcom_args_with_operators to None, run_after=None
[2023-05-26T15:32:25.693+0700] {processor.py:179} INFO - Processing /Users/kany/project-local/data-home/tranning-Airflow/venv/lib/python3.11/site-packages/airflow/example_dags/example_xcomargs.py took 0.618 seconds
