[2023-05-26T15:13:02.631+0700] {processor.py:157} INFO - Started process (PID=51163) to work on /Users/kany/project-local/data-home/tranning-Airflow/venv/lib/python3.11/site-packages/airflow/example_dags/example_latest_only_with_trigger.py
[2023-05-26T15:13:02.631+0700] {processor.py:826} INFO - Processing file /Users/kany/project-local/data-home/tranning-Airflow/venv/lib/python3.11/site-packages/airflow/example_dags/example_latest_only_with_trigger.py for tasks to queue
[2023-05-26T15:13:02.631+0700] {logging_mixin.py:149} INFO - [2023-05-26T15:13:02.631+0700] {dagbag.py:541} INFO - Filling up the DagBag from /Users/kany/project-local/data-home/tranning-Airflow/venv/lib/python3.11/site-packages/airflow/example_dags/example_latest_only_with_trigger.py
[2023-05-26T15:13:02.654+0700] {processor.py:836} INFO - DAG(s) dict_keys(['latest_only_with_trigger']) retrieved from /Users/kany/project-local/data-home/tranning-Airflow/venv/lib/python3.11/site-packages/airflow/example_dags/example_latest_only_with_trigger.py
[2023-05-26T15:13:03.985+0700] {logging_mixin.py:149} INFO - [2023-05-26T15:13:03.985+0700] {manager.py:504} INFO - Created Permission View: can read on DAG:latest_only_with_trigger
[2023-05-26T15:13:03.988+0700] {logging_mixin.py:149} INFO - [2023-05-26T15:13:03.988+0700] {manager.py:504} INFO - Created Permission View: can delete on DAG:latest_only_with_trigger
[2023-05-26T15:13:03.990+0700] {logging_mixin.py:149} INFO - [2023-05-26T15:13:03.990+0700] {manager.py:504} INFO - Created Permission View: can edit on DAG:latest_only_with_trigger
[2023-05-26T15:13:03.990+0700] {logging_mixin.py:149} INFO - [2023-05-26T15:13:03.990+0700] {dag.py:2726} INFO - Sync 1 DAGs
[2023-05-26T15:13:04.028+0700] {logging_mixin.py:149} INFO - [2023-05-26T15:13:04.028+0700] {dag.py:2747} INFO - Creating ORM DAG for latest_only_with_trigger
[2023-05-26T15:13:04.031+0700] {logging_mixin.py:149} INFO - [2023-05-26T15:13:04.031+0700] {dag.py:3486} INFO - Setting next_dagrun for latest_only_with_trigger to 2023-05-26T04:13:04.031550+00:00, run_after=2023-05-26T08:13:04.031550+00:00
[2023-05-26T15:13:04.039+0700] {processor.py:179} INFO - Processing /Users/kany/project-local/data-home/tranning-Airflow/venv/lib/python3.11/site-packages/airflow/example_dags/example_latest_only_with_trigger.py took 1.409 seconds
[2023-05-26T15:15:10.145+0700] {processor.py:157} INFO - Started process (PID=51256) to work on /Users/kany/project-local/data-home/tranning-Airflow/venv/lib/python3.11/site-packages/airflow/example_dags/example_latest_only_with_trigger.py
[2023-05-26T15:15:10.146+0700] {processor.py:826} INFO - Processing file /Users/kany/project-local/data-home/tranning-Airflow/venv/lib/python3.11/site-packages/airflow/example_dags/example_latest_only_with_trigger.py for tasks to queue
[2023-05-26T15:15:10.146+0700] {logging_mixin.py:149} INFO - [2023-05-26T15:15:10.146+0700] {dagbag.py:541} INFO - Filling up the DagBag from /Users/kany/project-local/data-home/tranning-Airflow/venv/lib/python3.11/site-packages/airflow/example_dags/example_latest_only_with_trigger.py
[2023-05-26T15:15:10.163+0700] {processor.py:836} INFO - DAG(s) dict_keys(['latest_only_with_trigger']) retrieved from /Users/kany/project-local/data-home/tranning-Airflow/venv/lib/python3.11/site-packages/airflow/example_dags/example_latest_only_with_trigger.py
[2023-05-26T15:15:10.717+0700] {logging_mixin.py:149} INFO - [2023-05-26T15:15:10.716+0700] {dag.py:2726} INFO - Sync 1 DAGs
[2023-05-26T15:15:10.723+0700] {logging_mixin.py:149} INFO - [2023-05-26T15:15:10.723+0700] {dag.py:3486} INFO - Setting next_dagrun for latest_only_with_trigger to 2023-05-26T04:15:10.723362+00:00, run_after=2023-05-26T08:15:10.723362+00:00
[2023-05-26T15:15:10.730+0700] {processor.py:179} INFO - Processing /Users/kany/project-local/data-home/tranning-Airflow/venv/lib/python3.11/site-packages/airflow/example_dags/example_latest_only_with_trigger.py took 0.586 seconds
[2023-05-26T15:17:41.284+0700] {processor.py:157} INFO - Started process (PID=51418) to work on /Users/kany/project-local/data-home/tranning-Airflow/venv/lib/python3.11/site-packages/airflow/example_dags/example_latest_only_with_trigger.py
[2023-05-26T15:17:41.285+0700] {processor.py:826} INFO - Processing file /Users/kany/project-local/data-home/tranning-Airflow/venv/lib/python3.11/site-packages/airflow/example_dags/example_latest_only_with_trigger.py for tasks to queue
[2023-05-26T15:17:41.285+0700] {logging_mixin.py:149} INFO - [2023-05-26T15:17:41.285+0700] {dagbag.py:541} INFO - Filling up the DagBag from /Users/kany/project-local/data-home/tranning-Airflow/venv/lib/python3.11/site-packages/airflow/example_dags/example_latest_only_with_trigger.py
[2023-05-26T15:17:41.300+0700] {processor.py:836} INFO - DAG(s) dict_keys(['latest_only_with_trigger']) retrieved from /Users/kany/project-local/data-home/tranning-Airflow/venv/lib/python3.11/site-packages/airflow/example_dags/example_latest_only_with_trigger.py
[2023-05-26T15:17:41.844+0700] {logging_mixin.py:149} INFO - [2023-05-26T15:17:41.844+0700] {dag.py:2726} INFO - Sync 1 DAGs
[2023-05-26T15:17:41.850+0700] {logging_mixin.py:149} INFO - [2023-05-26T15:17:41.850+0700] {dag.py:3486} INFO - Setting next_dagrun for latest_only_with_trigger to 2023-05-26T04:17:41.850728+00:00, run_after=2023-05-26T08:17:41.850728+00:00
[2023-05-26T15:17:41.861+0700] {processor.py:179} INFO - Processing /Users/kany/project-local/data-home/tranning-Airflow/venv/lib/python3.11/site-packages/airflow/example_dags/example_latest_only_with_trigger.py took 0.577 seconds
[2023-05-26T15:19:59.775+0700] {processor.py:157} INFO - Started process (PID=51584) to work on /Users/kany/project-local/data-home/tranning-Airflow/venv/lib/python3.11/site-packages/airflow/example_dags/example_latest_only_with_trigger.py
[2023-05-26T15:19:59.777+0700] {processor.py:826} INFO - Processing file /Users/kany/project-local/data-home/tranning-Airflow/venv/lib/python3.11/site-packages/airflow/example_dags/example_latest_only_with_trigger.py for tasks to queue
[2023-05-26T15:19:59.777+0700] {logging_mixin.py:149} INFO - [2023-05-26T15:19:59.777+0700] {dagbag.py:541} INFO - Filling up the DagBag from /Users/kany/project-local/data-home/tranning-Airflow/venv/lib/python3.11/site-packages/airflow/example_dags/example_latest_only_with_trigger.py
[2023-05-26T15:19:59.794+0700] {processor.py:836} INFO - DAG(s) dict_keys(['latest_only_with_trigger']) retrieved from /Users/kany/project-local/data-home/tranning-Airflow/venv/lib/python3.11/site-packages/airflow/example_dags/example_latest_only_with_trigger.py
[2023-05-26T15:20:00.244+0700] {logging_mixin.py:149} INFO - [2023-05-26T15:20:00.244+0700] {dag.py:2726} INFO - Sync 1 DAGs
[2023-05-26T15:20:00.250+0700] {logging_mixin.py:149} INFO - [2023-05-26T15:20:00.250+0700] {dag.py:3486} INFO - Setting next_dagrun for latest_only_with_trigger to 2023-05-26T04:20:00.250690+00:00, run_after=2023-05-26T08:20:00.250690+00:00
[2023-05-26T15:20:00.257+0700] {processor.py:179} INFO - Processing /Users/kany/project-local/data-home/tranning-Airflow/venv/lib/python3.11/site-packages/airflow/example_dags/example_latest_only_with_trigger.py took 0.482 seconds
[2023-05-26T15:22:16.413+0700] {processor.py:157} INFO - Started process (PID=51731) to work on /Users/kany/project-local/data-home/tranning-Airflow/venv/lib/python3.11/site-packages/airflow/example_dags/example_latest_only_with_trigger.py
[2023-05-26T15:22:16.414+0700] {processor.py:826} INFO - Processing file /Users/kany/project-local/data-home/tranning-Airflow/venv/lib/python3.11/site-packages/airflow/example_dags/example_latest_only_with_trigger.py for tasks to queue
[2023-05-26T15:22:16.414+0700] {logging_mixin.py:149} INFO - [2023-05-26T15:22:16.414+0700] {dagbag.py:541} INFO - Filling up the DagBag from /Users/kany/project-local/data-home/tranning-Airflow/venv/lib/python3.11/site-packages/airflow/example_dags/example_latest_only_with_trigger.py
[2023-05-26T15:22:16.431+0700] {processor.py:836} INFO - DAG(s) dict_keys(['latest_only_with_trigger']) retrieved from /Users/kany/project-local/data-home/tranning-Airflow/venv/lib/python3.11/site-packages/airflow/example_dags/example_latest_only_with_trigger.py
[2023-05-26T15:22:16.845+0700] {logging_mixin.py:149} INFO - [2023-05-26T15:22:16.845+0700] {dag.py:2726} INFO - Sync 1 DAGs
[2023-05-26T15:22:16.851+0700] {logging_mixin.py:149} INFO - [2023-05-26T15:22:16.851+0700] {dag.py:3486} INFO - Setting next_dagrun for latest_only_with_trigger to 2023-05-26T04:22:16.851089+00:00, run_after=2023-05-26T08:22:16.851089+00:00
[2023-05-26T15:22:16.858+0700] {processor.py:179} INFO - Processing /Users/kany/project-local/data-home/tranning-Airflow/venv/lib/python3.11/site-packages/airflow/example_dags/example_latest_only_with_trigger.py took 0.445 seconds
[2023-05-26T15:24:19.054+0700] {processor.py:157} INFO - Started process (PID=51824) to work on /Users/kany/project-local/data-home/tranning-Airflow/venv/lib/python3.11/site-packages/airflow/example_dags/example_latest_only_with_trigger.py
[2023-05-26T15:24:19.054+0700] {processor.py:826} INFO - Processing file /Users/kany/project-local/data-home/tranning-Airflow/venv/lib/python3.11/site-packages/airflow/example_dags/example_latest_only_with_trigger.py for tasks to queue
[2023-05-26T15:24:19.054+0700] {logging_mixin.py:149} INFO - [2023-05-26T15:24:19.054+0700] {dagbag.py:541} INFO - Filling up the DagBag from /Users/kany/project-local/data-home/tranning-Airflow/venv/lib/python3.11/site-packages/airflow/example_dags/example_latest_only_with_trigger.py
[2023-05-26T15:24:19.068+0700] {processor.py:836} INFO - DAG(s) dict_keys(['latest_only_with_trigger']) retrieved from /Users/kany/project-local/data-home/tranning-Airflow/venv/lib/python3.11/site-packages/airflow/example_dags/example_latest_only_with_trigger.py
[2023-05-26T15:24:19.528+0700] {logging_mixin.py:149} INFO - [2023-05-26T15:24:19.528+0700] {dag.py:2726} INFO - Sync 1 DAGs
[2023-05-26T15:24:19.535+0700] {logging_mixin.py:149} INFO - [2023-05-26T15:24:19.535+0700] {dag.py:3486} INFO - Setting next_dagrun for latest_only_with_trigger to 2023-05-26T04:24:19.535137+00:00, run_after=2023-05-26T08:24:19.535137+00:00
[2023-05-26T15:24:19.542+0700] {processor.py:179} INFO - Processing /Users/kany/project-local/data-home/tranning-Airflow/venv/lib/python3.11/site-packages/airflow/example_dags/example_latest_only_with_trigger.py took 0.489 seconds
[2023-05-26T15:26:27.372+0700] {processor.py:157} INFO - Started process (PID=52008) to work on /Users/kany/project-local/data-home/tranning-Airflow/venv/lib/python3.11/site-packages/airflow/example_dags/example_latest_only_with_trigger.py
[2023-05-26T15:26:27.374+0700] {processor.py:826} INFO - Processing file /Users/kany/project-local/data-home/tranning-Airflow/venv/lib/python3.11/site-packages/airflow/example_dags/example_latest_only_with_trigger.py for tasks to queue
[2023-05-26T15:26:27.374+0700] {logging_mixin.py:149} INFO - [2023-05-26T15:26:27.374+0700] {dagbag.py:541} INFO - Filling up the DagBag from /Users/kany/project-local/data-home/tranning-Airflow/venv/lib/python3.11/site-packages/airflow/example_dags/example_latest_only_with_trigger.py
[2023-05-26T15:26:27.395+0700] {processor.py:836} INFO - DAG(s) dict_keys(['latest_only_with_trigger']) retrieved from /Users/kany/project-local/data-home/tranning-Airflow/venv/lib/python3.11/site-packages/airflow/example_dags/example_latest_only_with_trigger.py
[2023-05-26T15:26:27.977+0700] {logging_mixin.py:149} INFO - [2023-05-26T15:26:27.976+0700] {dag.py:2726} INFO - Sync 1 DAGs
[2023-05-26T15:26:27.983+0700] {logging_mixin.py:149} INFO - [2023-05-26T15:26:27.983+0700] {dag.py:3486} INFO - Setting next_dagrun for latest_only_with_trigger to 2023-05-26T04:26:27.983358+00:00, run_after=2023-05-26T08:26:27.983358+00:00
[2023-05-26T15:26:27.991+0700] {processor.py:179} INFO - Processing /Users/kany/project-local/data-home/tranning-Airflow/venv/lib/python3.11/site-packages/airflow/example_dags/example_latest_only_with_trigger.py took 0.619 seconds
[2023-05-26T15:28:37.162+0700] {processor.py:157} INFO - Started process (PID=52233) to work on /Users/kany/project-local/data-home/tranning-Airflow/venv/lib/python3.11/site-packages/airflow/example_dags/example_latest_only_with_trigger.py
[2023-05-26T15:28:37.163+0700] {processor.py:826} INFO - Processing file /Users/kany/project-local/data-home/tranning-Airflow/venv/lib/python3.11/site-packages/airflow/example_dags/example_latest_only_with_trigger.py for tasks to queue
[2023-05-26T15:28:37.163+0700] {logging_mixin.py:149} INFO - [2023-05-26T15:28:37.163+0700] {dagbag.py:541} INFO - Filling up the DagBag from /Users/kany/project-local/data-home/tranning-Airflow/venv/lib/python3.11/site-packages/airflow/example_dags/example_latest_only_with_trigger.py
[2023-05-26T15:28:37.185+0700] {processor.py:836} INFO - DAG(s) dict_keys(['latest_only_with_trigger']) retrieved from /Users/kany/project-local/data-home/tranning-Airflow/venv/lib/python3.11/site-packages/airflow/example_dags/example_latest_only_with_trigger.py
[2023-05-26T15:28:37.756+0700] {logging_mixin.py:149} INFO - [2023-05-26T15:28:37.755+0700] {dag.py:2726} INFO - Sync 1 DAGs
[2023-05-26T15:28:37.762+0700] {logging_mixin.py:149} INFO - [2023-05-26T15:28:37.762+0700] {dag.py:3486} INFO - Setting next_dagrun for latest_only_with_trigger to 2023-05-26T04:28:37.762035+00:00, run_after=2023-05-26T08:28:37.762035+00:00
[2023-05-26T15:28:37.771+0700] {processor.py:179} INFO - Processing /Users/kany/project-local/data-home/tranning-Airflow/venv/lib/python3.11/site-packages/airflow/example_dags/example_latest_only_with_trigger.py took 0.609 seconds
[2023-05-26T15:30:51.596+0700] {processor.py:157} INFO - Started process (PID=52413) to work on /Users/kany/project-local/data-home/tranning-Airflow/venv/lib/python3.11/site-packages/airflow/example_dags/example_latest_only_with_trigger.py
[2023-05-26T15:30:51.597+0700] {processor.py:826} INFO - Processing file /Users/kany/project-local/data-home/tranning-Airflow/venv/lib/python3.11/site-packages/airflow/example_dags/example_latest_only_with_trigger.py for tasks to queue
[2023-05-26T15:30:51.597+0700] {logging_mixin.py:149} INFO - [2023-05-26T15:30:51.597+0700] {dagbag.py:541} INFO - Filling up the DagBag from /Users/kany/project-local/data-home/tranning-Airflow/venv/lib/python3.11/site-packages/airflow/example_dags/example_latest_only_with_trigger.py
[2023-05-26T15:30:51.612+0700] {processor.py:836} INFO - DAG(s) dict_keys(['latest_only_with_trigger']) retrieved from /Users/kany/project-local/data-home/tranning-Airflow/venv/lib/python3.11/site-packages/airflow/example_dags/example_latest_only_with_trigger.py
[2023-05-26T15:30:52.074+0700] {logging_mixin.py:149} INFO - [2023-05-26T15:30:52.074+0700] {dag.py:2726} INFO - Sync 1 DAGs
[2023-05-26T15:30:52.081+0700] {logging_mixin.py:149} INFO - [2023-05-26T15:30:52.081+0700] {dag.py:3486} INFO - Setting next_dagrun for latest_only_with_trigger to 2023-05-26T04:30:52.081586+00:00, run_after=2023-05-26T08:30:52.081586+00:00
[2023-05-26T15:30:52.089+0700] {processor.py:179} INFO - Processing /Users/kany/project-local/data-home/tranning-Airflow/venv/lib/python3.11/site-packages/airflow/example_dags/example_latest_only_with_trigger.py took 0.493 seconds
