[2023-05-26T15:12:10.838+0700] {processor.py:157} INFO - Started process (PID=51112) to work on /Users/kany/project-local/data-home/tranning-Airflow/venv/lib/python3.11/site-packages/airflow/example_dags/example_xcom.py
[2023-05-26T15:12:10.838+0700] {processor.py:826} INFO - Processing file /Users/kany/project-local/data-home/tranning-Airflow/venv/lib/python3.11/site-packages/airflow/example_dags/example_xcom.py for tasks to queue
[2023-05-26T15:12:10.839+0700] {logging_mixin.py:149} INFO - [2023-05-26T15:12:10.839+0700] {dagbag.py:541} INFO - Filling up the DagBag from /Users/kany/project-local/data-home/tranning-Airflow/venv/lib/python3.11/site-packages/airflow/example_dags/example_xcom.py
[2023-05-26T15:12:10.902+0700] {processor.py:836} INFO - DAG(s) dict_keys(['example_xcom']) retrieved from /Users/kany/project-local/data-home/tranning-Airflow/venv/lib/python3.11/site-packages/airflow/example_dags/example_xcom.py
[2023-05-26T15:12:11.584+0700] {logging_mixin.py:149} INFO - [2023-05-26T15:12:11.583+0700] {manager.py:504} INFO - Created Permission View: can edit on DAG:example_xcom
[2023-05-26T15:12:11.589+0700] {logging_mixin.py:149} INFO - [2023-05-26T15:12:11.589+0700] {manager.py:504} INFO - Created Permission View: can delete on DAG:example_xcom
[2023-05-26T15:12:11.593+0700] {logging_mixin.py:149} INFO - [2023-05-26T15:12:11.593+0700] {manager.py:504} INFO - Created Permission View: can read on DAG:example_xcom
[2023-05-26T15:12:11.594+0700] {logging_mixin.py:149} INFO - [2023-05-26T15:12:11.594+0700] {dag.py:2726} INFO - Sync 1 DAGs
[2023-05-26T15:12:11.599+0700] {logging_mixin.py:149} INFO - [2023-05-26T15:12:11.599+0700] {dag.py:2747} INFO - Creating ORM DAG for example_xcom
[2023-05-26T15:12:11.603+0700] {logging_mixin.py:149} INFO - [2023-05-26T15:12:11.603+0700] {dag.py:3486} INFO - Setting next_dagrun for example_xcom to 2021-01-01T00:00:00+00:00, run_after=2021-01-01T00:00:00+00:00
[2023-05-26T15:12:11.633+0700] {processor.py:179} INFO - Processing /Users/kany/project-local/data-home/tranning-Airflow/venv/lib/python3.11/site-packages/airflow/example_dags/example_xcom.py took 0.795 seconds
[2023-05-26T15:14:12.492+0700] {processor.py:157} INFO - Started process (PID=51210) to work on /Users/kany/project-local/data-home/tranning-Airflow/venv/lib/python3.11/site-packages/airflow/example_dags/example_xcom.py
[2023-05-26T15:14:12.494+0700] {processor.py:826} INFO - Processing file /Users/kany/project-local/data-home/tranning-Airflow/venv/lib/python3.11/site-packages/airflow/example_dags/example_xcom.py for tasks to queue
[2023-05-26T15:14:12.494+0700] {logging_mixin.py:149} INFO - [2023-05-26T15:14:12.494+0700] {dagbag.py:541} INFO - Filling up the DagBag from /Users/kany/project-local/data-home/tranning-Airflow/venv/lib/python3.11/site-packages/airflow/example_dags/example_xcom.py
[2023-05-26T15:14:12.546+0700] {processor.py:836} INFO - DAG(s) dict_keys(['example_xcom']) retrieved from /Users/kany/project-local/data-home/tranning-Airflow/venv/lib/python3.11/site-packages/airflow/example_dags/example_xcom.py
[2023-05-26T15:14:13.363+0700] {logging_mixin.py:149} INFO - [2023-05-26T15:14:13.363+0700] {dag.py:2726} INFO - Sync 1 DAGs
[2023-05-26T15:14:13.369+0700] {logging_mixin.py:149} INFO - [2023-05-26T15:14:13.369+0700] {dag.py:3486} INFO - Setting next_dagrun for example_xcom to 2021-01-01T00:00:00+00:00, run_after=2021-01-01T00:00:00+00:00
[2023-05-26T15:14:13.378+0700] {processor.py:179} INFO - Processing /Users/kany/project-local/data-home/tranning-Airflow/venv/lib/python3.11/site-packages/airflow/example_dags/example_xcom.py took 0.886 seconds
[2023-05-26T15:15:39.308+0700] {processor.py:157} INFO - Started process (PID=51277) to work on /Users/kany/project-local/data-home/tranning-Airflow/venv/lib/python3.11/site-packages/airflow/example_dags/example_xcom.py
[2023-05-26T15:15:39.309+0700] {processor.py:826} INFO - Processing file /Users/kany/project-local/data-home/tranning-Airflow/venv/lib/python3.11/site-packages/airflow/example_dags/example_xcom.py for tasks to queue
[2023-05-26T15:15:39.309+0700] {logging_mixin.py:149} INFO - [2023-05-26T15:15:39.309+0700] {dagbag.py:541} INFO - Filling up the DagBag from /Users/kany/project-local/data-home/tranning-Airflow/venv/lib/python3.11/site-packages/airflow/example_dags/example_xcom.py
[2023-05-26T15:15:39.345+0700] {processor.py:836} INFO - DAG(s) dict_keys(['example_xcom']) retrieved from /Users/kany/project-local/data-home/tranning-Airflow/venv/lib/python3.11/site-packages/airflow/example_dags/example_xcom.py
[2023-05-26T15:15:39.830+0700] {logging_mixin.py:149} INFO - [2023-05-26T15:15:39.830+0700] {dag.py:2726} INFO - Sync 1 DAGs
[2023-05-26T15:15:39.835+0700] {logging_mixin.py:149} INFO - [2023-05-26T15:15:39.835+0700] {dag.py:3486} INFO - Setting next_dagrun for example_xcom to 2021-01-01T00:00:00+00:00, run_after=2021-01-01T00:00:00+00:00
[2023-05-26T15:15:39.842+0700] {processor.py:179} INFO - Processing /Users/kany/project-local/data-home/tranning-Airflow/venv/lib/python3.11/site-packages/airflow/example_dags/example_xcom.py took 0.534 seconds
[2023-05-26T15:16:55.207+0700] {processor.py:157} INFO - Started process (PID=51381) to work on /Users/kany/project-local/data-home/tranning-Airflow/venv/lib/python3.11/site-packages/airflow/example_dags/example_xcom.py
[2023-05-26T15:16:55.208+0700] {processor.py:826} INFO - Processing file /Users/kany/project-local/data-home/tranning-Airflow/venv/lib/python3.11/site-packages/airflow/example_dags/example_xcom.py for tasks to queue
[2023-05-26T15:16:55.208+0700] {logging_mixin.py:149} INFO - [2023-05-26T15:16:55.208+0700] {dagbag.py:541} INFO - Filling up the DagBag from /Users/kany/project-local/data-home/tranning-Airflow/venv/lib/python3.11/site-packages/airflow/example_dags/example_xcom.py
[2023-05-26T15:16:55.316+0700] {processor.py:836} INFO - DAG(s) dict_keys(['example_xcom']) retrieved from /Users/kany/project-local/data-home/tranning-Airflow/venv/lib/python3.11/site-packages/airflow/example_dags/example_xcom.py
[2023-05-26T15:16:56.547+0700] {logging_mixin.py:149} INFO - [2023-05-26T15:16:56.547+0700] {dag.py:2726} INFO - Sync 1 DAGs
[2023-05-26T15:16:56.553+0700] {logging_mixin.py:149} INFO - [2023-05-26T15:16:56.553+0700] {dag.py:3486} INFO - Setting next_dagrun for example_xcom to 2021-01-01T00:00:00+00:00, run_after=2021-01-01T00:00:00+00:00
[2023-05-26T15:16:56.565+0700] {processor.py:179} INFO - Processing /Users/kany/project-local/data-home/tranning-Airflow/venv/lib/python3.11/site-packages/airflow/example_dags/example_xcom.py took 1.359 seconds
[2023-05-26T15:18:10.615+0700] {processor.py:157} INFO - Started process (PID=51440) to work on /Users/kany/project-local/data-home/tranning-Airflow/venv/lib/python3.11/site-packages/airflow/example_dags/example_xcom.py
[2023-05-26T15:18:10.615+0700] {processor.py:826} INFO - Processing file /Users/kany/project-local/data-home/tranning-Airflow/venv/lib/python3.11/site-packages/airflow/example_dags/example_xcom.py for tasks to queue
[2023-05-26T15:18:10.616+0700] {logging_mixin.py:149} INFO - [2023-05-26T15:18:10.616+0700] {dagbag.py:541} INFO - Filling up the DagBag from /Users/kany/project-local/data-home/tranning-Airflow/venv/lib/python3.11/site-packages/airflow/example_dags/example_xcom.py
[2023-05-26T15:18:10.648+0700] {processor.py:836} INFO - DAG(s) dict_keys(['example_xcom']) retrieved from /Users/kany/project-local/data-home/tranning-Airflow/venv/lib/python3.11/site-packages/airflow/example_dags/example_xcom.py
[2023-05-26T15:18:11.097+0700] {logging_mixin.py:149} INFO - [2023-05-26T15:18:11.096+0700] {dag.py:2726} INFO - Sync 1 DAGs
[2023-05-26T15:18:11.102+0700] {logging_mixin.py:149} INFO - [2023-05-26T15:18:11.102+0700] {dag.py:3486} INFO - Setting next_dagrun for example_xcom to 2021-01-01T00:00:00+00:00, run_after=2021-01-01T00:00:00+00:00
[2023-05-26T15:18:11.109+0700] {processor.py:179} INFO - Processing /Users/kany/project-local/data-home/tranning-Airflow/venv/lib/python3.11/site-packages/airflow/example_dags/example_xcom.py took 0.495 seconds
[2023-05-26T15:19:24.787+0700] {processor.py:157} INFO - Started process (PID=51557) to work on /Users/kany/project-local/data-home/tranning-Airflow/venv/lib/python3.11/site-packages/airflow/example_dags/example_xcom.py
[2023-05-26T15:19:24.788+0700] {processor.py:826} INFO - Processing file /Users/kany/project-local/data-home/tranning-Airflow/venv/lib/python3.11/site-packages/airflow/example_dags/example_xcom.py for tasks to queue
[2023-05-26T15:19:24.788+0700] {logging_mixin.py:149} INFO - [2023-05-26T15:19:24.788+0700] {dagbag.py:541} INFO - Filling up the DagBag from /Users/kany/project-local/data-home/tranning-Airflow/venv/lib/python3.11/site-packages/airflow/example_dags/example_xcom.py
[2023-05-26T15:19:24.848+0700] {processor.py:836} INFO - DAG(s) dict_keys(['example_xcom']) retrieved from /Users/kany/project-local/data-home/tranning-Airflow/venv/lib/python3.11/site-packages/airflow/example_dags/example_xcom.py
[2023-05-26T15:19:25.505+0700] {logging_mixin.py:149} INFO - [2023-05-26T15:19:25.505+0700] {dag.py:2726} INFO - Sync 1 DAGs
[2023-05-26T15:19:25.511+0700] {logging_mixin.py:149} INFO - [2023-05-26T15:19:25.511+0700] {dag.py:3486} INFO - Setting next_dagrun for example_xcom to 2021-01-01T00:00:00+00:00, run_after=2021-01-01T00:00:00+00:00
[2023-05-26T15:19:25.518+0700] {processor.py:179} INFO - Processing /Users/kany/project-local/data-home/tranning-Airflow/venv/lib/python3.11/site-packages/airflow/example_dags/example_xcom.py took 0.731 seconds
[2023-05-26T15:20:32.126+0700] {processor.py:157} INFO - Started process (PID=51605) to work on /Users/kany/project-local/data-home/tranning-Airflow/venv/lib/python3.11/site-packages/airflow/example_dags/example_xcom.py
[2023-05-26T15:20:32.131+0700] {processor.py:826} INFO - Processing file /Users/kany/project-local/data-home/tranning-Airflow/venv/lib/python3.11/site-packages/airflow/example_dags/example_xcom.py for tasks to queue
[2023-05-26T15:20:32.131+0700] {logging_mixin.py:149} INFO - [2023-05-26T15:20:32.131+0700] {dagbag.py:541} INFO - Filling up the DagBag from /Users/kany/project-local/data-home/tranning-Airflow/venv/lib/python3.11/site-packages/airflow/example_dags/example_xcom.py
[2023-05-26T15:20:32.166+0700] {processor.py:836} INFO - DAG(s) dict_keys(['example_xcom']) retrieved from /Users/kany/project-local/data-home/tranning-Airflow/venv/lib/python3.11/site-packages/airflow/example_dags/example_xcom.py
[2023-05-26T15:20:33.076+0700] {logging_mixin.py:149} INFO - [2023-05-26T15:20:33.076+0700] {dag.py:2726} INFO - Sync 1 DAGs
[2023-05-26T15:20:33.086+0700] {logging_mixin.py:149} INFO - [2023-05-26T15:20:33.086+0700] {dag.py:3486} INFO - Setting next_dagrun for example_xcom to 2021-01-01T00:00:00+00:00, run_after=2021-01-01T00:00:00+00:00
[2023-05-26T15:20:33.108+0700] {processor.py:179} INFO - Processing /Users/kany/project-local/data-home/tranning-Airflow/venv/lib/python3.11/site-packages/airflow/example_dags/example_xcom.py took 0.982 seconds
[2023-05-26T15:21:42.175+0700] {processor.py:157} INFO - Started process (PID=51711) to work on /Users/kany/project-local/data-home/tranning-Airflow/venv/lib/python3.11/site-packages/airflow/example_dags/example_xcom.py
[2023-05-26T15:21:42.175+0700] {processor.py:826} INFO - Processing file /Users/kany/project-local/data-home/tranning-Airflow/venv/lib/python3.11/site-packages/airflow/example_dags/example_xcom.py for tasks to queue
[2023-05-26T15:21:42.175+0700] {logging_mixin.py:149} INFO - [2023-05-26T15:21:42.175+0700] {dagbag.py:541} INFO - Filling up the DagBag from /Users/kany/project-local/data-home/tranning-Airflow/venv/lib/python3.11/site-packages/airflow/example_dags/example_xcom.py
[2023-05-26T15:21:42.215+0700] {processor.py:836} INFO - DAG(s) dict_keys(['example_xcom']) retrieved from /Users/kany/project-local/data-home/tranning-Airflow/venv/lib/python3.11/site-packages/airflow/example_dags/example_xcom.py
[2023-05-26T15:21:42.628+0700] {logging_mixin.py:149} INFO - [2023-05-26T15:21:42.628+0700] {dag.py:2726} INFO - Sync 1 DAGs
[2023-05-26T15:21:42.634+0700] {logging_mixin.py:149} INFO - [2023-05-26T15:21:42.634+0700] {dag.py:3486} INFO - Setting next_dagrun for example_xcom to 2021-01-01T00:00:00+00:00, run_after=2021-01-01T00:00:00+00:00
[2023-05-26T15:21:42.641+0700] {processor.py:179} INFO - Processing /Users/kany/project-local/data-home/tranning-Airflow/venv/lib/python3.11/site-packages/airflow/example_dags/example_xcom.py took 0.466 seconds
[2023-05-26T15:22:44.480+0700] {processor.py:157} INFO - Started process (PID=51747) to work on /Users/kany/project-local/data-home/tranning-Airflow/venv/lib/python3.11/site-packages/airflow/example_dags/example_xcom.py
[2023-05-26T15:22:44.482+0700] {processor.py:826} INFO - Processing file /Users/kany/project-local/data-home/tranning-Airflow/venv/lib/python3.11/site-packages/airflow/example_dags/example_xcom.py for tasks to queue
[2023-05-26T15:22:44.482+0700] {logging_mixin.py:149} INFO - [2023-05-26T15:22:44.482+0700] {dagbag.py:541} INFO - Filling up the DagBag from /Users/kany/project-local/data-home/tranning-Airflow/venv/lib/python3.11/site-packages/airflow/example_dags/example_xcom.py
[2023-05-26T15:22:44.514+0700] {processor.py:836} INFO - DAG(s) dict_keys(['example_xcom']) retrieved from /Users/kany/project-local/data-home/tranning-Airflow/venv/lib/python3.11/site-packages/airflow/example_dags/example_xcom.py
[2023-05-26T15:22:44.935+0700] {logging_mixin.py:149} INFO - [2023-05-26T15:22:44.935+0700] {dag.py:2726} INFO - Sync 1 DAGs
[2023-05-26T15:22:44.941+0700] {logging_mixin.py:149} INFO - [2023-05-26T15:22:44.941+0700] {dag.py:3486} INFO - Setting next_dagrun for example_xcom to 2021-01-01T00:00:00+00:00, run_after=2021-01-01T00:00:00+00:00
[2023-05-26T15:22:44.948+0700] {processor.py:179} INFO - Processing /Users/kany/project-local/data-home/tranning-Airflow/venv/lib/python3.11/site-packages/airflow/example_dags/example_xcom.py took 0.468 seconds
[2023-05-26T15:23:44.930+0700] {processor.py:157} INFO - Started process (PID=51800) to work on /Users/kany/project-local/data-home/tranning-Airflow/venv/lib/python3.11/site-packages/airflow/example_dags/example_xcom.py
[2023-05-26T15:23:44.931+0700] {processor.py:826} INFO - Processing file /Users/kany/project-local/data-home/tranning-Airflow/venv/lib/python3.11/site-packages/airflow/example_dags/example_xcom.py for tasks to queue
[2023-05-26T15:23:44.932+0700] {logging_mixin.py:149} INFO - [2023-05-26T15:23:44.932+0700] {dagbag.py:541} INFO - Filling up the DagBag from /Users/kany/project-local/data-home/tranning-Airflow/venv/lib/python3.11/site-packages/airflow/example_dags/example_xcom.py
[2023-05-26T15:23:44.964+0700] {processor.py:836} INFO - DAG(s) dict_keys(['example_xcom']) retrieved from /Users/kany/project-local/data-home/tranning-Airflow/venv/lib/python3.11/site-packages/airflow/example_dags/example_xcom.py
[2023-05-26T15:23:45.402+0700] {logging_mixin.py:149} INFO - [2023-05-26T15:23:45.402+0700] {dag.py:2726} INFO - Sync 1 DAGs
[2023-05-26T15:23:45.408+0700] {logging_mixin.py:149} INFO - [2023-05-26T15:23:45.407+0700] {dag.py:3486} INFO - Setting next_dagrun for example_xcom to 2021-01-01T00:00:00+00:00, run_after=2021-01-01T00:00:00+00:00
[2023-05-26T15:23:45.414+0700] {processor.py:179} INFO - Processing /Users/kany/project-local/data-home/tranning-Airflow/venv/lib/python3.11/site-packages/airflow/example_dags/example_xcom.py took 0.484 seconds
[2023-05-26T15:24:47.962+0700] {processor.py:157} INFO - Started process (PID=51841) to work on /Users/kany/project-local/data-home/tranning-Airflow/venv/lib/python3.11/site-packages/airflow/example_dags/example_xcom.py
[2023-05-26T15:24:47.963+0700] {processor.py:826} INFO - Processing file /Users/kany/project-local/data-home/tranning-Airflow/venv/lib/python3.11/site-packages/airflow/example_dags/example_xcom.py for tasks to queue
[2023-05-26T15:24:47.964+0700] {logging_mixin.py:149} INFO - [2023-05-26T15:24:47.963+0700] {dagbag.py:541} INFO - Filling up the DagBag from /Users/kany/project-local/data-home/tranning-Airflow/venv/lib/python3.11/site-packages/airflow/example_dags/example_xcom.py
[2023-05-26T15:24:48.000+0700] {processor.py:836} INFO - DAG(s) dict_keys(['example_xcom']) retrieved from /Users/kany/project-local/data-home/tranning-Airflow/venv/lib/python3.11/site-packages/airflow/example_dags/example_xcom.py
[2023-05-26T15:24:48.492+0700] {logging_mixin.py:149} INFO - [2023-05-26T15:24:48.492+0700] {dag.py:2726} INFO - Sync 1 DAGs
[2023-05-26T15:24:48.498+0700] {logging_mixin.py:149} INFO - [2023-05-26T15:24:48.498+0700] {dag.py:3486} INFO - Setting next_dagrun for example_xcom to 2021-01-01T00:00:00+00:00, run_after=2021-01-01T00:00:00+00:00
[2023-05-26T15:24:48.506+0700] {processor.py:179} INFO - Processing /Users/kany/project-local/data-home/tranning-Airflow/venv/lib/python3.11/site-packages/airflow/example_dags/example_xcom.py took 0.544 seconds
[2023-05-26T15:25:53.144+0700] {processor.py:157} INFO - Started process (PID=51932) to work on /Users/kany/project-local/data-home/tranning-Airflow/venv/lib/python3.11/site-packages/airflow/example_dags/example_xcom.py
[2023-05-26T15:25:53.144+0700] {processor.py:826} INFO - Processing file /Users/kany/project-local/data-home/tranning-Airflow/venv/lib/python3.11/site-packages/airflow/example_dags/example_xcom.py for tasks to queue
[2023-05-26T15:25:53.145+0700] {logging_mixin.py:149} INFO - [2023-05-26T15:25:53.145+0700] {dagbag.py:541} INFO - Filling up the DagBag from /Users/kany/project-local/data-home/tranning-Airflow/venv/lib/python3.11/site-packages/airflow/example_dags/example_xcom.py
[2023-05-26T15:25:53.178+0700] {processor.py:836} INFO - DAG(s) dict_keys(['example_xcom']) retrieved from /Users/kany/project-local/data-home/tranning-Airflow/venv/lib/python3.11/site-packages/airflow/example_dags/example_xcom.py
[2023-05-26T15:25:53.771+0700] {logging_mixin.py:149} INFO - [2023-05-26T15:25:53.771+0700] {dag.py:2726} INFO - Sync 1 DAGs
[2023-05-26T15:25:53.776+0700] {logging_mixin.py:149} INFO - [2023-05-26T15:25:53.776+0700] {dag.py:3486} INFO - Setting next_dagrun for example_xcom to 2021-01-01T00:00:00+00:00, run_after=2021-01-01T00:00:00+00:00
[2023-05-26T15:25:53.788+0700] {processor.py:179} INFO - Processing /Users/kany/project-local/data-home/tranning-Airflow/venv/lib/python3.11/site-packages/airflow/example_dags/example_xcom.py took 0.644 seconds
[2023-05-26T15:26:56.055+0700] {processor.py:157} INFO - Started process (PID=52057) to work on /Users/kany/project-local/data-home/tranning-Airflow/venv/lib/python3.11/site-packages/airflow/example_dags/example_xcom.py
[2023-05-26T15:26:56.057+0700] {processor.py:826} INFO - Processing file /Users/kany/project-local/data-home/tranning-Airflow/venv/lib/python3.11/site-packages/airflow/example_dags/example_xcom.py for tasks to queue
[2023-05-26T15:26:56.057+0700] {logging_mixin.py:149} INFO - [2023-05-26T15:26:56.057+0700] {dagbag.py:541} INFO - Filling up the DagBag from /Users/kany/project-local/data-home/tranning-Airflow/venv/lib/python3.11/site-packages/airflow/example_dags/example_xcom.py
[2023-05-26T15:26:56.094+0700] {processor.py:836} INFO - DAG(s) dict_keys(['example_xcom']) retrieved from /Users/kany/project-local/data-home/tranning-Airflow/venv/lib/python3.11/site-packages/airflow/example_dags/example_xcom.py
[2023-05-26T15:26:56.736+0700] {logging_mixin.py:149} INFO - [2023-05-26T15:26:56.736+0700] {dag.py:2726} INFO - Sync 1 DAGs
[2023-05-26T15:26:56.742+0700] {logging_mixin.py:149} INFO - [2023-05-26T15:26:56.742+0700] {dag.py:3486} INFO - Setting next_dagrun for example_xcom to 2021-01-01T00:00:00+00:00, run_after=2021-01-01T00:00:00+00:00
[2023-05-26T15:26:56.750+0700] {processor.py:179} INFO - Processing /Users/kany/project-local/data-home/tranning-Airflow/venv/lib/python3.11/site-packages/airflow/example_dags/example_xcom.py took 0.695 seconds
[2023-05-26T15:28:01.192+0700] {processor.py:157} INFO - Started process (PID=52162) to work on /Users/kany/project-local/data-home/tranning-Airflow/venv/lib/python3.11/site-packages/airflow/example_dags/example_xcom.py
[2023-05-26T15:28:01.193+0700] {processor.py:826} INFO - Processing file /Users/kany/project-local/data-home/tranning-Airflow/venv/lib/python3.11/site-packages/airflow/example_dags/example_xcom.py for tasks to queue
[2023-05-26T15:28:01.194+0700] {logging_mixin.py:149} INFO - [2023-05-26T15:28:01.194+0700] {dagbag.py:541} INFO - Filling up the DagBag from /Users/kany/project-local/data-home/tranning-Airflow/venv/lib/python3.11/site-packages/airflow/example_dags/example_xcom.py
[2023-05-26T15:28:01.228+0700] {processor.py:836} INFO - DAG(s) dict_keys(['example_xcom']) retrieved from /Users/kany/project-local/data-home/tranning-Airflow/venv/lib/python3.11/site-packages/airflow/example_dags/example_xcom.py
[2023-05-26T15:28:01.866+0700] {logging_mixin.py:149} INFO - [2023-05-26T15:28:01.865+0700] {dag.py:2726} INFO - Sync 1 DAGs
[2023-05-26T15:28:01.871+0700] {logging_mixin.py:149} INFO - [2023-05-26T15:28:01.871+0700] {dag.py:3486} INFO - Setting next_dagrun for example_xcom to 2021-01-01T00:00:00+00:00, run_after=2021-01-01T00:00:00+00:00
[2023-05-26T15:28:01.880+0700] {processor.py:179} INFO - Processing /Users/kany/project-local/data-home/tranning-Airflow/venv/lib/python3.11/site-packages/airflow/example_dags/example_xcom.py took 0.688 seconds
[2023-05-26T15:29:07.438+0700] {processor.py:157} INFO - Started process (PID=52312) to work on /Users/kany/project-local/data-home/tranning-Airflow/venv/lib/python3.11/site-packages/airflow/example_dags/example_xcom.py
[2023-05-26T15:29:07.439+0700] {processor.py:826} INFO - Processing file /Users/kany/project-local/data-home/tranning-Airflow/venv/lib/python3.11/site-packages/airflow/example_dags/example_xcom.py for tasks to queue
[2023-05-26T15:29:07.439+0700] {logging_mixin.py:149} INFO - [2023-05-26T15:29:07.439+0700] {dagbag.py:541} INFO - Filling up the DagBag from /Users/kany/project-local/data-home/tranning-Airflow/venv/lib/python3.11/site-packages/airflow/example_dags/example_xcom.py
[2023-05-26T15:29:07.475+0700] {processor.py:836} INFO - DAG(s) dict_keys(['example_xcom']) retrieved from /Users/kany/project-local/data-home/tranning-Airflow/venv/lib/python3.11/site-packages/airflow/example_dags/example_xcom.py
[2023-05-26T15:29:08.115+0700] {logging_mixin.py:149} INFO - [2023-05-26T15:29:08.115+0700] {dag.py:2726} INFO - Sync 1 DAGs
[2023-05-26T15:29:08.121+0700] {logging_mixin.py:149} INFO - [2023-05-26T15:29:08.121+0700] {dag.py:3486} INFO - Setting next_dagrun for example_xcom to 2021-01-01T00:00:00+00:00, run_after=2021-01-01T00:00:00+00:00
[2023-05-26T15:29:08.128+0700] {processor.py:179} INFO - Processing /Users/kany/project-local/data-home/tranning-Airflow/venv/lib/python3.11/site-packages/airflow/example_dags/example_xcom.py took 0.690 seconds
[2023-05-26T15:30:13.750+0700] {processor.py:157} INFO - Started process (PID=52384) to work on /Users/kany/project-local/data-home/tranning-Airflow/venv/lib/python3.11/site-packages/airflow/example_dags/example_xcom.py
[2023-05-26T15:30:13.751+0700] {processor.py:826} INFO - Processing file /Users/kany/project-local/data-home/tranning-Airflow/venv/lib/python3.11/site-packages/airflow/example_dags/example_xcom.py for tasks to queue
[2023-05-26T15:30:13.751+0700] {logging_mixin.py:149} INFO - [2023-05-26T15:30:13.751+0700] {dagbag.py:541} INFO - Filling up the DagBag from /Users/kany/project-local/data-home/tranning-Airflow/venv/lib/python3.11/site-packages/airflow/example_dags/example_xcom.py
[2023-05-26T15:30:13.785+0700] {processor.py:836} INFO - DAG(s) dict_keys(['example_xcom']) retrieved from /Users/kany/project-local/data-home/tranning-Airflow/venv/lib/python3.11/site-packages/airflow/example_dags/example_xcom.py
[2023-05-26T15:30:14.241+0700] {logging_mixin.py:149} INFO - [2023-05-26T15:30:14.241+0700] {dag.py:2726} INFO - Sync 1 DAGs
[2023-05-26T15:30:14.246+0700] {logging_mixin.py:149} INFO - [2023-05-26T15:30:14.246+0700] {dag.py:3486} INFO - Setting next_dagrun for example_xcom to 2021-01-01T00:00:00+00:00, run_after=2021-01-01T00:00:00+00:00
[2023-05-26T15:30:14.254+0700] {processor.py:179} INFO - Processing /Users/kany/project-local/data-home/tranning-Airflow/venv/lib/python3.11/site-packages/airflow/example_dags/example_xcom.py took 0.503 seconds
[2023-05-26T15:31:20.109+0700] {processor.py:157} INFO - Started process (PID=52439) to work on /Users/kany/project-local/data-home/tranning-Airflow/venv/lib/python3.11/site-packages/airflow/example_dags/example_xcom.py
[2023-05-26T15:31:20.110+0700] {processor.py:826} INFO - Processing file /Users/kany/project-local/data-home/tranning-Airflow/venv/lib/python3.11/site-packages/airflow/example_dags/example_xcom.py for tasks to queue
[2023-05-26T15:31:20.111+0700] {logging_mixin.py:149} INFO - [2023-05-26T15:31:20.111+0700] {dagbag.py:541} INFO - Filling up the DagBag from /Users/kany/project-local/data-home/tranning-Airflow/venv/lib/python3.11/site-packages/airflow/example_dags/example_xcom.py
[2023-05-26T15:31:20.147+0700] {processor.py:836} INFO - DAG(s) dict_keys(['example_xcom']) retrieved from /Users/kany/project-local/data-home/tranning-Airflow/venv/lib/python3.11/site-packages/airflow/example_dags/example_xcom.py
[2023-05-26T15:31:20.651+0700] {logging_mixin.py:149} INFO - [2023-05-26T15:31:20.651+0700] {dag.py:2726} INFO - Sync 1 DAGs
[2023-05-26T15:31:20.657+0700] {logging_mixin.py:149} INFO - [2023-05-26T15:31:20.657+0700] {dag.py:3486} INFO - Setting next_dagrun for example_xcom to 2021-01-01T00:00:00+00:00, run_after=2021-01-01T00:00:00+00:00
[2023-05-26T15:31:20.665+0700] {processor.py:179} INFO - Processing /Users/kany/project-local/data-home/tranning-Airflow/venv/lib/python3.11/site-packages/airflow/example_dags/example_xcom.py took 0.556 seconds
[2023-05-26T15:32:27.394+0700] {processor.py:157} INFO - Started process (PID=52598) to work on /Users/kany/project-local/data-home/tranning-Airflow/venv/lib/python3.11/site-packages/airflow/example_dags/example_xcom.py
[2023-05-26T15:32:27.394+0700] {processor.py:826} INFO - Processing file /Users/kany/project-local/data-home/tranning-Airflow/venv/lib/python3.11/site-packages/airflow/example_dags/example_xcom.py for tasks to queue
[2023-05-26T15:32:27.394+0700] {logging_mixin.py:149} INFO - [2023-05-26T15:32:27.394+0700] {dagbag.py:541} INFO - Filling up the DagBag from /Users/kany/project-local/data-home/tranning-Airflow/venv/lib/python3.11/site-packages/airflow/example_dags/example_xcom.py
[2023-05-26T15:32:27.429+0700] {processor.py:836} INFO - DAG(s) dict_keys(['example_xcom']) retrieved from /Users/kany/project-local/data-home/tranning-Airflow/venv/lib/python3.11/site-packages/airflow/example_dags/example_xcom.py
[2023-05-26T15:32:27.871+0700] {logging_mixin.py:149} INFO - [2023-05-26T15:32:27.871+0700] {dag.py:2726} INFO - Sync 1 DAGs
[2023-05-26T15:32:27.876+0700] {logging_mixin.py:149} INFO - [2023-05-26T15:32:27.876+0700] {dag.py:3486} INFO - Setting next_dagrun for example_xcom to 2021-01-01T00:00:00+00:00, run_after=2021-01-01T00:00:00+00:00
[2023-05-26T15:32:27.884+0700] {processor.py:179} INFO - Processing /Users/kany/project-local/data-home/tranning-Airflow/venv/lib/python3.11/site-packages/airflow/example_dags/example_xcom.py took 0.491 seconds
