[2023-05-26T15:12:25.153+0700] {processor.py:157} INFO - Started process (PID=51133) to work on /Users/kany/project-local/data-home/tranning-Airflow/venv/lib/python3.11/site-packages/airflow/example_dags/example_task_group.py
[2023-05-26T15:12:25.153+0700] {processor.py:826} INFO - Processing file /Users/kany/project-local/data-home/tranning-Airflow/venv/lib/python3.11/site-packages/airflow/example_dags/example_task_group.py for tasks to queue
[2023-05-26T15:12:25.153+0700] {logging_mixin.py:149} INFO - [2023-05-26T15:12:25.153+0700] {dagbag.py:541} INFO - Filling up the DagBag from /Users/kany/project-local/data-home/tranning-Airflow/venv/lib/python3.11/site-packages/airflow/example_dags/example_task_group.py
[2023-05-26T15:12:25.170+0700] {processor.py:836} INFO - DAG(s) dict_keys(['example_task_group']) retrieved from /Users/kany/project-local/data-home/tranning-Airflow/venv/lib/python3.11/site-packages/airflow/example_dags/example_task_group.py
[2023-05-26T15:12:25.800+0700] {logging_mixin.py:149} INFO - [2023-05-26T15:12:25.800+0700] {manager.py:504} INFO - Created Permission View: can read on DAG:example_task_group
[2023-05-26T15:12:25.804+0700] {logging_mixin.py:149} INFO - [2023-05-26T15:12:25.803+0700] {manager.py:504} INFO - Created Permission View: can edit on DAG:example_task_group
[2023-05-26T15:12:25.806+0700] {logging_mixin.py:149} INFO - [2023-05-26T15:12:25.806+0700] {manager.py:504} INFO - Created Permission View: can delete on DAG:example_task_group
[2023-05-26T15:12:25.806+0700] {logging_mixin.py:149} INFO - [2023-05-26T15:12:25.806+0700] {dag.py:2726} INFO - Sync 1 DAGs
[2023-05-26T15:12:25.839+0700] {logging_mixin.py:149} INFO - [2023-05-26T15:12:25.839+0700] {dag.py:2747} INFO - Creating ORM DAG for example_task_group
[2023-05-26T15:12:25.842+0700] {logging_mixin.py:149} INFO - [2023-05-26T15:12:25.842+0700] {dag.py:3486} INFO - Setting next_dagrun for example_task_group to 2023-05-25T08:12:25.842022+00:00, run_after=2023-05-26T08:12:25.842022+00:00
[2023-05-26T15:12:25.850+0700] {processor.py:179} INFO - Processing /Users/kany/project-local/data-home/tranning-Airflow/venv/lib/python3.11/site-packages/airflow/example_dags/example_task_group.py took 0.697 seconds
[2023-05-26T15:14:28.108+0700] {processor.py:157} INFO - Started process (PID=51220) to work on /Users/kany/project-local/data-home/tranning-Airflow/venv/lib/python3.11/site-packages/airflow/example_dags/example_task_group.py
[2023-05-26T15:14:28.109+0700] {processor.py:826} INFO - Processing file /Users/kany/project-local/data-home/tranning-Airflow/venv/lib/python3.11/site-packages/airflow/example_dags/example_task_group.py for tasks to queue
[2023-05-26T15:14:28.109+0700] {logging_mixin.py:149} INFO - [2023-05-26T15:14:28.109+0700] {dagbag.py:541} INFO - Filling up the DagBag from /Users/kany/project-local/data-home/tranning-Airflow/venv/lib/python3.11/site-packages/airflow/example_dags/example_task_group.py
[2023-05-26T15:14:28.134+0700] {processor.py:836} INFO - DAG(s) dict_keys(['example_task_group']) retrieved from /Users/kany/project-local/data-home/tranning-Airflow/venv/lib/python3.11/site-packages/airflow/example_dags/example_task_group.py
[2023-05-26T15:14:29.104+0700] {logging_mixin.py:149} INFO - [2023-05-26T15:14:29.104+0700] {dag.py:2726} INFO - Sync 1 DAGs
[2023-05-26T15:14:29.111+0700] {logging_mixin.py:149} INFO - [2023-05-26T15:14:29.111+0700] {dag.py:3486} INFO - Setting next_dagrun for example_task_group to 2023-05-25T08:14:29.110913+00:00, run_after=2023-05-26T08:14:29.110913+00:00
[2023-05-26T15:14:29.123+0700] {processor.py:179} INFO - Processing /Users/kany/project-local/data-home/tranning-Airflow/venv/lib/python3.11/site-packages/airflow/example_dags/example_task_group.py took 1.015 seconds
[2023-05-26T15:15:50.988+0700] {processor.py:157} INFO - Started process (PID=51297) to work on /Users/kany/project-local/data-home/tranning-Airflow/venv/lib/python3.11/site-packages/airflow/example_dags/example_task_group.py
[2023-05-26T15:15:50.989+0700] {processor.py:826} INFO - Processing file /Users/kany/project-local/data-home/tranning-Airflow/venv/lib/python3.11/site-packages/airflow/example_dags/example_task_group.py for tasks to queue
[2023-05-26T15:15:50.989+0700] {logging_mixin.py:149} INFO - [2023-05-26T15:15:50.989+0700] {dagbag.py:541} INFO - Filling up the DagBag from /Users/kany/project-local/data-home/tranning-Airflow/venv/lib/python3.11/site-packages/airflow/example_dags/example_task_group.py
[2023-05-26T15:15:51.004+0700] {processor.py:836} INFO - DAG(s) dict_keys(['example_task_group']) retrieved from /Users/kany/project-local/data-home/tranning-Airflow/venv/lib/python3.11/site-packages/airflow/example_dags/example_task_group.py
[2023-05-26T15:15:51.711+0700] {logging_mixin.py:149} INFO - [2023-05-26T15:15:51.711+0700] {dag.py:2726} INFO - Sync 1 DAGs
[2023-05-26T15:15:51.717+0700] {logging_mixin.py:149} INFO - [2023-05-26T15:15:51.717+0700] {dag.py:3486} INFO - Setting next_dagrun for example_task_group to 2023-05-25T08:15:51.717696+00:00, run_after=2023-05-26T08:15:51.717696+00:00
[2023-05-26T15:15:51.726+0700] {processor.py:179} INFO - Processing /Users/kany/project-local/data-home/tranning-Airflow/venv/lib/python3.11/site-packages/airflow/example_dags/example_task_group.py took 0.738 seconds
[2023-05-26T15:17:10.281+0700] {processor.py:157} INFO - Started process (PID=51393) to work on /Users/kany/project-local/data-home/tranning-Airflow/venv/lib/python3.11/site-packages/airflow/example_dags/example_task_group.py
[2023-05-26T15:17:10.282+0700] {processor.py:826} INFO - Processing file /Users/kany/project-local/data-home/tranning-Airflow/venv/lib/python3.11/site-packages/airflow/example_dags/example_task_group.py for tasks to queue
[2023-05-26T15:17:10.282+0700] {logging_mixin.py:149} INFO - [2023-05-26T15:17:10.282+0700] {dagbag.py:541} INFO - Filling up the DagBag from /Users/kany/project-local/data-home/tranning-Airflow/venv/lib/python3.11/site-packages/airflow/example_dags/example_task_group.py
[2023-05-26T15:17:10.306+0700] {processor.py:836} INFO - DAG(s) dict_keys(['example_task_group']) retrieved from /Users/kany/project-local/data-home/tranning-Airflow/venv/lib/python3.11/site-packages/airflow/example_dags/example_task_group.py
[2023-05-26T15:17:11.095+0700] {logging_mixin.py:149} INFO - [2023-05-26T15:17:11.094+0700] {dag.py:2726} INFO - Sync 1 DAGs
[2023-05-26T15:17:11.101+0700] {logging_mixin.py:149} INFO - [2023-05-26T15:17:11.101+0700] {dag.py:3486} INFO - Setting next_dagrun for example_task_group to 2023-05-25T08:17:11.101347+00:00, run_after=2023-05-26T08:17:11.101347+00:00
[2023-05-26T15:17:11.114+0700] {processor.py:179} INFO - Processing /Users/kany/project-local/data-home/tranning-Airflow/venv/lib/python3.11/site-packages/airflow/example_dags/example_task_group.py took 0.834 seconds
[2023-05-26T15:18:21.567+0700] {processor.py:157} INFO - Started process (PID=51454) to work on /Users/kany/project-local/data-home/tranning-Airflow/venv/lib/python3.11/site-packages/airflow/example_dags/example_task_group.py
[2023-05-26T15:18:21.568+0700] {processor.py:826} INFO - Processing file /Users/kany/project-local/data-home/tranning-Airflow/venv/lib/python3.11/site-packages/airflow/example_dags/example_task_group.py for tasks to queue
[2023-05-26T15:18:21.568+0700] {logging_mixin.py:149} INFO - [2023-05-26T15:18:21.568+0700] {dagbag.py:541} INFO - Filling up the DagBag from /Users/kany/project-local/data-home/tranning-Airflow/venv/lib/python3.11/site-packages/airflow/example_dags/example_task_group.py
[2023-05-26T15:18:21.584+0700] {processor.py:836} INFO - DAG(s) dict_keys(['example_task_group']) retrieved from /Users/kany/project-local/data-home/tranning-Airflow/venv/lib/python3.11/site-packages/airflow/example_dags/example_task_group.py
[2023-05-26T15:18:22.051+0700] {logging_mixin.py:149} INFO - [2023-05-26T15:18:22.051+0700] {dag.py:2726} INFO - Sync 1 DAGs
[2023-05-26T15:18:22.057+0700] {logging_mixin.py:149} INFO - [2023-05-26T15:18:22.057+0700] {dag.py:3486} INFO - Setting next_dagrun for example_task_group to 2023-05-25T08:18:22.057704+00:00, run_after=2023-05-26T08:18:22.057704+00:00
[2023-05-26T15:18:22.066+0700] {processor.py:179} INFO - Processing /Users/kany/project-local/data-home/tranning-Airflow/venv/lib/python3.11/site-packages/airflow/example_dags/example_task_group.py took 0.499 seconds
[2023-05-26T15:19:36.186+0700] {processor.py:157} INFO - Started process (PID=51564) to work on /Users/kany/project-local/data-home/tranning-Airflow/venv/lib/python3.11/site-packages/airflow/example_dags/example_task_group.py
[2023-05-26T15:19:36.187+0700] {processor.py:826} INFO - Processing file /Users/kany/project-local/data-home/tranning-Airflow/venv/lib/python3.11/site-packages/airflow/example_dags/example_task_group.py for tasks to queue
[2023-05-26T15:19:36.187+0700] {logging_mixin.py:149} INFO - [2023-05-26T15:19:36.187+0700] {dagbag.py:541} INFO - Filling up the DagBag from /Users/kany/project-local/data-home/tranning-Airflow/venv/lib/python3.11/site-packages/airflow/example_dags/example_task_group.py
[2023-05-26T15:19:36.201+0700] {processor.py:836} INFO - DAG(s) dict_keys(['example_task_group']) retrieved from /Users/kany/project-local/data-home/tranning-Airflow/venv/lib/python3.11/site-packages/airflow/example_dags/example_task_group.py
[2023-05-26T15:19:36.748+0700] {logging_mixin.py:149} INFO - [2023-05-26T15:19:36.748+0700] {dag.py:2726} INFO - Sync 1 DAGs
[2023-05-26T15:19:36.754+0700] {logging_mixin.py:149} INFO - [2023-05-26T15:19:36.754+0700] {dag.py:3486} INFO - Setting next_dagrun for example_task_group to 2023-05-25T08:19:36.754829+00:00, run_after=2023-05-26T08:19:36.754829+00:00
[2023-05-26T15:19:36.762+0700] {processor.py:179} INFO - Processing /Users/kany/project-local/data-home/tranning-Airflow/venv/lib/python3.11/site-packages/airflow/example_dags/example_task_group.py took 0.576 seconds
[2023-05-26T15:20:43.774+0700] {processor.py:157} INFO - Started process (PID=51680) to work on /Users/kany/project-local/data-home/tranning-Airflow/venv/lib/python3.11/site-packages/airflow/example_dags/example_task_group.py
[2023-05-26T15:20:43.775+0700] {processor.py:826} INFO - Processing file /Users/kany/project-local/data-home/tranning-Airflow/venv/lib/python3.11/site-packages/airflow/example_dags/example_task_group.py for tasks to queue
[2023-05-26T15:20:43.775+0700] {logging_mixin.py:149} INFO - [2023-05-26T15:20:43.775+0700] {dagbag.py:541} INFO - Filling up the DagBag from /Users/kany/project-local/data-home/tranning-Airflow/venv/lib/python3.11/site-packages/airflow/example_dags/example_task_group.py
[2023-05-26T15:20:43.791+0700] {processor.py:836} INFO - DAG(s) dict_keys(['example_task_group']) retrieved from /Users/kany/project-local/data-home/tranning-Airflow/venv/lib/python3.11/site-packages/airflow/example_dags/example_task_group.py
[2023-05-26T15:20:44.258+0700] {logging_mixin.py:149} INFO - [2023-05-26T15:20:44.258+0700] {dag.py:2726} INFO - Sync 1 DAGs
[2023-05-26T15:20:44.264+0700] {logging_mixin.py:149} INFO - [2023-05-26T15:20:44.264+0700] {dag.py:3486} INFO - Setting next_dagrun for example_task_group to 2023-05-25T08:20:44.264222+00:00, run_after=2023-05-26T08:20:44.264222+00:00
[2023-05-26T15:20:44.275+0700] {processor.py:179} INFO - Processing /Users/kany/project-local/data-home/tranning-Airflow/venv/lib/python3.11/site-packages/airflow/example_dags/example_task_group.py took 0.501 seconds
[2023-05-26T15:21:52.547+0700] {processor.py:157} INFO - Started process (PID=51716) to work on /Users/kany/project-local/data-home/tranning-Airflow/venv/lib/python3.11/site-packages/airflow/example_dags/example_task_group.py
[2023-05-26T15:21:52.548+0700] {processor.py:826} INFO - Processing file /Users/kany/project-local/data-home/tranning-Airflow/venv/lib/python3.11/site-packages/airflow/example_dags/example_task_group.py for tasks to queue
[2023-05-26T15:21:52.548+0700] {logging_mixin.py:149} INFO - [2023-05-26T15:21:52.548+0700] {dagbag.py:541} INFO - Filling up the DagBag from /Users/kany/project-local/data-home/tranning-Airflow/venv/lib/python3.11/site-packages/airflow/example_dags/example_task_group.py
[2023-05-26T15:21:52.562+0700] {processor.py:836} INFO - DAG(s) dict_keys(['example_task_group']) retrieved from /Users/kany/project-local/data-home/tranning-Airflow/venv/lib/python3.11/site-packages/airflow/example_dags/example_task_group.py
[2023-05-26T15:21:52.976+0700] {logging_mixin.py:149} INFO - [2023-05-26T15:21:52.976+0700] {dag.py:2726} INFO - Sync 1 DAGs
[2023-05-26T15:21:52.982+0700] {logging_mixin.py:149} INFO - [2023-05-26T15:21:52.982+0700] {dag.py:3486} INFO - Setting next_dagrun for example_task_group to 2023-05-25T08:21:52.982259+00:00, run_after=2023-05-26T08:21:52.982259+00:00
[2023-05-26T15:21:52.990+0700] {processor.py:179} INFO - Processing /Users/kany/project-local/data-home/tranning-Airflow/venv/lib/python3.11/site-packages/airflow/example_dags/example_task_group.py took 0.443 seconds
[2023-05-26T15:22:54.567+0700] {processor.py:157} INFO - Started process (PID=51752) to work on /Users/kany/project-local/data-home/tranning-Airflow/venv/lib/python3.11/site-packages/airflow/example_dags/example_task_group.py
[2023-05-26T15:22:54.568+0700] {processor.py:826} INFO - Processing file /Users/kany/project-local/data-home/tranning-Airflow/venv/lib/python3.11/site-packages/airflow/example_dags/example_task_group.py for tasks to queue
[2023-05-26T15:22:54.568+0700] {logging_mixin.py:149} INFO - [2023-05-26T15:22:54.568+0700] {dagbag.py:541} INFO - Filling up the DagBag from /Users/kany/project-local/data-home/tranning-Airflow/venv/lib/python3.11/site-packages/airflow/example_dags/example_task_group.py
[2023-05-26T15:22:54.582+0700] {processor.py:836} INFO - DAG(s) dict_keys(['example_task_group']) retrieved from /Users/kany/project-local/data-home/tranning-Airflow/venv/lib/python3.11/site-packages/airflow/example_dags/example_task_group.py
[2023-05-26T15:22:55.005+0700] {logging_mixin.py:149} INFO - [2023-05-26T15:22:55.005+0700] {dag.py:2726} INFO - Sync 1 DAGs
[2023-05-26T15:22:55.011+0700] {logging_mixin.py:149} INFO - [2023-05-26T15:22:55.011+0700] {dag.py:3486} INFO - Setting next_dagrun for example_task_group to 2023-05-25T08:22:55.011342+00:00, run_after=2023-05-26T08:22:55.011342+00:00
[2023-05-26T15:22:55.018+0700] {processor.py:179} INFO - Processing /Users/kany/project-local/data-home/tranning-Airflow/venv/lib/python3.11/site-packages/airflow/example_dags/example_task_group.py took 0.452 seconds
[2023-05-26T15:23:54.868+0700] {processor.py:157} INFO - Started process (PID=51805) to work on /Users/kany/project-local/data-home/tranning-Airflow/venv/lib/python3.11/site-packages/airflow/example_dags/example_task_group.py
[2023-05-26T15:23:54.869+0700] {processor.py:826} INFO - Processing file /Users/kany/project-local/data-home/tranning-Airflow/venv/lib/python3.11/site-packages/airflow/example_dags/example_task_group.py for tasks to queue
[2023-05-26T15:23:54.870+0700] {logging_mixin.py:149} INFO - [2023-05-26T15:23:54.870+0700] {dagbag.py:541} INFO - Filling up the DagBag from /Users/kany/project-local/data-home/tranning-Airflow/venv/lib/python3.11/site-packages/airflow/example_dags/example_task_group.py
[2023-05-26T15:23:54.884+0700] {processor.py:836} INFO - DAG(s) dict_keys(['example_task_group']) retrieved from /Users/kany/project-local/data-home/tranning-Airflow/venv/lib/python3.11/site-packages/airflow/example_dags/example_task_group.py
[2023-05-26T15:23:55.302+0700] {logging_mixin.py:149} INFO - [2023-05-26T15:23:55.302+0700] {dag.py:2726} INFO - Sync 1 DAGs
[2023-05-26T15:23:55.308+0700] {logging_mixin.py:149} INFO - [2023-05-26T15:23:55.308+0700] {dag.py:3486} INFO - Setting next_dagrun for example_task_group to 2023-05-25T08:23:55.308165+00:00, run_after=2023-05-26T08:23:55.308165+00:00
[2023-05-26T15:23:55.315+0700] {processor.py:179} INFO - Processing /Users/kany/project-local/data-home/tranning-Airflow/venv/lib/python3.11/site-packages/airflow/example_dags/example_task_group.py took 0.447 seconds
[2023-05-26T15:24:58.596+0700] {processor.py:157} INFO - Started process (PID=51848) to work on /Users/kany/project-local/data-home/tranning-Airflow/venv/lib/python3.11/site-packages/airflow/example_dags/example_task_group.py
[2023-05-26T15:24:58.597+0700] {processor.py:826} INFO - Processing file /Users/kany/project-local/data-home/tranning-Airflow/venv/lib/python3.11/site-packages/airflow/example_dags/example_task_group.py for tasks to queue
[2023-05-26T15:24:58.597+0700] {logging_mixin.py:149} INFO - [2023-05-26T15:24:58.597+0700] {dagbag.py:541} INFO - Filling up the DagBag from /Users/kany/project-local/data-home/tranning-Airflow/venv/lib/python3.11/site-packages/airflow/example_dags/example_task_group.py
[2023-05-26T15:24:58.615+0700] {processor.py:836} INFO - DAG(s) dict_keys(['example_task_group']) retrieved from /Users/kany/project-local/data-home/tranning-Airflow/venv/lib/python3.11/site-packages/airflow/example_dags/example_task_group.py
[2023-05-26T15:24:59.108+0700] {logging_mixin.py:149} INFO - [2023-05-26T15:24:59.108+0700] {dag.py:2726} INFO - Sync 1 DAGs
[2023-05-26T15:24:59.115+0700] {logging_mixin.py:149} INFO - [2023-05-26T15:24:59.115+0700] {dag.py:3486} INFO - Setting next_dagrun for example_task_group to 2023-05-25T08:24:59.115741+00:00, run_after=2023-05-26T08:24:59.115741+00:00
[2023-05-26T15:24:59.123+0700] {processor.py:179} INFO - Processing /Users/kany/project-local/data-home/tranning-Airflow/venv/lib/python3.11/site-packages/airflow/example_dags/example_task_group.py took 0.527 seconds
[2023-05-26T15:26:03.530+0700] {processor.py:157} INFO - Started process (PID=51957) to work on /Users/kany/project-local/data-home/tranning-Airflow/venv/lib/python3.11/site-packages/airflow/example_dags/example_task_group.py
[2023-05-26T15:26:03.531+0700] {processor.py:826} INFO - Processing file /Users/kany/project-local/data-home/tranning-Airflow/venv/lib/python3.11/site-packages/airflow/example_dags/example_task_group.py for tasks to queue
[2023-05-26T15:26:03.531+0700] {logging_mixin.py:149} INFO - [2023-05-26T15:26:03.531+0700] {dagbag.py:541} INFO - Filling up the DagBag from /Users/kany/project-local/data-home/tranning-Airflow/venv/lib/python3.11/site-packages/airflow/example_dags/example_task_group.py
[2023-05-26T15:26:03.546+0700] {processor.py:836} INFO - DAG(s) dict_keys(['example_task_group']) retrieved from /Users/kany/project-local/data-home/tranning-Airflow/venv/lib/python3.11/site-packages/airflow/example_dags/example_task_group.py
[2023-05-26T15:26:04.265+0700] {logging_mixin.py:149} INFO - [2023-05-26T15:26:04.265+0700] {dag.py:2726} INFO - Sync 1 DAGs
[2023-05-26T15:26:04.271+0700] {logging_mixin.py:149} INFO - [2023-05-26T15:26:04.271+0700] {dag.py:3486} INFO - Setting next_dagrun for example_task_group to 2023-05-25T08:26:04.271611+00:00, run_after=2023-05-26T08:26:04.271611+00:00
[2023-05-26T15:26:04.280+0700] {processor.py:179} INFO - Processing /Users/kany/project-local/data-home/tranning-Airflow/venv/lib/python3.11/site-packages/airflow/example_dags/example_task_group.py took 0.750 seconds
[2023-05-26T15:27:06.166+0700] {processor.py:157} INFO - Started process (PID=52073) to work on /Users/kany/project-local/data-home/tranning-Airflow/venv/lib/python3.11/site-packages/airflow/example_dags/example_task_group.py
[2023-05-26T15:27:06.167+0700] {processor.py:826} INFO - Processing file /Users/kany/project-local/data-home/tranning-Airflow/venv/lib/python3.11/site-packages/airflow/example_dags/example_task_group.py for tasks to queue
[2023-05-26T15:27:06.167+0700] {logging_mixin.py:149} INFO - [2023-05-26T15:27:06.167+0700] {dagbag.py:541} INFO - Filling up the DagBag from /Users/kany/project-local/data-home/tranning-Airflow/venv/lib/python3.11/site-packages/airflow/example_dags/example_task_group.py
[2023-05-26T15:27:06.182+0700] {processor.py:836} INFO - DAG(s) dict_keys(['example_task_group']) retrieved from /Users/kany/project-local/data-home/tranning-Airflow/venv/lib/python3.11/site-packages/airflow/example_dags/example_task_group.py
[2023-05-26T15:27:06.643+0700] {logging_mixin.py:149} INFO - [2023-05-26T15:27:06.643+0700] {dag.py:2726} INFO - Sync 1 DAGs
[2023-05-26T15:27:06.649+0700] {logging_mixin.py:149} INFO - [2023-05-26T15:27:06.649+0700] {dag.py:3486} INFO - Setting next_dagrun for example_task_group to 2023-05-25T08:27:06.649703+00:00, run_after=2023-05-26T08:27:06.649703+00:00
[2023-05-26T15:27:06.657+0700] {processor.py:179} INFO - Processing /Users/kany/project-local/data-home/tranning-Airflow/venv/lib/python3.11/site-packages/airflow/example_dags/example_task_group.py took 0.492 seconds
[2023-05-26T15:28:12.440+0700] {processor.py:157} INFO - Started process (PID=52200) to work on /Users/kany/project-local/data-home/tranning-Airflow/venv/lib/python3.11/site-packages/airflow/example_dags/example_task_group.py
[2023-05-26T15:28:12.442+0700] {processor.py:826} INFO - Processing file /Users/kany/project-local/data-home/tranning-Airflow/venv/lib/python3.11/site-packages/airflow/example_dags/example_task_group.py for tasks to queue
[2023-05-26T15:28:12.442+0700] {logging_mixin.py:149} INFO - [2023-05-26T15:28:12.442+0700] {dagbag.py:541} INFO - Filling up the DagBag from /Users/kany/project-local/data-home/tranning-Airflow/venv/lib/python3.11/site-packages/airflow/example_dags/example_task_group.py
[2023-05-26T15:28:12.457+0700] {processor.py:836} INFO - DAG(s) dict_keys(['example_task_group']) retrieved from /Users/kany/project-local/data-home/tranning-Airflow/venv/lib/python3.11/site-packages/airflow/example_dags/example_task_group.py
[2023-05-26T15:28:13.132+0700] {logging_mixin.py:149} INFO - [2023-05-26T15:28:13.132+0700] {dag.py:2726} INFO - Sync 1 DAGs
[2023-05-26T15:28:13.141+0700] {logging_mixin.py:149} INFO - [2023-05-26T15:28:13.140+0700] {dag.py:3486} INFO - Setting next_dagrun for example_task_group to 2023-05-25T08:28:13.140884+00:00, run_after=2023-05-26T08:28:13.140884+00:00
[2023-05-26T15:28:13.153+0700] {processor.py:179} INFO - Processing /Users/kany/project-local/data-home/tranning-Airflow/venv/lib/python3.11/site-packages/airflow/example_dags/example_task_group.py took 0.713 seconds
[2023-05-26T15:29:16.316+0700] {processor.py:157} INFO - Started process (PID=52323) to work on /Users/kany/project-local/data-home/tranning-Airflow/venv/lib/python3.11/site-packages/airflow/example_dags/example_task_group.py
[2023-05-26T15:29:16.317+0700] {processor.py:826} INFO - Processing file /Users/kany/project-local/data-home/tranning-Airflow/venv/lib/python3.11/site-packages/airflow/example_dags/example_task_group.py for tasks to queue
[2023-05-26T15:29:16.317+0700] {logging_mixin.py:149} INFO - [2023-05-26T15:29:16.317+0700] {dagbag.py:541} INFO - Filling up the DagBag from /Users/kany/project-local/data-home/tranning-Airflow/venv/lib/python3.11/site-packages/airflow/example_dags/example_task_group.py
[2023-05-26T15:29:16.332+0700] {processor.py:836} INFO - DAG(s) dict_keys(['example_task_group']) retrieved from /Users/kany/project-local/data-home/tranning-Airflow/venv/lib/python3.11/site-packages/airflow/example_dags/example_task_group.py
[2023-05-26T15:29:16.780+0700] {logging_mixin.py:149} INFO - [2023-05-26T15:29:16.779+0700] {dag.py:2726} INFO - Sync 1 DAGs
[2023-05-26T15:29:16.786+0700] {logging_mixin.py:149} INFO - [2023-05-26T15:29:16.786+0700] {dag.py:3486} INFO - Setting next_dagrun for example_task_group to 2023-05-25T08:29:16.786076+00:00, run_after=2023-05-26T08:29:16.786076+00:00
[2023-05-26T15:29:16.793+0700] {processor.py:179} INFO - Processing /Users/kany/project-local/data-home/tranning-Airflow/venv/lib/python3.11/site-packages/airflow/example_dags/example_task_group.py took 0.477 seconds
[2023-05-26T15:30:24.666+0700] {processor.py:157} INFO - Started process (PID=52389) to work on /Users/kany/project-local/data-home/tranning-Airflow/venv/lib/python3.11/site-packages/airflow/example_dags/example_task_group.py
[2023-05-26T15:30:24.666+0700] {processor.py:826} INFO - Processing file /Users/kany/project-local/data-home/tranning-Airflow/venv/lib/python3.11/site-packages/airflow/example_dags/example_task_group.py for tasks to queue
[2023-05-26T15:30:24.666+0700] {logging_mixin.py:149} INFO - [2023-05-26T15:30:24.666+0700] {dagbag.py:541} INFO - Filling up the DagBag from /Users/kany/project-local/data-home/tranning-Airflow/venv/lib/python3.11/site-packages/airflow/example_dags/example_task_group.py
[2023-05-26T15:30:24.683+0700] {processor.py:836} INFO - DAG(s) dict_keys(['example_task_group']) retrieved from /Users/kany/project-local/data-home/tranning-Airflow/venv/lib/python3.11/site-packages/airflow/example_dags/example_task_group.py
[2023-05-26T15:30:25.243+0700] {logging_mixin.py:149} INFO - [2023-05-26T15:30:25.243+0700] {dag.py:2726} INFO - Sync 1 DAGs
[2023-05-26T15:30:25.249+0700] {logging_mixin.py:149} INFO - [2023-05-26T15:30:25.249+0700] {dag.py:3486} INFO - Setting next_dagrun for example_task_group to 2023-05-25T08:30:25.249541+00:00, run_after=2023-05-26T08:30:25.249541+00:00
[2023-05-26T15:30:25.256+0700] {processor.py:179} INFO - Processing /Users/kany/project-local/data-home/tranning-Airflow/venv/lib/python3.11/site-packages/airflow/example_dags/example_task_group.py took 0.591 seconds
[2023-05-26T15:31:30.675+0700] {processor.py:157} INFO - Started process (PID=52445) to work on /Users/kany/project-local/data-home/tranning-Airflow/venv/lib/python3.11/site-packages/airflow/example_dags/example_task_group.py
[2023-05-26T15:31:30.676+0700] {processor.py:826} INFO - Processing file /Users/kany/project-local/data-home/tranning-Airflow/venv/lib/python3.11/site-packages/airflow/example_dags/example_task_group.py for tasks to queue
[2023-05-26T15:31:30.676+0700] {logging_mixin.py:149} INFO - [2023-05-26T15:31:30.676+0700] {dagbag.py:541} INFO - Filling up the DagBag from /Users/kany/project-local/data-home/tranning-Airflow/venv/lib/python3.11/site-packages/airflow/example_dags/example_task_group.py
[2023-05-26T15:31:30.691+0700] {processor.py:836} INFO - DAG(s) dict_keys(['example_task_group']) retrieved from /Users/kany/project-local/data-home/tranning-Airflow/venv/lib/python3.11/site-packages/airflow/example_dags/example_task_group.py
[2023-05-26T15:31:31.155+0700] {logging_mixin.py:149} INFO - [2023-05-26T15:31:31.155+0700] {dag.py:2726} INFO - Sync 1 DAGs
[2023-05-26T15:31:31.161+0700] {logging_mixin.py:149} INFO - [2023-05-26T15:31:31.161+0700] {dag.py:3486} INFO - Setting next_dagrun for example_task_group to 2023-05-25T08:31:31.161221+00:00, run_after=2023-05-26T08:31:31.161221+00:00
[2023-05-26T15:31:31.168+0700] {processor.py:179} INFO - Processing /Users/kany/project-local/data-home/tranning-Airflow/venv/lib/python3.11/site-packages/airflow/example_dags/example_task_group.py took 0.493 seconds
