[2023-05-26T15:12:49.134+0700] {processor.py:157} INFO - Started process (PID=51148) to work on /Users/kany/project-local/data-home/tranning-Airflow/venv/lib/python3.11/site-packages/airflow/example_dags/example_python_operator.py
[2023-05-26T15:12:49.134+0700] {processor.py:826} INFO - Processing file /Users/kany/project-local/data-home/tranning-Airflow/venv/lib/python3.11/site-packages/airflow/example_dags/example_python_operator.py for tasks to queue
[2023-05-26T15:12:49.134+0700] {logging_mixin.py:149} INFO - [2023-05-26T15:12:49.134+0700] {dagbag.py:541} INFO - Filling up the DagBag from /Users/kany/project-local/data-home/tranning-Airflow/venv/lib/python3.11/site-packages/airflow/example_dags/example_python_operator.py
[2023-05-26T15:12:49.166+0700] {logging_mixin.py:149} INFO - [2023-05-26T15:12:49.166+0700] {taskmixin.py:211} WARNING - Dependency <Task(_PythonDecoratedOperator): print_the_context>, log_sql_query already registered for DAG: example_python_operator
[2023-05-26T15:12:49.166+0700] {logging_mixin.py:149} INFO - [2023-05-26T15:12:49.166+0700] {taskmixin.py:211} WARNING - Dependency <Task(_PythonDecoratedOperator): log_sql_query>, print_the_context already registered for DAG: example_python_operator
[2023-05-26T15:12:49.166+0700] {logging_mixin.py:149} INFO - [2023-05-26T15:12:49.166+0700] {taskmixin.py:211} WARNING - Dependency <Task(_PythonDecoratedOperator): print_the_context>, log_sql_query already registered for DAG: example_python_operator
[2023-05-26T15:12:49.166+0700] {logging_mixin.py:149} INFO - [2023-05-26T15:12:49.166+0700] {taskmixin.py:211} WARNING - Dependency <Task(_PythonDecoratedOperator): log_sql_query>, print_the_context already registered for DAG: example_python_operator
[2023-05-26T15:12:49.166+0700] {logging_mixin.py:149} INFO - [2023-05-26T15:12:49.166+0700] {taskmixin.py:211} WARNING - Dependency <Task(_PythonDecoratedOperator): print_the_context>, log_sql_query already registered for DAG: example_python_operator
[2023-05-26T15:12:49.166+0700] {logging_mixin.py:149} INFO - [2023-05-26T15:12:49.166+0700] {taskmixin.py:211} WARNING - Dependency <Task(_PythonDecoratedOperator): log_sql_query>, print_the_context already registered for DAG: example_python_operator
[2023-05-26T15:12:49.167+0700] {logging_mixin.py:149} INFO - [2023-05-26T15:12:49.167+0700] {taskmixin.py:211} WARNING - Dependency <Task(_PythonDecoratedOperator): print_the_context>, log_sql_query already registered for DAG: example_python_operator
[2023-05-26T15:12:49.167+0700] {logging_mixin.py:149} INFO - [2023-05-26T15:12:49.167+0700] {taskmixin.py:211} WARNING - Dependency <Task(_PythonDecoratedOperator): log_sql_query>, print_the_context already registered for DAG: example_python_operator
[2023-05-26T15:12:49.175+0700] {processor.py:836} INFO - DAG(s) dict_keys(['example_python_operator']) retrieved from /Users/kany/project-local/data-home/tranning-Airflow/venv/lib/python3.11/site-packages/airflow/example_dags/example_python_operator.py
[2023-05-26T15:12:49.703+0700] {logging_mixin.py:149} INFO - [2023-05-26T15:12:49.703+0700] {manager.py:504} INFO - Created Permission View: can delete on DAG:example_python_operator
[2023-05-26T15:12:49.707+0700] {logging_mixin.py:149} INFO - [2023-05-26T15:12:49.706+0700] {manager.py:504} INFO - Created Permission View: can read on DAG:example_python_operator
[2023-05-26T15:12:49.709+0700] {logging_mixin.py:149} INFO - [2023-05-26T15:12:49.709+0700] {manager.py:504} INFO - Created Permission View: can edit on DAG:example_python_operator
[2023-05-26T15:12:49.709+0700] {logging_mixin.py:149} INFO - [2023-05-26T15:12:49.709+0700] {dag.py:2726} INFO - Sync 1 DAGs
[2023-05-26T15:12:49.713+0700] {logging_mixin.py:149} INFO - [2023-05-26T15:12:49.713+0700] {dag.py:2747} INFO - Creating ORM DAG for example_python_operator
[2023-05-26T15:12:49.715+0700] {logging_mixin.py:149} INFO - [2023-05-26T15:12:49.715+0700] {dag.py:3486} INFO - Setting next_dagrun for example_python_operator to None, run_after=None
[2023-05-26T15:12:49.722+0700] {processor.py:179} INFO - Processing /Users/kany/project-local/data-home/tranning-Airflow/venv/lib/python3.11/site-packages/airflow/example_dags/example_python_operator.py took 0.589 seconds
[2023-05-26T15:14:53.874+0700] {processor.py:157} INFO - Started process (PID=51241) to work on /Users/kany/project-local/data-home/tranning-Airflow/venv/lib/python3.11/site-packages/airflow/example_dags/example_python_operator.py
[2023-05-26T15:14:53.875+0700] {processor.py:826} INFO - Processing file /Users/kany/project-local/data-home/tranning-Airflow/venv/lib/python3.11/site-packages/airflow/example_dags/example_python_operator.py for tasks to queue
[2023-05-26T15:14:53.875+0700] {logging_mixin.py:149} INFO - [2023-05-26T15:14:53.875+0700] {dagbag.py:541} INFO - Filling up the DagBag from /Users/kany/project-local/data-home/tranning-Airflow/venv/lib/python3.11/site-packages/airflow/example_dags/example_python_operator.py
[2023-05-26T15:14:53.902+0700] {logging_mixin.py:149} INFO - [2023-05-26T15:14:53.902+0700] {taskmixin.py:211} WARNING - Dependency <Task(_PythonDecoratedOperator): print_the_context>, log_sql_query already registered for DAG: example_python_operator
[2023-05-26T15:14:53.902+0700] {logging_mixin.py:149} INFO - [2023-05-26T15:14:53.902+0700] {taskmixin.py:211} WARNING - Dependency <Task(_PythonDecoratedOperator): log_sql_query>, print_the_context already registered for DAG: example_python_operator
[2023-05-26T15:14:53.902+0700] {logging_mixin.py:149} INFO - [2023-05-26T15:14:53.902+0700] {taskmixin.py:211} WARNING - Dependency <Task(_PythonDecoratedOperator): print_the_context>, log_sql_query already registered for DAG: example_python_operator
[2023-05-26T15:14:53.903+0700] {logging_mixin.py:149} INFO - [2023-05-26T15:14:53.903+0700] {taskmixin.py:211} WARNING - Dependency <Task(_PythonDecoratedOperator): log_sql_query>, print_the_context already registered for DAG: example_python_operator
[2023-05-26T15:14:53.903+0700] {logging_mixin.py:149} INFO - [2023-05-26T15:14:53.903+0700] {taskmixin.py:211} WARNING - Dependency <Task(_PythonDecoratedOperator): print_the_context>, log_sql_query already registered for DAG: example_python_operator
[2023-05-26T15:14:53.903+0700] {logging_mixin.py:149} INFO - [2023-05-26T15:14:53.903+0700] {taskmixin.py:211} WARNING - Dependency <Task(_PythonDecoratedOperator): log_sql_query>, print_the_context already registered for DAG: example_python_operator
[2023-05-26T15:14:53.903+0700] {logging_mixin.py:149} INFO - [2023-05-26T15:14:53.903+0700] {taskmixin.py:211} WARNING - Dependency <Task(_PythonDecoratedOperator): print_the_context>, log_sql_query already registered for DAG: example_python_operator
[2023-05-26T15:14:53.903+0700] {logging_mixin.py:149} INFO - [2023-05-26T15:14:53.903+0700] {taskmixin.py:211} WARNING - Dependency <Task(_PythonDecoratedOperator): log_sql_query>, print_the_context already registered for DAG: example_python_operator
[2023-05-26T15:14:53.908+0700] {processor.py:836} INFO - DAG(s) dict_keys(['example_python_operator']) retrieved from /Users/kany/project-local/data-home/tranning-Airflow/venv/lib/python3.11/site-packages/airflow/example_dags/example_python_operator.py
[2023-05-26T15:14:54.537+0700] {logging_mixin.py:149} INFO - [2023-05-26T15:14:54.537+0700] {dag.py:2726} INFO - Sync 1 DAGs
[2023-05-26T15:14:54.543+0700] {logging_mixin.py:149} INFO - [2023-05-26T15:14:54.543+0700] {dag.py:3486} INFO - Setting next_dagrun for example_python_operator to None, run_after=None
[2023-05-26T15:14:54.577+0700] {processor.py:179} INFO - Processing /Users/kany/project-local/data-home/tranning-Airflow/venv/lib/python3.11/site-packages/airflow/example_dags/example_python_operator.py took 0.703 seconds
[2023-05-26T15:17:27.180+0700] {processor.py:157} INFO - Started process (PID=51407) to work on /Users/kany/project-local/data-home/tranning-Airflow/venv/lib/python3.11/site-packages/airflow/example_dags/example_python_operator.py
[2023-05-26T15:17:27.181+0700] {processor.py:826} INFO - Processing file /Users/kany/project-local/data-home/tranning-Airflow/venv/lib/python3.11/site-packages/airflow/example_dags/example_python_operator.py for tasks to queue
[2023-05-26T15:17:27.181+0700] {logging_mixin.py:149} INFO - [2023-05-26T15:17:27.181+0700] {dagbag.py:541} INFO - Filling up the DagBag from /Users/kany/project-local/data-home/tranning-Airflow/venv/lib/python3.11/site-packages/airflow/example_dags/example_python_operator.py
[2023-05-26T15:17:27.218+0700] {logging_mixin.py:149} INFO - [2023-05-26T15:17:27.218+0700] {taskmixin.py:211} WARNING - Dependency <Task(_PythonDecoratedOperator): print_the_context>, log_sql_query already registered for DAG: example_python_operator
[2023-05-26T15:17:27.218+0700] {logging_mixin.py:149} INFO - [2023-05-26T15:17:27.218+0700] {taskmixin.py:211} WARNING - Dependency <Task(_PythonDecoratedOperator): log_sql_query>, print_the_context already registered for DAG: example_python_operator
[2023-05-26T15:17:27.218+0700] {logging_mixin.py:149} INFO - [2023-05-26T15:17:27.218+0700] {taskmixin.py:211} WARNING - Dependency <Task(_PythonDecoratedOperator): print_the_context>, log_sql_query already registered for DAG: example_python_operator
[2023-05-26T15:17:27.219+0700] {logging_mixin.py:149} INFO - [2023-05-26T15:17:27.218+0700] {taskmixin.py:211} WARNING - Dependency <Task(_PythonDecoratedOperator): log_sql_query>, print_the_context already registered for DAG: example_python_operator
[2023-05-26T15:17:27.219+0700] {logging_mixin.py:149} INFO - [2023-05-26T15:17:27.219+0700] {taskmixin.py:211} WARNING - Dependency <Task(_PythonDecoratedOperator): print_the_context>, log_sql_query already registered for DAG: example_python_operator
[2023-05-26T15:17:27.219+0700] {logging_mixin.py:149} INFO - [2023-05-26T15:17:27.219+0700] {taskmixin.py:211} WARNING - Dependency <Task(_PythonDecoratedOperator): log_sql_query>, print_the_context already registered for DAG: example_python_operator
[2023-05-26T15:17:27.219+0700] {logging_mixin.py:149} INFO - [2023-05-26T15:17:27.219+0700] {taskmixin.py:211} WARNING - Dependency <Task(_PythonDecoratedOperator): print_the_context>, log_sql_query already registered for DAG: example_python_operator
[2023-05-26T15:17:27.219+0700] {logging_mixin.py:149} INFO - [2023-05-26T15:17:27.219+0700] {taskmixin.py:211} WARNING - Dependency <Task(_PythonDecoratedOperator): log_sql_query>, print_the_context already registered for DAG: example_python_operator
[2023-05-26T15:17:27.224+0700] {processor.py:836} INFO - DAG(s) dict_keys(['example_python_operator']) retrieved from /Users/kany/project-local/data-home/tranning-Airflow/venv/lib/python3.11/site-packages/airflow/example_dags/example_python_operator.py
[2023-05-26T15:17:27.723+0700] {logging_mixin.py:149} INFO - [2023-05-26T15:17:27.723+0700] {dag.py:2726} INFO - Sync 1 DAGs
[2023-05-26T15:17:27.728+0700] {logging_mixin.py:149} INFO - [2023-05-26T15:17:27.728+0700] {dag.py:3486} INFO - Setting next_dagrun for example_python_operator to None, run_after=None
[2023-05-26T15:17:27.761+0700] {processor.py:179} INFO - Processing /Users/kany/project-local/data-home/tranning-Airflow/venv/lib/python3.11/site-packages/airflow/example_dags/example_python_operator.py took 0.581 seconds
[2023-05-26T15:19:48.378+0700] {processor.py:157} INFO - Started process (PID=51577) to work on /Users/kany/project-local/data-home/tranning-Airflow/venv/lib/python3.11/site-packages/airflow/example_dags/example_python_operator.py
[2023-05-26T15:19:48.379+0700] {processor.py:826} INFO - Processing file /Users/kany/project-local/data-home/tranning-Airflow/venv/lib/python3.11/site-packages/airflow/example_dags/example_python_operator.py for tasks to queue
[2023-05-26T15:19:48.379+0700] {logging_mixin.py:149} INFO - [2023-05-26T15:19:48.379+0700] {dagbag.py:541} INFO - Filling up the DagBag from /Users/kany/project-local/data-home/tranning-Airflow/venv/lib/python3.11/site-packages/airflow/example_dags/example_python_operator.py
[2023-05-26T15:19:48.411+0700] {logging_mixin.py:149} INFO - [2023-05-26T15:19:48.410+0700] {taskmixin.py:211} WARNING - Dependency <Task(_PythonDecoratedOperator): print_the_context>, log_sql_query already registered for DAG: example_python_operator
[2023-05-26T15:19:48.411+0700] {logging_mixin.py:149} INFO - [2023-05-26T15:19:48.411+0700] {taskmixin.py:211} WARNING - Dependency <Task(_PythonDecoratedOperator): log_sql_query>, print_the_context already registered for DAG: example_python_operator
[2023-05-26T15:19:48.411+0700] {logging_mixin.py:149} INFO - [2023-05-26T15:19:48.411+0700] {taskmixin.py:211} WARNING - Dependency <Task(_PythonDecoratedOperator): print_the_context>, log_sql_query already registered for DAG: example_python_operator
[2023-05-26T15:19:48.411+0700] {logging_mixin.py:149} INFO - [2023-05-26T15:19:48.411+0700] {taskmixin.py:211} WARNING - Dependency <Task(_PythonDecoratedOperator): log_sql_query>, print_the_context already registered for DAG: example_python_operator
[2023-05-26T15:19:48.411+0700] {logging_mixin.py:149} INFO - [2023-05-26T15:19:48.411+0700] {taskmixin.py:211} WARNING - Dependency <Task(_PythonDecoratedOperator): print_the_context>, log_sql_query already registered for DAG: example_python_operator
[2023-05-26T15:19:48.411+0700] {logging_mixin.py:149} INFO - [2023-05-26T15:19:48.411+0700] {taskmixin.py:211} WARNING - Dependency <Task(_PythonDecoratedOperator): log_sql_query>, print_the_context already registered for DAG: example_python_operator
[2023-05-26T15:19:48.411+0700] {logging_mixin.py:149} INFO - [2023-05-26T15:19:48.411+0700] {taskmixin.py:211} WARNING - Dependency <Task(_PythonDecoratedOperator): print_the_context>, log_sql_query already registered for DAG: example_python_operator
[2023-05-26T15:19:48.411+0700] {logging_mixin.py:149} INFO - [2023-05-26T15:19:48.411+0700] {taskmixin.py:211} WARNING - Dependency <Task(_PythonDecoratedOperator): log_sql_query>, print_the_context already registered for DAG: example_python_operator
[2023-05-26T15:19:48.417+0700] {processor.py:836} INFO - DAG(s) dict_keys(['example_python_operator']) retrieved from /Users/kany/project-local/data-home/tranning-Airflow/venv/lib/python3.11/site-packages/airflow/example_dags/example_python_operator.py
[2023-05-26T15:19:49.006+0700] {logging_mixin.py:149} INFO - [2023-05-26T15:19:49.006+0700] {dag.py:2726} INFO - Sync 1 DAGs
[2023-05-26T15:19:49.012+0700] {logging_mixin.py:149} INFO - [2023-05-26T15:19:49.012+0700] {dag.py:3486} INFO - Setting next_dagrun for example_python_operator to None, run_after=None
[2023-05-26T15:19:49.044+0700] {processor.py:179} INFO - Processing /Users/kany/project-local/data-home/tranning-Airflow/venv/lib/python3.11/site-packages/airflow/example_dags/example_python_operator.py took 0.666 seconds
[2023-05-26T15:22:04.405+0700] {processor.py:157} INFO - Started process (PID=51724) to work on /Users/kany/project-local/data-home/tranning-Airflow/venv/lib/python3.11/site-packages/airflow/example_dags/example_python_operator.py
[2023-05-26T15:22:04.405+0700] {processor.py:826} INFO - Processing file /Users/kany/project-local/data-home/tranning-Airflow/venv/lib/python3.11/site-packages/airflow/example_dags/example_python_operator.py for tasks to queue
[2023-05-26T15:22:04.406+0700] {logging_mixin.py:149} INFO - [2023-05-26T15:22:04.406+0700] {dagbag.py:541} INFO - Filling up the DagBag from /Users/kany/project-local/data-home/tranning-Airflow/venv/lib/python3.11/site-packages/airflow/example_dags/example_python_operator.py
[2023-05-26T15:22:04.434+0700] {logging_mixin.py:149} INFO - [2023-05-26T15:22:04.434+0700] {taskmixin.py:211} WARNING - Dependency <Task(_PythonDecoratedOperator): print_the_context>, log_sql_query already registered for DAG: example_python_operator
[2023-05-26T15:22:04.434+0700] {logging_mixin.py:149} INFO - [2023-05-26T15:22:04.434+0700] {taskmixin.py:211} WARNING - Dependency <Task(_PythonDecoratedOperator): log_sql_query>, print_the_context already registered for DAG: example_python_operator
[2023-05-26T15:22:04.434+0700] {logging_mixin.py:149} INFO - [2023-05-26T15:22:04.434+0700] {taskmixin.py:211} WARNING - Dependency <Task(_PythonDecoratedOperator): print_the_context>, log_sql_query already registered for DAG: example_python_operator
[2023-05-26T15:22:04.434+0700] {logging_mixin.py:149} INFO - [2023-05-26T15:22:04.434+0700] {taskmixin.py:211} WARNING - Dependency <Task(_PythonDecoratedOperator): log_sql_query>, print_the_context already registered for DAG: example_python_operator
[2023-05-26T15:22:04.434+0700] {logging_mixin.py:149} INFO - [2023-05-26T15:22:04.434+0700] {taskmixin.py:211} WARNING - Dependency <Task(_PythonDecoratedOperator): print_the_context>, log_sql_query already registered for DAG: example_python_operator
[2023-05-26T15:22:04.434+0700] {logging_mixin.py:149} INFO - [2023-05-26T15:22:04.434+0700] {taskmixin.py:211} WARNING - Dependency <Task(_PythonDecoratedOperator): log_sql_query>, print_the_context already registered for DAG: example_python_operator
[2023-05-26T15:22:04.434+0700] {logging_mixin.py:149} INFO - [2023-05-26T15:22:04.434+0700] {taskmixin.py:211} WARNING - Dependency <Task(_PythonDecoratedOperator): print_the_context>, log_sql_query already registered for DAG: example_python_operator
[2023-05-26T15:22:04.435+0700] {logging_mixin.py:149} INFO - [2023-05-26T15:22:04.434+0700] {taskmixin.py:211} WARNING - Dependency <Task(_PythonDecoratedOperator): log_sql_query>, print_the_context already registered for DAG: example_python_operator
[2023-05-26T15:22:04.441+0700] {processor.py:836} INFO - DAG(s) dict_keys(['example_python_operator']) retrieved from /Users/kany/project-local/data-home/tranning-Airflow/venv/lib/python3.11/site-packages/airflow/example_dags/example_python_operator.py
[2023-05-26T15:22:04.930+0700] {logging_mixin.py:149} INFO - [2023-05-26T15:22:04.930+0700] {dag.py:2726} INFO - Sync 1 DAGs
[2023-05-26T15:22:04.935+0700] {logging_mixin.py:149} INFO - [2023-05-26T15:22:04.935+0700] {dag.py:3486} INFO - Setting next_dagrun for example_python_operator to None, run_after=None
[2023-05-26T15:22:04.968+0700] {processor.py:179} INFO - Processing /Users/kany/project-local/data-home/tranning-Airflow/venv/lib/python3.11/site-packages/airflow/example_dags/example_python_operator.py took 0.563 seconds
[2023-05-26T15:24:05.797+0700] {processor.py:157} INFO - Started process (PID=51811) to work on /Users/kany/project-local/data-home/tranning-Airflow/venv/lib/python3.11/site-packages/airflow/example_dags/example_python_operator.py
[2023-05-26T15:24:05.798+0700] {processor.py:826} INFO - Processing file /Users/kany/project-local/data-home/tranning-Airflow/venv/lib/python3.11/site-packages/airflow/example_dags/example_python_operator.py for tasks to queue
[2023-05-26T15:24:05.798+0700] {logging_mixin.py:149} INFO - [2023-05-26T15:24:05.798+0700] {dagbag.py:541} INFO - Filling up the DagBag from /Users/kany/project-local/data-home/tranning-Airflow/venv/lib/python3.11/site-packages/airflow/example_dags/example_python_operator.py
[2023-05-26T15:24:05.826+0700] {logging_mixin.py:149} INFO - [2023-05-26T15:24:05.826+0700] {taskmixin.py:211} WARNING - Dependency <Task(_PythonDecoratedOperator): print_the_context>, log_sql_query already registered for DAG: example_python_operator
[2023-05-26T15:24:05.827+0700] {logging_mixin.py:149} INFO - [2023-05-26T15:24:05.827+0700] {taskmixin.py:211} WARNING - Dependency <Task(_PythonDecoratedOperator): log_sql_query>, print_the_context already registered for DAG: example_python_operator
[2023-05-26T15:24:05.827+0700] {logging_mixin.py:149} INFO - [2023-05-26T15:24:05.827+0700] {taskmixin.py:211} WARNING - Dependency <Task(_PythonDecoratedOperator): print_the_context>, log_sql_query already registered for DAG: example_python_operator
[2023-05-26T15:24:05.827+0700] {logging_mixin.py:149} INFO - [2023-05-26T15:24:05.827+0700] {taskmixin.py:211} WARNING - Dependency <Task(_PythonDecoratedOperator): log_sql_query>, print_the_context already registered for DAG: example_python_operator
[2023-05-26T15:24:05.827+0700] {logging_mixin.py:149} INFO - [2023-05-26T15:24:05.827+0700] {taskmixin.py:211} WARNING - Dependency <Task(_PythonDecoratedOperator): print_the_context>, log_sql_query already registered for DAG: example_python_operator
[2023-05-26T15:24:05.827+0700] {logging_mixin.py:149} INFO - [2023-05-26T15:24:05.827+0700] {taskmixin.py:211} WARNING - Dependency <Task(_PythonDecoratedOperator): log_sql_query>, print_the_context already registered for DAG: example_python_operator
[2023-05-26T15:24:05.827+0700] {logging_mixin.py:149} INFO - [2023-05-26T15:24:05.827+0700] {taskmixin.py:211} WARNING - Dependency <Task(_PythonDecoratedOperator): print_the_context>, log_sql_query already registered for DAG: example_python_operator
[2023-05-26T15:24:05.827+0700] {logging_mixin.py:149} INFO - [2023-05-26T15:24:05.827+0700] {taskmixin.py:211} WARNING - Dependency <Task(_PythonDecoratedOperator): log_sql_query>, print_the_context already registered for DAG: example_python_operator
[2023-05-26T15:24:05.835+0700] {processor.py:836} INFO - DAG(s) dict_keys(['example_python_operator']) retrieved from /Users/kany/project-local/data-home/tranning-Airflow/venv/lib/python3.11/site-packages/airflow/example_dags/example_python_operator.py
[2023-05-26T15:24:06.375+0700] {logging_mixin.py:149} INFO - [2023-05-26T15:24:06.374+0700] {dag.py:2726} INFO - Sync 1 DAGs
[2023-05-26T15:24:06.380+0700] {logging_mixin.py:149} INFO - [2023-05-26T15:24:06.380+0700] {dag.py:3486} INFO - Setting next_dagrun for example_python_operator to None, run_after=None
[2023-05-26T15:24:06.416+0700] {processor.py:179} INFO - Processing /Users/kany/project-local/data-home/tranning-Airflow/venv/lib/python3.11/site-packages/airflow/example_dags/example_python_operator.py took 0.619 seconds
[2023-05-26T15:26:14.553+0700] {processor.py:157} INFO - Started process (PID=51976) to work on /Users/kany/project-local/data-home/tranning-Airflow/venv/lib/python3.11/site-packages/airflow/example_dags/example_python_operator.py
[2023-05-26T15:26:14.554+0700] {processor.py:826} INFO - Processing file /Users/kany/project-local/data-home/tranning-Airflow/venv/lib/python3.11/site-packages/airflow/example_dags/example_python_operator.py for tasks to queue
[2023-05-26T15:26:14.555+0700] {logging_mixin.py:149} INFO - [2023-05-26T15:26:14.555+0700] {dagbag.py:541} INFO - Filling up the DagBag from /Users/kany/project-local/data-home/tranning-Airflow/venv/lib/python3.11/site-packages/airflow/example_dags/example_python_operator.py
[2023-05-26T15:26:14.591+0700] {logging_mixin.py:149} INFO - [2023-05-26T15:26:14.591+0700] {taskmixin.py:211} WARNING - Dependency <Task(_PythonDecoratedOperator): print_the_context>, log_sql_query already registered for DAG: example_python_operator
[2023-05-26T15:26:14.591+0700] {logging_mixin.py:149} INFO - [2023-05-26T15:26:14.591+0700] {taskmixin.py:211} WARNING - Dependency <Task(_PythonDecoratedOperator): log_sql_query>, print_the_context already registered for DAG: example_python_operator
[2023-05-26T15:26:14.591+0700] {logging_mixin.py:149} INFO - [2023-05-26T15:26:14.591+0700] {taskmixin.py:211} WARNING - Dependency <Task(_PythonDecoratedOperator): print_the_context>, log_sql_query already registered for DAG: example_python_operator
[2023-05-26T15:26:14.591+0700] {logging_mixin.py:149} INFO - [2023-05-26T15:26:14.591+0700] {taskmixin.py:211} WARNING - Dependency <Task(_PythonDecoratedOperator): log_sql_query>, print_the_context already registered for DAG: example_python_operator
[2023-05-26T15:26:14.591+0700] {logging_mixin.py:149} INFO - [2023-05-26T15:26:14.591+0700] {taskmixin.py:211} WARNING - Dependency <Task(_PythonDecoratedOperator): print_the_context>, log_sql_query already registered for DAG: example_python_operator
[2023-05-26T15:26:14.591+0700] {logging_mixin.py:149} INFO - [2023-05-26T15:26:14.591+0700] {taskmixin.py:211} WARNING - Dependency <Task(_PythonDecoratedOperator): log_sql_query>, print_the_context already registered for DAG: example_python_operator
[2023-05-26T15:26:14.591+0700] {logging_mixin.py:149} INFO - [2023-05-26T15:26:14.591+0700] {taskmixin.py:211} WARNING - Dependency <Task(_PythonDecoratedOperator): print_the_context>, log_sql_query already registered for DAG: example_python_operator
[2023-05-26T15:26:14.591+0700] {logging_mixin.py:149} INFO - [2023-05-26T15:26:14.591+0700] {taskmixin.py:211} WARNING - Dependency <Task(_PythonDecoratedOperator): log_sql_query>, print_the_context already registered for DAG: example_python_operator
[2023-05-26T15:26:14.598+0700] {processor.py:836} INFO - DAG(s) dict_keys(['example_python_operator']) retrieved from /Users/kany/project-local/data-home/tranning-Airflow/venv/lib/python3.11/site-packages/airflow/example_dags/example_python_operator.py
[2023-05-26T15:26:15.128+0700] {logging_mixin.py:149} INFO - [2023-05-26T15:26:15.128+0700] {dag.py:2726} INFO - Sync 1 DAGs
[2023-05-26T15:26:15.134+0700] {logging_mixin.py:149} INFO - [2023-05-26T15:26:15.134+0700] {dag.py:3486} INFO - Setting next_dagrun for example_python_operator to None, run_after=None
[2023-05-26T15:26:15.168+0700] {processor.py:179} INFO - Processing /Users/kany/project-local/data-home/tranning-Airflow/venv/lib/python3.11/site-packages/airflow/example_dags/example_python_operator.py took 0.615 seconds
[2023-05-26T15:28:22.969+0700] {processor.py:157} INFO - Started process (PID=52219) to work on /Users/kany/project-local/data-home/tranning-Airflow/venv/lib/python3.11/site-packages/airflow/example_dags/example_python_operator.py
[2023-05-26T15:28:22.970+0700] {processor.py:826} INFO - Processing file /Users/kany/project-local/data-home/tranning-Airflow/venv/lib/python3.11/site-packages/airflow/example_dags/example_python_operator.py for tasks to queue
[2023-05-26T15:28:22.970+0700] {logging_mixin.py:149} INFO - [2023-05-26T15:28:22.970+0700] {dagbag.py:541} INFO - Filling up the DagBag from /Users/kany/project-local/data-home/tranning-Airflow/venv/lib/python3.11/site-packages/airflow/example_dags/example_python_operator.py
[2023-05-26T15:28:23.000+0700] {logging_mixin.py:149} INFO - [2023-05-26T15:28:23.000+0700] {taskmixin.py:211} WARNING - Dependency <Task(_PythonDecoratedOperator): print_the_context>, log_sql_query already registered for DAG: example_python_operator
[2023-05-26T15:28:23.000+0700] {logging_mixin.py:149} INFO - [2023-05-26T15:28:23.000+0700] {taskmixin.py:211} WARNING - Dependency <Task(_PythonDecoratedOperator): log_sql_query>, print_the_context already registered for DAG: example_python_operator
[2023-05-26T15:28:23.000+0700] {logging_mixin.py:149} INFO - [2023-05-26T15:28:23.000+0700] {taskmixin.py:211} WARNING - Dependency <Task(_PythonDecoratedOperator): print_the_context>, log_sql_query already registered for DAG: example_python_operator
[2023-05-26T15:28:23.000+0700] {logging_mixin.py:149} INFO - [2023-05-26T15:28:23.000+0700] {taskmixin.py:211} WARNING - Dependency <Task(_PythonDecoratedOperator): log_sql_query>, print_the_context already registered for DAG: example_python_operator
[2023-05-26T15:28:23.001+0700] {logging_mixin.py:149} INFO - [2023-05-26T15:28:23.001+0700] {taskmixin.py:211} WARNING - Dependency <Task(_PythonDecoratedOperator): print_the_context>, log_sql_query already registered for DAG: example_python_operator
[2023-05-26T15:28:23.001+0700] {logging_mixin.py:149} INFO - [2023-05-26T15:28:23.001+0700] {taskmixin.py:211} WARNING - Dependency <Task(_PythonDecoratedOperator): log_sql_query>, print_the_context already registered for DAG: example_python_operator
[2023-05-26T15:28:23.001+0700] {logging_mixin.py:149} INFO - [2023-05-26T15:28:23.001+0700] {taskmixin.py:211} WARNING - Dependency <Task(_PythonDecoratedOperator): print_the_context>, log_sql_query already registered for DAG: example_python_operator
[2023-05-26T15:28:23.001+0700] {logging_mixin.py:149} INFO - [2023-05-26T15:28:23.001+0700] {taskmixin.py:211} WARNING - Dependency <Task(_PythonDecoratedOperator): log_sql_query>, print_the_context already registered for DAG: example_python_operator
[2023-05-26T15:28:23.008+0700] {processor.py:836} INFO - DAG(s) dict_keys(['example_python_operator']) retrieved from /Users/kany/project-local/data-home/tranning-Airflow/venv/lib/python3.11/site-packages/airflow/example_dags/example_python_operator.py
[2023-05-26T15:28:23.512+0700] {logging_mixin.py:149} INFO - [2023-05-26T15:28:23.512+0700] {dag.py:2726} INFO - Sync 1 DAGs
[2023-05-26T15:28:23.518+0700] {logging_mixin.py:149} INFO - [2023-05-26T15:28:23.518+0700] {dag.py:3486} INFO - Setting next_dagrun for example_python_operator to None, run_after=None
[2023-05-26T15:28:23.553+0700] {processor.py:179} INFO - Processing /Users/kany/project-local/data-home/tranning-Airflow/venv/lib/python3.11/site-packages/airflow/example_dags/example_python_operator.py took 0.584 seconds
[2023-05-26T15:30:38.413+0700] {processor.py:157} INFO - Started process (PID=52400) to work on /Users/kany/project-local/data-home/tranning-Airflow/venv/lib/python3.11/site-packages/airflow/example_dags/example_python_operator.py
[2023-05-26T15:30:38.413+0700] {processor.py:826} INFO - Processing file /Users/kany/project-local/data-home/tranning-Airflow/venv/lib/python3.11/site-packages/airflow/example_dags/example_python_operator.py for tasks to queue
[2023-05-26T15:30:38.413+0700] {logging_mixin.py:149} INFO - [2023-05-26T15:30:38.413+0700] {dagbag.py:541} INFO - Filling up the DagBag from /Users/kany/project-local/data-home/tranning-Airflow/venv/lib/python3.11/site-packages/airflow/example_dags/example_python_operator.py
[2023-05-26T15:30:38.453+0700] {logging_mixin.py:149} INFO - [2023-05-26T15:30:38.453+0700] {taskmixin.py:211} WARNING - Dependency <Task(_PythonDecoratedOperator): print_the_context>, log_sql_query already registered for DAG: example_python_operator
[2023-05-26T15:30:38.453+0700] {logging_mixin.py:149} INFO - [2023-05-26T15:30:38.453+0700] {taskmixin.py:211} WARNING - Dependency <Task(_PythonDecoratedOperator): log_sql_query>, print_the_context already registered for DAG: example_python_operator
[2023-05-26T15:30:38.454+0700] {logging_mixin.py:149} INFO - [2023-05-26T15:30:38.454+0700] {taskmixin.py:211} WARNING - Dependency <Task(_PythonDecoratedOperator): print_the_context>, log_sql_query already registered for DAG: example_python_operator
[2023-05-26T15:30:38.454+0700] {logging_mixin.py:149} INFO - [2023-05-26T15:30:38.454+0700] {taskmixin.py:211} WARNING - Dependency <Task(_PythonDecoratedOperator): log_sql_query>, print_the_context already registered for DAG: example_python_operator
[2023-05-26T15:30:38.454+0700] {logging_mixin.py:149} INFO - [2023-05-26T15:30:38.454+0700] {taskmixin.py:211} WARNING - Dependency <Task(_PythonDecoratedOperator): print_the_context>, log_sql_query already registered for DAG: example_python_operator
[2023-05-26T15:30:38.454+0700] {logging_mixin.py:149} INFO - [2023-05-26T15:30:38.454+0700] {taskmixin.py:211} WARNING - Dependency <Task(_PythonDecoratedOperator): log_sql_query>, print_the_context already registered for DAG: example_python_operator
[2023-05-26T15:30:38.454+0700] {logging_mixin.py:149} INFO - [2023-05-26T15:30:38.454+0700] {taskmixin.py:211} WARNING - Dependency <Task(_PythonDecoratedOperator): print_the_context>, log_sql_query already registered for DAG: example_python_operator
[2023-05-26T15:30:38.454+0700] {logging_mixin.py:149} INFO - [2023-05-26T15:30:38.454+0700] {taskmixin.py:211} WARNING - Dependency <Task(_PythonDecoratedOperator): log_sql_query>, print_the_context already registered for DAG: example_python_operator
[2023-05-26T15:30:38.460+0700] {processor.py:836} INFO - DAG(s) dict_keys(['example_python_operator']) retrieved from /Users/kany/project-local/data-home/tranning-Airflow/venv/lib/python3.11/site-packages/airflow/example_dags/example_python_operator.py
[2023-05-26T15:30:38.981+0700] {logging_mixin.py:149} INFO - [2023-05-26T15:30:38.980+0700] {dag.py:2726} INFO - Sync 1 DAGs
[2023-05-26T15:30:38.986+0700] {logging_mixin.py:149} INFO - [2023-05-26T15:30:38.986+0700] {dag.py:3486} INFO - Setting next_dagrun for example_python_operator to None, run_after=None
[2023-05-26T15:30:39.020+0700] {processor.py:179} INFO - Processing /Users/kany/project-local/data-home/tranning-Airflow/venv/lib/python3.11/site-packages/airflow/example_dags/example_python_operator.py took 0.608 seconds
