[2023-05-26T15:12:13.598+0700] {processor.py:157} INFO - Started process (PID=51119) to work on /Users/kany/project-local/data-home/tranning-Airflow/venv/lib/python3.11/site-packages/airflow/example_dags/example_trigger_target_dag.py
[2023-05-26T15:12:13.598+0700] {processor.py:826} INFO - Processing file /Users/kany/project-local/data-home/tranning-Airflow/venv/lib/python3.11/site-packages/airflow/example_dags/example_trigger_target_dag.py for tasks to queue
[2023-05-26T15:12:13.598+0700] {logging_mixin.py:149} INFO - [2023-05-26T15:12:13.598+0700] {dagbag.py:541} INFO - Filling up the DagBag from /Users/kany/project-local/data-home/tranning-Airflow/venv/lib/python3.11/site-packages/airflow/example_dags/example_trigger_target_dag.py
[2023-05-26T15:12:13.666+0700] {processor.py:836} INFO - DAG(s) dict_keys(['example_trigger_target_dag']) retrieved from /Users/kany/project-local/data-home/tranning-Airflow/venv/lib/python3.11/site-packages/airflow/example_dags/example_trigger_target_dag.py
[2023-05-26T15:12:14.403+0700] {logging_mixin.py:149} INFO - [2023-05-26T15:12:14.403+0700] {manager.py:504} INFO - Created Permission View: can delete on DAG:example_trigger_target_dag
[2023-05-26T15:12:14.411+0700] {logging_mixin.py:149} INFO - [2023-05-26T15:12:14.411+0700] {manager.py:504} INFO - Created Permission View: can read on DAG:example_trigger_target_dag
[2023-05-26T15:12:14.415+0700] {logging_mixin.py:149} INFO - [2023-05-26T15:12:14.415+0700] {manager.py:504} INFO - Created Permission View: can edit on DAG:example_trigger_target_dag
[2023-05-26T15:12:14.416+0700] {logging_mixin.py:149} INFO - [2023-05-26T15:12:14.415+0700] {dag.py:2726} INFO - Sync 1 DAGs
[2023-05-26T15:12:14.425+0700] {logging_mixin.py:149} INFO - [2023-05-26T15:12:14.424+0700] {dag.py:2747} INFO - Creating ORM DAG for example_trigger_target_dag
[2023-05-26T15:12:14.433+0700] {logging_mixin.py:149} INFO - [2023-05-26T15:12:14.433+0700] {dag.py:3486} INFO - Setting next_dagrun for example_trigger_target_dag to None, run_after=None
[2023-05-26T15:12:14.450+0700] {processor.py:179} INFO - Processing /Users/kany/project-local/data-home/tranning-Airflow/venv/lib/python3.11/site-packages/airflow/example_dags/example_trigger_target_dag.py took 0.853 seconds
[2023-05-26T15:14:15.546+0700] {processor.py:157} INFO - Started process (PID=51211) to work on /Users/kany/project-local/data-home/tranning-Airflow/venv/lib/python3.11/site-packages/airflow/example_dags/example_trigger_target_dag.py
[2023-05-26T15:14:15.547+0700] {processor.py:826} INFO - Processing file /Users/kany/project-local/data-home/tranning-Airflow/venv/lib/python3.11/site-packages/airflow/example_dags/example_trigger_target_dag.py for tasks to queue
[2023-05-26T15:14:15.547+0700] {logging_mixin.py:149} INFO - [2023-05-26T15:14:15.547+0700] {dagbag.py:541} INFO - Filling up the DagBag from /Users/kany/project-local/data-home/tranning-Airflow/venv/lib/python3.11/site-packages/airflow/example_dags/example_trigger_target_dag.py
[2023-05-26T15:14:15.606+0700] {processor.py:836} INFO - DAG(s) dict_keys(['example_trigger_target_dag']) retrieved from /Users/kany/project-local/data-home/tranning-Airflow/venv/lib/python3.11/site-packages/airflow/example_dags/example_trigger_target_dag.py
[2023-05-26T15:14:16.887+0700] {logging_mixin.py:149} INFO - [2023-05-26T15:14:16.887+0700] {dag.py:2726} INFO - Sync 1 DAGs
[2023-05-26T15:14:16.894+0700] {logging_mixin.py:149} INFO - [2023-05-26T15:14:16.894+0700] {dag.py:3486} INFO - Setting next_dagrun for example_trigger_target_dag to None, run_after=None
[2023-05-26T15:14:16.907+0700] {processor.py:179} INFO - Processing /Users/kany/project-local/data-home/tranning-Airflow/venv/lib/python3.11/site-packages/airflow/example_dags/example_trigger_target_dag.py took 1.361 seconds
[2023-05-26T15:15:41.595+0700] {processor.py:157} INFO - Started process (PID=51279) to work on /Users/kany/project-local/data-home/tranning-Airflow/venv/lib/python3.11/site-packages/airflow/example_dags/example_trigger_target_dag.py
[2023-05-26T15:15:41.596+0700] {processor.py:826} INFO - Processing file /Users/kany/project-local/data-home/tranning-Airflow/venv/lib/python3.11/site-packages/airflow/example_dags/example_trigger_target_dag.py for tasks to queue
[2023-05-26T15:15:41.596+0700] {logging_mixin.py:149} INFO - [2023-05-26T15:15:41.596+0700] {dagbag.py:541} INFO - Filling up the DagBag from /Users/kany/project-local/data-home/tranning-Airflow/venv/lib/python3.11/site-packages/airflow/example_dags/example_trigger_target_dag.py
[2023-05-26T15:15:41.629+0700] {processor.py:836} INFO - DAG(s) dict_keys(['example_trigger_target_dag']) retrieved from /Users/kany/project-local/data-home/tranning-Airflow/venv/lib/python3.11/site-packages/airflow/example_dags/example_trigger_target_dag.py
[2023-05-26T15:15:42.108+0700] {logging_mixin.py:149} INFO - [2023-05-26T15:15:42.108+0700] {dag.py:2726} INFO - Sync 1 DAGs
[2023-05-26T15:15:42.113+0700] {logging_mixin.py:149} INFO - [2023-05-26T15:15:42.113+0700] {dag.py:3486} INFO - Setting next_dagrun for example_trigger_target_dag to None, run_after=None
[2023-05-26T15:15:42.120+0700] {processor.py:179} INFO - Processing /Users/kany/project-local/data-home/tranning-Airflow/venv/lib/python3.11/site-packages/airflow/example_dags/example_trigger_target_dag.py took 0.526 seconds
[2023-05-26T15:16:58.597+0700] {processor.py:157} INFO - Started process (PID=51383) to work on /Users/kany/project-local/data-home/tranning-Airflow/venv/lib/python3.11/site-packages/airflow/example_dags/example_trigger_target_dag.py
[2023-05-26T15:16:58.599+0700] {processor.py:826} INFO - Processing file /Users/kany/project-local/data-home/tranning-Airflow/venv/lib/python3.11/site-packages/airflow/example_dags/example_trigger_target_dag.py for tasks to queue
[2023-05-26T15:16:58.599+0700] {logging_mixin.py:149} INFO - [2023-05-26T15:16:58.599+0700] {dagbag.py:541} INFO - Filling up the DagBag from /Users/kany/project-local/data-home/tranning-Airflow/venv/lib/python3.11/site-packages/airflow/example_dags/example_trigger_target_dag.py
[2023-05-26T15:16:58.657+0700] {processor.py:836} INFO - DAG(s) dict_keys(['example_trigger_target_dag']) retrieved from /Users/kany/project-local/data-home/tranning-Airflow/venv/lib/python3.11/site-packages/airflow/example_dags/example_trigger_target_dag.py
[2023-05-26T15:16:59.417+0700] {logging_mixin.py:149} INFO - [2023-05-26T15:16:59.417+0700] {dag.py:2726} INFO - Sync 1 DAGs
[2023-05-26T15:16:59.424+0700] {logging_mixin.py:149} INFO - [2023-05-26T15:16:59.424+0700] {dag.py:3486} INFO - Setting next_dagrun for example_trigger_target_dag to None, run_after=None
[2023-05-26T15:16:59.432+0700] {processor.py:179} INFO - Processing /Users/kany/project-local/data-home/tranning-Airflow/venv/lib/python3.11/site-packages/airflow/example_dags/example_trigger_target_dag.py took 0.835 seconds
[2023-05-26T15:18:12.260+0700] {processor.py:157} INFO - Started process (PID=51442) to work on /Users/kany/project-local/data-home/tranning-Airflow/venv/lib/python3.11/site-packages/airflow/example_dags/example_trigger_target_dag.py
[2023-05-26T15:18:12.261+0700] {processor.py:826} INFO - Processing file /Users/kany/project-local/data-home/tranning-Airflow/venv/lib/python3.11/site-packages/airflow/example_dags/example_trigger_target_dag.py for tasks to queue
[2023-05-26T15:18:12.261+0700] {logging_mixin.py:149} INFO - [2023-05-26T15:18:12.261+0700] {dagbag.py:541} INFO - Filling up the DagBag from /Users/kany/project-local/data-home/tranning-Airflow/venv/lib/python3.11/site-packages/airflow/example_dags/example_trigger_target_dag.py
[2023-05-26T15:18:12.294+0700] {processor.py:836} INFO - DAG(s) dict_keys(['example_trigger_target_dag']) retrieved from /Users/kany/project-local/data-home/tranning-Airflow/venv/lib/python3.11/site-packages/airflow/example_dags/example_trigger_target_dag.py
[2023-05-26T15:18:12.741+0700] {logging_mixin.py:149} INFO - [2023-05-26T15:18:12.741+0700] {dag.py:2726} INFO - Sync 1 DAGs
[2023-05-26T15:18:12.747+0700] {logging_mixin.py:149} INFO - [2023-05-26T15:18:12.747+0700] {dag.py:3486} INFO - Setting next_dagrun for example_trigger_target_dag to None, run_after=None
[2023-05-26T15:18:12.754+0700] {processor.py:179} INFO - Processing /Users/kany/project-local/data-home/tranning-Airflow/venv/lib/python3.11/site-packages/airflow/example_dags/example_trigger_target_dag.py took 0.494 seconds
[2023-05-26T15:19:27.582+0700] {processor.py:157} INFO - Started process (PID=51558) to work on /Users/kany/project-local/data-home/tranning-Airflow/venv/lib/python3.11/site-packages/airflow/example_dags/example_trigger_target_dag.py
[2023-05-26T15:19:27.584+0700] {processor.py:826} INFO - Processing file /Users/kany/project-local/data-home/tranning-Airflow/venv/lib/python3.11/site-packages/airflow/example_dags/example_trigger_target_dag.py for tasks to queue
[2023-05-26T15:19:27.584+0700] {logging_mixin.py:149} INFO - [2023-05-26T15:19:27.584+0700] {dagbag.py:541} INFO - Filling up the DagBag from /Users/kany/project-local/data-home/tranning-Airflow/venv/lib/python3.11/site-packages/airflow/example_dags/example_trigger_target_dag.py
[2023-05-26T15:19:27.627+0700] {processor.py:836} INFO - DAG(s) dict_keys(['example_trigger_target_dag']) retrieved from /Users/kany/project-local/data-home/tranning-Airflow/venv/lib/python3.11/site-packages/airflow/example_dags/example_trigger_target_dag.py
[2023-05-26T15:19:28.113+0700] {logging_mixin.py:149} INFO - [2023-05-26T15:19:28.113+0700] {dag.py:2726} INFO - Sync 1 DAGs
[2023-05-26T15:19:28.119+0700] {logging_mixin.py:149} INFO - [2023-05-26T15:19:28.119+0700] {dag.py:3486} INFO - Setting next_dagrun for example_trigger_target_dag to None, run_after=None
[2023-05-26T15:19:28.127+0700] {processor.py:179} INFO - Processing /Users/kany/project-local/data-home/tranning-Airflow/venv/lib/python3.11/site-packages/airflow/example_dags/example_trigger_target_dag.py took 0.545 seconds
[2023-05-26T15:20:34.969+0700] {processor.py:157} INFO - Started process (PID=51662) to work on /Users/kany/project-local/data-home/tranning-Airflow/venv/lib/python3.11/site-packages/airflow/example_dags/example_trigger_target_dag.py
[2023-05-26T15:20:34.973+0700] {processor.py:826} INFO - Processing file /Users/kany/project-local/data-home/tranning-Airflow/venv/lib/python3.11/site-packages/airflow/example_dags/example_trigger_target_dag.py for tasks to queue
[2023-05-26T15:20:34.973+0700] {logging_mixin.py:149} INFO - [2023-05-26T15:20:34.973+0700] {dagbag.py:541} INFO - Filling up the DagBag from /Users/kany/project-local/data-home/tranning-Airflow/venv/lib/python3.11/site-packages/airflow/example_dags/example_trigger_target_dag.py
[2023-05-26T15:20:35.021+0700] {processor.py:836} INFO - DAG(s) dict_keys(['example_trigger_target_dag']) retrieved from /Users/kany/project-local/data-home/tranning-Airflow/venv/lib/python3.11/site-packages/airflow/example_dags/example_trigger_target_dag.py
[2023-05-26T15:20:35.484+0700] {logging_mixin.py:149} INFO - [2023-05-26T15:20:35.483+0700] {dag.py:2726} INFO - Sync 1 DAGs
[2023-05-26T15:20:35.489+0700] {logging_mixin.py:149} INFO - [2023-05-26T15:20:35.489+0700] {dag.py:3486} INFO - Setting next_dagrun for example_trigger_target_dag to None, run_after=None
[2023-05-26T15:20:35.496+0700] {processor.py:179} INFO - Processing /Users/kany/project-local/data-home/tranning-Airflow/venv/lib/python3.11/site-packages/airflow/example_dags/example_trigger_target_dag.py took 0.528 seconds
[2023-05-26T15:21:44.327+0700] {processor.py:157} INFO - Started process (PID=51712) to work on /Users/kany/project-local/data-home/tranning-Airflow/venv/lib/python3.11/site-packages/airflow/example_dags/example_trigger_target_dag.py
[2023-05-26T15:21:44.327+0700] {processor.py:826} INFO - Processing file /Users/kany/project-local/data-home/tranning-Airflow/venv/lib/python3.11/site-packages/airflow/example_dags/example_trigger_target_dag.py for tasks to queue
[2023-05-26T15:21:44.327+0700] {logging_mixin.py:149} INFO - [2023-05-26T15:21:44.327+0700] {dagbag.py:541} INFO - Filling up the DagBag from /Users/kany/project-local/data-home/tranning-Airflow/venv/lib/python3.11/site-packages/airflow/example_dags/example_trigger_target_dag.py
[2023-05-26T15:21:44.363+0700] {processor.py:836} INFO - DAG(s) dict_keys(['example_trigger_target_dag']) retrieved from /Users/kany/project-local/data-home/tranning-Airflow/venv/lib/python3.11/site-packages/airflow/example_dags/example_trigger_target_dag.py
[2023-05-26T15:21:44.786+0700] {logging_mixin.py:149} INFO - [2023-05-26T15:21:44.786+0700] {dag.py:2726} INFO - Sync 1 DAGs
[2023-05-26T15:21:44.792+0700] {logging_mixin.py:149} INFO - [2023-05-26T15:21:44.792+0700] {dag.py:3486} INFO - Setting next_dagrun for example_trigger_target_dag to None, run_after=None
[2023-05-26T15:21:44.799+0700] {processor.py:179} INFO - Processing /Users/kany/project-local/data-home/tranning-Airflow/venv/lib/python3.11/site-packages/airflow/example_dags/example_trigger_target_dag.py took 0.472 seconds
[2023-05-26T15:22:46.275+0700] {processor.py:157} INFO - Started process (PID=51748) to work on /Users/kany/project-local/data-home/tranning-Airflow/venv/lib/python3.11/site-packages/airflow/example_dags/example_trigger_target_dag.py
[2023-05-26T15:22:46.276+0700] {processor.py:826} INFO - Processing file /Users/kany/project-local/data-home/tranning-Airflow/venv/lib/python3.11/site-packages/airflow/example_dags/example_trigger_target_dag.py for tasks to queue
[2023-05-26T15:22:46.276+0700] {logging_mixin.py:149} INFO - [2023-05-26T15:22:46.276+0700] {dagbag.py:541} INFO - Filling up the DagBag from /Users/kany/project-local/data-home/tranning-Airflow/venv/lib/python3.11/site-packages/airflow/example_dags/example_trigger_target_dag.py
[2023-05-26T15:22:46.309+0700] {processor.py:836} INFO - DAG(s) dict_keys(['example_trigger_target_dag']) retrieved from /Users/kany/project-local/data-home/tranning-Airflow/venv/lib/python3.11/site-packages/airflow/example_dags/example_trigger_target_dag.py
[2023-05-26T15:22:46.721+0700] {logging_mixin.py:149} INFO - [2023-05-26T15:22:46.721+0700] {dag.py:2726} INFO - Sync 1 DAGs
[2023-05-26T15:22:46.726+0700] {logging_mixin.py:149} INFO - [2023-05-26T15:22:46.726+0700] {dag.py:3486} INFO - Setting next_dagrun for example_trigger_target_dag to None, run_after=None
[2023-05-26T15:22:46.734+0700] {processor.py:179} INFO - Processing /Users/kany/project-local/data-home/tranning-Airflow/venv/lib/python3.11/site-packages/airflow/example_dags/example_trigger_target_dag.py took 0.459 seconds
[2023-05-26T15:23:46.742+0700] {processor.py:157} INFO - Started process (PID=51801) to work on /Users/kany/project-local/data-home/tranning-Airflow/venv/lib/python3.11/site-packages/airflow/example_dags/example_trigger_target_dag.py
[2023-05-26T15:23:46.745+0700] {processor.py:826} INFO - Processing file /Users/kany/project-local/data-home/tranning-Airflow/venv/lib/python3.11/site-packages/airflow/example_dags/example_trigger_target_dag.py for tasks to queue
[2023-05-26T15:23:46.745+0700] {logging_mixin.py:149} INFO - [2023-05-26T15:23:46.745+0700] {dagbag.py:541} INFO - Filling up the DagBag from /Users/kany/project-local/data-home/tranning-Airflow/venv/lib/python3.11/site-packages/airflow/example_dags/example_trigger_target_dag.py
[2023-05-26T15:23:46.777+0700] {processor.py:836} INFO - DAG(s) dict_keys(['example_trigger_target_dag']) retrieved from /Users/kany/project-local/data-home/tranning-Airflow/venv/lib/python3.11/site-packages/airflow/example_dags/example_trigger_target_dag.py
[2023-05-26T15:23:47.205+0700] {logging_mixin.py:149} INFO - [2023-05-26T15:23:47.205+0700] {dag.py:2726} INFO - Sync 1 DAGs
[2023-05-26T15:23:47.211+0700] {logging_mixin.py:149} INFO - [2023-05-26T15:23:47.211+0700] {dag.py:3486} INFO - Setting next_dagrun for example_trigger_target_dag to None, run_after=None
[2023-05-26T15:23:47.218+0700] {processor.py:179} INFO - Processing /Users/kany/project-local/data-home/tranning-Airflow/venv/lib/python3.11/site-packages/airflow/example_dags/example_trigger_target_dag.py took 0.476 seconds
[2023-05-26T15:24:50.385+0700] {processor.py:157} INFO - Started process (PID=51844) to work on /Users/kany/project-local/data-home/tranning-Airflow/venv/lib/python3.11/site-packages/airflow/example_dags/example_trigger_target_dag.py
[2023-05-26T15:24:50.386+0700] {processor.py:826} INFO - Processing file /Users/kany/project-local/data-home/tranning-Airflow/venv/lib/python3.11/site-packages/airflow/example_dags/example_trigger_target_dag.py for tasks to queue
[2023-05-26T15:24:50.386+0700] {logging_mixin.py:149} INFO - [2023-05-26T15:24:50.386+0700] {dagbag.py:541} INFO - Filling up the DagBag from /Users/kany/project-local/data-home/tranning-Airflow/venv/lib/python3.11/site-packages/airflow/example_dags/example_trigger_target_dag.py
[2023-05-26T15:24:50.431+0700] {processor.py:836} INFO - DAG(s) dict_keys(['example_trigger_target_dag']) retrieved from /Users/kany/project-local/data-home/tranning-Airflow/venv/lib/python3.11/site-packages/airflow/example_dags/example_trigger_target_dag.py
[2023-05-26T15:24:51.035+0700] {logging_mixin.py:149} INFO - [2023-05-26T15:24:51.035+0700] {dag.py:2726} INFO - Sync 1 DAGs
[2023-05-26T15:24:51.041+0700] {logging_mixin.py:149} INFO - [2023-05-26T15:24:51.041+0700] {dag.py:3486} INFO - Setting next_dagrun for example_trigger_target_dag to None, run_after=None
[2023-05-26T15:24:51.051+0700] {processor.py:179} INFO - Processing /Users/kany/project-local/data-home/tranning-Airflow/venv/lib/python3.11/site-packages/airflow/example_dags/example_trigger_target_dag.py took 0.666 seconds
[2023-05-26T15:25:55.531+0700] {processor.py:157} INFO - Started process (PID=51934) to work on /Users/kany/project-local/data-home/tranning-Airflow/venv/lib/python3.11/site-packages/airflow/example_dags/example_trigger_target_dag.py
[2023-05-26T15:25:55.531+0700] {processor.py:826} INFO - Processing file /Users/kany/project-local/data-home/tranning-Airflow/venv/lib/python3.11/site-packages/airflow/example_dags/example_trigger_target_dag.py for tasks to queue
[2023-05-26T15:25:55.532+0700] {logging_mixin.py:149} INFO - [2023-05-26T15:25:55.532+0700] {dagbag.py:541} INFO - Filling up the DagBag from /Users/kany/project-local/data-home/tranning-Airflow/venv/lib/python3.11/site-packages/airflow/example_dags/example_trigger_target_dag.py
[2023-05-26T15:25:55.564+0700] {processor.py:836} INFO - DAG(s) dict_keys(['example_trigger_target_dag']) retrieved from /Users/kany/project-local/data-home/tranning-Airflow/venv/lib/python3.11/site-packages/airflow/example_dags/example_trigger_target_dag.py
[2023-05-26T15:25:56.101+0700] {logging_mixin.py:149} INFO - [2023-05-26T15:25:56.101+0700] {dag.py:2726} INFO - Sync 1 DAGs
[2023-05-26T15:25:56.106+0700] {logging_mixin.py:149} INFO - [2023-05-26T15:25:56.106+0700] {dag.py:3486} INFO - Setting next_dagrun for example_trigger_target_dag to None, run_after=None
[2023-05-26T15:25:56.113+0700] {processor.py:179} INFO - Processing /Users/kany/project-local/data-home/tranning-Airflow/venv/lib/python3.11/site-packages/airflow/example_dags/example_trigger_target_dag.py took 0.583 seconds
[2023-05-26T15:26:58.499+0700] {processor.py:157} INFO - Started process (PID=52065) to work on /Users/kany/project-local/data-home/tranning-Airflow/venv/lib/python3.11/site-packages/airflow/example_dags/example_trigger_target_dag.py
[2023-05-26T15:26:58.500+0700] {processor.py:826} INFO - Processing file /Users/kany/project-local/data-home/tranning-Airflow/venv/lib/python3.11/site-packages/airflow/example_dags/example_trigger_target_dag.py for tasks to queue
[2023-05-26T15:26:58.500+0700] {logging_mixin.py:149} INFO - [2023-05-26T15:26:58.500+0700] {dagbag.py:541} INFO - Filling up the DagBag from /Users/kany/project-local/data-home/tranning-Airflow/venv/lib/python3.11/site-packages/airflow/example_dags/example_trigger_target_dag.py
[2023-05-26T15:26:58.536+0700] {processor.py:836} INFO - DAG(s) dict_keys(['example_trigger_target_dag']) retrieved from /Users/kany/project-local/data-home/tranning-Airflow/venv/lib/python3.11/site-packages/airflow/example_dags/example_trigger_target_dag.py
[2023-05-26T15:26:59.077+0700] {logging_mixin.py:149} INFO - [2023-05-26T15:26:59.077+0700] {dag.py:2726} INFO - Sync 1 DAGs
[2023-05-26T15:26:59.082+0700] {logging_mixin.py:149} INFO - [2023-05-26T15:26:59.082+0700] {dag.py:3486} INFO - Setting next_dagrun for example_trigger_target_dag to None, run_after=None
[2023-05-26T15:26:59.090+0700] {processor.py:179} INFO - Processing /Users/kany/project-local/data-home/tranning-Airflow/venv/lib/python3.11/site-packages/airflow/example_dags/example_trigger_target_dag.py took 0.591 seconds
[2023-05-26T15:28:02.696+0700] {processor.py:157} INFO - Started process (PID=52165) to work on /Users/kany/project-local/data-home/tranning-Airflow/venv/lib/python3.11/site-packages/airflow/example_dags/example_trigger_target_dag.py
[2023-05-26T15:28:02.697+0700] {processor.py:826} INFO - Processing file /Users/kany/project-local/data-home/tranning-Airflow/venv/lib/python3.11/site-packages/airflow/example_dags/example_trigger_target_dag.py for tasks to queue
[2023-05-26T15:28:02.697+0700] {logging_mixin.py:149} INFO - [2023-05-26T15:28:02.697+0700] {dagbag.py:541} INFO - Filling up the DagBag from /Users/kany/project-local/data-home/tranning-Airflow/venv/lib/python3.11/site-packages/airflow/example_dags/example_trigger_target_dag.py
[2023-05-26T15:28:02.735+0700] {processor.py:836} INFO - DAG(s) dict_keys(['example_trigger_target_dag']) retrieved from /Users/kany/project-local/data-home/tranning-Airflow/venv/lib/python3.11/site-packages/airflow/example_dags/example_trigger_target_dag.py
[2023-05-26T15:28:03.254+0700] {logging_mixin.py:149} INFO - [2023-05-26T15:28:03.254+0700] {dag.py:2726} INFO - Sync 1 DAGs
[2023-05-26T15:28:03.260+0700] {logging_mixin.py:149} INFO - [2023-05-26T15:28:03.260+0700] {dag.py:3486} INFO - Setting next_dagrun for example_trigger_target_dag to None, run_after=None
[2023-05-26T15:28:03.268+0700] {processor.py:179} INFO - Processing /Users/kany/project-local/data-home/tranning-Airflow/venv/lib/python3.11/site-packages/airflow/example_dags/example_trigger_target_dag.py took 0.572 seconds
[2023-05-26T15:29:09.010+0700] {processor.py:157} INFO - Started process (PID=52316) to work on /Users/kany/project-local/data-home/tranning-Airflow/venv/lib/python3.11/site-packages/airflow/example_dags/example_trigger_target_dag.py
[2023-05-26T15:29:09.011+0700] {processor.py:826} INFO - Processing file /Users/kany/project-local/data-home/tranning-Airflow/venv/lib/python3.11/site-packages/airflow/example_dags/example_trigger_target_dag.py for tasks to queue
[2023-05-26T15:29:09.011+0700] {logging_mixin.py:149} INFO - [2023-05-26T15:29:09.011+0700] {dagbag.py:541} INFO - Filling up the DagBag from /Users/kany/project-local/data-home/tranning-Airflow/venv/lib/python3.11/site-packages/airflow/example_dags/example_trigger_target_dag.py
[2023-05-26T15:29:09.048+0700] {processor.py:836} INFO - DAG(s) dict_keys(['example_trigger_target_dag']) retrieved from /Users/kany/project-local/data-home/tranning-Airflow/venv/lib/python3.11/site-packages/airflow/example_dags/example_trigger_target_dag.py
[2023-05-26T15:29:09.550+0700] {logging_mixin.py:149} INFO - [2023-05-26T15:29:09.550+0700] {dag.py:2726} INFO - Sync 1 DAGs
[2023-05-26T15:29:09.556+0700] {logging_mixin.py:149} INFO - [2023-05-26T15:29:09.556+0700] {dag.py:3486} INFO - Setting next_dagrun for example_trigger_target_dag to None, run_after=None
[2023-05-26T15:29:09.564+0700] {processor.py:179} INFO - Processing /Users/kany/project-local/data-home/tranning-Airflow/venv/lib/python3.11/site-packages/airflow/example_dags/example_trigger_target_dag.py took 0.554 seconds
[2023-05-26T15:30:15.961+0700] {processor.py:157} INFO - Started process (PID=52385) to work on /Users/kany/project-local/data-home/tranning-Airflow/venv/lib/python3.11/site-packages/airflow/example_dags/example_trigger_target_dag.py
[2023-05-26T15:30:15.962+0700] {processor.py:826} INFO - Processing file /Users/kany/project-local/data-home/tranning-Airflow/venv/lib/python3.11/site-packages/airflow/example_dags/example_trigger_target_dag.py for tasks to queue
[2023-05-26T15:30:15.962+0700] {logging_mixin.py:149} INFO - [2023-05-26T15:30:15.962+0700] {dagbag.py:541} INFO - Filling up the DagBag from /Users/kany/project-local/data-home/tranning-Airflow/venv/lib/python3.11/site-packages/airflow/example_dags/example_trigger_target_dag.py
[2023-05-26T15:30:15.996+0700] {processor.py:836} INFO - DAG(s) dict_keys(['example_trigger_target_dag']) retrieved from /Users/kany/project-local/data-home/tranning-Airflow/venv/lib/python3.11/site-packages/airflow/example_dags/example_trigger_target_dag.py
[2023-05-26T15:30:16.494+0700] {logging_mixin.py:149} INFO - [2023-05-26T15:30:16.494+0700] {dag.py:2726} INFO - Sync 1 DAGs
[2023-05-26T15:30:16.499+0700] {logging_mixin.py:149} INFO - [2023-05-26T15:30:16.499+0700] {dag.py:3486} INFO - Setting next_dagrun for example_trigger_target_dag to None, run_after=None
[2023-05-26T15:30:16.506+0700] {processor.py:179} INFO - Processing /Users/kany/project-local/data-home/tranning-Airflow/venv/lib/python3.11/site-packages/airflow/example_dags/example_trigger_target_dag.py took 0.546 seconds
[2023-05-26T15:31:22.205+0700] {processor.py:157} INFO - Started process (PID=52440) to work on /Users/kany/project-local/data-home/tranning-Airflow/venv/lib/python3.11/site-packages/airflow/example_dags/example_trigger_target_dag.py
[2023-05-26T15:31:22.206+0700] {processor.py:826} INFO - Processing file /Users/kany/project-local/data-home/tranning-Airflow/venv/lib/python3.11/site-packages/airflow/example_dags/example_trigger_target_dag.py for tasks to queue
[2023-05-26T15:31:22.206+0700] {logging_mixin.py:149} INFO - [2023-05-26T15:31:22.206+0700] {dagbag.py:541} INFO - Filling up the DagBag from /Users/kany/project-local/data-home/tranning-Airflow/venv/lib/python3.11/site-packages/airflow/example_dags/example_trigger_target_dag.py
[2023-05-26T15:31:22.244+0700] {processor.py:836} INFO - DAG(s) dict_keys(['example_trigger_target_dag']) retrieved from /Users/kany/project-local/data-home/tranning-Airflow/venv/lib/python3.11/site-packages/airflow/example_dags/example_trigger_target_dag.py
[2023-05-26T15:31:22.747+0700] {logging_mixin.py:149} INFO - [2023-05-26T15:31:22.747+0700] {dag.py:2726} INFO - Sync 1 DAGs
[2023-05-26T15:31:22.753+0700] {logging_mixin.py:149} INFO - [2023-05-26T15:31:22.752+0700] {dag.py:3486} INFO - Setting next_dagrun for example_trigger_target_dag to None, run_after=None
[2023-05-26T15:31:22.760+0700] {processor.py:179} INFO - Processing /Users/kany/project-local/data-home/tranning-Airflow/venv/lib/python3.11/site-packages/airflow/example_dags/example_trigger_target_dag.py took 0.556 seconds
[2023-05-26T15:32:29.079+0700] {processor.py:157} INFO - Started process (PID=52605) to work on /Users/kany/project-local/data-home/tranning-Airflow/venv/lib/python3.11/site-packages/airflow/example_dags/example_trigger_target_dag.py
[2023-05-26T15:32:29.080+0700] {processor.py:826} INFO - Processing file /Users/kany/project-local/data-home/tranning-Airflow/venv/lib/python3.11/site-packages/airflow/example_dags/example_trigger_target_dag.py for tasks to queue
[2023-05-26T15:32:29.080+0700] {logging_mixin.py:149} INFO - [2023-05-26T15:32:29.080+0700] {dagbag.py:541} INFO - Filling up the DagBag from /Users/kany/project-local/data-home/tranning-Airflow/venv/lib/python3.11/site-packages/airflow/example_dags/example_trigger_target_dag.py
[2023-05-26T15:32:29.112+0700] {processor.py:836} INFO - DAG(s) dict_keys(['example_trigger_target_dag']) retrieved from /Users/kany/project-local/data-home/tranning-Airflow/venv/lib/python3.11/site-packages/airflow/example_dags/example_trigger_target_dag.py
[2023-05-26T15:32:29.564+0700] {logging_mixin.py:149} INFO - [2023-05-26T15:32:29.564+0700] {dag.py:2726} INFO - Sync 1 DAGs
[2023-05-26T15:32:29.569+0700] {logging_mixin.py:149} INFO - [2023-05-26T15:32:29.569+0700] {dag.py:3486} INFO - Setting next_dagrun for example_trigger_target_dag to None, run_after=None
[2023-05-26T15:32:29.576+0700] {processor.py:179} INFO - Processing /Users/kany/project-local/data-home/tranning-Airflow/venv/lib/python3.11/site-packages/airflow/example_dags/example_trigger_target_dag.py took 0.497 seconds
