[2023-05-26T15:13:27.436+0700] {processor.py:157} INFO - Started process (PID=51187) to work on /Users/kany/project-local/data-home/tranning-Airflow/venv/lib/python3.11/site-packages/airflow/example_dags/example_branch_python_dop_operator_3.py
[2023-05-26T15:13:27.436+0700] {processor.py:826} INFO - Processing file /Users/kany/project-local/data-home/tranning-Airflow/venv/lib/python3.11/site-packages/airflow/example_dags/example_branch_python_dop_operator_3.py for tasks to queue
[2023-05-26T15:13:27.436+0700] {logging_mixin.py:149} INFO - [2023-05-26T15:13:27.436+0700] {dagbag.py:541} INFO - Filling up the DagBag from /Users/kany/project-local/data-home/tranning-Airflow/venv/lib/python3.11/site-packages/airflow/example_dags/example_branch_python_dop_operator_3.py
[2023-05-26T15:13:27.522+0700] {processor.py:836} INFO - DAG(s) dict_keys(['example_branch_dop_operator_v3']) retrieved from /Users/kany/project-local/data-home/tranning-Airflow/venv/lib/python3.11/site-packages/airflow/example_dags/example_branch_python_dop_operator_3.py
[2023-05-26T15:13:28.575+0700] {logging_mixin.py:149} INFO - [2023-05-26T15:13:28.575+0700] {manager.py:504} INFO - Created Permission View: can delete on DAG:example_branch_dop_operator_v3
[2023-05-26T15:13:28.591+0700] {logging_mixin.py:149} INFO - [2023-05-26T15:13:28.591+0700] {manager.py:504} INFO - Created Permission View: can read on DAG:example_branch_dop_operator_v3
[2023-05-26T15:13:28.599+0700] {logging_mixin.py:149} INFO - [2023-05-26T15:13:28.599+0700] {manager.py:504} INFO - Created Permission View: can edit on DAG:example_branch_dop_operator_v3
[2023-05-26T15:13:28.600+0700] {logging_mixin.py:149} INFO - [2023-05-26T15:13:28.600+0700] {dag.py:2726} INFO - Sync 1 DAGs
[2023-05-26T15:13:28.614+0700] {logging_mixin.py:149} INFO - [2023-05-26T15:13:28.614+0700] {dag.py:2747} INFO - Creating ORM DAG for example_branch_dop_operator_v3
[2023-05-26T15:13:28.620+0700] {logging_mixin.py:149} INFO - [2023-05-26T15:13:28.620+0700] {dag.py:3486} INFO - Setting next_dagrun for example_branch_dop_operator_v3 to 2023-05-26T08:12:00+00:00, run_after=2023-05-26T08:13:00+00:00
[2023-05-26T15:13:28.676+0700] {processor.py:179} INFO - Processing /Users/kany/project-local/data-home/tranning-Airflow/venv/lib/python3.11/site-packages/airflow/example_dags/example_branch_python_dop_operator_3.py took 1.241 seconds
[2023-05-26T15:16:15.206+0700] {processor.py:157} INFO - Started process (PID=51338) to work on /Users/kany/project-local/data-home/tranning-Airflow/venv/lib/python3.11/site-packages/airflow/example_dags/example_branch_python_dop_operator_3.py
[2023-05-26T15:16:15.208+0700] {processor.py:826} INFO - Processing file /Users/kany/project-local/data-home/tranning-Airflow/venv/lib/python3.11/site-packages/airflow/example_dags/example_branch_python_dop_operator_3.py for tasks to queue
[2023-05-26T15:16:15.208+0700] {logging_mixin.py:149} INFO - [2023-05-26T15:16:15.208+0700] {dagbag.py:541} INFO - Filling up the DagBag from /Users/kany/project-local/data-home/tranning-Airflow/venv/lib/python3.11/site-packages/airflow/example_dags/example_branch_python_dop_operator_3.py
[2023-05-26T15:16:15.256+0700] {processor.py:836} INFO - DAG(s) dict_keys(['example_branch_dop_operator_v3']) retrieved from /Users/kany/project-local/data-home/tranning-Airflow/venv/lib/python3.11/site-packages/airflow/example_dags/example_branch_python_dop_operator_3.py
[2023-05-26T15:16:15.826+0700] {logging_mixin.py:149} INFO - [2023-05-26T15:16:15.826+0700] {dag.py:2726} INFO - Sync 1 DAGs
[2023-05-26T15:16:15.833+0700] {logging_mixin.py:149} INFO - [2023-05-26T15:16:15.833+0700] {dag.py:3486} INFO - Setting next_dagrun for example_branch_dop_operator_v3 to 2023-05-26T08:15:00+00:00, run_after=2023-05-26T08:16:00+00:00
[2023-05-26T15:16:15.841+0700] {processor.py:179} INFO - Processing /Users/kany/project-local/data-home/tranning-Airflow/venv/lib/python3.11/site-packages/airflow/example_dags/example_branch_python_dop_operator_3.py took 0.635 seconds
[2023-05-26T15:18:46.148+0700] {processor.py:157} INFO - Started process (PID=51497) to work on /Users/kany/project-local/data-home/tranning-Airflow/venv/lib/python3.11/site-packages/airflow/example_dags/example_branch_python_dop_operator_3.py
[2023-05-26T15:18:46.149+0700] {processor.py:826} INFO - Processing file /Users/kany/project-local/data-home/tranning-Airflow/venv/lib/python3.11/site-packages/airflow/example_dags/example_branch_python_dop_operator_3.py for tasks to queue
[2023-05-26T15:18:46.149+0700] {logging_mixin.py:149} INFO - [2023-05-26T15:18:46.149+0700] {dagbag.py:541} INFO - Filling up the DagBag from /Users/kany/project-local/data-home/tranning-Airflow/venv/lib/python3.11/site-packages/airflow/example_dags/example_branch_python_dop_operator_3.py
[2023-05-26T15:18:46.182+0700] {processor.py:836} INFO - DAG(s) dict_keys(['example_branch_dop_operator_v3']) retrieved from /Users/kany/project-local/data-home/tranning-Airflow/venv/lib/python3.11/site-packages/airflow/example_dags/example_branch_python_dop_operator_3.py
[2023-05-26T15:18:46.814+0700] {logging_mixin.py:149} INFO - [2023-05-26T15:18:46.814+0700] {dag.py:2726} INFO - Sync 1 DAGs
[2023-05-26T15:18:46.821+0700] {logging_mixin.py:149} INFO - [2023-05-26T15:18:46.821+0700] {dag.py:3486} INFO - Setting next_dagrun for example_branch_dop_operator_v3 to 2023-05-26T08:17:00+00:00, run_after=2023-05-26T08:18:00+00:00
[2023-05-26T15:18:46.832+0700] {processor.py:179} INFO - Processing /Users/kany/project-local/data-home/tranning-Airflow/venv/lib/python3.11/site-packages/airflow/example_dags/example_branch_python_dop_operator_3.py took 0.685 seconds
[2023-05-26T15:21:08.866+0700] {processor.py:157} INFO - Started process (PID=51695) to work on /Users/kany/project-local/data-home/tranning-Airflow/venv/lib/python3.11/site-packages/airflow/example_dags/example_branch_python_dop_operator_3.py
[2023-05-26T15:21:08.866+0700] {processor.py:826} INFO - Processing file /Users/kany/project-local/data-home/tranning-Airflow/venv/lib/python3.11/site-packages/airflow/example_dags/example_branch_python_dop_operator_3.py for tasks to queue
[2023-05-26T15:21:08.867+0700] {logging_mixin.py:149} INFO - [2023-05-26T15:21:08.866+0700] {dagbag.py:541} INFO - Filling up the DagBag from /Users/kany/project-local/data-home/tranning-Airflow/venv/lib/python3.11/site-packages/airflow/example_dags/example_branch_python_dop_operator_3.py
[2023-05-26T15:21:08.904+0700] {processor.py:836} INFO - DAG(s) dict_keys(['example_branch_dop_operator_v3']) retrieved from /Users/kany/project-local/data-home/tranning-Airflow/venv/lib/python3.11/site-packages/airflow/example_dags/example_branch_python_dop_operator_3.py
[2023-05-26T15:21:09.322+0700] {logging_mixin.py:149} INFO - [2023-05-26T15:21:09.322+0700] {dag.py:2726} INFO - Sync 1 DAGs
[2023-05-26T15:21:09.329+0700] {logging_mixin.py:149} INFO - [2023-05-26T15:21:09.329+0700] {dag.py:3486} INFO - Setting next_dagrun for example_branch_dop_operator_v3 to 2023-05-26T08:20:00+00:00, run_after=2023-05-26T08:21:00+00:00
[2023-05-26T15:21:09.336+0700] {processor.py:179} INFO - Processing /Users/kany/project-local/data-home/tranning-Airflow/venv/lib/python3.11/site-packages/airflow/example_dags/example_branch_python_dop_operator_3.py took 0.470 seconds
[2023-05-26T15:23:12.791+0700] {processor.py:157} INFO - Started process (PID=51763) to work on /Users/kany/project-local/data-home/tranning-Airflow/venv/lib/python3.11/site-packages/airflow/example_dags/example_branch_python_dop_operator_3.py
[2023-05-26T15:23:12.791+0700] {processor.py:826} INFO - Processing file /Users/kany/project-local/data-home/tranning-Airflow/venv/lib/python3.11/site-packages/airflow/example_dags/example_branch_python_dop_operator_3.py for tasks to queue
[2023-05-26T15:23:12.791+0700] {logging_mixin.py:149} INFO - [2023-05-26T15:23:12.791+0700] {dagbag.py:541} INFO - Filling up the DagBag from /Users/kany/project-local/data-home/tranning-Airflow/venv/lib/python3.11/site-packages/airflow/example_dags/example_branch_python_dop_operator_3.py
[2023-05-26T15:23:12.826+0700] {processor.py:836} INFO - DAG(s) dict_keys(['example_branch_dop_operator_v3']) retrieved from /Users/kany/project-local/data-home/tranning-Airflow/venv/lib/python3.11/site-packages/airflow/example_dags/example_branch_python_dop_operator_3.py
[2023-05-26T15:23:13.268+0700] {logging_mixin.py:149} INFO - [2023-05-26T15:23:13.267+0700] {dag.py:2726} INFO - Sync 1 DAGs
[2023-05-26T15:23:13.274+0700] {logging_mixin.py:149} INFO - [2023-05-26T15:23:13.274+0700] {dag.py:3486} INFO - Setting next_dagrun for example_branch_dop_operator_v3 to 2023-05-26T08:22:00+00:00, run_after=2023-05-26T08:23:00+00:00
[2023-05-26T15:23:13.282+0700] {processor.py:179} INFO - Processing /Users/kany/project-local/data-home/tranning-Airflow/venv/lib/python3.11/site-packages/airflow/example_dags/example_branch_python_dop_operator_3.py took 0.491 seconds
[2023-05-26T15:25:19.774+0700] {processor.py:157} INFO - Started process (PID=51868) to work on /Users/kany/project-local/data-home/tranning-Airflow/venv/lib/python3.11/site-packages/airflow/example_dags/example_branch_python_dop_operator_3.py
[2023-05-26T15:25:19.775+0700] {processor.py:826} INFO - Processing file /Users/kany/project-local/data-home/tranning-Airflow/venv/lib/python3.11/site-packages/airflow/example_dags/example_branch_python_dop_operator_3.py for tasks to queue
[2023-05-26T15:25:19.775+0700] {logging_mixin.py:149} INFO - [2023-05-26T15:25:19.775+0700] {dagbag.py:541} INFO - Filling up the DagBag from /Users/kany/project-local/data-home/tranning-Airflow/venv/lib/python3.11/site-packages/airflow/example_dags/example_branch_python_dop_operator_3.py
[2023-05-26T15:25:19.809+0700] {processor.py:836} INFO - DAG(s) dict_keys(['example_branch_dop_operator_v3']) retrieved from /Users/kany/project-local/data-home/tranning-Airflow/venv/lib/python3.11/site-packages/airflow/example_dags/example_branch_python_dop_operator_3.py
[2023-05-26T15:25:20.392+0700] {logging_mixin.py:149} INFO - [2023-05-26T15:25:20.392+0700] {dag.py:2726} INFO - Sync 1 DAGs
[2023-05-26T15:25:20.399+0700] {logging_mixin.py:149} INFO - [2023-05-26T15:25:20.399+0700] {dag.py:3486} INFO - Setting next_dagrun for example_branch_dop_operator_v3 to 2023-05-26T08:24:00+00:00, run_after=2023-05-26T08:25:00+00:00
[2023-05-26T15:25:20.407+0700] {processor.py:179} INFO - Processing /Users/kany/project-local/data-home/tranning-Airflow/venv/lib/python3.11/site-packages/airflow/example_dags/example_branch_python_dop_operator_3.py took 0.633 seconds
[2023-05-26T15:27:26.354+0700] {processor.py:157} INFO - Started process (PID=52102) to work on /Users/kany/project-local/data-home/tranning-Airflow/venv/lib/python3.11/site-packages/airflow/example_dags/example_branch_python_dop_operator_3.py
[2023-05-26T15:27:26.355+0700] {processor.py:826} INFO - Processing file /Users/kany/project-local/data-home/tranning-Airflow/venv/lib/python3.11/site-packages/airflow/example_dags/example_branch_python_dop_operator_3.py for tasks to queue
[2023-05-26T15:27:26.355+0700] {logging_mixin.py:149} INFO - [2023-05-26T15:27:26.355+0700] {dagbag.py:541} INFO - Filling up the DagBag from /Users/kany/project-local/data-home/tranning-Airflow/venv/lib/python3.11/site-packages/airflow/example_dags/example_branch_python_dop_operator_3.py
[2023-05-26T15:27:26.391+0700] {processor.py:836} INFO - DAG(s) dict_keys(['example_branch_dop_operator_v3']) retrieved from /Users/kany/project-local/data-home/tranning-Airflow/venv/lib/python3.11/site-packages/airflow/example_dags/example_branch_python_dop_operator_3.py
[2023-05-26T15:27:26.879+0700] {logging_mixin.py:149} INFO - [2023-05-26T15:27:26.879+0700] {dag.py:2726} INFO - Sync 1 DAGs
[2023-05-26T15:27:26.886+0700] {logging_mixin.py:149} INFO - [2023-05-26T15:27:26.886+0700] {dag.py:3486} INFO - Setting next_dagrun for example_branch_dop_operator_v3 to 2023-05-26T08:26:00+00:00, run_after=2023-05-26T08:27:00+00:00
[2023-05-26T15:27:26.894+0700] {processor.py:179} INFO - Processing /Users/kany/project-local/data-home/tranning-Airflow/venv/lib/python3.11/site-packages/airflow/example_dags/example_branch_python_dop_operator_3.py took 0.541 seconds
[2023-05-26T15:29:40.352+0700] {processor.py:157} INFO - Started process (PID=52353) to work on /Users/kany/project-local/data-home/tranning-Airflow/venv/lib/python3.11/site-packages/airflow/example_dags/example_branch_python_dop_operator_3.py
[2023-05-26T15:29:40.352+0700] {processor.py:826} INFO - Processing file /Users/kany/project-local/data-home/tranning-Airflow/venv/lib/python3.11/site-packages/airflow/example_dags/example_branch_python_dop_operator_3.py for tasks to queue
[2023-05-26T15:29:40.352+0700] {logging_mixin.py:149} INFO - [2023-05-26T15:29:40.352+0700] {dagbag.py:541} INFO - Filling up the DagBag from /Users/kany/project-local/data-home/tranning-Airflow/venv/lib/python3.11/site-packages/airflow/example_dags/example_branch_python_dop_operator_3.py
[2023-05-26T15:29:40.391+0700] {processor.py:836} INFO - DAG(s) dict_keys(['example_branch_dop_operator_v3']) retrieved from /Users/kany/project-local/data-home/tranning-Airflow/venv/lib/python3.11/site-packages/airflow/example_dags/example_branch_python_dop_operator_3.py
[2023-05-26T15:29:41.012+0700] {logging_mixin.py:149} INFO - [2023-05-26T15:29:41.011+0700] {dag.py:2726} INFO - Sync 1 DAGs
[2023-05-26T15:29:41.021+0700] {logging_mixin.py:149} INFO - [2023-05-26T15:29:41.021+0700] {dag.py:3486} INFO - Setting next_dagrun for example_branch_dop_operator_v3 to 2023-05-26T08:28:00+00:00, run_after=2023-05-26T08:29:00+00:00
[2023-05-26T15:29:41.033+0700] {processor.py:179} INFO - Processing /Users/kany/project-local/data-home/tranning-Airflow/venv/lib/python3.11/site-packages/airflow/example_dags/example_branch_python_dop_operator_3.py took 0.681 seconds
[2023-05-26T15:31:52.556+0700] {processor.py:157} INFO - Started process (PID=52461) to work on /Users/kany/project-local/data-home/tranning-Airflow/venv/lib/python3.11/site-packages/airflow/example_dags/example_branch_python_dop_operator_3.py
[2023-05-26T15:31:52.557+0700] {processor.py:826} INFO - Processing file /Users/kany/project-local/data-home/tranning-Airflow/venv/lib/python3.11/site-packages/airflow/example_dags/example_branch_python_dop_operator_3.py for tasks to queue
[2023-05-26T15:31:52.557+0700] {logging_mixin.py:149} INFO - [2023-05-26T15:31:52.557+0700] {dagbag.py:541} INFO - Filling up the DagBag from /Users/kany/project-local/data-home/tranning-Airflow/venv/lib/python3.11/site-packages/airflow/example_dags/example_branch_python_dop_operator_3.py
[2023-05-26T15:31:52.591+0700] {processor.py:836} INFO - DAG(s) dict_keys(['example_branch_dop_operator_v3']) retrieved from /Users/kany/project-local/data-home/tranning-Airflow/venv/lib/python3.11/site-packages/airflow/example_dags/example_branch_python_dop_operator_3.py
[2023-05-26T15:31:53.093+0700] {logging_mixin.py:149} INFO - [2023-05-26T15:31:53.093+0700] {dag.py:2726} INFO - Sync 1 DAGs
[2023-05-26T15:31:53.100+0700] {logging_mixin.py:149} INFO - [2023-05-26T15:31:53.100+0700] {dag.py:3486} INFO - Setting next_dagrun for example_branch_dop_operator_v3 to 2023-05-26T08:30:00+00:00, run_after=2023-05-26T08:31:00+00:00
[2023-05-26T15:31:53.108+0700] {processor.py:179} INFO - Processing /Users/kany/project-local/data-home/tranning-Airflow/venv/lib/python3.11/site-packages/airflow/example_dags/example_branch_python_dop_operator_3.py took 0.552 seconds
