[2023-05-26T15:12:38.729+0700] {processor.py:157} INFO - Started process (PID=51142) to work on /Users/kany/project-local/data-home/tranning-Airflow/venv/lib/python3.11/site-packages/airflow/example_dags/example_setup_teardown_taskflow.py
[2023-05-26T15:12:38.730+0700] {processor.py:826} INFO - Processing file /Users/kany/project-local/data-home/tranning-Airflow/venv/lib/python3.11/site-packages/airflow/example_dags/example_setup_teardown_taskflow.py for tasks to queue
[2023-05-26T15:12:38.730+0700] {logging_mixin.py:149} INFO - [2023-05-26T15:12:38.730+0700] {dagbag.py:541} INFO - Filling up the DagBag from /Users/kany/project-local/data-home/tranning-Airflow/venv/lib/python3.11/site-packages/airflow/example_dags/example_setup_teardown_taskflow.py
[2023-05-26T15:12:38.804+0700] {processor.py:838} WARNING - No viable dags retrieved from /Users/kany/project-local/data-home/tranning-Airflow/venv/lib/python3.11/site-packages/airflow/example_dags/example_setup_teardown_taskflow.py
[2023-05-26T15:12:39.698+0700] {processor.py:179} INFO - Processing /Users/kany/project-local/data-home/tranning-Airflow/venv/lib/python3.11/site-packages/airflow/example_dags/example_setup_teardown_taskflow.py took 0.969 seconds
[2023-05-26T15:14:45.189+0700] {processor.py:157} INFO - Started process (PID=51234) to work on /Users/kany/project-local/data-home/tranning-Airflow/venv/lib/python3.11/site-packages/airflow/example_dags/example_setup_teardown_taskflow.py
[2023-05-26T15:14:45.190+0700] {processor.py:826} INFO - Processing file /Users/kany/project-local/data-home/tranning-Airflow/venv/lib/python3.11/site-packages/airflow/example_dags/example_setup_teardown_taskflow.py for tasks to queue
[2023-05-26T15:14:45.191+0700] {logging_mixin.py:149} INFO - [2023-05-26T15:14:45.191+0700] {dagbag.py:541} INFO - Filling up the DagBag from /Users/kany/project-local/data-home/tranning-Airflow/venv/lib/python3.11/site-packages/airflow/example_dags/example_setup_teardown_taskflow.py
[2023-05-26T15:14:45.236+0700] {processor.py:838} WARNING - No viable dags retrieved from /Users/kany/project-local/data-home/tranning-Airflow/venv/lib/python3.11/site-packages/airflow/example_dags/example_setup_teardown_taskflow.py
[2023-05-26T15:14:46.030+0700] {processor.py:179} INFO - Processing /Users/kany/project-local/data-home/tranning-Airflow/venv/lib/python3.11/site-packages/airflow/example_dags/example_setup_teardown_taskflow.py took 0.842 seconds
[2023-05-26T15:16:05.128+0700] {processor.py:157} INFO - Started process (PID=51326) to work on /Users/kany/project-local/data-home/tranning-Airflow/venv/lib/python3.11/site-packages/airflow/example_dags/example_setup_teardown_taskflow.py
[2023-05-26T15:16:05.129+0700] {processor.py:826} INFO - Processing file /Users/kany/project-local/data-home/tranning-Airflow/venv/lib/python3.11/site-packages/airflow/example_dags/example_setup_teardown_taskflow.py for tasks to queue
[2023-05-26T15:16:05.129+0700] {logging_mixin.py:149} INFO - [2023-05-26T15:16:05.129+0700] {dagbag.py:541} INFO - Filling up the DagBag from /Users/kany/project-local/data-home/tranning-Airflow/venv/lib/python3.11/site-packages/airflow/example_dags/example_setup_teardown_taskflow.py
[2023-05-26T15:16:05.158+0700] {processor.py:838} WARNING - No viable dags retrieved from /Users/kany/project-local/data-home/tranning-Airflow/venv/lib/python3.11/site-packages/airflow/example_dags/example_setup_teardown_taskflow.py
[2023-05-26T15:16:05.723+0700] {processor.py:179} INFO - Processing /Users/kany/project-local/data-home/tranning-Airflow/venv/lib/python3.11/site-packages/airflow/example_dags/example_setup_teardown_taskflow.py took 0.595 seconds
[2023-05-26T15:18:34.517+0700] {processor.py:157} INFO - Started process (PID=51481) to work on /Users/kany/project-local/data-home/tranning-Airflow/venv/lib/python3.11/site-packages/airflow/example_dags/example_setup_teardown_taskflow.py
[2023-05-26T15:18:34.518+0700] {processor.py:826} INFO - Processing file /Users/kany/project-local/data-home/tranning-Airflow/venv/lib/python3.11/site-packages/airflow/example_dags/example_setup_teardown_taskflow.py for tasks to queue
[2023-05-26T15:18:34.518+0700] {logging_mixin.py:149} INFO - [2023-05-26T15:18:34.518+0700] {dagbag.py:541} INFO - Filling up the DagBag from /Users/kany/project-local/data-home/tranning-Airflow/venv/lib/python3.11/site-packages/airflow/example_dags/example_setup_teardown_taskflow.py
[2023-05-26T15:18:34.545+0700] {processor.py:838} WARNING - No viable dags retrieved from /Users/kany/project-local/data-home/tranning-Airflow/venv/lib/python3.11/site-packages/airflow/example_dags/example_setup_teardown_taskflow.py
[2023-05-26T15:18:35.018+0700] {processor.py:179} INFO - Processing /Users/kany/project-local/data-home/tranning-Airflow/venv/lib/python3.11/site-packages/airflow/example_dags/example_setup_teardown_taskflow.py took 0.501 seconds
[2023-05-26T15:20:59.311+0700] {processor.py:157} INFO - Started process (PID=51690) to work on /Users/kany/project-local/data-home/tranning-Airflow/venv/lib/python3.11/site-packages/airflow/example_dags/example_setup_teardown_taskflow.py
[2023-05-26T15:20:59.311+0700] {processor.py:826} INFO - Processing file /Users/kany/project-local/data-home/tranning-Airflow/venv/lib/python3.11/site-packages/airflow/example_dags/example_setup_teardown_taskflow.py for tasks to queue
[2023-05-26T15:20:59.312+0700] {logging_mixin.py:149} INFO - [2023-05-26T15:20:59.312+0700] {dagbag.py:541} INFO - Filling up the DagBag from /Users/kany/project-local/data-home/tranning-Airflow/venv/lib/python3.11/site-packages/airflow/example_dags/example_setup_teardown_taskflow.py
[2023-05-26T15:20:59.342+0700] {processor.py:838} WARNING - No viable dags retrieved from /Users/kany/project-local/data-home/tranning-Airflow/venv/lib/python3.11/site-packages/airflow/example_dags/example_setup_teardown_taskflow.py
[2023-05-26T15:20:59.816+0700] {processor.py:179} INFO - Processing /Users/kany/project-local/data-home/tranning-Airflow/venv/lib/python3.11/site-packages/airflow/example_dags/example_setup_teardown_taskflow.py took 0.505 seconds
[2023-05-26T15:23:02.977+0700] {processor.py:157} INFO - Started process (PID=51758) to work on /Users/kany/project-local/data-home/tranning-Airflow/venv/lib/python3.11/site-packages/airflow/example_dags/example_setup_teardown_taskflow.py
[2023-05-26T15:23:02.978+0700] {processor.py:826} INFO - Processing file /Users/kany/project-local/data-home/tranning-Airflow/venv/lib/python3.11/site-packages/airflow/example_dags/example_setup_teardown_taskflow.py for tasks to queue
[2023-05-26T15:23:02.978+0700] {logging_mixin.py:149} INFO - [2023-05-26T15:23:02.978+0700] {dagbag.py:541} INFO - Filling up the DagBag from /Users/kany/project-local/data-home/tranning-Airflow/venv/lib/python3.11/site-packages/airflow/example_dags/example_setup_teardown_taskflow.py
[2023-05-26T15:23:03.004+0700] {processor.py:838} WARNING - No viable dags retrieved from /Users/kany/project-local/data-home/tranning-Airflow/venv/lib/python3.11/site-packages/airflow/example_dags/example_setup_teardown_taskflow.py
[2023-05-26T15:23:03.423+0700] {processor.py:179} INFO - Processing /Users/kany/project-local/data-home/tranning-Airflow/venv/lib/python3.11/site-packages/airflow/example_dags/example_setup_teardown_taskflow.py took 0.446 seconds
[2023-05-26T15:25:09.555+0700] {processor.py:157} INFO - Started process (PID=51861) to work on /Users/kany/project-local/data-home/tranning-Airflow/venv/lib/python3.11/site-packages/airflow/example_dags/example_setup_teardown_taskflow.py
[2023-05-26T15:25:09.556+0700] {processor.py:826} INFO - Processing file /Users/kany/project-local/data-home/tranning-Airflow/venv/lib/python3.11/site-packages/airflow/example_dags/example_setup_teardown_taskflow.py for tasks to queue
[2023-05-26T15:25:09.556+0700] {logging_mixin.py:149} INFO - [2023-05-26T15:25:09.556+0700] {dagbag.py:541} INFO - Filling up the DagBag from /Users/kany/project-local/data-home/tranning-Airflow/venv/lib/python3.11/site-packages/airflow/example_dags/example_setup_teardown_taskflow.py
[2023-05-26T15:25:09.582+0700] {processor.py:838} WARNING - No viable dags retrieved from /Users/kany/project-local/data-home/tranning-Airflow/venv/lib/python3.11/site-packages/airflow/example_dags/example_setup_teardown_taskflow.py
[2023-05-26T15:25:10.069+0700] {processor.py:179} INFO - Processing /Users/kany/project-local/data-home/tranning-Airflow/venv/lib/python3.11/site-packages/airflow/example_dags/example_setup_teardown_taskflow.py took 0.514 seconds
[2023-05-26T15:27:17.379+0700] {processor.py:157} INFO - Started process (PID=52089) to work on /Users/kany/project-local/data-home/tranning-Airflow/venv/lib/python3.11/site-packages/airflow/example_dags/example_setup_teardown_taskflow.py
[2023-05-26T15:27:17.380+0700] {processor.py:826} INFO - Processing file /Users/kany/project-local/data-home/tranning-Airflow/venv/lib/python3.11/site-packages/airflow/example_dags/example_setup_teardown_taskflow.py for tasks to queue
[2023-05-26T15:27:17.381+0700] {logging_mixin.py:149} INFO - [2023-05-26T15:27:17.381+0700] {dagbag.py:541} INFO - Filling up the DagBag from /Users/kany/project-local/data-home/tranning-Airflow/venv/lib/python3.11/site-packages/airflow/example_dags/example_setup_teardown_taskflow.py
[2023-05-26T15:27:17.411+0700] {processor.py:838} WARNING - No viable dags retrieved from /Users/kany/project-local/data-home/tranning-Airflow/venv/lib/python3.11/site-packages/airflow/example_dags/example_setup_teardown_taskflow.py
[2023-05-26T15:27:17.903+0700] {processor.py:179} INFO - Processing /Users/kany/project-local/data-home/tranning-Airflow/venv/lib/python3.11/site-packages/airflow/example_dags/example_setup_teardown_taskflow.py took 0.525 seconds
[2023-05-26T15:29:28.601+0700] {processor.py:157} INFO - Started process (PID=52345) to work on /Users/kany/project-local/data-home/tranning-Airflow/venv/lib/python3.11/site-packages/airflow/example_dags/example_setup_teardown_taskflow.py
[2023-05-26T15:29:28.602+0700] {processor.py:826} INFO - Processing file /Users/kany/project-local/data-home/tranning-Airflow/venv/lib/python3.11/site-packages/airflow/example_dags/example_setup_teardown_taskflow.py for tasks to queue
[2023-05-26T15:29:28.602+0700] {logging_mixin.py:149} INFO - [2023-05-26T15:29:28.602+0700] {dagbag.py:541} INFO - Filling up the DagBag from /Users/kany/project-local/data-home/tranning-Airflow/venv/lib/python3.11/site-packages/airflow/example_dags/example_setup_teardown_taskflow.py
[2023-05-26T15:29:28.632+0700] {processor.py:838} WARNING - No viable dags retrieved from /Users/kany/project-local/data-home/tranning-Airflow/venv/lib/python3.11/site-packages/airflow/example_dags/example_setup_teardown_taskflow.py
[2023-05-26T15:29:29.293+0700] {processor.py:179} INFO - Processing /Users/kany/project-local/data-home/tranning-Airflow/venv/lib/python3.11/site-packages/airflow/example_dags/example_setup_teardown_taskflow.py took 0.692 seconds
[2023-05-26T15:31:40.990+0700] {processor.py:157} INFO - Started process (PID=52450) to work on /Users/kany/project-local/data-home/tranning-Airflow/venv/lib/python3.11/site-packages/airflow/example_dags/example_setup_teardown_taskflow.py
[2023-05-26T15:31:40.990+0700] {processor.py:826} INFO - Processing file /Users/kany/project-local/data-home/tranning-Airflow/venv/lib/python3.11/site-packages/airflow/example_dags/example_setup_teardown_taskflow.py for tasks to queue
[2023-05-26T15:31:40.990+0700] {logging_mixin.py:149} INFO - [2023-05-26T15:31:40.990+0700] {dagbag.py:541} INFO - Filling up the DagBag from /Users/kany/project-local/data-home/tranning-Airflow/venv/lib/python3.11/site-packages/airflow/example_dags/example_setup_teardown_taskflow.py
[2023-05-26T15:31:41.016+0700] {processor.py:838} WARNING - No viable dags retrieved from /Users/kany/project-local/data-home/tranning-Airflow/venv/lib/python3.11/site-packages/airflow/example_dags/example_setup_teardown_taskflow.py
[2023-05-26T15:31:41.583+0700] {processor.py:179} INFO - Processing /Users/kany/project-local/data-home/tranning-Airflow/venv/lib/python3.11/site-packages/airflow/example_dags/example_setup_teardown_taskflow.py took 0.594 seconds
