[2023-05-26T15:13:24.426+0700] {processor.py:157} INFO - Started process (PID=51186) to work on /Users/kany/project-local/data-home/tranning-Airflow/venv/lib/python3.11/site-packages/airflow/example_dags/example_complex.py
[2023-05-26T15:13:24.427+0700] {processor.py:826} INFO - Processing file /Users/kany/project-local/data-home/tranning-Airflow/venv/lib/python3.11/site-packages/airflow/example_dags/example_complex.py for tasks to queue
[2023-05-26T15:13:24.428+0700] {logging_mixin.py:149} INFO - [2023-05-26T15:13:24.427+0700] {dagbag.py:541} INFO - Filling up the DagBag from /Users/kany/project-local/data-home/tranning-Airflow/venv/lib/python3.11/site-packages/airflow/example_dags/example_complex.py
[2023-05-26T15:13:24.437+0700] {logging_mixin.py:149} INFO - [2023-05-26T15:13:24.437+0700] {taskmixin.py:211} WARNING - Dependency <Task(BashOperator): create_entry_group>, delete_entry_group already registered for DAG: example_complex
[2023-05-26T15:13:24.437+0700] {logging_mixin.py:149} INFO - [2023-05-26T15:13:24.437+0700] {taskmixin.py:211} WARNING - Dependency <Task(BashOperator): delete_entry_group>, create_entry_group already registered for DAG: example_complex
[2023-05-26T15:13:24.437+0700] {logging_mixin.py:149} INFO - [2023-05-26T15:13:24.437+0700] {taskmixin.py:211} WARNING - Dependency <Task(BashOperator): create_entry_gcs>, delete_entry already registered for DAG: example_complex
[2023-05-26T15:13:24.437+0700] {logging_mixin.py:149} INFO - [2023-05-26T15:13:24.437+0700] {taskmixin.py:211} WARNING - Dependency <Task(BashOperator): delete_entry>, create_entry_gcs already registered for DAG: example_complex
[2023-05-26T15:13:24.437+0700] {logging_mixin.py:149} INFO - [2023-05-26T15:13:24.437+0700] {taskmixin.py:211} WARNING - Dependency <Task(BashOperator): create_tag>, delete_tag already registered for DAG: example_complex
[2023-05-26T15:13:24.437+0700] {logging_mixin.py:149} INFO - [2023-05-26T15:13:24.437+0700] {taskmixin.py:211} WARNING - Dependency <Task(BashOperator): delete_tag>, create_tag already registered for DAG: example_complex
[2023-05-26T15:13:24.453+0700] {processor.py:836} INFO - DAG(s) dict_keys(['example_complex']) retrieved from /Users/kany/project-local/data-home/tranning-Airflow/venv/lib/python3.11/site-packages/airflow/example_dags/example_complex.py
[2023-05-26T15:13:25.278+0700] {logging_mixin.py:149} INFO - [2023-05-26T15:13:25.278+0700] {manager.py:504} INFO - Created Permission View: can read on DAG:example_complex
[2023-05-26T15:13:25.282+0700] {logging_mixin.py:149} INFO - [2023-05-26T15:13:25.282+0700] {manager.py:504} INFO - Created Permission View: can edit on DAG:example_complex
[2023-05-26T15:13:25.287+0700] {logging_mixin.py:149} INFO - [2023-05-26T15:13:25.287+0700] {manager.py:504} INFO - Created Permission View: can delete on DAG:example_complex
[2023-05-26T15:13:25.287+0700] {logging_mixin.py:149} INFO - [2023-05-26T15:13:25.287+0700] {dag.py:2726} INFO - Sync 1 DAGs
[2023-05-26T15:13:25.318+0700] {logging_mixin.py:149} INFO - [2023-05-26T15:13:25.318+0700] {dag.py:2747} INFO - Creating ORM DAG for example_complex
[2023-05-26T15:13:25.321+0700] {logging_mixin.py:149} INFO - [2023-05-26T15:13:25.321+0700] {dag.py:3486} INFO - Setting next_dagrun for example_complex to None, run_after=None
[2023-05-26T15:13:25.333+0700] {processor.py:179} INFO - Processing /Users/kany/project-local/data-home/tranning-Airflow/venv/lib/python3.11/site-packages/airflow/example_dags/example_complex.py took 0.907 seconds
[2023-05-26T15:16:13.482+0700] {processor.py:157} INFO - Started process (PID=51337) to work on /Users/kany/project-local/data-home/tranning-Airflow/venv/lib/python3.11/site-packages/airflow/example_dags/example_complex.py
[2023-05-26T15:16:13.483+0700] {processor.py:826} INFO - Processing file /Users/kany/project-local/data-home/tranning-Airflow/venv/lib/python3.11/site-packages/airflow/example_dags/example_complex.py for tasks to queue
[2023-05-26T15:16:13.483+0700] {logging_mixin.py:149} INFO - [2023-05-26T15:16:13.483+0700] {dagbag.py:541} INFO - Filling up the DagBag from /Users/kany/project-local/data-home/tranning-Airflow/venv/lib/python3.11/site-packages/airflow/example_dags/example_complex.py
[2023-05-26T15:16:13.489+0700] {logging_mixin.py:149} INFO - [2023-05-26T15:16:13.489+0700] {taskmixin.py:211} WARNING - Dependency <Task(BashOperator): create_entry_group>, delete_entry_group already registered for DAG: example_complex
[2023-05-26T15:16:13.489+0700] {logging_mixin.py:149} INFO - [2023-05-26T15:16:13.489+0700] {taskmixin.py:211} WARNING - Dependency <Task(BashOperator): delete_entry_group>, create_entry_group already registered for DAG: example_complex
[2023-05-26T15:16:13.489+0700] {logging_mixin.py:149} INFO - [2023-05-26T15:16:13.489+0700] {taskmixin.py:211} WARNING - Dependency <Task(BashOperator): create_entry_gcs>, delete_entry already registered for DAG: example_complex
[2023-05-26T15:16:13.489+0700] {logging_mixin.py:149} INFO - [2023-05-26T15:16:13.489+0700] {taskmixin.py:211} WARNING - Dependency <Task(BashOperator): delete_entry>, create_entry_gcs already registered for DAG: example_complex
[2023-05-26T15:16:13.489+0700] {logging_mixin.py:149} INFO - [2023-05-26T15:16:13.489+0700] {taskmixin.py:211} WARNING - Dependency <Task(BashOperator): create_tag>, delete_tag already registered for DAG: example_complex
[2023-05-26T15:16:13.489+0700] {logging_mixin.py:149} INFO - [2023-05-26T15:16:13.489+0700] {taskmixin.py:211} WARNING - Dependency <Task(BashOperator): delete_tag>, create_tag already registered for DAG: example_complex
[2023-05-26T15:16:13.499+0700] {processor.py:836} INFO - DAG(s) dict_keys(['example_complex']) retrieved from /Users/kany/project-local/data-home/tranning-Airflow/venv/lib/python3.11/site-packages/airflow/example_dags/example_complex.py
[2023-05-26T15:16:13.933+0700] {logging_mixin.py:149} INFO - [2023-05-26T15:16:13.933+0700] {dag.py:2726} INFO - Sync 1 DAGs
[2023-05-26T15:16:13.939+0700] {logging_mixin.py:149} INFO - [2023-05-26T15:16:13.939+0700] {dag.py:3486} INFO - Setting next_dagrun for example_complex to None, run_after=None
[2023-05-26T15:16:13.955+0700] {processor.py:179} INFO - Processing /Users/kany/project-local/data-home/tranning-Airflow/venv/lib/python3.11/site-packages/airflow/example_dags/example_complex.py took 0.473 seconds
[2023-05-26T15:18:43.018+0700] {processor.py:157} INFO - Started process (PID=51488) to work on /Users/kany/project-local/data-home/tranning-Airflow/venv/lib/python3.11/site-packages/airflow/example_dags/example_complex.py
[2023-05-26T15:18:43.019+0700] {processor.py:826} INFO - Processing file /Users/kany/project-local/data-home/tranning-Airflow/venv/lib/python3.11/site-packages/airflow/example_dags/example_complex.py for tasks to queue
[2023-05-26T15:18:43.019+0700] {logging_mixin.py:149} INFO - [2023-05-26T15:18:43.019+0700] {dagbag.py:541} INFO - Filling up the DagBag from /Users/kany/project-local/data-home/tranning-Airflow/venv/lib/python3.11/site-packages/airflow/example_dags/example_complex.py
[2023-05-26T15:18:43.025+0700] {logging_mixin.py:149} INFO - [2023-05-26T15:18:43.025+0700] {taskmixin.py:211} WARNING - Dependency <Task(BashOperator): create_entry_group>, delete_entry_group already registered for DAG: example_complex
[2023-05-26T15:18:43.025+0700] {logging_mixin.py:149} INFO - [2023-05-26T15:18:43.025+0700] {taskmixin.py:211} WARNING - Dependency <Task(BashOperator): delete_entry_group>, create_entry_group already registered for DAG: example_complex
[2023-05-26T15:18:43.026+0700] {logging_mixin.py:149} INFO - [2023-05-26T15:18:43.026+0700] {taskmixin.py:211} WARNING - Dependency <Task(BashOperator): create_entry_gcs>, delete_entry already registered for DAG: example_complex
[2023-05-26T15:18:43.026+0700] {logging_mixin.py:149} INFO - [2023-05-26T15:18:43.026+0700] {taskmixin.py:211} WARNING - Dependency <Task(BashOperator): delete_entry>, create_entry_gcs already registered for DAG: example_complex
[2023-05-26T15:18:43.026+0700] {logging_mixin.py:149} INFO - [2023-05-26T15:18:43.026+0700] {taskmixin.py:211} WARNING - Dependency <Task(BashOperator): create_tag>, delete_tag already registered for DAG: example_complex
[2023-05-26T15:18:43.026+0700] {logging_mixin.py:149} INFO - [2023-05-26T15:18:43.026+0700] {taskmixin.py:211} WARNING - Dependency <Task(BashOperator): delete_tag>, create_tag already registered for DAG: example_complex
[2023-05-26T15:18:43.035+0700] {processor.py:836} INFO - DAG(s) dict_keys(['example_complex']) retrieved from /Users/kany/project-local/data-home/tranning-Airflow/venv/lib/python3.11/site-packages/airflow/example_dags/example_complex.py
[2023-05-26T15:18:43.588+0700] {logging_mixin.py:149} INFO - [2023-05-26T15:18:43.588+0700] {dag.py:2726} INFO - Sync 1 DAGs
[2023-05-26T15:18:43.594+0700] {logging_mixin.py:149} INFO - [2023-05-26T15:18:43.594+0700] {dag.py:3486} INFO - Setting next_dagrun for example_complex to None, run_after=None
[2023-05-26T15:18:43.601+0700] {processor.py:179} INFO - Processing /Users/kany/project-local/data-home/tranning-Airflow/venv/lib/python3.11/site-packages/airflow/example_dags/example_complex.py took 0.583 seconds
[2023-05-26T15:21:07.102+0700] {processor.py:157} INFO - Started process (PID=51694) to work on /Users/kany/project-local/data-home/tranning-Airflow/venv/lib/python3.11/site-packages/airflow/example_dags/example_complex.py
[2023-05-26T15:21:07.103+0700] {processor.py:826} INFO - Processing file /Users/kany/project-local/data-home/tranning-Airflow/venv/lib/python3.11/site-packages/airflow/example_dags/example_complex.py for tasks to queue
[2023-05-26T15:21:07.103+0700] {logging_mixin.py:149} INFO - [2023-05-26T15:21:07.103+0700] {dagbag.py:541} INFO - Filling up the DagBag from /Users/kany/project-local/data-home/tranning-Airflow/venv/lib/python3.11/site-packages/airflow/example_dags/example_complex.py
[2023-05-26T15:21:07.113+0700] {logging_mixin.py:149} INFO - [2023-05-26T15:21:07.113+0700] {taskmixin.py:211} WARNING - Dependency <Task(BashOperator): create_entry_group>, delete_entry_group already registered for DAG: example_complex
[2023-05-26T15:21:07.113+0700] {logging_mixin.py:149} INFO - [2023-05-26T15:21:07.113+0700] {taskmixin.py:211} WARNING - Dependency <Task(BashOperator): delete_entry_group>, create_entry_group already registered for DAG: example_complex
[2023-05-26T15:21:07.114+0700] {logging_mixin.py:149} INFO - [2023-05-26T15:21:07.114+0700] {taskmixin.py:211} WARNING - Dependency <Task(BashOperator): create_entry_gcs>, delete_entry already registered for DAG: example_complex
[2023-05-26T15:21:07.114+0700] {logging_mixin.py:149} INFO - [2023-05-26T15:21:07.114+0700] {taskmixin.py:211} WARNING - Dependency <Task(BashOperator): delete_entry>, create_entry_gcs already registered for DAG: example_complex
[2023-05-26T15:21:07.114+0700] {logging_mixin.py:149} INFO - [2023-05-26T15:21:07.114+0700] {taskmixin.py:211} WARNING - Dependency <Task(BashOperator): create_tag>, delete_tag already registered for DAG: example_complex
[2023-05-26T15:21:07.114+0700] {logging_mixin.py:149} INFO - [2023-05-26T15:21:07.114+0700] {taskmixin.py:211} WARNING - Dependency <Task(BashOperator): delete_tag>, create_tag already registered for DAG: example_complex
[2023-05-26T15:21:07.123+0700] {processor.py:836} INFO - DAG(s) dict_keys(['example_complex']) retrieved from /Users/kany/project-local/data-home/tranning-Airflow/venv/lib/python3.11/site-packages/airflow/example_dags/example_complex.py
[2023-05-26T15:21:07.555+0700] {logging_mixin.py:149} INFO - [2023-05-26T15:21:07.555+0700] {dag.py:2726} INFO - Sync 1 DAGs
[2023-05-26T15:21:07.561+0700] {logging_mixin.py:149} INFO - [2023-05-26T15:21:07.561+0700] {dag.py:3486} INFO - Setting next_dagrun for example_complex to None, run_after=None
[2023-05-26T15:21:07.572+0700] {processor.py:179} INFO - Processing /Users/kany/project-local/data-home/tranning-Airflow/venv/lib/python3.11/site-packages/airflow/example_dags/example_complex.py took 0.469 seconds
[2023-05-26T15:23:10.679+0700] {processor.py:157} INFO - Started process (PID=51762) to work on /Users/kany/project-local/data-home/tranning-Airflow/venv/lib/python3.11/site-packages/airflow/example_dags/example_complex.py
[2023-05-26T15:23:10.679+0700] {processor.py:826} INFO - Processing file /Users/kany/project-local/data-home/tranning-Airflow/venv/lib/python3.11/site-packages/airflow/example_dags/example_complex.py for tasks to queue
[2023-05-26T15:23:10.680+0700] {logging_mixin.py:149} INFO - [2023-05-26T15:23:10.680+0700] {dagbag.py:541} INFO - Filling up the DagBag from /Users/kany/project-local/data-home/tranning-Airflow/venv/lib/python3.11/site-packages/airflow/example_dags/example_complex.py
[2023-05-26T15:23:10.685+0700] {logging_mixin.py:149} INFO - [2023-05-26T15:23:10.685+0700] {taskmixin.py:211} WARNING - Dependency <Task(BashOperator): create_entry_group>, delete_entry_group already registered for DAG: example_complex
[2023-05-26T15:23:10.685+0700] {logging_mixin.py:149} INFO - [2023-05-26T15:23:10.685+0700] {taskmixin.py:211} WARNING - Dependency <Task(BashOperator): delete_entry_group>, create_entry_group already registered for DAG: example_complex
[2023-05-26T15:23:10.686+0700] {logging_mixin.py:149} INFO - [2023-05-26T15:23:10.686+0700] {taskmixin.py:211} WARNING - Dependency <Task(BashOperator): create_entry_gcs>, delete_entry already registered for DAG: example_complex
[2023-05-26T15:23:10.686+0700] {logging_mixin.py:149} INFO - [2023-05-26T15:23:10.686+0700] {taskmixin.py:211} WARNING - Dependency <Task(BashOperator): delete_entry>, create_entry_gcs already registered for DAG: example_complex
[2023-05-26T15:23:10.686+0700] {logging_mixin.py:149} INFO - [2023-05-26T15:23:10.686+0700] {taskmixin.py:211} WARNING - Dependency <Task(BashOperator): create_tag>, delete_tag already registered for DAG: example_complex
[2023-05-26T15:23:10.686+0700] {logging_mixin.py:149} INFO - [2023-05-26T15:23:10.686+0700] {taskmixin.py:211} WARNING - Dependency <Task(BashOperator): delete_tag>, create_tag already registered for DAG: example_complex
[2023-05-26T15:23:10.695+0700] {processor.py:836} INFO - DAG(s) dict_keys(['example_complex']) retrieved from /Users/kany/project-local/data-home/tranning-Airflow/venv/lib/python3.11/site-packages/airflow/example_dags/example_complex.py
[2023-05-26T15:23:11.112+0700] {logging_mixin.py:149} INFO - [2023-05-26T15:23:11.112+0700] {dag.py:2726} INFO - Sync 1 DAGs
[2023-05-26T15:23:11.118+0700] {logging_mixin.py:149} INFO - [2023-05-26T15:23:11.118+0700] {dag.py:3486} INFO - Setting next_dagrun for example_complex to None, run_after=None
[2023-05-26T15:23:11.126+0700] {processor.py:179} INFO - Processing /Users/kany/project-local/data-home/tranning-Airflow/venv/lib/python3.11/site-packages/airflow/example_dags/example_complex.py took 0.447 seconds
[2023-05-26T15:25:18.158+0700] {processor.py:157} INFO - Started process (PID=51867) to work on /Users/kany/project-local/data-home/tranning-Airflow/venv/lib/python3.11/site-packages/airflow/example_dags/example_complex.py
[2023-05-26T15:25:18.159+0700] {processor.py:826} INFO - Processing file /Users/kany/project-local/data-home/tranning-Airflow/venv/lib/python3.11/site-packages/airflow/example_dags/example_complex.py for tasks to queue
[2023-05-26T15:25:18.159+0700] {logging_mixin.py:149} INFO - [2023-05-26T15:25:18.159+0700] {dagbag.py:541} INFO - Filling up the DagBag from /Users/kany/project-local/data-home/tranning-Airflow/venv/lib/python3.11/site-packages/airflow/example_dags/example_complex.py
[2023-05-26T15:25:18.166+0700] {logging_mixin.py:149} INFO - [2023-05-26T15:25:18.166+0700] {taskmixin.py:211} WARNING - Dependency <Task(BashOperator): create_entry_group>, delete_entry_group already registered for DAG: example_complex
[2023-05-26T15:25:18.166+0700] {logging_mixin.py:149} INFO - [2023-05-26T15:25:18.166+0700] {taskmixin.py:211} WARNING - Dependency <Task(BashOperator): delete_entry_group>, create_entry_group already registered for DAG: example_complex
[2023-05-26T15:25:18.166+0700] {logging_mixin.py:149} INFO - [2023-05-26T15:25:18.166+0700] {taskmixin.py:211} WARNING - Dependency <Task(BashOperator): create_entry_gcs>, delete_entry already registered for DAG: example_complex
[2023-05-26T15:25:18.166+0700] {logging_mixin.py:149} INFO - [2023-05-26T15:25:18.166+0700] {taskmixin.py:211} WARNING - Dependency <Task(BashOperator): delete_entry>, create_entry_gcs already registered for DAG: example_complex
[2023-05-26T15:25:18.166+0700] {logging_mixin.py:149} INFO - [2023-05-26T15:25:18.166+0700] {taskmixin.py:211} WARNING - Dependency <Task(BashOperator): create_tag>, delete_tag already registered for DAG: example_complex
[2023-05-26T15:25:18.166+0700] {logging_mixin.py:149} INFO - [2023-05-26T15:25:18.166+0700] {taskmixin.py:211} WARNING - Dependency <Task(BashOperator): delete_tag>, create_tag already registered for DAG: example_complex
[2023-05-26T15:25:18.177+0700] {processor.py:836} INFO - DAG(s) dict_keys(['example_complex']) retrieved from /Users/kany/project-local/data-home/tranning-Airflow/venv/lib/python3.11/site-packages/airflow/example_dags/example_complex.py
[2023-05-26T15:25:18.680+0700] {logging_mixin.py:149} INFO - [2023-05-26T15:25:18.680+0700] {dag.py:2726} INFO - Sync 1 DAGs
[2023-05-26T15:25:18.686+0700] {logging_mixin.py:149} INFO - [2023-05-26T15:25:18.686+0700] {dag.py:3486} INFO - Setting next_dagrun for example_complex to None, run_after=None
[2023-05-26T15:25:18.693+0700] {processor.py:179} INFO - Processing /Users/kany/project-local/data-home/tranning-Airflow/venv/lib/python3.11/site-packages/airflow/example_dags/example_complex.py took 0.535 seconds
[2023-05-26T15:27:24.889+0700] {processor.py:157} INFO - Started process (PID=52101) to work on /Users/kany/project-local/data-home/tranning-Airflow/venv/lib/python3.11/site-packages/airflow/example_dags/example_complex.py
[2023-05-26T15:27:24.890+0700] {processor.py:826} INFO - Processing file /Users/kany/project-local/data-home/tranning-Airflow/venv/lib/python3.11/site-packages/airflow/example_dags/example_complex.py for tasks to queue
[2023-05-26T15:27:24.890+0700] {logging_mixin.py:149} INFO - [2023-05-26T15:27:24.890+0700] {dagbag.py:541} INFO - Filling up the DagBag from /Users/kany/project-local/data-home/tranning-Airflow/venv/lib/python3.11/site-packages/airflow/example_dags/example_complex.py
[2023-05-26T15:27:24.898+0700] {logging_mixin.py:149} INFO - [2023-05-26T15:27:24.898+0700] {taskmixin.py:211} WARNING - Dependency <Task(BashOperator): create_entry_group>, delete_entry_group already registered for DAG: example_complex
[2023-05-26T15:27:24.898+0700] {logging_mixin.py:149} INFO - [2023-05-26T15:27:24.898+0700] {taskmixin.py:211} WARNING - Dependency <Task(BashOperator): delete_entry_group>, create_entry_group already registered for DAG: example_complex
[2023-05-26T15:27:24.898+0700] {logging_mixin.py:149} INFO - [2023-05-26T15:27:24.898+0700] {taskmixin.py:211} WARNING - Dependency <Task(BashOperator): create_entry_gcs>, delete_entry already registered for DAG: example_complex
[2023-05-26T15:27:24.898+0700] {logging_mixin.py:149} INFO - [2023-05-26T15:27:24.898+0700] {taskmixin.py:211} WARNING - Dependency <Task(BashOperator): delete_entry>, create_entry_gcs already registered for DAG: example_complex
[2023-05-26T15:27:24.898+0700] {logging_mixin.py:149} INFO - [2023-05-26T15:27:24.898+0700] {taskmixin.py:211} WARNING - Dependency <Task(BashOperator): create_tag>, delete_tag already registered for DAG: example_complex
[2023-05-26T15:27:24.898+0700] {logging_mixin.py:149} INFO - [2023-05-26T15:27:24.898+0700] {taskmixin.py:211} WARNING - Dependency <Task(BashOperator): delete_tag>, create_tag already registered for DAG: example_complex
[2023-05-26T15:27:24.908+0700] {processor.py:836} INFO - DAG(s) dict_keys(['example_complex']) retrieved from /Users/kany/project-local/data-home/tranning-Airflow/venv/lib/python3.11/site-packages/airflow/example_dags/example_complex.py
[2023-05-26T15:27:25.361+0700] {logging_mixin.py:149} INFO - [2023-05-26T15:27:25.361+0700] {dag.py:2726} INFO - Sync 1 DAGs
[2023-05-26T15:27:25.367+0700] {logging_mixin.py:149} INFO - [2023-05-26T15:27:25.367+0700] {dag.py:3486} INFO - Setting next_dagrun for example_complex to None, run_after=None
[2023-05-26T15:27:25.375+0700] {processor.py:179} INFO - Processing /Users/kany/project-local/data-home/tranning-Airflow/venv/lib/python3.11/site-packages/airflow/example_dags/example_complex.py took 0.487 seconds
[2023-05-26T15:29:37.750+0700] {processor.py:157} INFO - Started process (PID=52349) to work on /Users/kany/project-local/data-home/tranning-Airflow/venv/lib/python3.11/site-packages/airflow/example_dags/example_complex.py
[2023-05-26T15:29:37.750+0700] {processor.py:826} INFO - Processing file /Users/kany/project-local/data-home/tranning-Airflow/venv/lib/python3.11/site-packages/airflow/example_dags/example_complex.py for tasks to queue
[2023-05-26T15:29:37.751+0700] {logging_mixin.py:149} INFO - [2023-05-26T15:29:37.751+0700] {dagbag.py:541} INFO - Filling up the DagBag from /Users/kany/project-local/data-home/tranning-Airflow/venv/lib/python3.11/site-packages/airflow/example_dags/example_complex.py
[2023-05-26T15:29:37.760+0700] {logging_mixin.py:149} INFO - [2023-05-26T15:29:37.760+0700] {taskmixin.py:211} WARNING - Dependency <Task(BashOperator): create_entry_group>, delete_entry_group already registered for DAG: example_complex
[2023-05-26T15:29:37.760+0700] {logging_mixin.py:149} INFO - [2023-05-26T15:29:37.760+0700] {taskmixin.py:211} WARNING - Dependency <Task(BashOperator): delete_entry_group>, create_entry_group already registered for DAG: example_complex
[2023-05-26T15:29:37.760+0700] {logging_mixin.py:149} INFO - [2023-05-26T15:29:37.760+0700] {taskmixin.py:211} WARNING - Dependency <Task(BashOperator): create_entry_gcs>, delete_entry already registered for DAG: example_complex
[2023-05-26T15:29:37.760+0700] {logging_mixin.py:149} INFO - [2023-05-26T15:29:37.760+0700] {taskmixin.py:211} WARNING - Dependency <Task(BashOperator): delete_entry>, create_entry_gcs already registered for DAG: example_complex
[2023-05-26T15:29:37.761+0700] {logging_mixin.py:149} INFO - [2023-05-26T15:29:37.761+0700] {taskmixin.py:211} WARNING - Dependency <Task(BashOperator): create_tag>, delete_tag already registered for DAG: example_complex
[2023-05-26T15:29:37.761+0700] {logging_mixin.py:149} INFO - [2023-05-26T15:29:37.761+0700] {taskmixin.py:211} WARNING - Dependency <Task(BashOperator): delete_tag>, create_tag already registered for DAG: example_complex
[2023-05-26T15:29:37.770+0700] {processor.py:836} INFO - DAG(s) dict_keys(['example_complex']) retrieved from /Users/kany/project-local/data-home/tranning-Airflow/venv/lib/python3.11/site-packages/airflow/example_dags/example_complex.py
[2023-05-26T15:29:38.271+0700] {logging_mixin.py:149} INFO - [2023-05-26T15:29:38.271+0700] {dag.py:2726} INFO - Sync 1 DAGs
[2023-05-26T15:29:38.277+0700] {logging_mixin.py:149} INFO - [2023-05-26T15:29:38.277+0700] {dag.py:3486} INFO - Setting next_dagrun for example_complex to None, run_after=None
[2023-05-26T15:29:38.285+0700] {processor.py:179} INFO - Processing /Users/kany/project-local/data-home/tranning-Airflow/venv/lib/python3.11/site-packages/airflow/example_dags/example_complex.py took 0.536 seconds
[2023-05-26T15:31:51.015+0700] {processor.py:157} INFO - Started process (PID=52460) to work on /Users/kany/project-local/data-home/tranning-Airflow/venv/lib/python3.11/site-packages/airflow/example_dags/example_complex.py
[2023-05-26T15:31:51.015+0700] {processor.py:826} INFO - Processing file /Users/kany/project-local/data-home/tranning-Airflow/venv/lib/python3.11/site-packages/airflow/example_dags/example_complex.py for tasks to queue
[2023-05-26T15:31:51.015+0700] {logging_mixin.py:149} INFO - [2023-05-26T15:31:51.015+0700] {dagbag.py:541} INFO - Filling up the DagBag from /Users/kany/project-local/data-home/tranning-Airflow/venv/lib/python3.11/site-packages/airflow/example_dags/example_complex.py
[2023-05-26T15:31:51.021+0700] {logging_mixin.py:149} INFO - [2023-05-26T15:31:51.021+0700] {taskmixin.py:211} WARNING - Dependency <Task(BashOperator): create_entry_group>, delete_entry_group already registered for DAG: example_complex
[2023-05-26T15:31:51.021+0700] {logging_mixin.py:149} INFO - [2023-05-26T15:31:51.021+0700] {taskmixin.py:211} WARNING - Dependency <Task(BashOperator): delete_entry_group>, create_entry_group already registered for DAG: example_complex
[2023-05-26T15:31:51.021+0700] {logging_mixin.py:149} INFO - [2023-05-26T15:31:51.021+0700] {taskmixin.py:211} WARNING - Dependency <Task(BashOperator): create_entry_gcs>, delete_entry already registered for DAG: example_complex
[2023-05-26T15:31:51.021+0700] {logging_mixin.py:149} INFO - [2023-05-26T15:31:51.021+0700] {taskmixin.py:211} WARNING - Dependency <Task(BashOperator): delete_entry>, create_entry_gcs already registered for DAG: example_complex
[2023-05-26T15:31:51.021+0700] {logging_mixin.py:149} INFO - [2023-05-26T15:31:51.021+0700] {taskmixin.py:211} WARNING - Dependency <Task(BashOperator): create_tag>, delete_tag already registered for DAG: example_complex
[2023-05-26T15:31:51.021+0700] {logging_mixin.py:149} INFO - [2023-05-26T15:31:51.021+0700] {taskmixin.py:211} WARNING - Dependency <Task(BashOperator): delete_tag>, create_tag already registered for DAG: example_complex
[2023-05-26T15:31:51.030+0700] {processor.py:836} INFO - DAG(s) dict_keys(['example_complex']) retrieved from /Users/kany/project-local/data-home/tranning-Airflow/venv/lib/python3.11/site-packages/airflow/example_dags/example_complex.py
[2023-05-26T15:31:51.538+0700] {logging_mixin.py:149} INFO - [2023-05-26T15:31:51.538+0700] {dag.py:2726} INFO - Sync 1 DAGs
[2023-05-26T15:31:51.545+0700] {logging_mixin.py:149} INFO - [2023-05-26T15:31:51.545+0700] {dag.py:3486} INFO - Setting next_dagrun for example_complex to None, run_after=None
[2023-05-26T15:31:51.552+0700] {processor.py:179} INFO - Processing /Users/kany/project-local/data-home/tranning-Airflow/venv/lib/python3.11/site-packages/airflow/example_dags/example_complex.py took 0.537 seconds
