[2023-05-26T15:13:15.411+0700] {processor.py:157} INFO - Started process (PID=51182) to work on /Users/kany/project-local/data-home/tranning-Airflow/venv/lib/python3.11/site-packages/airflow/example_dags/example_dynamic_task_mapping.py
[2023-05-26T15:13:15.412+0700] {processor.py:826} INFO - Processing file /Users/kany/project-local/data-home/tranning-Airflow/venv/lib/python3.11/site-packages/airflow/example_dags/example_dynamic_task_mapping.py for tasks to queue
[2023-05-26T15:13:15.412+0700] {logging_mixin.py:149} INFO - [2023-05-26T15:13:15.412+0700] {dagbag.py:541} INFO - Filling up the DagBag from /Users/kany/project-local/data-home/tranning-Airflow/venv/lib/python3.11/site-packages/airflow/example_dags/example_dynamic_task_mapping.py
[2023-05-26T15:13:15.466+0700] {processor.py:836} INFO - DAG(s) dict_keys(['example_dynamic_task_mapping']) retrieved from /Users/kany/project-local/data-home/tranning-Airflow/venv/lib/python3.11/site-packages/airflow/example_dags/example_dynamic_task_mapping.py
[2023-05-26T15:13:16.440+0700] {logging_mixin.py:149} INFO - [2023-05-26T15:13:16.440+0700] {manager.py:504} INFO - Created Permission View: can edit on DAG:example_dynamic_task_mapping
[2023-05-26T15:13:16.444+0700] {logging_mixin.py:149} INFO - [2023-05-26T15:13:16.444+0700] {manager.py:504} INFO - Created Permission View: can delete on DAG:example_dynamic_task_mapping
[2023-05-26T15:13:16.533+0700] {logging_mixin.py:149} INFO - [2023-05-26T15:13:16.533+0700] {manager.py:504} INFO - Created Permission View: can read on DAG:example_dynamic_task_mapping
[2023-05-26T15:13:16.533+0700] {logging_mixin.py:149} INFO - [2023-05-26T15:13:16.533+0700] {dag.py:2726} INFO - Sync 1 DAGs
[2023-05-26T15:13:16.542+0700] {logging_mixin.py:149} INFO - [2023-05-26T15:13:16.542+0700] {dag.py:2747} INFO - Creating ORM DAG for example_dynamic_task_mapping
[2023-05-26T15:13:16.546+0700] {logging_mixin.py:149} INFO - [2023-05-26T15:13:16.546+0700] {dag.py:3486} INFO - Setting next_dagrun for example_dynamic_task_mapping to 2022-03-04T00:00:00+00:00, run_after=2022-03-05T00:00:00+00:00
[2023-05-26T15:13:16.556+0700] {processor.py:179} INFO - Processing /Users/kany/project-local/data-home/tranning-Airflow/venv/lib/python3.11/site-packages/airflow/example_dags/example_dynamic_task_mapping.py took 1.145 seconds
[2023-05-26T15:15:18.170+0700] {processor.py:157} INFO - Started process (PID=51264) to work on /Users/kany/project-local/data-home/tranning-Airflow/venv/lib/python3.11/site-packages/airflow/example_dags/example_dynamic_task_mapping.py
[2023-05-26T15:15:18.170+0700] {processor.py:826} INFO - Processing file /Users/kany/project-local/data-home/tranning-Airflow/venv/lib/python3.11/site-packages/airflow/example_dags/example_dynamic_task_mapping.py for tasks to queue
[2023-05-26T15:15:18.170+0700] {logging_mixin.py:149} INFO - [2023-05-26T15:15:18.170+0700] {dagbag.py:541} INFO - Filling up the DagBag from /Users/kany/project-local/data-home/tranning-Airflow/venv/lib/python3.11/site-packages/airflow/example_dags/example_dynamic_task_mapping.py
[2023-05-26T15:15:18.206+0700] {processor.py:836} INFO - DAG(s) dict_keys(['example_dynamic_task_mapping']) retrieved from /Users/kany/project-local/data-home/tranning-Airflow/venv/lib/python3.11/site-packages/airflow/example_dags/example_dynamic_task_mapping.py
[2023-05-26T15:15:18.832+0700] {logging_mixin.py:149} INFO - [2023-05-26T15:15:18.832+0700] {dag.py:2726} INFO - Sync 1 DAGs
[2023-05-26T15:15:18.838+0700] {logging_mixin.py:149} INFO - [2023-05-26T15:15:18.838+0700] {dag.py:3486} INFO - Setting next_dagrun for example_dynamic_task_mapping to 2022-03-04T00:00:00+00:00, run_after=2022-03-05T00:00:00+00:00
[2023-05-26T15:15:18.846+0700] {processor.py:179} INFO - Processing /Users/kany/project-local/data-home/tranning-Airflow/venv/lib/python3.11/site-packages/airflow/example_dags/example_dynamic_task_mapping.py took 0.676 seconds
[2023-05-26T15:17:49.822+0700] {processor.py:157} INFO - Started process (PID=51424) to work on /Users/kany/project-local/data-home/tranning-Airflow/venv/lib/python3.11/site-packages/airflow/example_dags/example_dynamic_task_mapping.py
[2023-05-26T15:17:49.823+0700] {processor.py:826} INFO - Processing file /Users/kany/project-local/data-home/tranning-Airflow/venv/lib/python3.11/site-packages/airflow/example_dags/example_dynamic_task_mapping.py for tasks to queue
[2023-05-26T15:17:49.823+0700] {logging_mixin.py:149} INFO - [2023-05-26T15:17:49.823+0700] {dagbag.py:541} INFO - Filling up the DagBag from /Users/kany/project-local/data-home/tranning-Airflow/venv/lib/python3.11/site-packages/airflow/example_dags/example_dynamic_task_mapping.py
[2023-05-26T15:17:49.857+0700] {processor.py:836} INFO - DAG(s) dict_keys(['example_dynamic_task_mapping']) retrieved from /Users/kany/project-local/data-home/tranning-Airflow/venv/lib/python3.11/site-packages/airflow/example_dags/example_dynamic_task_mapping.py
[2023-05-26T15:17:50.319+0700] {logging_mixin.py:149} INFO - [2023-05-26T15:17:50.319+0700] {dag.py:2726} INFO - Sync 1 DAGs
[2023-05-26T15:17:50.324+0700] {logging_mixin.py:149} INFO - [2023-05-26T15:17:50.324+0700] {dag.py:3486} INFO - Setting next_dagrun for example_dynamic_task_mapping to 2022-03-04T00:00:00+00:00, run_after=2022-03-05T00:00:00+00:00
[2023-05-26T15:17:50.331+0700] {processor.py:179} INFO - Processing /Users/kany/project-local/data-home/tranning-Airflow/venv/lib/python3.11/site-packages/airflow/example_dags/example_dynamic_task_mapping.py took 0.509 seconds
[2023-05-26T15:20:08.487+0700] {processor.py:157} INFO - Started process (PID=51589) to work on /Users/kany/project-local/data-home/tranning-Airflow/venv/lib/python3.11/site-packages/airflow/example_dags/example_dynamic_task_mapping.py
[2023-05-26T15:20:08.488+0700] {processor.py:826} INFO - Processing file /Users/kany/project-local/data-home/tranning-Airflow/venv/lib/python3.11/site-packages/airflow/example_dags/example_dynamic_task_mapping.py for tasks to queue
[2023-05-26T15:20:08.488+0700] {logging_mixin.py:149} INFO - [2023-05-26T15:20:08.488+0700] {dagbag.py:541} INFO - Filling up the DagBag from /Users/kany/project-local/data-home/tranning-Airflow/venv/lib/python3.11/site-packages/airflow/example_dags/example_dynamic_task_mapping.py
[2023-05-26T15:20:08.520+0700] {processor.py:836} INFO - DAG(s) dict_keys(['example_dynamic_task_mapping']) retrieved from /Users/kany/project-local/data-home/tranning-Airflow/venv/lib/python3.11/site-packages/airflow/example_dags/example_dynamic_task_mapping.py
[2023-05-26T15:20:08.955+0700] {logging_mixin.py:149} INFO - [2023-05-26T15:20:08.955+0700] {dag.py:2726} INFO - Sync 1 DAGs
[2023-05-26T15:20:08.961+0700] {logging_mixin.py:149} INFO - [2023-05-26T15:20:08.961+0700] {dag.py:3486} INFO - Setting next_dagrun for example_dynamic_task_mapping to 2022-03-04T00:00:00+00:00, run_after=2022-03-05T00:00:00+00:00
[2023-05-26T15:20:08.967+0700] {processor.py:179} INFO - Processing /Users/kany/project-local/data-home/tranning-Airflow/venv/lib/python3.11/site-packages/airflow/example_dags/example_dynamic_task_mapping.py took 0.480 seconds
[2023-05-26T15:22:24.737+0700] {processor.py:157} INFO - Started process (PID=51735) to work on /Users/kany/project-local/data-home/tranning-Airflow/venv/lib/python3.11/site-packages/airflow/example_dags/example_dynamic_task_mapping.py
[2023-05-26T15:22:24.737+0700] {processor.py:826} INFO - Processing file /Users/kany/project-local/data-home/tranning-Airflow/venv/lib/python3.11/site-packages/airflow/example_dags/example_dynamic_task_mapping.py for tasks to queue
[2023-05-26T15:22:24.737+0700] {logging_mixin.py:149} INFO - [2023-05-26T15:22:24.737+0700] {dagbag.py:541} INFO - Filling up the DagBag from /Users/kany/project-local/data-home/tranning-Airflow/venv/lib/python3.11/site-packages/airflow/example_dags/example_dynamic_task_mapping.py
[2023-05-26T15:22:24.772+0700] {processor.py:836} INFO - DAG(s) dict_keys(['example_dynamic_task_mapping']) retrieved from /Users/kany/project-local/data-home/tranning-Airflow/venv/lib/python3.11/site-packages/airflow/example_dags/example_dynamic_task_mapping.py
[2023-05-26T15:22:25.191+0700] {logging_mixin.py:149} INFO - [2023-05-26T15:22:25.191+0700] {dag.py:2726} INFO - Sync 1 DAGs
[2023-05-26T15:22:25.197+0700] {logging_mixin.py:149} INFO - [2023-05-26T15:22:25.196+0700] {dag.py:3486} INFO - Setting next_dagrun for example_dynamic_task_mapping to 2022-03-04T00:00:00+00:00, run_after=2022-03-05T00:00:00+00:00
[2023-05-26T15:22:25.203+0700] {processor.py:179} INFO - Processing /Users/kany/project-local/data-home/tranning-Airflow/venv/lib/python3.11/site-packages/airflow/example_dags/example_dynamic_task_mapping.py took 0.467 seconds
[2023-05-26T15:24:27.266+0700] {processor.py:157} INFO - Started process (PID=51831) to work on /Users/kany/project-local/data-home/tranning-Airflow/venv/lib/python3.11/site-packages/airflow/example_dags/example_dynamic_task_mapping.py
[2023-05-26T15:24:27.266+0700] {processor.py:826} INFO - Processing file /Users/kany/project-local/data-home/tranning-Airflow/venv/lib/python3.11/site-packages/airflow/example_dags/example_dynamic_task_mapping.py for tasks to queue
[2023-05-26T15:24:27.267+0700] {logging_mixin.py:149} INFO - [2023-05-26T15:24:27.267+0700] {dagbag.py:541} INFO - Filling up the DagBag from /Users/kany/project-local/data-home/tranning-Airflow/venv/lib/python3.11/site-packages/airflow/example_dags/example_dynamic_task_mapping.py
[2023-05-26T15:24:27.296+0700] {processor.py:836} INFO - DAG(s) dict_keys(['example_dynamic_task_mapping']) retrieved from /Users/kany/project-local/data-home/tranning-Airflow/venv/lib/python3.11/site-packages/airflow/example_dags/example_dynamic_task_mapping.py
[2023-05-26T15:24:27.947+0700] {logging_mixin.py:149} INFO - [2023-05-26T15:24:27.947+0700] {dag.py:2726} INFO - Sync 1 DAGs
[2023-05-26T15:24:27.954+0700] {logging_mixin.py:149} INFO - [2023-05-26T15:24:27.953+0700] {dag.py:3486} INFO - Setting next_dagrun for example_dynamic_task_mapping to 2022-03-04T00:00:00+00:00, run_after=2022-03-05T00:00:00+00:00
[2023-05-26T15:24:27.962+0700] {processor.py:179} INFO - Processing /Users/kany/project-local/data-home/tranning-Airflow/venv/lib/python3.11/site-packages/airflow/example_dags/example_dynamic_task_mapping.py took 0.696 seconds
[2023-05-26T15:26:35.282+0700] {processor.py:157} INFO - Started process (PID=52019) to work on /Users/kany/project-local/data-home/tranning-Airflow/venv/lib/python3.11/site-packages/airflow/example_dags/example_dynamic_task_mapping.py
[2023-05-26T15:26:35.283+0700] {processor.py:826} INFO - Processing file /Users/kany/project-local/data-home/tranning-Airflow/venv/lib/python3.11/site-packages/airflow/example_dags/example_dynamic_task_mapping.py for tasks to queue
[2023-05-26T15:26:35.283+0700] {logging_mixin.py:149} INFO - [2023-05-26T15:26:35.283+0700] {dagbag.py:541} INFO - Filling up the DagBag from /Users/kany/project-local/data-home/tranning-Airflow/venv/lib/python3.11/site-packages/airflow/example_dags/example_dynamic_task_mapping.py
[2023-05-26T15:26:35.318+0700] {processor.py:836} INFO - DAG(s) dict_keys(['example_dynamic_task_mapping']) retrieved from /Users/kany/project-local/data-home/tranning-Airflow/venv/lib/python3.11/site-packages/airflow/example_dags/example_dynamic_task_mapping.py
[2023-05-26T15:26:35.825+0700] {logging_mixin.py:149} INFO - [2023-05-26T15:26:35.825+0700] {dag.py:2726} INFO - Sync 1 DAGs
[2023-05-26T15:26:35.831+0700] {logging_mixin.py:149} INFO - [2023-05-26T15:26:35.831+0700] {dag.py:3486} INFO - Setting next_dagrun for example_dynamic_task_mapping to 2022-03-04T00:00:00+00:00, run_after=2022-03-05T00:00:00+00:00
[2023-05-26T15:26:35.839+0700] {processor.py:179} INFO - Processing /Users/kany/project-local/data-home/tranning-Airflow/venv/lib/python3.11/site-packages/airflow/example_dags/example_dynamic_task_mapping.py took 0.557 seconds
[2023-05-26T15:28:45.012+0700] {processor.py:157} INFO - Started process (PID=52264) to work on /Users/kany/project-local/data-home/tranning-Airflow/venv/lib/python3.11/site-packages/airflow/example_dags/example_dynamic_task_mapping.py
[2023-05-26T15:28:45.014+0700] {processor.py:826} INFO - Processing file /Users/kany/project-local/data-home/tranning-Airflow/venv/lib/python3.11/site-packages/airflow/example_dags/example_dynamic_task_mapping.py for tasks to queue
[2023-05-26T15:28:45.014+0700] {logging_mixin.py:149} INFO - [2023-05-26T15:28:45.014+0700] {dagbag.py:541} INFO - Filling up the DagBag from /Users/kany/project-local/data-home/tranning-Airflow/venv/lib/python3.11/site-packages/airflow/example_dags/example_dynamic_task_mapping.py
[2023-05-26T15:28:45.063+0700] {processor.py:836} INFO - DAG(s) dict_keys(['example_dynamic_task_mapping']) retrieved from /Users/kany/project-local/data-home/tranning-Airflow/venv/lib/python3.11/site-packages/airflow/example_dags/example_dynamic_task_mapping.py
[2023-05-26T15:28:45.638+0700] {logging_mixin.py:149} INFO - [2023-05-26T15:28:45.638+0700] {dag.py:2726} INFO - Sync 1 DAGs
[2023-05-26T15:28:45.645+0700] {logging_mixin.py:149} INFO - [2023-05-26T15:28:45.645+0700] {dag.py:3486} INFO - Setting next_dagrun for example_dynamic_task_mapping to 2022-03-04T00:00:00+00:00, run_after=2022-03-05T00:00:00+00:00
[2023-05-26T15:28:45.674+0700] {processor.py:179} INFO - Processing /Users/kany/project-local/data-home/tranning-Airflow/venv/lib/python3.11/site-packages/airflow/example_dags/example_dynamic_task_mapping.py took 0.662 seconds
[2023-05-26T15:31:00.055+0700] {processor.py:157} INFO - Started process (PID=52427) to work on /Users/kany/project-local/data-home/tranning-Airflow/venv/lib/python3.11/site-packages/airflow/example_dags/example_dynamic_task_mapping.py
[2023-05-26T15:31:00.056+0700] {processor.py:826} INFO - Processing file /Users/kany/project-local/data-home/tranning-Airflow/venv/lib/python3.11/site-packages/airflow/example_dags/example_dynamic_task_mapping.py for tasks to queue
[2023-05-26T15:31:00.056+0700] {logging_mixin.py:149} INFO - [2023-05-26T15:31:00.056+0700] {dagbag.py:541} INFO - Filling up the DagBag from /Users/kany/project-local/data-home/tranning-Airflow/venv/lib/python3.11/site-packages/airflow/example_dags/example_dynamic_task_mapping.py
[2023-05-26T15:31:00.090+0700] {processor.py:836} INFO - DAG(s) dict_keys(['example_dynamic_task_mapping']) retrieved from /Users/kany/project-local/data-home/tranning-Airflow/venv/lib/python3.11/site-packages/airflow/example_dags/example_dynamic_task_mapping.py
[2023-05-26T15:31:00.564+0700] {logging_mixin.py:149} INFO - [2023-05-26T15:31:00.564+0700] {dag.py:2726} INFO - Sync 1 DAGs
[2023-05-26T15:31:00.570+0700] {logging_mixin.py:149} INFO - [2023-05-26T15:31:00.570+0700] {dag.py:3486} INFO - Setting next_dagrun for example_dynamic_task_mapping to 2022-03-04T00:00:00+00:00, run_after=2022-03-05T00:00:00+00:00
[2023-05-26T15:31:00.577+0700] {processor.py:179} INFO - Processing /Users/kany/project-local/data-home/tranning-Airflow/venv/lib/python3.11/site-packages/airflow/example_dags/example_dynamic_task_mapping.py took 0.522 seconds
