[2023-05-26T15:12:46.693+0700] {processor.py:157} INFO - Started process (PID=51147) to work on /Users/kany/project-local/data-home/tranning-Airflow/venv/lib/python3.11/site-packages/airflow/example_dags/example_sensor_decorator.py
[2023-05-26T15:12:46.693+0700] {processor.py:826} INFO - Processing file /Users/kany/project-local/data-home/tranning-Airflow/venv/lib/python3.11/site-packages/airflow/example_dags/example_sensor_decorator.py for tasks to queue
[2023-05-26T15:12:46.694+0700] {logging_mixin.py:149} INFO - [2023-05-26T15:12:46.694+0700] {dagbag.py:541} INFO - Filling up the DagBag from /Users/kany/project-local/data-home/tranning-Airflow/venv/lib/python3.11/site-packages/airflow/example_dags/example_sensor_decorator.py
[2023-05-26T15:12:46.727+0700] {processor.py:836} INFO - DAG(s) dict_keys(['example_sensor_decorator']) retrieved from /Users/kany/project-local/data-home/tranning-Airflow/venv/lib/python3.11/site-packages/airflow/example_dags/example_sensor_decorator.py
[2023-05-26T15:12:47.314+0700] {logging_mixin.py:149} INFO - [2023-05-26T15:12:47.314+0700] {manager.py:504} INFO - Created Permission View: can edit on DAG:example_sensor_decorator
[2023-05-26T15:12:47.317+0700] {logging_mixin.py:149} INFO - [2023-05-26T15:12:47.317+0700] {manager.py:504} INFO - Created Permission View: can delete on DAG:example_sensor_decorator
[2023-05-26T15:12:47.322+0700] {logging_mixin.py:149} INFO - [2023-05-26T15:12:47.322+0700] {manager.py:504} INFO - Created Permission View: can read on DAG:example_sensor_decorator
[2023-05-26T15:12:47.322+0700] {logging_mixin.py:149} INFO - [2023-05-26T15:12:47.322+0700] {dag.py:2726} INFO - Sync 1 DAGs
[2023-05-26T15:12:47.326+0700] {logging_mixin.py:149} INFO - [2023-05-26T15:12:47.326+0700] {dag.py:2747} INFO - Creating ORM DAG for example_sensor_decorator
[2023-05-26T15:12:47.328+0700] {logging_mixin.py:149} INFO - [2023-05-26T15:12:47.328+0700] {dag.py:3486} INFO - Setting next_dagrun for example_sensor_decorator to None, run_after=None
[2023-05-26T15:12:47.336+0700] {processor.py:179} INFO - Processing /Users/kany/project-local/data-home/tranning-Airflow/venv/lib/python3.11/site-packages/airflow/example_dags/example_sensor_decorator.py took 0.643 seconds
[2023-05-26T15:14:51.902+0700] {processor.py:157} INFO - Started process (PID=51240) to work on /Users/kany/project-local/data-home/tranning-Airflow/venv/lib/python3.11/site-packages/airflow/example_dags/example_sensor_decorator.py
[2023-05-26T15:14:51.903+0700] {processor.py:826} INFO - Processing file /Users/kany/project-local/data-home/tranning-Airflow/venv/lib/python3.11/site-packages/airflow/example_dags/example_sensor_decorator.py for tasks to queue
[2023-05-26T15:14:51.903+0700] {logging_mixin.py:149} INFO - [2023-05-26T15:14:51.903+0700] {dagbag.py:541} INFO - Filling up the DagBag from /Users/kany/project-local/data-home/tranning-Airflow/venv/lib/python3.11/site-packages/airflow/example_dags/example_sensor_decorator.py
[2023-05-26T15:14:51.940+0700] {processor.py:836} INFO - DAG(s) dict_keys(['example_sensor_decorator']) retrieved from /Users/kany/project-local/data-home/tranning-Airflow/venv/lib/python3.11/site-packages/airflow/example_dags/example_sensor_decorator.py
[2023-05-26T15:14:52.565+0700] {logging_mixin.py:149} INFO - [2023-05-26T15:14:52.565+0700] {dag.py:2726} INFO - Sync 1 DAGs
[2023-05-26T15:14:52.571+0700] {logging_mixin.py:149} INFO - [2023-05-26T15:14:52.571+0700] {dag.py:3486} INFO - Setting next_dagrun for example_sensor_decorator to None, run_after=None
[2023-05-26T15:14:52.578+0700] {processor.py:179} INFO - Processing /Users/kany/project-local/data-home/tranning-Airflow/venv/lib/python3.11/site-packages/airflow/example_dags/example_sensor_decorator.py took 0.677 seconds
[2023-05-26T15:17:24.659+0700] {processor.py:157} INFO - Started process (PID=51406) to work on /Users/kany/project-local/data-home/tranning-Airflow/venv/lib/python3.11/site-packages/airflow/example_dags/example_sensor_decorator.py
[2023-05-26T15:17:24.660+0700] {processor.py:826} INFO - Processing file /Users/kany/project-local/data-home/tranning-Airflow/venv/lib/python3.11/site-packages/airflow/example_dags/example_sensor_decorator.py for tasks to queue
[2023-05-26T15:17:24.660+0700] {logging_mixin.py:149} INFO - [2023-05-26T15:17:24.660+0700] {dagbag.py:541} INFO - Filling up the DagBag from /Users/kany/project-local/data-home/tranning-Airflow/venv/lib/python3.11/site-packages/airflow/example_dags/example_sensor_decorator.py
[2023-05-26T15:17:24.705+0700] {processor.py:836} INFO - DAG(s) dict_keys(['example_sensor_decorator']) retrieved from /Users/kany/project-local/data-home/tranning-Airflow/venv/lib/python3.11/site-packages/airflow/example_dags/example_sensor_decorator.py
[2023-05-26T15:17:25.462+0700] {logging_mixin.py:149} INFO - [2023-05-26T15:17:25.462+0700] {dag.py:2726} INFO - Sync 1 DAGs
[2023-05-26T15:17:25.467+0700] {logging_mixin.py:149} INFO - [2023-05-26T15:17:25.467+0700] {dag.py:3486} INFO - Setting next_dagrun for example_sensor_decorator to None, run_after=None
[2023-05-26T15:17:25.474+0700] {processor.py:179} INFO - Processing /Users/kany/project-local/data-home/tranning-Airflow/venv/lib/python3.11/site-packages/airflow/example_dags/example_sensor_decorator.py took 0.815 seconds
[2023-05-26T15:19:46.186+0700] {processor.py:157} INFO - Started process (PID=51576) to work on /Users/kany/project-local/data-home/tranning-Airflow/venv/lib/python3.11/site-packages/airflow/example_dags/example_sensor_decorator.py
[2023-05-26T15:19:46.186+0700] {processor.py:826} INFO - Processing file /Users/kany/project-local/data-home/tranning-Airflow/venv/lib/python3.11/site-packages/airflow/example_dags/example_sensor_decorator.py for tasks to queue
[2023-05-26T15:19:46.186+0700] {logging_mixin.py:149} INFO - [2023-05-26T15:19:46.186+0700] {dagbag.py:541} INFO - Filling up the DagBag from /Users/kany/project-local/data-home/tranning-Airflow/venv/lib/python3.11/site-packages/airflow/example_dags/example_sensor_decorator.py
[2023-05-26T15:19:46.219+0700] {processor.py:836} INFO - DAG(s) dict_keys(['example_sensor_decorator']) retrieved from /Users/kany/project-local/data-home/tranning-Airflow/venv/lib/python3.11/site-packages/airflow/example_dags/example_sensor_decorator.py
[2023-05-26T15:19:46.669+0700] {logging_mixin.py:149} INFO - [2023-05-26T15:19:46.669+0700] {dag.py:2726} INFO - Sync 1 DAGs
[2023-05-26T15:19:46.674+0700] {logging_mixin.py:149} INFO - [2023-05-26T15:19:46.674+0700] {dag.py:3486} INFO - Setting next_dagrun for example_sensor_decorator to None, run_after=None
[2023-05-26T15:19:46.681+0700] {processor.py:179} INFO - Processing /Users/kany/project-local/data-home/tranning-Airflow/venv/lib/python3.11/site-packages/airflow/example_dags/example_sensor_decorator.py took 0.496 seconds
[2023-05-26T15:22:02.203+0700] {processor.py:157} INFO - Started process (PID=51723) to work on /Users/kany/project-local/data-home/tranning-Airflow/venv/lib/python3.11/site-packages/airflow/example_dags/example_sensor_decorator.py
[2023-05-26T15:22:02.203+0700] {processor.py:826} INFO - Processing file /Users/kany/project-local/data-home/tranning-Airflow/venv/lib/python3.11/site-packages/airflow/example_dags/example_sensor_decorator.py for tasks to queue
[2023-05-26T15:22:02.203+0700] {logging_mixin.py:149} INFO - [2023-05-26T15:22:02.203+0700] {dagbag.py:541} INFO - Filling up the DagBag from /Users/kany/project-local/data-home/tranning-Airflow/venv/lib/python3.11/site-packages/airflow/example_dags/example_sensor_decorator.py
[2023-05-26T15:22:02.233+0700] {processor.py:836} INFO - DAG(s) dict_keys(['example_sensor_decorator']) retrieved from /Users/kany/project-local/data-home/tranning-Airflow/venv/lib/python3.11/site-packages/airflow/example_dags/example_sensor_decorator.py
[2023-05-26T15:22:02.674+0700] {logging_mixin.py:149} INFO - [2023-05-26T15:22:02.674+0700] {dag.py:2726} INFO - Sync 1 DAGs
[2023-05-26T15:22:02.679+0700] {logging_mixin.py:149} INFO - [2023-05-26T15:22:02.679+0700] {dag.py:3486} INFO - Setting next_dagrun for example_sensor_decorator to None, run_after=None
[2023-05-26T15:22:02.686+0700] {processor.py:179} INFO - Processing /Users/kany/project-local/data-home/tranning-Airflow/venv/lib/python3.11/site-packages/airflow/example_dags/example_sensor_decorator.py took 0.484 seconds
[2023-05-26T15:24:03.356+0700] {processor.py:157} INFO - Started process (PID=51809) to work on /Users/kany/project-local/data-home/tranning-Airflow/venv/lib/python3.11/site-packages/airflow/example_dags/example_sensor_decorator.py
[2023-05-26T15:24:03.357+0700] {processor.py:826} INFO - Processing file /Users/kany/project-local/data-home/tranning-Airflow/venv/lib/python3.11/site-packages/airflow/example_dags/example_sensor_decorator.py for tasks to queue
[2023-05-26T15:24:03.357+0700] {logging_mixin.py:149} INFO - [2023-05-26T15:24:03.357+0700] {dagbag.py:541} INFO - Filling up the DagBag from /Users/kany/project-local/data-home/tranning-Airflow/venv/lib/python3.11/site-packages/airflow/example_dags/example_sensor_decorator.py
[2023-05-26T15:24:03.389+0700] {processor.py:836} INFO - DAG(s) dict_keys(['example_sensor_decorator']) retrieved from /Users/kany/project-local/data-home/tranning-Airflow/venv/lib/python3.11/site-packages/airflow/example_dags/example_sensor_decorator.py
[2023-05-26T15:24:03.955+0700] {logging_mixin.py:149} INFO - [2023-05-26T15:24:03.955+0700] {dag.py:2726} INFO - Sync 1 DAGs
[2023-05-26T15:24:03.962+0700] {logging_mixin.py:149} INFO - [2023-05-26T15:24:03.962+0700] {dag.py:3486} INFO - Setting next_dagrun for example_sensor_decorator to None, run_after=None
[2023-05-26T15:24:03.972+0700] {processor.py:179} INFO - Processing /Users/kany/project-local/data-home/tranning-Airflow/venv/lib/python3.11/site-packages/airflow/example_dags/example_sensor_decorator.py took 0.616 seconds
[2023-05-26T15:26:12.289+0700] {processor.py:157} INFO - Started process (PID=51975) to work on /Users/kany/project-local/data-home/tranning-Airflow/venv/lib/python3.11/site-packages/airflow/example_dags/example_sensor_decorator.py
[2023-05-26T15:26:12.290+0700] {processor.py:826} INFO - Processing file /Users/kany/project-local/data-home/tranning-Airflow/venv/lib/python3.11/site-packages/airflow/example_dags/example_sensor_decorator.py for tasks to queue
[2023-05-26T15:26:12.290+0700] {logging_mixin.py:149} INFO - [2023-05-26T15:26:12.290+0700] {dagbag.py:541} INFO - Filling up the DagBag from /Users/kany/project-local/data-home/tranning-Airflow/venv/lib/python3.11/site-packages/airflow/example_dags/example_sensor_decorator.py
[2023-05-26T15:26:12.324+0700] {processor.py:836} INFO - DAG(s) dict_keys(['example_sensor_decorator']) retrieved from /Users/kany/project-local/data-home/tranning-Airflow/venv/lib/python3.11/site-packages/airflow/example_dags/example_sensor_decorator.py
[2023-05-26T15:26:12.782+0700] {logging_mixin.py:149} INFO - [2023-05-26T15:26:12.782+0700] {dag.py:2726} INFO - Sync 1 DAGs
[2023-05-26T15:26:12.788+0700] {logging_mixin.py:149} INFO - [2023-05-26T15:26:12.788+0700] {dag.py:3486} INFO - Setting next_dagrun for example_sensor_decorator to None, run_after=None
[2023-05-26T15:26:12.795+0700] {processor.py:179} INFO - Processing /Users/kany/project-local/data-home/tranning-Airflow/venv/lib/python3.11/site-packages/airflow/example_dags/example_sensor_decorator.py took 0.506 seconds
[2023-05-26T15:28:20.417+0700] {processor.py:157} INFO - Started process (PID=52218) to work on /Users/kany/project-local/data-home/tranning-Airflow/venv/lib/python3.11/site-packages/airflow/example_dags/example_sensor_decorator.py
[2023-05-26T15:28:20.417+0700] {processor.py:826} INFO - Processing file /Users/kany/project-local/data-home/tranning-Airflow/venv/lib/python3.11/site-packages/airflow/example_dags/example_sensor_decorator.py for tasks to queue
[2023-05-26T15:28:20.418+0700] {logging_mixin.py:149} INFO - [2023-05-26T15:28:20.418+0700] {dagbag.py:541} INFO - Filling up the DagBag from /Users/kany/project-local/data-home/tranning-Airflow/venv/lib/python3.11/site-packages/airflow/example_dags/example_sensor_decorator.py
[2023-05-26T15:28:20.452+0700] {processor.py:836} INFO - DAG(s) dict_keys(['example_sensor_decorator']) retrieved from /Users/kany/project-local/data-home/tranning-Airflow/venv/lib/python3.11/site-packages/airflow/example_dags/example_sensor_decorator.py
[2023-05-26T15:28:20.924+0700] {logging_mixin.py:149} INFO - [2023-05-26T15:28:20.924+0700] {dag.py:2726} INFO - Sync 1 DAGs
[2023-05-26T15:28:20.929+0700] {logging_mixin.py:149} INFO - [2023-05-26T15:28:20.929+0700] {dag.py:3486} INFO - Setting next_dagrun for example_sensor_decorator to None, run_after=None
[2023-05-26T15:28:20.936+0700] {processor.py:179} INFO - Processing /Users/kany/project-local/data-home/tranning-Airflow/venv/lib/python3.11/site-packages/airflow/example_dags/example_sensor_decorator.py took 0.520 seconds
[2023-05-26T15:30:36.165+0700] {processor.py:157} INFO - Started process (PID=52399) to work on /Users/kany/project-local/data-home/tranning-Airflow/venv/lib/python3.11/site-packages/airflow/example_dags/example_sensor_decorator.py
[2023-05-26T15:30:36.166+0700] {processor.py:826} INFO - Processing file /Users/kany/project-local/data-home/tranning-Airflow/venv/lib/python3.11/site-packages/airflow/example_dags/example_sensor_decorator.py for tasks to queue
[2023-05-26T15:30:36.166+0700] {logging_mixin.py:149} INFO - [2023-05-26T15:30:36.166+0700] {dagbag.py:541} INFO - Filling up the DagBag from /Users/kany/project-local/data-home/tranning-Airflow/venv/lib/python3.11/site-packages/airflow/example_dags/example_sensor_decorator.py
[2023-05-26T15:30:36.199+0700] {processor.py:836} INFO - DAG(s) dict_keys(['example_sensor_decorator']) retrieved from /Users/kany/project-local/data-home/tranning-Airflow/venv/lib/python3.11/site-packages/airflow/example_dags/example_sensor_decorator.py
[2023-05-26T15:30:36.689+0700] {logging_mixin.py:149} INFO - [2023-05-26T15:30:36.689+0700] {dag.py:2726} INFO - Sync 1 DAGs
[2023-05-26T15:30:36.694+0700] {logging_mixin.py:149} INFO - [2023-05-26T15:30:36.694+0700] {dag.py:3486} INFO - Setting next_dagrun for example_sensor_decorator to None, run_after=None
[2023-05-26T15:30:36.702+0700] {processor.py:179} INFO - Processing /Users/kany/project-local/data-home/tranning-Airflow/venv/lib/python3.11/site-packages/airflow/example_dags/example_sensor_decorator.py took 0.537 seconds
