[2023-05-26T15:13:18.140+0700] {processor.py:157} INFO - Started process (PID=51184) to work on /Users/kany/project-local/data-home/tranning-Airflow/venv/lib/python3.11/site-packages/airflow/example_dags/example_datasets.py
[2023-05-26T15:13:18.140+0700] {processor.py:826} INFO - Processing file /Users/kany/project-local/data-home/tranning-Airflow/venv/lib/python3.11/site-packages/airflow/example_dags/example_datasets.py for tasks to queue
[2023-05-26T15:13:18.141+0700] {logging_mixin.py:149} INFO - [2023-05-26T15:13:18.141+0700] {dagbag.py:541} INFO - Filling up the DagBag from /Users/kany/project-local/data-home/tranning-Airflow/venv/lib/python3.11/site-packages/airflow/example_dags/example_datasets.py
[2023-05-26T15:13:18.164+0700] {processor.py:836} INFO - DAG(s) dict_keys(['dataset_consumes_1_never_scheduled', 'dataset_produces_1', 'dataset_consumes_1_and_2', 'dataset_consumes_1', 'dataset_consumes_unknown_never_scheduled', 'dataset_produces_2']) retrieved from /Users/kany/project-local/data-home/tranning-Airflow/venv/lib/python3.11/site-packages/airflow/example_dags/example_datasets.py
[2023-05-26T15:13:19.039+0700] {logging_mixin.py:149} INFO - [2023-05-26T15:13:19.039+0700] {manager.py:504} INFO - Created Permission View: can read on DAG:dataset_consumes_1_never_scheduled
[2023-05-26T15:13:19.043+0700] {logging_mixin.py:149} INFO - [2023-05-26T15:13:19.043+0700] {manager.py:504} INFO - Created Permission View: can edit on DAG:dataset_consumes_1_never_scheduled
[2023-05-26T15:13:19.065+0700] {logging_mixin.py:149} INFO - [2023-05-26T15:13:19.065+0700] {manager.py:504} INFO - Created Permission View: can delete on DAG:dataset_consumes_1_never_scheduled
[2023-05-26T15:13:19.075+0700] {logging_mixin.py:149} INFO - [2023-05-26T15:13:19.075+0700] {manager.py:504} INFO - Created Permission View: can read on DAG:dataset_produces_1
[2023-05-26T15:13:19.080+0700] {logging_mixin.py:149} INFO - [2023-05-26T15:13:19.079+0700] {manager.py:504} INFO - Created Permission View: can edit on DAG:dataset_produces_1
[2023-05-26T15:13:19.083+0700] {logging_mixin.py:149} INFO - [2023-05-26T15:13:19.083+0700] {manager.py:504} INFO - Created Permission View: can delete on DAG:dataset_produces_1
[2023-05-26T15:13:19.090+0700] {logging_mixin.py:149} INFO - [2023-05-26T15:13:19.090+0700] {manager.py:504} INFO - Created Permission View: can read on DAG:dataset_consumes_1_and_2
[2023-05-26T15:13:19.093+0700] {logging_mixin.py:149} INFO - [2023-05-26T15:13:19.093+0700] {manager.py:504} INFO - Created Permission View: can edit on DAG:dataset_consumes_1_and_2
[2023-05-26T15:13:19.097+0700] {logging_mixin.py:149} INFO - [2023-05-26T15:13:19.096+0700] {manager.py:504} INFO - Created Permission View: can delete on DAG:dataset_consumes_1_and_2
[2023-05-26T15:13:19.105+0700] {logging_mixin.py:149} INFO - [2023-05-26T15:13:19.105+0700] {manager.py:504} INFO - Created Permission View: can read on DAG:dataset_consumes_1
[2023-05-26T15:13:19.108+0700] {logging_mixin.py:149} INFO - [2023-05-26T15:13:19.108+0700] {manager.py:504} INFO - Created Permission View: can edit on DAG:dataset_consumes_1
[2023-05-26T15:13:19.111+0700] {logging_mixin.py:149} INFO - [2023-05-26T15:13:19.111+0700] {manager.py:504} INFO - Created Permission View: can delete on DAG:dataset_consumes_1
[2023-05-26T15:13:19.119+0700] {logging_mixin.py:149} INFO - [2023-05-26T15:13:19.119+0700] {manager.py:504} INFO - Created Permission View: can read on DAG:dataset_consumes_unknown_never_scheduled
[2023-05-26T15:13:19.123+0700] {logging_mixin.py:149} INFO - [2023-05-26T15:13:19.123+0700] {manager.py:504} INFO - Created Permission View: can edit on DAG:dataset_consumes_unknown_never_scheduled
[2023-05-26T15:13:19.128+0700] {logging_mixin.py:149} INFO - [2023-05-26T15:13:19.128+0700] {manager.py:504} INFO - Created Permission View: can delete on DAG:dataset_consumes_unknown_never_scheduled
[2023-05-26T15:13:19.137+0700] {logging_mixin.py:149} INFO - [2023-05-26T15:13:19.137+0700] {manager.py:504} INFO - Created Permission View: can read on DAG:dataset_produces_2
[2023-05-26T15:13:19.141+0700] {logging_mixin.py:149} INFO - [2023-05-26T15:13:19.141+0700] {manager.py:504} INFO - Created Permission View: can edit on DAG:dataset_produces_2
[2023-05-26T15:13:19.147+0700] {logging_mixin.py:149} INFO - [2023-05-26T15:13:19.147+0700] {manager.py:504} INFO - Created Permission View: can delete on DAG:dataset_produces_2
[2023-05-26T15:13:19.147+0700] {logging_mixin.py:149} INFO - [2023-05-26T15:13:19.147+0700] {dag.py:2726} INFO - Sync 6 DAGs
[2023-05-26T15:13:19.184+0700] {logging_mixin.py:149} INFO - [2023-05-26T15:13:19.184+0700] {dag.py:2747} INFO - Creating ORM DAG for dataset_consumes_1_never_scheduled
[2023-05-26T15:13:19.184+0700] {logging_mixin.py:149} INFO - [2023-05-26T15:13:19.184+0700] {dag.py:2747} INFO - Creating ORM DAG for dataset_consumes_unknown_never_scheduled
[2023-05-26T15:13:19.184+0700] {logging_mixin.py:149} INFO - [2023-05-26T15:13:19.184+0700] {dag.py:2747} INFO - Creating ORM DAG for dataset_consumes_1
[2023-05-26T15:13:19.184+0700] {logging_mixin.py:149} INFO - [2023-05-26T15:13:19.184+0700] {dag.py:2747} INFO - Creating ORM DAG for dataset_produces_2
[2023-05-26T15:13:19.184+0700] {logging_mixin.py:149} INFO - [2023-05-26T15:13:19.184+0700] {dag.py:2747} INFO - Creating ORM DAG for dataset_produces_1
[2023-05-26T15:13:19.184+0700] {logging_mixin.py:149} INFO - [2023-05-26T15:13:19.184+0700] {dag.py:2747} INFO - Creating ORM DAG for dataset_consumes_1_and_2
[2023-05-26T15:13:19.189+0700] {logging_mixin.py:149} INFO - [2023-05-26T15:13:19.189+0700] {dag.py:3486} INFO - Setting next_dagrun for dataset_consumes_1 to None, run_after=None
[2023-05-26T15:13:19.189+0700] {logging_mixin.py:149} INFO - [2023-05-26T15:13:19.189+0700] {dag.py:3486} INFO - Setting next_dagrun for dataset_consumes_1_and_2 to None, run_after=None
[2023-05-26T15:13:19.189+0700] {logging_mixin.py:149} INFO - [2023-05-26T15:13:19.189+0700] {dag.py:3486} INFO - Setting next_dagrun for dataset_consumes_1_never_scheduled to None, run_after=None
[2023-05-26T15:13:19.189+0700] {logging_mixin.py:149} INFO - [2023-05-26T15:13:19.189+0700] {dag.py:3486} INFO - Setting next_dagrun for dataset_consumes_unknown_never_scheduled to None, run_after=None
[2023-05-26T15:13:19.190+0700] {logging_mixin.py:149} INFO - [2023-05-26T15:13:19.190+0700] {dag.py:3486} INFO - Setting next_dagrun for dataset_produces_1 to 2023-05-25T00:00:00+00:00, run_after=2023-05-26T00:00:00+00:00
[2023-05-26T15:13:19.190+0700] {logging_mixin.py:149} INFO - [2023-05-26T15:13:19.190+0700] {dag.py:3486} INFO - Setting next_dagrun for dataset_produces_2 to None, run_after=None
[2023-05-26T15:13:19.204+0700] {processor.py:179} INFO - Processing /Users/kany/project-local/data-home/tranning-Airflow/venv/lib/python3.11/site-packages/airflow/example_dags/example_datasets.py took 1.065 seconds
[2023-05-26T15:16:08.937+0700] {processor.py:157} INFO - Started process (PID=51332) to work on /Users/kany/project-local/data-home/tranning-Airflow/venv/lib/python3.11/site-packages/airflow/example_dags/example_datasets.py
[2023-05-26T15:16:08.938+0700] {processor.py:826} INFO - Processing file /Users/kany/project-local/data-home/tranning-Airflow/venv/lib/python3.11/site-packages/airflow/example_dags/example_datasets.py for tasks to queue
[2023-05-26T15:16:08.938+0700] {logging_mixin.py:149} INFO - [2023-05-26T15:16:08.938+0700] {dagbag.py:541} INFO - Filling up the DagBag from /Users/kany/project-local/data-home/tranning-Airflow/venv/lib/python3.11/site-packages/airflow/example_dags/example_datasets.py
[2023-05-26T15:16:08.953+0700] {processor.py:836} INFO - DAG(s) dict_keys(['dataset_consumes_1_and_2', 'dataset_consumes_1', 'dataset_produces_1', 'dataset_produces_2', 'dataset_consumes_unknown_never_scheduled', 'dataset_consumes_1_never_scheduled']) retrieved from /Users/kany/project-local/data-home/tranning-Airflow/venv/lib/python3.11/site-packages/airflow/example_dags/example_datasets.py
[2023-05-26T15:16:09.424+0700] {logging_mixin.py:149} INFO - [2023-05-26T15:16:09.424+0700] {dag.py:2726} INFO - Sync 6 DAGs
[2023-05-26T15:16:09.429+0700] {logging_mixin.py:149} INFO - [2023-05-26T15:16:09.429+0700] {dag.py:3486} INFO - Setting next_dagrun for dataset_consumes_1 to None, run_after=None
[2023-05-26T15:16:09.430+0700] {logging_mixin.py:149} INFO - [2023-05-26T15:16:09.430+0700] {dag.py:3486} INFO - Setting next_dagrun for dataset_consumes_1_and_2 to None, run_after=None
[2023-05-26T15:16:09.430+0700] {logging_mixin.py:149} INFO - [2023-05-26T15:16:09.430+0700] {dag.py:3486} INFO - Setting next_dagrun for dataset_consumes_1_never_scheduled to None, run_after=None
[2023-05-26T15:16:09.430+0700] {logging_mixin.py:149} INFO - [2023-05-26T15:16:09.430+0700] {dag.py:3486} INFO - Setting next_dagrun for dataset_consumes_unknown_never_scheduled to None, run_after=None
[2023-05-26T15:16:09.431+0700] {logging_mixin.py:149} INFO - [2023-05-26T15:16:09.431+0700] {dag.py:3486} INFO - Setting next_dagrun for dataset_produces_1 to 2023-05-25T00:00:00+00:00, run_after=2023-05-26T00:00:00+00:00
[2023-05-26T15:16:09.431+0700] {logging_mixin.py:149} INFO - [2023-05-26T15:16:09.431+0700] {dag.py:3486} INFO - Setting next_dagrun for dataset_produces_2 to None, run_after=None
[2023-05-26T15:16:09.441+0700] {processor.py:179} INFO - Processing /Users/kany/project-local/data-home/tranning-Airflow/venv/lib/python3.11/site-packages/airflow/example_dags/example_datasets.py took 0.504 seconds
[2023-05-26T15:18:39.054+0700] {processor.py:157} INFO - Started process (PID=51486) to work on /Users/kany/project-local/data-home/tranning-Airflow/venv/lib/python3.11/site-packages/airflow/example_dags/example_datasets.py
[2023-05-26T15:18:39.055+0700] {processor.py:826} INFO - Processing file /Users/kany/project-local/data-home/tranning-Airflow/venv/lib/python3.11/site-packages/airflow/example_dags/example_datasets.py for tasks to queue
[2023-05-26T15:18:39.056+0700] {logging_mixin.py:149} INFO - [2023-05-26T15:18:39.056+0700] {dagbag.py:541} INFO - Filling up the DagBag from /Users/kany/project-local/data-home/tranning-Airflow/venv/lib/python3.11/site-packages/airflow/example_dags/example_datasets.py
[2023-05-26T15:18:39.071+0700] {processor.py:836} INFO - DAG(s) dict_keys(['dataset_produces_2', 'dataset_consumes_1_and_2', 'dataset_produces_1', 'dataset_consumes_unknown_never_scheduled', 'dataset_consumes_1_never_scheduled', 'dataset_consumes_1']) retrieved from /Users/kany/project-local/data-home/tranning-Airflow/venv/lib/python3.11/site-packages/airflow/example_dags/example_datasets.py
[2023-05-26T15:18:39.536+0700] {logging_mixin.py:149} INFO - [2023-05-26T15:18:39.536+0700] {dag.py:2726} INFO - Sync 6 DAGs
[2023-05-26T15:18:39.542+0700] {logging_mixin.py:149} INFO - [2023-05-26T15:18:39.542+0700] {dag.py:3486} INFO - Setting next_dagrun for dataset_consumes_1 to None, run_after=None
[2023-05-26T15:18:39.543+0700] {logging_mixin.py:149} INFO - [2023-05-26T15:18:39.542+0700] {dag.py:3486} INFO - Setting next_dagrun for dataset_consumes_1_and_2 to None, run_after=None
[2023-05-26T15:18:39.543+0700] {logging_mixin.py:149} INFO - [2023-05-26T15:18:39.543+0700] {dag.py:3486} INFO - Setting next_dagrun for dataset_consumes_1_never_scheduled to None, run_after=None
[2023-05-26T15:18:39.543+0700] {logging_mixin.py:149} INFO - [2023-05-26T15:18:39.543+0700] {dag.py:3486} INFO - Setting next_dagrun for dataset_consumes_unknown_never_scheduled to None, run_after=None
[2023-05-26T15:18:39.544+0700] {logging_mixin.py:149} INFO - [2023-05-26T15:18:39.544+0700] {dag.py:3486} INFO - Setting next_dagrun for dataset_produces_1 to 2023-05-25T00:00:00+00:00, run_after=2023-05-26T00:00:00+00:00
[2023-05-26T15:18:39.544+0700] {logging_mixin.py:149} INFO - [2023-05-26T15:18:39.544+0700] {dag.py:3486} INFO - Setting next_dagrun for dataset_produces_2 to None, run_after=None
[2023-05-26T15:18:39.554+0700] {processor.py:179} INFO - Processing /Users/kany/project-local/data-home/tranning-Airflow/venv/lib/python3.11/site-packages/airflow/example_dags/example_datasets.py took 0.500 seconds
[2023-05-26T15:21:02.681+0700] {processor.py:157} INFO - Started process (PID=51692) to work on /Users/kany/project-local/data-home/tranning-Airflow/venv/lib/python3.11/site-packages/airflow/example_dags/example_datasets.py
[2023-05-26T15:21:02.681+0700] {processor.py:826} INFO - Processing file /Users/kany/project-local/data-home/tranning-Airflow/venv/lib/python3.11/site-packages/airflow/example_dags/example_datasets.py for tasks to queue
[2023-05-26T15:21:02.681+0700] {logging_mixin.py:149} INFO - [2023-05-26T15:21:02.681+0700] {dagbag.py:541} INFO - Filling up the DagBag from /Users/kany/project-local/data-home/tranning-Airflow/venv/lib/python3.11/site-packages/airflow/example_dags/example_datasets.py
[2023-05-26T15:21:02.700+0700] {processor.py:836} INFO - DAG(s) dict_keys(['dataset_produces_2', 'dataset_consumes_1_and_2', 'dataset_consumes_1', 'dataset_consumes_1_never_scheduled', 'dataset_consumes_unknown_never_scheduled', 'dataset_produces_1']) retrieved from /Users/kany/project-local/data-home/tranning-Airflow/venv/lib/python3.11/site-packages/airflow/example_dags/example_datasets.py
[2023-05-26T15:21:03.146+0700] {logging_mixin.py:149} INFO - [2023-05-26T15:21:03.146+0700] {dag.py:2726} INFO - Sync 6 DAGs
[2023-05-26T15:21:03.152+0700] {logging_mixin.py:149} INFO - [2023-05-26T15:21:03.152+0700] {dag.py:3486} INFO - Setting next_dagrun for dataset_consumes_1 to None, run_after=None
[2023-05-26T15:21:03.153+0700] {logging_mixin.py:149} INFO - [2023-05-26T15:21:03.152+0700] {dag.py:3486} INFO - Setting next_dagrun for dataset_consumes_1_and_2 to None, run_after=None
[2023-05-26T15:21:03.153+0700] {logging_mixin.py:149} INFO - [2023-05-26T15:21:03.153+0700] {dag.py:3486} INFO - Setting next_dagrun for dataset_consumes_1_never_scheduled to None, run_after=None
[2023-05-26T15:21:03.153+0700] {logging_mixin.py:149} INFO - [2023-05-26T15:21:03.153+0700] {dag.py:3486} INFO - Setting next_dagrun for dataset_consumes_unknown_never_scheduled to None, run_after=None
[2023-05-26T15:21:03.154+0700] {logging_mixin.py:149} INFO - [2023-05-26T15:21:03.154+0700] {dag.py:3486} INFO - Setting next_dagrun for dataset_produces_1 to 2023-05-25T00:00:00+00:00, run_after=2023-05-26T00:00:00+00:00
[2023-05-26T15:21:03.154+0700] {logging_mixin.py:149} INFO - [2023-05-26T15:21:03.154+0700] {dag.py:3486} INFO - Setting next_dagrun for dataset_produces_2 to None, run_after=None
[2023-05-26T15:21:03.164+0700] {processor.py:179} INFO - Processing /Users/kany/project-local/data-home/tranning-Airflow/venv/lib/python3.11/site-packages/airflow/example_dags/example_datasets.py took 0.483 seconds
[2023-05-26T15:23:06.670+0700] {processor.py:157} INFO - Started process (PID=51760) to work on /Users/kany/project-local/data-home/tranning-Airflow/venv/lib/python3.11/site-packages/airflow/example_dags/example_datasets.py
[2023-05-26T15:23:06.671+0700] {processor.py:826} INFO - Processing file /Users/kany/project-local/data-home/tranning-Airflow/venv/lib/python3.11/site-packages/airflow/example_dags/example_datasets.py for tasks to queue
[2023-05-26T15:23:06.671+0700] {logging_mixin.py:149} INFO - [2023-05-26T15:23:06.671+0700] {dagbag.py:541} INFO - Filling up the DagBag from /Users/kany/project-local/data-home/tranning-Airflow/venv/lib/python3.11/site-packages/airflow/example_dags/example_datasets.py
[2023-05-26T15:23:06.686+0700] {processor.py:836} INFO - DAG(s) dict_keys(['dataset_consumes_1_never_scheduled', 'dataset_produces_2', 'dataset_consumes_1', 'dataset_consumes_1_and_2', 'dataset_produces_1', 'dataset_consumes_unknown_never_scheduled']) retrieved from /Users/kany/project-local/data-home/tranning-Airflow/venv/lib/python3.11/site-packages/airflow/example_dags/example_datasets.py
[2023-05-26T15:23:07.141+0700] {logging_mixin.py:149} INFO - [2023-05-26T15:23:07.141+0700] {dag.py:2726} INFO - Sync 6 DAGs
[2023-05-26T15:23:07.147+0700] {logging_mixin.py:149} INFO - [2023-05-26T15:23:07.147+0700] {dag.py:3486} INFO - Setting next_dagrun for dataset_consumes_1 to None, run_after=None
[2023-05-26T15:23:07.147+0700] {logging_mixin.py:149} INFO - [2023-05-26T15:23:07.147+0700] {dag.py:3486} INFO - Setting next_dagrun for dataset_consumes_1_and_2 to None, run_after=None
[2023-05-26T15:23:07.148+0700] {logging_mixin.py:149} INFO - [2023-05-26T15:23:07.147+0700] {dag.py:3486} INFO - Setting next_dagrun for dataset_consumes_1_never_scheduled to None, run_after=None
[2023-05-26T15:23:07.148+0700] {logging_mixin.py:149} INFO - [2023-05-26T15:23:07.148+0700] {dag.py:3486} INFO - Setting next_dagrun for dataset_consumes_unknown_never_scheduled to None, run_after=None
[2023-05-26T15:23:07.149+0700] {logging_mixin.py:149} INFO - [2023-05-26T15:23:07.149+0700] {dag.py:3486} INFO - Setting next_dagrun for dataset_produces_1 to 2023-05-25T00:00:00+00:00, run_after=2023-05-26T00:00:00+00:00
[2023-05-26T15:23:07.149+0700] {logging_mixin.py:149} INFO - [2023-05-26T15:23:07.149+0700] {dag.py:3486} INFO - Setting next_dagrun for dataset_produces_2 to None, run_after=None
[2023-05-26T15:23:07.159+0700] {processor.py:179} INFO - Processing /Users/kany/project-local/data-home/tranning-Airflow/venv/lib/python3.11/site-packages/airflow/example_dags/example_datasets.py took 0.489 seconds
[2023-05-26T15:25:13.498+0700] {processor.py:157} INFO - Started process (PID=51863) to work on /Users/kany/project-local/data-home/tranning-Airflow/venv/lib/python3.11/site-packages/airflow/example_dags/example_datasets.py
[2023-05-26T15:25:13.498+0700] {processor.py:826} INFO - Processing file /Users/kany/project-local/data-home/tranning-Airflow/venv/lib/python3.11/site-packages/airflow/example_dags/example_datasets.py for tasks to queue
[2023-05-26T15:25:13.499+0700] {logging_mixin.py:149} INFO - [2023-05-26T15:25:13.498+0700] {dagbag.py:541} INFO - Filling up the DagBag from /Users/kany/project-local/data-home/tranning-Airflow/venv/lib/python3.11/site-packages/airflow/example_dags/example_datasets.py
[2023-05-26T15:25:13.514+0700] {processor.py:836} INFO - DAG(s) dict_keys(['dataset_consumes_1_never_scheduled', 'dataset_produces_2', 'dataset_consumes_1', 'dataset_produces_1', 'dataset_consumes_unknown_never_scheduled', 'dataset_consumes_1_and_2']) retrieved from /Users/kany/project-local/data-home/tranning-Airflow/venv/lib/python3.11/site-packages/airflow/example_dags/example_datasets.py
[2023-05-26T15:25:14.008+0700] {logging_mixin.py:149} INFO - [2023-05-26T15:25:14.008+0700] {dag.py:2726} INFO - Sync 6 DAGs
[2023-05-26T15:25:14.014+0700] {logging_mixin.py:149} INFO - [2023-05-26T15:25:14.014+0700] {dag.py:3486} INFO - Setting next_dagrun for dataset_consumes_1 to None, run_after=None
[2023-05-26T15:25:14.015+0700] {logging_mixin.py:149} INFO - [2023-05-26T15:25:14.015+0700] {dag.py:3486} INFO - Setting next_dagrun for dataset_consumes_1_and_2 to None, run_after=None
[2023-05-26T15:25:14.015+0700] {logging_mixin.py:149} INFO - [2023-05-26T15:25:14.015+0700] {dag.py:3486} INFO - Setting next_dagrun for dataset_consumes_1_never_scheduled to None, run_after=None
[2023-05-26T15:25:14.016+0700] {logging_mixin.py:149} INFO - [2023-05-26T15:25:14.016+0700] {dag.py:3486} INFO - Setting next_dagrun for dataset_consumes_unknown_never_scheduled to None, run_after=None
[2023-05-26T15:25:14.018+0700] {logging_mixin.py:149} INFO - [2023-05-26T15:25:14.018+0700] {dag.py:3486} INFO - Setting next_dagrun for dataset_produces_1 to 2023-05-25T00:00:00+00:00, run_after=2023-05-26T00:00:00+00:00
[2023-05-26T15:25:14.019+0700] {logging_mixin.py:149} INFO - [2023-05-26T15:25:14.019+0700] {dag.py:3486} INFO - Setting next_dagrun for dataset_produces_2 to None, run_after=None
[2023-05-26T15:25:14.034+0700] {processor.py:179} INFO - Processing /Users/kany/project-local/data-home/tranning-Airflow/venv/lib/python3.11/site-packages/airflow/example_dags/example_datasets.py took 0.537 seconds
[2023-05-26T15:27:20.203+0700] {processor.py:157} INFO - Started process (PID=52096) to work on /Users/kany/project-local/data-home/tranning-Airflow/venv/lib/python3.11/site-packages/airflow/example_dags/example_datasets.py
[2023-05-26T15:27:20.205+0700] {processor.py:826} INFO - Processing file /Users/kany/project-local/data-home/tranning-Airflow/venv/lib/python3.11/site-packages/airflow/example_dags/example_datasets.py for tasks to queue
[2023-05-26T15:27:20.205+0700] {logging_mixin.py:149} INFO - [2023-05-26T15:27:20.205+0700] {dagbag.py:541} INFO - Filling up the DagBag from /Users/kany/project-local/data-home/tranning-Airflow/venv/lib/python3.11/site-packages/airflow/example_dags/example_datasets.py
[2023-05-26T15:27:20.224+0700] {processor.py:836} INFO - DAG(s) dict_keys(['dataset_consumes_1', 'dataset_consumes_1_and_2', 'dataset_produces_2', 'dataset_consumes_unknown_never_scheduled', 'dataset_produces_1', 'dataset_consumes_1_never_scheduled']) retrieved from /Users/kany/project-local/data-home/tranning-Airflow/venv/lib/python3.11/site-packages/airflow/example_dags/example_datasets.py
[2023-05-26T15:27:20.769+0700] {logging_mixin.py:149} INFO - [2023-05-26T15:27:20.769+0700] {dag.py:2726} INFO - Sync 6 DAGs
[2023-05-26T15:27:20.775+0700] {logging_mixin.py:149} INFO - [2023-05-26T15:27:20.775+0700] {dag.py:3486} INFO - Setting next_dagrun for dataset_consumes_1 to None, run_after=None
[2023-05-26T15:27:20.776+0700] {logging_mixin.py:149} INFO - [2023-05-26T15:27:20.775+0700] {dag.py:3486} INFO - Setting next_dagrun for dataset_consumes_1_and_2 to None, run_after=None
[2023-05-26T15:27:20.776+0700] {logging_mixin.py:149} INFO - [2023-05-26T15:27:20.776+0700] {dag.py:3486} INFO - Setting next_dagrun for dataset_consumes_1_never_scheduled to None, run_after=None
[2023-05-26T15:27:20.776+0700] {logging_mixin.py:149} INFO - [2023-05-26T15:27:20.776+0700] {dag.py:3486} INFO - Setting next_dagrun for dataset_consumes_unknown_never_scheduled to None, run_after=None
[2023-05-26T15:27:20.777+0700] {logging_mixin.py:149} INFO - [2023-05-26T15:27:20.777+0700] {dag.py:3486} INFO - Setting next_dagrun for dataset_produces_1 to 2023-05-25T00:00:00+00:00, run_after=2023-05-26T00:00:00+00:00
[2023-05-26T15:27:20.777+0700] {logging_mixin.py:149} INFO - [2023-05-26T15:27:20.777+0700] {dag.py:3486} INFO - Setting next_dagrun for dataset_produces_2 to None, run_after=None
[2023-05-26T15:27:20.788+0700] {processor.py:179} INFO - Processing /Users/kany/project-local/data-home/tranning-Airflow/venv/lib/python3.11/site-packages/airflow/example_dags/example_datasets.py took 0.585 seconds
[2023-05-26T15:29:32.437+0700] {processor.py:157} INFO - Started process (PID=52347) to work on /Users/kany/project-local/data-home/tranning-Airflow/venv/lib/python3.11/site-packages/airflow/example_dags/example_datasets.py
[2023-05-26T15:29:32.438+0700] {processor.py:826} INFO - Processing file /Users/kany/project-local/data-home/tranning-Airflow/venv/lib/python3.11/site-packages/airflow/example_dags/example_datasets.py for tasks to queue
[2023-05-26T15:29:32.438+0700] {logging_mixin.py:149} INFO - [2023-05-26T15:29:32.438+0700] {dagbag.py:541} INFO - Filling up the DagBag from /Users/kany/project-local/data-home/tranning-Airflow/venv/lib/python3.11/site-packages/airflow/example_dags/example_datasets.py
[2023-05-26T15:29:32.454+0700] {processor.py:836} INFO - DAG(s) dict_keys(['dataset_produces_2', 'dataset_consumes_1', 'dataset_consumes_unknown_never_scheduled', 'dataset_consumes_1_and_2', 'dataset_consumes_1_never_scheduled', 'dataset_produces_1']) retrieved from /Users/kany/project-local/data-home/tranning-Airflow/venv/lib/python3.11/site-packages/airflow/example_dags/example_datasets.py
[2023-05-26T15:29:32.986+0700] {logging_mixin.py:149} INFO - [2023-05-26T15:29:32.986+0700] {dag.py:2726} INFO - Sync 6 DAGs
[2023-05-26T15:29:32.992+0700] {logging_mixin.py:149} INFO - [2023-05-26T15:29:32.992+0700] {dag.py:3486} INFO - Setting next_dagrun for dataset_consumes_1 to None, run_after=None
[2023-05-26T15:29:32.992+0700] {logging_mixin.py:149} INFO - [2023-05-26T15:29:32.992+0700] {dag.py:3486} INFO - Setting next_dagrun for dataset_consumes_1_and_2 to None, run_after=None
[2023-05-26T15:29:32.993+0700] {logging_mixin.py:149} INFO - [2023-05-26T15:29:32.993+0700] {dag.py:3486} INFO - Setting next_dagrun for dataset_consumes_1_never_scheduled to None, run_after=None
[2023-05-26T15:29:32.993+0700] {logging_mixin.py:149} INFO - [2023-05-26T15:29:32.993+0700] {dag.py:3486} INFO - Setting next_dagrun for dataset_consumes_unknown_never_scheduled to None, run_after=None
[2023-05-26T15:29:32.994+0700] {logging_mixin.py:149} INFO - [2023-05-26T15:29:32.994+0700] {dag.py:3486} INFO - Setting next_dagrun for dataset_produces_1 to 2023-05-25T00:00:00+00:00, run_after=2023-05-26T00:00:00+00:00
[2023-05-26T15:29:32.994+0700] {logging_mixin.py:149} INFO - [2023-05-26T15:29:32.994+0700] {dag.py:3486} INFO - Setting next_dagrun for dataset_produces_2 to None, run_after=None
[2023-05-26T15:29:33.005+0700] {processor.py:179} INFO - Processing /Users/kany/project-local/data-home/tranning-Airflow/venv/lib/python3.11/site-packages/airflow/example_dags/example_datasets.py took 0.568 seconds
[2023-05-26T15:31:46.303+0700] {processor.py:157} INFO - Started process (PID=52458) to work on /Users/kany/project-local/data-home/tranning-Airflow/venv/lib/python3.11/site-packages/airflow/example_dags/example_datasets.py
[2023-05-26T15:31:46.304+0700] {processor.py:826} INFO - Processing file /Users/kany/project-local/data-home/tranning-Airflow/venv/lib/python3.11/site-packages/airflow/example_dags/example_datasets.py for tasks to queue
[2023-05-26T15:31:46.304+0700] {logging_mixin.py:149} INFO - [2023-05-26T15:31:46.304+0700] {dagbag.py:541} INFO - Filling up the DagBag from /Users/kany/project-local/data-home/tranning-Airflow/venv/lib/python3.11/site-packages/airflow/example_dags/example_datasets.py
[2023-05-26T15:31:46.326+0700] {processor.py:836} INFO - DAG(s) dict_keys(['dataset_consumes_1_never_scheduled', 'dataset_consumes_unknown_never_scheduled', 'dataset_consumes_1', 'dataset_produces_1', 'dataset_consumes_1_and_2', 'dataset_produces_2']) retrieved from /Users/kany/project-local/data-home/tranning-Airflow/venv/lib/python3.11/site-packages/airflow/example_dags/example_datasets.py
[2023-05-26T15:31:46.849+0700] {logging_mixin.py:149} INFO - [2023-05-26T15:31:46.848+0700] {dag.py:2726} INFO - Sync 6 DAGs
[2023-05-26T15:31:46.854+0700] {logging_mixin.py:149} INFO - [2023-05-26T15:31:46.854+0700] {dag.py:3486} INFO - Setting next_dagrun for dataset_consumes_1 to None, run_after=None
[2023-05-26T15:31:46.855+0700] {logging_mixin.py:149} INFO - [2023-05-26T15:31:46.855+0700] {dag.py:3486} INFO - Setting next_dagrun for dataset_consumes_1_and_2 to None, run_after=None
[2023-05-26T15:31:46.855+0700] {logging_mixin.py:149} INFO - [2023-05-26T15:31:46.855+0700] {dag.py:3486} INFO - Setting next_dagrun for dataset_consumes_1_never_scheduled to None, run_after=None
[2023-05-26T15:31:46.855+0700] {logging_mixin.py:149} INFO - [2023-05-26T15:31:46.855+0700] {dag.py:3486} INFO - Setting next_dagrun for dataset_consumes_unknown_never_scheduled to None, run_after=None
[2023-05-26T15:31:46.856+0700] {logging_mixin.py:149} INFO - [2023-05-26T15:31:46.856+0700] {dag.py:3486} INFO - Setting next_dagrun for dataset_produces_1 to 2023-05-25T00:00:00+00:00, run_after=2023-05-26T00:00:00+00:00
[2023-05-26T15:31:46.856+0700] {logging_mixin.py:149} INFO - [2023-05-26T15:31:46.856+0700] {dag.py:3486} INFO - Setting next_dagrun for dataset_produces_2 to None, run_after=None
[2023-05-26T15:31:46.866+0700] {processor.py:179} INFO - Processing /Users/kany/project-local/data-home/tranning-Airflow/venv/lib/python3.11/site-packages/airflow/example_dags/example_datasets.py took 0.564 seconds
