[2023-05-26T15:13:37.306+0700] {processor.py:157} INFO - Started process (PID=51194) to work on /Users/kany/project-local/data-home/tranning-Airflow/venv/lib/python3.11/site-packages/airflow/example_dags/example_branch_labels.py
[2023-05-26T15:13:37.306+0700] {processor.py:826} INFO - Processing file /Users/kany/project-local/data-home/tranning-Airflow/venv/lib/python3.11/site-packages/airflow/example_dags/example_branch_labels.py for tasks to queue
[2023-05-26T15:13:37.307+0700] {logging_mixin.py:149} INFO - [2023-05-26T15:13:37.307+0700] {dagbag.py:541} INFO - Filling up the DagBag from /Users/kany/project-local/data-home/tranning-Airflow/venv/lib/python3.11/site-packages/airflow/example_dags/example_branch_labels.py
[2023-05-26T15:13:37.330+0700] {processor.py:836} INFO - DAG(s) dict_keys(['example_branch_labels']) retrieved from /Users/kany/project-local/data-home/tranning-Airflow/venv/lib/python3.11/site-packages/airflow/example_dags/example_branch_labels.py
[2023-05-26T15:13:38.167+0700] {logging_mixin.py:149} INFO - [2023-05-26T15:13:38.167+0700] {manager.py:504} INFO - Created Permission View: can read on DAG:example_branch_labels
[2023-05-26T15:13:38.172+0700] {logging_mixin.py:149} INFO - [2023-05-26T15:13:38.172+0700] {manager.py:504} INFO - Created Permission View: can delete on DAG:example_branch_labels
[2023-05-26T15:13:38.177+0700] {logging_mixin.py:149} INFO - [2023-05-26T15:13:38.177+0700] {manager.py:504} INFO - Created Permission View: can edit on DAG:example_branch_labels
[2023-05-26T15:13:38.177+0700] {logging_mixin.py:149} INFO - [2023-05-26T15:13:38.177+0700] {dag.py:2726} INFO - Sync 1 DAGs
[2023-05-26T15:13:38.207+0700] {logging_mixin.py:149} INFO - [2023-05-26T15:13:38.207+0700] {dag.py:2747} INFO - Creating ORM DAG for example_branch_labels
[2023-05-26T15:13:38.210+0700] {logging_mixin.py:149} INFO - [2023-05-26T15:13:38.210+0700] {dag.py:3486} INFO - Setting next_dagrun for example_branch_labels to 2023-05-25T00:00:00+00:00, run_after=2023-05-26T00:00:00+00:00
[2023-05-26T15:13:38.221+0700] {processor.py:179} INFO - Processing /Users/kany/project-local/data-home/tranning-Airflow/venv/lib/python3.11/site-packages/airflow/example_dags/example_branch_labels.py took 0.916 seconds
[2023-05-26T15:16:21.558+0700] {processor.py:157} INFO - Started process (PID=51349) to work on /Users/kany/project-local/data-home/tranning-Airflow/venv/lib/python3.11/site-packages/airflow/example_dags/example_branch_labels.py
[2023-05-26T15:16:21.559+0700] {processor.py:826} INFO - Processing file /Users/kany/project-local/data-home/tranning-Airflow/venv/lib/python3.11/site-packages/airflow/example_dags/example_branch_labels.py for tasks to queue
[2023-05-26T15:16:21.559+0700] {logging_mixin.py:149} INFO - [2023-05-26T15:16:21.559+0700] {dagbag.py:541} INFO - Filling up the DagBag from /Users/kany/project-local/data-home/tranning-Airflow/venv/lib/python3.11/site-packages/airflow/example_dags/example_branch_labels.py
[2023-05-26T15:16:21.573+0700] {processor.py:836} INFO - DAG(s) dict_keys(['example_branch_labels']) retrieved from /Users/kany/project-local/data-home/tranning-Airflow/venv/lib/python3.11/site-packages/airflow/example_dags/example_branch_labels.py
[2023-05-26T15:16:22.072+0700] {logging_mixin.py:149} INFO - [2023-05-26T15:16:22.071+0700] {dag.py:2726} INFO - Sync 1 DAGs
[2023-05-26T15:16:22.078+0700] {logging_mixin.py:149} INFO - [2023-05-26T15:16:22.078+0700] {dag.py:3486} INFO - Setting next_dagrun for example_branch_labels to 2023-05-25T00:00:00+00:00, run_after=2023-05-26T00:00:00+00:00
[2023-05-26T15:16:22.085+0700] {processor.py:179} INFO - Processing /Users/kany/project-local/data-home/tranning-Airflow/venv/lib/python3.11/site-packages/airflow/example_dags/example_branch_labels.py took 0.527 seconds
[2023-05-26T15:18:52.577+0700] {processor.py:157} INFO - Started process (PID=51510) to work on /Users/kany/project-local/data-home/tranning-Airflow/venv/lib/python3.11/site-packages/airflow/example_dags/example_branch_labels.py
[2023-05-26T15:18:52.579+0700] {processor.py:826} INFO - Processing file /Users/kany/project-local/data-home/tranning-Airflow/venv/lib/python3.11/site-packages/airflow/example_dags/example_branch_labels.py for tasks to queue
[2023-05-26T15:18:52.579+0700] {logging_mixin.py:149} INFO - [2023-05-26T15:18:52.579+0700] {dagbag.py:541} INFO - Filling up the DagBag from /Users/kany/project-local/data-home/tranning-Airflow/venv/lib/python3.11/site-packages/airflow/example_dags/example_branch_labels.py
[2023-05-26T15:18:52.590+0700] {processor.py:836} INFO - DAG(s) dict_keys(['example_branch_labels']) retrieved from /Users/kany/project-local/data-home/tranning-Airflow/venv/lib/python3.11/site-packages/airflow/example_dags/example_branch_labels.py
[2023-05-26T15:18:53.034+0700] {logging_mixin.py:149} INFO - [2023-05-26T15:18:53.034+0700] {dag.py:2726} INFO - Sync 1 DAGs
[2023-05-26T15:18:53.043+0700] {logging_mixin.py:149} INFO - [2023-05-26T15:18:53.043+0700] {dag.py:3486} INFO - Setting next_dagrun for example_branch_labels to 2023-05-25T00:00:00+00:00, run_after=2023-05-26T00:00:00+00:00
[2023-05-26T15:18:53.054+0700] {processor.py:179} INFO - Processing /Users/kany/project-local/data-home/tranning-Airflow/venv/lib/python3.11/site-packages/airflow/example_dags/example_branch_labels.py took 0.477 seconds
[2023-05-26T15:21:15.038+0700] {processor.py:157} INFO - Started process (PID=51698) to work on /Users/kany/project-local/data-home/tranning-Airflow/venv/lib/python3.11/site-packages/airflow/example_dags/example_branch_labels.py
[2023-05-26T15:21:15.039+0700] {processor.py:826} INFO - Processing file /Users/kany/project-local/data-home/tranning-Airflow/venv/lib/python3.11/site-packages/airflow/example_dags/example_branch_labels.py for tasks to queue
[2023-05-26T15:21:15.039+0700] {logging_mixin.py:149} INFO - [2023-05-26T15:21:15.039+0700] {dagbag.py:541} INFO - Filling up the DagBag from /Users/kany/project-local/data-home/tranning-Airflow/venv/lib/python3.11/site-packages/airflow/example_dags/example_branch_labels.py
[2023-05-26T15:21:15.057+0700] {processor.py:836} INFO - DAG(s) dict_keys(['example_branch_labels']) retrieved from /Users/kany/project-local/data-home/tranning-Airflow/venv/lib/python3.11/site-packages/airflow/example_dags/example_branch_labels.py
[2023-05-26T15:21:15.464+0700] {logging_mixin.py:149} INFO - [2023-05-26T15:21:15.464+0700] {dag.py:2726} INFO - Sync 1 DAGs
[2023-05-26T15:21:15.470+0700] {logging_mixin.py:149} INFO - [2023-05-26T15:21:15.470+0700] {dag.py:3486} INFO - Setting next_dagrun for example_branch_labels to 2023-05-25T00:00:00+00:00, run_after=2023-05-26T00:00:00+00:00
[2023-05-26T15:21:15.477+0700] {processor.py:179} INFO - Processing /Users/kany/project-local/data-home/tranning-Airflow/venv/lib/python3.11/site-packages/airflow/example_dags/example_branch_labels.py took 0.440 seconds
[2023-05-26T15:23:19.018+0700] {processor.py:157} INFO - Started process (PID=51766) to work on /Users/kany/project-local/data-home/tranning-Airflow/venv/lib/python3.11/site-packages/airflow/example_dags/example_branch_labels.py
[2023-05-26T15:23:19.018+0700] {processor.py:826} INFO - Processing file /Users/kany/project-local/data-home/tranning-Airflow/venv/lib/python3.11/site-packages/airflow/example_dags/example_branch_labels.py for tasks to queue
[2023-05-26T15:23:19.018+0700] {logging_mixin.py:149} INFO - [2023-05-26T15:23:19.018+0700] {dagbag.py:541} INFO - Filling up the DagBag from /Users/kany/project-local/data-home/tranning-Airflow/venv/lib/python3.11/site-packages/airflow/example_dags/example_branch_labels.py
[2023-05-26T15:23:19.033+0700] {processor.py:836} INFO - DAG(s) dict_keys(['example_branch_labels']) retrieved from /Users/kany/project-local/data-home/tranning-Airflow/venv/lib/python3.11/site-packages/airflow/example_dags/example_branch_labels.py
[2023-05-26T15:23:19.462+0700] {logging_mixin.py:149} INFO - [2023-05-26T15:23:19.462+0700] {dag.py:2726} INFO - Sync 1 DAGs
[2023-05-26T15:23:19.468+0700] {logging_mixin.py:149} INFO - [2023-05-26T15:23:19.468+0700] {dag.py:3486} INFO - Setting next_dagrun for example_branch_labels to 2023-05-25T00:00:00+00:00, run_after=2023-05-26T00:00:00+00:00
[2023-05-26T15:23:19.475+0700] {processor.py:179} INFO - Processing /Users/kany/project-local/data-home/tranning-Airflow/venv/lib/python3.11/site-packages/airflow/example_dags/example_branch_labels.py took 0.457 seconds
[2023-05-26T15:25:26.124+0700] {processor.py:157} INFO - Started process (PID=51873) to work on /Users/kany/project-local/data-home/tranning-Airflow/venv/lib/python3.11/site-packages/airflow/example_dags/example_branch_labels.py
[2023-05-26T15:25:26.126+0700] {processor.py:826} INFO - Processing file /Users/kany/project-local/data-home/tranning-Airflow/venv/lib/python3.11/site-packages/airflow/example_dags/example_branch_labels.py for tasks to queue
[2023-05-26T15:25:26.126+0700] {logging_mixin.py:149} INFO - [2023-05-26T15:25:26.126+0700] {dagbag.py:541} INFO - Filling up the DagBag from /Users/kany/project-local/data-home/tranning-Airflow/venv/lib/python3.11/site-packages/airflow/example_dags/example_branch_labels.py
[2023-05-26T15:25:26.140+0700] {processor.py:836} INFO - DAG(s) dict_keys(['example_branch_labels']) retrieved from /Users/kany/project-local/data-home/tranning-Airflow/venv/lib/python3.11/site-packages/airflow/example_dags/example_branch_labels.py
[2023-05-26T15:25:26.591+0700] {logging_mixin.py:149} INFO - [2023-05-26T15:25:26.591+0700] {dag.py:2726} INFO - Sync 1 DAGs
[2023-05-26T15:25:26.598+0700] {logging_mixin.py:149} INFO - [2023-05-26T15:25:26.598+0700] {dag.py:3486} INFO - Setting next_dagrun for example_branch_labels to 2023-05-25T00:00:00+00:00, run_after=2023-05-26T00:00:00+00:00
[2023-05-26T15:25:26.605+0700] {processor.py:179} INFO - Processing /Users/kany/project-local/data-home/tranning-Airflow/venv/lib/python3.11/site-packages/airflow/example_dags/example_branch_labels.py took 0.480 seconds
[2023-05-26T15:27:33.457+0700] {processor.py:157} INFO - Started process (PID=52117) to work on /Users/kany/project-local/data-home/tranning-Airflow/venv/lib/python3.11/site-packages/airflow/example_dags/example_branch_labels.py
[2023-05-26T15:27:33.457+0700] {processor.py:826} INFO - Processing file /Users/kany/project-local/data-home/tranning-Airflow/venv/lib/python3.11/site-packages/airflow/example_dags/example_branch_labels.py for tasks to queue
[2023-05-26T15:27:33.458+0700] {logging_mixin.py:149} INFO - [2023-05-26T15:27:33.457+0700] {dagbag.py:541} INFO - Filling up the DagBag from /Users/kany/project-local/data-home/tranning-Airflow/venv/lib/python3.11/site-packages/airflow/example_dags/example_branch_labels.py
[2023-05-26T15:27:33.472+0700] {processor.py:836} INFO - DAG(s) dict_keys(['example_branch_labels']) retrieved from /Users/kany/project-local/data-home/tranning-Airflow/venv/lib/python3.11/site-packages/airflow/example_dags/example_branch_labels.py
[2023-05-26T15:27:33.995+0700] {logging_mixin.py:149} INFO - [2023-05-26T15:27:33.995+0700] {dag.py:2726} INFO - Sync 1 DAGs
[2023-05-26T15:27:34.003+0700] {logging_mixin.py:149} INFO - [2023-05-26T15:27:34.003+0700] {dag.py:3486} INFO - Setting next_dagrun for example_branch_labels to 2023-05-25T00:00:00+00:00, run_after=2023-05-26T00:00:00+00:00
[2023-05-26T15:27:34.010+0700] {processor.py:179} INFO - Processing /Users/kany/project-local/data-home/tranning-Airflow/venv/lib/python3.11/site-packages/airflow/example_dags/example_branch_labels.py took 0.554 seconds
[2023-05-26T15:29:46.261+0700] {processor.py:157} INFO - Started process (PID=52359) to work on /Users/kany/project-local/data-home/tranning-Airflow/venv/lib/python3.11/site-packages/airflow/example_dags/example_branch_labels.py
[2023-05-26T15:29:46.263+0700] {processor.py:826} INFO - Processing file /Users/kany/project-local/data-home/tranning-Airflow/venv/lib/python3.11/site-packages/airflow/example_dags/example_branch_labels.py for tasks to queue
[2023-05-26T15:29:46.263+0700] {logging_mixin.py:149} INFO - [2023-05-26T15:29:46.263+0700] {dagbag.py:541} INFO - Filling up the DagBag from /Users/kany/project-local/data-home/tranning-Airflow/venv/lib/python3.11/site-packages/airflow/example_dags/example_branch_labels.py
[2023-05-26T15:29:46.278+0700] {processor.py:836} INFO - DAG(s) dict_keys(['example_branch_labels']) retrieved from /Users/kany/project-local/data-home/tranning-Airflow/venv/lib/python3.11/site-packages/airflow/example_dags/example_branch_labels.py
[2023-05-26T15:29:46.739+0700] {logging_mixin.py:149} INFO - [2023-05-26T15:29:46.739+0700] {dag.py:2726} INFO - Sync 1 DAGs
[2023-05-26T15:29:46.746+0700] {logging_mixin.py:149} INFO - [2023-05-26T15:29:46.746+0700] {dag.py:3486} INFO - Setting next_dagrun for example_branch_labels to 2023-05-25T00:00:00+00:00, run_after=2023-05-26T00:00:00+00:00
[2023-05-26T15:29:46.753+0700] {processor.py:179} INFO - Processing /Users/kany/project-local/data-home/tranning-Airflow/venv/lib/python3.11/site-packages/airflow/example_dags/example_branch_labels.py took 0.492 seconds
[2023-05-26T15:31:58.803+0700] {processor.py:157} INFO - Started process (PID=52466) to work on /Users/kany/project-local/data-home/tranning-Airflow/venv/lib/python3.11/site-packages/airflow/example_dags/example_branch_labels.py
[2023-05-26T15:31:58.804+0700] {processor.py:826} INFO - Processing file /Users/kany/project-local/data-home/tranning-Airflow/venv/lib/python3.11/site-packages/airflow/example_dags/example_branch_labels.py for tasks to queue
[2023-05-26T15:31:58.804+0700] {logging_mixin.py:149} INFO - [2023-05-26T15:31:58.804+0700] {dagbag.py:541} INFO - Filling up the DagBag from /Users/kany/project-local/data-home/tranning-Airflow/venv/lib/python3.11/site-packages/airflow/example_dags/example_branch_labels.py
[2023-05-26T15:31:58.820+0700] {processor.py:836} INFO - DAG(s) dict_keys(['example_branch_labels']) retrieved from /Users/kany/project-local/data-home/tranning-Airflow/venv/lib/python3.11/site-packages/airflow/example_dags/example_branch_labels.py
[2023-05-26T15:31:59.258+0700] {logging_mixin.py:149} INFO - [2023-05-26T15:31:59.258+0700] {dag.py:2726} INFO - Sync 1 DAGs
[2023-05-26T15:31:59.265+0700] {logging_mixin.py:149} INFO - [2023-05-26T15:31:59.265+0700] {dag.py:3486} INFO - Setting next_dagrun for example_branch_labels to 2023-05-25T00:00:00+00:00, run_after=2023-05-26T00:00:00+00:00
[2023-05-26T15:31:59.271+0700] {processor.py:179} INFO - Processing /Users/kany/project-local/data-home/tranning-Airflow/venv/lib/python3.11/site-packages/airflow/example_dags/example_branch_labels.py took 0.469 seconds
