[2023-05-26T15:13:21.235+0700] {processor.py:157} INFO - Started process (PID=51185) to work on /Users/kany/project-local/data-home/tranning-Airflow/venv/lib/python3.11/site-packages/airflow/example_dags/example_dag_decorator.py
[2023-05-26T15:13:21.236+0700] {processor.py:826} INFO - Processing file /Users/kany/project-local/data-home/tranning-Airflow/venv/lib/python3.11/site-packages/airflow/example_dags/example_dag_decorator.py for tasks to queue
[2023-05-26T15:13:21.236+0700] {logging_mixin.py:149} INFO - [2023-05-26T15:13:21.236+0700] {dagbag.py:541} INFO - Filling up the DagBag from /Users/kany/project-local/data-home/tranning-Airflow/venv/lib/python3.11/site-packages/airflow/example_dags/example_dag_decorator.py
[2023-05-26T15:13:21.578+0700] {logging_mixin.py:149} INFO - [2023-05-26T15:13:21.578+0700] {taskmixin.py:211} WARNING - Dependency <Task(_PythonDecoratedOperator): prepare_email>, send_email already registered for DAG: example_dag_decorator
[2023-05-26T15:13:21.578+0700] {logging_mixin.py:149} INFO - [2023-05-26T15:13:21.578+0700] {taskmixin.py:211} WARNING - Dependency <Task(EmailOperator): send_email>, prepare_email already registered for DAG: example_dag_decorator
[2023-05-26T15:13:21.617+0700] {processor.py:836} INFO - DAG(s) dict_keys(['example_dag_decorator']) retrieved from /Users/kany/project-local/data-home/tranning-Airflow/venv/lib/python3.11/site-packages/airflow/example_dags/example_dag_decorator.py
[2023-05-26T15:13:22.308+0700] {logging_mixin.py:149} INFO - [2023-05-26T15:13:22.308+0700] {manager.py:504} INFO - Created Permission View: can read on DAG:example_dag_decorator
[2023-05-26T15:13:22.313+0700] {logging_mixin.py:149} INFO - [2023-05-26T15:13:22.312+0700] {manager.py:504} INFO - Created Permission View: can delete on DAG:example_dag_decorator
[2023-05-26T15:13:22.317+0700] {logging_mixin.py:149} INFO - [2023-05-26T15:13:22.317+0700] {manager.py:504} INFO - Created Permission View: can edit on DAG:example_dag_decorator
[2023-05-26T15:13:22.317+0700] {logging_mixin.py:149} INFO - [2023-05-26T15:13:22.317+0700] {dag.py:2726} INFO - Sync 1 DAGs
[2023-05-26T15:13:22.321+0700] {logging_mixin.py:149} INFO - [2023-05-26T15:13:22.321+0700] {dag.py:2747} INFO - Creating ORM DAG for example_dag_decorator
[2023-05-26T15:13:22.324+0700] {logging_mixin.py:149} INFO - [2023-05-26T15:13:22.324+0700] {dag.py:3486} INFO - Setting next_dagrun for example_dag_decorator to None, run_after=None
[2023-05-26T15:13:22.335+0700] {processor.py:179} INFO - Processing /Users/kany/project-local/data-home/tranning-Airflow/venv/lib/python3.11/site-packages/airflow/example_dags/example_dag_decorator.py took 1.100 seconds
[2023-05-26T15:16:11.224+0700] {processor.py:157} INFO - Started process (PID=51336) to work on /Users/kany/project-local/data-home/tranning-Airflow/venv/lib/python3.11/site-packages/airflow/example_dags/example_dag_decorator.py
[2023-05-26T15:16:11.225+0700] {processor.py:826} INFO - Processing file /Users/kany/project-local/data-home/tranning-Airflow/venv/lib/python3.11/site-packages/airflow/example_dags/example_dag_decorator.py for tasks to queue
[2023-05-26T15:16:11.225+0700] {logging_mixin.py:149} INFO - [2023-05-26T15:16:11.225+0700] {dagbag.py:541} INFO - Filling up the DagBag from /Users/kany/project-local/data-home/tranning-Airflow/venv/lib/python3.11/site-packages/airflow/example_dags/example_dag_decorator.py
[2023-05-26T15:16:11.365+0700] {logging_mixin.py:149} INFO - [2023-05-26T15:16:11.365+0700] {taskmixin.py:211} WARNING - Dependency <Task(_PythonDecoratedOperator): prepare_email>, send_email already registered for DAG: example_dag_decorator
[2023-05-26T15:16:11.365+0700] {logging_mixin.py:149} INFO - [2023-05-26T15:16:11.365+0700] {taskmixin.py:211} WARNING - Dependency <Task(EmailOperator): send_email>, prepare_email already registered for DAG: example_dag_decorator
[2023-05-26T15:16:11.394+0700] {processor.py:836} INFO - DAG(s) dict_keys(['example_dag_decorator']) retrieved from /Users/kany/project-local/data-home/tranning-Airflow/venv/lib/python3.11/site-packages/airflow/example_dags/example_dag_decorator.py
[2023-05-26T15:16:11.743+0700] {logging_mixin.py:149} INFO - [2023-05-26T15:16:11.743+0700] {dag.py:2726} INFO - Sync 1 DAGs
[2023-05-26T15:16:11.773+0700] {logging_mixin.py:149} INFO - [2023-05-26T15:16:11.773+0700] {dag.py:3486} INFO - Setting next_dagrun for example_dag_decorator to None, run_after=None
[2023-05-26T15:16:11.781+0700] {processor.py:179} INFO - Processing /Users/kany/project-local/data-home/tranning-Airflow/venv/lib/python3.11/site-packages/airflow/example_dags/example_dag_decorator.py took 0.558 seconds
[2023-05-26T15:18:40.755+0700] {processor.py:157} INFO - Started process (PID=51487) to work on /Users/kany/project-local/data-home/tranning-Airflow/venv/lib/python3.11/site-packages/airflow/example_dags/example_dag_decorator.py
[2023-05-26T15:18:40.755+0700] {processor.py:826} INFO - Processing file /Users/kany/project-local/data-home/tranning-Airflow/venv/lib/python3.11/site-packages/airflow/example_dags/example_dag_decorator.py for tasks to queue
[2023-05-26T15:18:40.756+0700] {logging_mixin.py:149} INFO - [2023-05-26T15:18:40.756+0700] {dagbag.py:541} INFO - Filling up the DagBag from /Users/kany/project-local/data-home/tranning-Airflow/venv/lib/python3.11/site-packages/airflow/example_dags/example_dag_decorator.py
[2023-05-26T15:18:40.909+0700] {logging_mixin.py:149} INFO - [2023-05-26T15:18:40.909+0700] {taskmixin.py:211} WARNING - Dependency <Task(_PythonDecoratedOperator): prepare_email>, send_email already registered for DAG: example_dag_decorator
[2023-05-26T15:18:40.909+0700] {logging_mixin.py:149} INFO - [2023-05-26T15:18:40.909+0700] {taskmixin.py:211} WARNING - Dependency <Task(EmailOperator): send_email>, prepare_email already registered for DAG: example_dag_decorator
[2023-05-26T15:18:40.933+0700] {processor.py:836} INFO - DAG(s) dict_keys(['example_dag_decorator']) retrieved from /Users/kany/project-local/data-home/tranning-Airflow/venv/lib/python3.11/site-packages/airflow/example_dags/example_dag_decorator.py
[2023-05-26T15:18:41.271+0700] {logging_mixin.py:149} INFO - [2023-05-26T15:18:41.271+0700] {dag.py:2726} INFO - Sync 1 DAGs
[2023-05-26T15:18:41.307+0700] {logging_mixin.py:149} INFO - [2023-05-26T15:18:41.307+0700] {dag.py:3486} INFO - Setting next_dagrun for example_dag_decorator to None, run_after=None
[2023-05-26T15:18:41.315+0700] {processor.py:179} INFO - Processing /Users/kany/project-local/data-home/tranning-Airflow/venv/lib/python3.11/site-packages/airflow/example_dags/example_dag_decorator.py took 0.561 seconds
[2023-05-26T15:21:04.869+0700] {processor.py:157} INFO - Started process (PID=51693) to work on /Users/kany/project-local/data-home/tranning-Airflow/venv/lib/python3.11/site-packages/airflow/example_dags/example_dag_decorator.py
[2023-05-26T15:21:04.870+0700] {processor.py:826} INFO - Processing file /Users/kany/project-local/data-home/tranning-Airflow/venv/lib/python3.11/site-packages/airflow/example_dags/example_dag_decorator.py for tasks to queue
[2023-05-26T15:21:04.870+0700] {logging_mixin.py:149} INFO - [2023-05-26T15:21:04.870+0700] {dagbag.py:541} INFO - Filling up the DagBag from /Users/kany/project-local/data-home/tranning-Airflow/venv/lib/python3.11/site-packages/airflow/example_dags/example_dag_decorator.py
[2023-05-26T15:21:05.020+0700] {logging_mixin.py:149} INFO - [2023-05-26T15:21:05.020+0700] {taskmixin.py:211} WARNING - Dependency <Task(_PythonDecoratedOperator): prepare_email>, send_email already registered for DAG: example_dag_decorator
[2023-05-26T15:21:05.020+0700] {logging_mixin.py:149} INFO - [2023-05-26T15:21:05.020+0700] {taskmixin.py:211} WARNING - Dependency <Task(EmailOperator): send_email>, prepare_email already registered for DAG: example_dag_decorator
[2023-05-26T15:21:05.047+0700] {processor.py:836} INFO - DAG(s) dict_keys(['example_dag_decorator']) retrieved from /Users/kany/project-local/data-home/tranning-Airflow/venv/lib/python3.11/site-packages/airflow/example_dags/example_dag_decorator.py
[2023-05-26T15:21:05.373+0700] {logging_mixin.py:149} INFO - [2023-05-26T15:21:05.373+0700] {dag.py:2726} INFO - Sync 1 DAGs
[2023-05-26T15:21:05.409+0700] {logging_mixin.py:149} INFO - [2023-05-26T15:21:05.409+0700] {dag.py:3486} INFO - Setting next_dagrun for example_dag_decorator to None, run_after=None
[2023-05-26T15:21:05.417+0700] {processor.py:179} INFO - Processing /Users/kany/project-local/data-home/tranning-Airflow/venv/lib/python3.11/site-packages/airflow/example_dags/example_dag_decorator.py took 0.548 seconds
[2023-05-26T15:23:08.825+0700] {processor.py:157} INFO - Started process (PID=51761) to work on /Users/kany/project-local/data-home/tranning-Airflow/venv/lib/python3.11/site-packages/airflow/example_dags/example_dag_decorator.py
[2023-05-26T15:23:08.827+0700] {processor.py:826} INFO - Processing file /Users/kany/project-local/data-home/tranning-Airflow/venv/lib/python3.11/site-packages/airflow/example_dags/example_dag_decorator.py for tasks to queue
[2023-05-26T15:23:08.827+0700] {logging_mixin.py:149} INFO - [2023-05-26T15:23:08.827+0700] {dagbag.py:541} INFO - Filling up the DagBag from /Users/kany/project-local/data-home/tranning-Airflow/venv/lib/python3.11/site-packages/airflow/example_dags/example_dag_decorator.py
[2023-05-26T15:23:08.968+0700] {logging_mixin.py:149} INFO - [2023-05-26T15:23:08.968+0700] {taskmixin.py:211} WARNING - Dependency <Task(_PythonDecoratedOperator): prepare_email>, send_email already registered for DAG: example_dag_decorator
[2023-05-26T15:23:08.968+0700] {logging_mixin.py:149} INFO - [2023-05-26T15:23:08.968+0700] {taskmixin.py:211} WARNING - Dependency <Task(EmailOperator): send_email>, prepare_email already registered for DAG: example_dag_decorator
[2023-05-26T15:23:08.992+0700] {processor.py:836} INFO - DAG(s) dict_keys(['example_dag_decorator']) retrieved from /Users/kany/project-local/data-home/tranning-Airflow/venv/lib/python3.11/site-packages/airflow/example_dags/example_dag_decorator.py
[2023-05-26T15:23:09.345+0700] {logging_mixin.py:149} INFO - [2023-05-26T15:23:09.345+0700] {dag.py:2726} INFO - Sync 1 DAGs
[2023-05-26T15:23:09.375+0700] {logging_mixin.py:149} INFO - [2023-05-26T15:23:09.375+0700] {dag.py:3486} INFO - Setting next_dagrun for example_dag_decorator to None, run_after=None
[2023-05-26T15:23:09.382+0700] {processor.py:179} INFO - Processing /Users/kany/project-local/data-home/tranning-Airflow/venv/lib/python3.11/site-packages/airflow/example_dags/example_dag_decorator.py took 0.557 seconds
[2023-05-26T15:25:15.798+0700] {processor.py:157} INFO - Started process (PID=51864) to work on /Users/kany/project-local/data-home/tranning-Airflow/venv/lib/python3.11/site-packages/airflow/example_dags/example_dag_decorator.py
[2023-05-26T15:25:15.799+0700] {processor.py:826} INFO - Processing file /Users/kany/project-local/data-home/tranning-Airflow/venv/lib/python3.11/site-packages/airflow/example_dags/example_dag_decorator.py for tasks to queue
[2023-05-26T15:25:15.799+0700] {logging_mixin.py:149} INFO - [2023-05-26T15:25:15.799+0700] {dagbag.py:541} INFO - Filling up the DagBag from /Users/kany/project-local/data-home/tranning-Airflow/venv/lib/python3.11/site-packages/airflow/example_dags/example_dag_decorator.py
[2023-05-26T15:25:15.981+0700] {logging_mixin.py:149} INFO - [2023-05-26T15:25:15.981+0700] {taskmixin.py:211} WARNING - Dependency <Task(_PythonDecoratedOperator): prepare_email>, send_email already registered for DAG: example_dag_decorator
[2023-05-26T15:25:15.981+0700] {logging_mixin.py:149} INFO - [2023-05-26T15:25:15.981+0700] {taskmixin.py:211} WARNING - Dependency <Task(EmailOperator): send_email>, prepare_email already registered for DAG: example_dag_decorator
[2023-05-26T15:25:16.006+0700] {processor.py:836} INFO - DAG(s) dict_keys(['example_dag_decorator']) retrieved from /Users/kany/project-local/data-home/tranning-Airflow/venv/lib/python3.11/site-packages/airflow/example_dags/example_dag_decorator.py
[2023-05-26T15:25:16.366+0700] {logging_mixin.py:149} INFO - [2023-05-26T15:25:16.366+0700] {dag.py:2726} INFO - Sync 1 DAGs
[2023-05-26T15:25:16.401+0700] {logging_mixin.py:149} INFO - [2023-05-26T15:25:16.401+0700] {dag.py:3486} INFO - Setting next_dagrun for example_dag_decorator to None, run_after=None
[2023-05-26T15:25:16.413+0700] {processor.py:179} INFO - Processing /Users/kany/project-local/data-home/tranning-Airflow/venv/lib/python3.11/site-packages/airflow/example_dags/example_dag_decorator.py took 0.615 seconds
[2023-05-26T15:27:22.616+0700] {processor.py:157} INFO - Started process (PID=52097) to work on /Users/kany/project-local/data-home/tranning-Airflow/venv/lib/python3.11/site-packages/airflow/example_dags/example_dag_decorator.py
[2023-05-26T15:27:22.617+0700] {processor.py:826} INFO - Processing file /Users/kany/project-local/data-home/tranning-Airflow/venv/lib/python3.11/site-packages/airflow/example_dags/example_dag_decorator.py for tasks to queue
[2023-05-26T15:27:22.617+0700] {logging_mixin.py:149} INFO - [2023-05-26T15:27:22.617+0700] {dagbag.py:541} INFO - Filling up the DagBag from /Users/kany/project-local/data-home/tranning-Airflow/venv/lib/python3.11/site-packages/airflow/example_dags/example_dag_decorator.py
[2023-05-26T15:27:22.760+0700] {logging_mixin.py:149} INFO - [2023-05-26T15:27:22.760+0700] {taskmixin.py:211} WARNING - Dependency <Task(_PythonDecoratedOperator): prepare_email>, send_email already registered for DAG: example_dag_decorator
[2023-05-26T15:27:22.760+0700] {logging_mixin.py:149} INFO - [2023-05-26T15:27:22.760+0700] {taskmixin.py:211} WARNING - Dependency <Task(EmailOperator): send_email>, prepare_email already registered for DAG: example_dag_decorator
[2023-05-26T15:27:22.786+0700] {processor.py:836} INFO - DAG(s) dict_keys(['example_dag_decorator']) retrieved from /Users/kany/project-local/data-home/tranning-Airflow/venv/lib/python3.11/site-packages/airflow/example_dags/example_dag_decorator.py
[2023-05-26T15:27:23.131+0700] {logging_mixin.py:149} INFO - [2023-05-26T15:27:23.131+0700] {dag.py:2726} INFO - Sync 1 DAGs
[2023-05-26T15:27:23.162+0700] {logging_mixin.py:149} INFO - [2023-05-26T15:27:23.162+0700] {dag.py:3486} INFO - Setting next_dagrun for example_dag_decorator to None, run_after=None
[2023-05-26T15:27:23.170+0700] {processor.py:179} INFO - Processing /Users/kany/project-local/data-home/tranning-Airflow/venv/lib/python3.11/site-packages/airflow/example_dags/example_dag_decorator.py took 0.555 seconds
[2023-05-26T15:29:35.189+0700] {processor.py:157} INFO - Started process (PID=52348) to work on /Users/kany/project-local/data-home/tranning-Airflow/venv/lib/python3.11/site-packages/airflow/example_dags/example_dag_decorator.py
[2023-05-26T15:29:35.190+0700] {processor.py:826} INFO - Processing file /Users/kany/project-local/data-home/tranning-Airflow/venv/lib/python3.11/site-packages/airflow/example_dags/example_dag_decorator.py for tasks to queue
[2023-05-26T15:29:35.191+0700] {logging_mixin.py:149} INFO - [2023-05-26T15:29:35.191+0700] {dagbag.py:541} INFO - Filling up the DagBag from /Users/kany/project-local/data-home/tranning-Airflow/venv/lib/python3.11/site-packages/airflow/example_dags/example_dag_decorator.py
[2023-05-26T15:29:35.528+0700] {logging_mixin.py:149} INFO - [2023-05-26T15:29:35.528+0700] {taskmixin.py:211} WARNING - Dependency <Task(_PythonDecoratedOperator): prepare_email>, send_email already registered for DAG: example_dag_decorator
[2023-05-26T15:29:35.528+0700] {logging_mixin.py:149} INFO - [2023-05-26T15:29:35.528+0700] {taskmixin.py:211} WARNING - Dependency <Task(EmailOperator): send_email>, prepare_email already registered for DAG: example_dag_decorator
[2023-05-26T15:29:35.567+0700] {processor.py:836} INFO - DAG(s) dict_keys(['example_dag_decorator']) retrieved from /Users/kany/project-local/data-home/tranning-Airflow/venv/lib/python3.11/site-packages/airflow/example_dags/example_dag_decorator.py
[2023-05-26T15:29:36.266+0700] {logging_mixin.py:149} INFO - [2023-05-26T15:29:36.265+0700] {dag.py:2726} INFO - Sync 1 DAGs
[2023-05-26T15:29:36.298+0700] {logging_mixin.py:149} INFO - [2023-05-26T15:29:36.298+0700] {dag.py:3486} INFO - Setting next_dagrun for example_dag_decorator to None, run_after=None
[2023-05-26T15:29:36.305+0700] {processor.py:179} INFO - Processing /Users/kany/project-local/data-home/tranning-Airflow/venv/lib/python3.11/site-packages/airflow/example_dags/example_dag_decorator.py took 1.117 seconds
[2023-05-26T15:31:48.588+0700] {processor.py:157} INFO - Started process (PID=52459) to work on /Users/kany/project-local/data-home/tranning-Airflow/venv/lib/python3.11/site-packages/airflow/example_dags/example_dag_decorator.py
[2023-05-26T15:31:48.589+0700] {processor.py:826} INFO - Processing file /Users/kany/project-local/data-home/tranning-Airflow/venv/lib/python3.11/site-packages/airflow/example_dags/example_dag_decorator.py for tasks to queue
[2023-05-26T15:31:48.589+0700] {logging_mixin.py:149} INFO - [2023-05-26T15:31:48.589+0700] {dagbag.py:541} INFO - Filling up the DagBag from /Users/kany/project-local/data-home/tranning-Airflow/venv/lib/python3.11/site-packages/airflow/example_dags/example_dag_decorator.py
[2023-05-26T15:31:48.732+0700] {logging_mixin.py:149} INFO - [2023-05-26T15:31:48.732+0700] {taskmixin.py:211} WARNING - Dependency <Task(_PythonDecoratedOperator): prepare_email>, send_email already registered for DAG: example_dag_decorator
[2023-05-26T15:31:48.732+0700] {logging_mixin.py:149} INFO - [2023-05-26T15:31:48.732+0700] {taskmixin.py:211} WARNING - Dependency <Task(EmailOperator): send_email>, prepare_email already registered for DAG: example_dag_decorator
[2023-05-26T15:31:48.758+0700] {processor.py:836} INFO - DAG(s) dict_keys(['example_dag_decorator']) retrieved from /Users/kany/project-local/data-home/tranning-Airflow/venv/lib/python3.11/site-packages/airflow/example_dags/example_dag_decorator.py
[2023-05-26T15:31:49.252+0700] {logging_mixin.py:149} INFO - [2023-05-26T15:31:49.252+0700] {dag.py:2726} INFO - Sync 1 DAGs
[2023-05-26T15:31:49.290+0700] {logging_mixin.py:149} INFO - [2023-05-26T15:31:49.290+0700] {dag.py:3486} INFO - Setting next_dagrun for example_dag_decorator to None, run_after=None
[2023-05-26T15:31:49.300+0700] {processor.py:179} INFO - Processing /Users/kany/project-local/data-home/tranning-Airflow/venv/lib/python3.11/site-packages/airflow/example_dags/example_dag_decorator.py took 0.712 seconds
