[2023-05-26T15:12:58.686+0700] {processor.py:157} INFO - Started process (PID=51161) to work on /Users/kany/project-local/data-home/tranning-Airflow/venv/lib/python3.11/site-packages/airflow/example_dags/example_nested_branch_dag.py
[2023-05-26T15:12:58.686+0700] {processor.py:826} INFO - Processing file /Users/kany/project-local/data-home/tranning-Airflow/venv/lib/python3.11/site-packages/airflow/example_dags/example_nested_branch_dag.py for tasks to queue
[2023-05-26T15:12:58.686+0700] {logging_mixin.py:149} INFO - [2023-05-26T15:12:58.686+0700] {dagbag.py:541} INFO - Filling up the DagBag from /Users/kany/project-local/data-home/tranning-Airflow/venv/lib/python3.11/site-packages/airflow/example_dags/example_nested_branch_dag.py
[2023-05-26T15:12:58.733+0700] {processor.py:836} INFO - DAG(s) dict_keys(['example_nested_branch_dag']) retrieved from /Users/kany/project-local/data-home/tranning-Airflow/venv/lib/python3.11/site-packages/airflow/example_dags/example_nested_branch_dag.py
[2023-05-26T15:12:59.463+0700] {logging_mixin.py:149} INFO - [2023-05-26T15:12:59.463+0700] {manager.py:504} INFO - Created Permission View: can delete on DAG:example_nested_branch_dag
[2023-05-26T15:12:59.466+0700] {logging_mixin.py:149} INFO - [2023-05-26T15:12:59.466+0700] {manager.py:504} INFO - Created Permission View: can edit on DAG:example_nested_branch_dag
[2023-05-26T15:12:59.468+0700] {logging_mixin.py:149} INFO - [2023-05-26T15:12:59.468+0700] {manager.py:504} INFO - Created Permission View: can read on DAG:example_nested_branch_dag
[2023-05-26T15:12:59.468+0700] {logging_mixin.py:149} INFO - [2023-05-26T15:12:59.468+0700] {dag.py:2726} INFO - Sync 1 DAGs
[2023-05-26T15:12:59.473+0700] {logging_mixin.py:149} INFO - [2023-05-26T15:12:59.472+0700] {dag.py:2747} INFO - Creating ORM DAG for example_nested_branch_dag
[2023-05-26T15:12:59.476+0700] {logging_mixin.py:149} INFO - [2023-05-26T15:12:59.476+0700] {dag.py:3486} INFO - Setting next_dagrun for example_nested_branch_dag to 2023-05-25T00:00:00+00:00, run_after=2023-05-26T00:00:00+00:00
[2023-05-26T15:12:59.492+0700] {processor.py:179} INFO - Processing /Users/kany/project-local/data-home/tranning-Airflow/venv/lib/python3.11/site-packages/airflow/example_dags/example_nested_branch_dag.py took 0.807 seconds
[2023-05-26T15:15:05.313+0700] {processor.py:157} INFO - Started process (PID=51252) to work on /Users/kany/project-local/data-home/tranning-Airflow/venv/lib/python3.11/site-packages/airflow/example_dags/example_nested_branch_dag.py
[2023-05-26T15:15:05.314+0700] {processor.py:826} INFO - Processing file /Users/kany/project-local/data-home/tranning-Airflow/venv/lib/python3.11/site-packages/airflow/example_dags/example_nested_branch_dag.py for tasks to queue
[2023-05-26T15:15:05.314+0700] {logging_mixin.py:149} INFO - [2023-05-26T15:15:05.314+0700] {dagbag.py:541} INFO - Filling up the DagBag from /Users/kany/project-local/data-home/tranning-Airflow/venv/lib/python3.11/site-packages/airflow/example_dags/example_nested_branch_dag.py
[2023-05-26T15:15:05.351+0700] {processor.py:836} INFO - DAG(s) dict_keys(['example_nested_branch_dag']) retrieved from /Users/kany/project-local/data-home/tranning-Airflow/venv/lib/python3.11/site-packages/airflow/example_dags/example_nested_branch_dag.py
[2023-05-26T15:15:05.988+0700] {logging_mixin.py:149} INFO - [2023-05-26T15:15:05.988+0700] {dag.py:2726} INFO - Sync 1 DAGs
[2023-05-26T15:15:05.994+0700] {logging_mixin.py:149} INFO - [2023-05-26T15:15:05.994+0700] {dag.py:3486} INFO - Setting next_dagrun for example_nested_branch_dag to 2023-05-25T00:00:00+00:00, run_after=2023-05-26T00:00:00+00:00
[2023-05-26T15:15:06.003+0700] {processor.py:179} INFO - Processing /Users/kany/project-local/data-home/tranning-Airflow/venv/lib/python3.11/site-packages/airflow/example_dags/example_nested_branch_dag.py took 0.691 seconds
[2023-05-26T15:17:36.075+0700] {processor.py:157} INFO - Started process (PID=51415) to work on /Users/kany/project-local/data-home/tranning-Airflow/venv/lib/python3.11/site-packages/airflow/example_dags/example_nested_branch_dag.py
[2023-05-26T15:17:36.076+0700] {processor.py:826} INFO - Processing file /Users/kany/project-local/data-home/tranning-Airflow/venv/lib/python3.11/site-packages/airflow/example_dags/example_nested_branch_dag.py for tasks to queue
[2023-05-26T15:17:36.076+0700] {logging_mixin.py:149} INFO - [2023-05-26T15:17:36.076+0700] {dagbag.py:541} INFO - Filling up the DagBag from /Users/kany/project-local/data-home/tranning-Airflow/venv/lib/python3.11/site-packages/airflow/example_dags/example_nested_branch_dag.py
[2023-05-26T15:17:36.115+0700] {processor.py:836} INFO - DAG(s) dict_keys(['example_nested_branch_dag']) retrieved from /Users/kany/project-local/data-home/tranning-Airflow/venv/lib/python3.11/site-packages/airflow/example_dags/example_nested_branch_dag.py
[2023-05-26T15:17:36.712+0700] {logging_mixin.py:149} INFO - [2023-05-26T15:17:36.712+0700] {dag.py:2726} INFO - Sync 1 DAGs
[2023-05-26T15:17:36.723+0700] {logging_mixin.py:149} INFO - [2023-05-26T15:17:36.722+0700] {dag.py:3486} INFO - Setting next_dagrun for example_nested_branch_dag to 2023-05-25T00:00:00+00:00, run_after=2023-05-26T00:00:00+00:00
[2023-05-26T15:17:36.768+0700] {processor.py:179} INFO - Processing /Users/kany/project-local/data-home/tranning-Airflow/venv/lib/python3.11/site-packages/airflow/example_dags/example_nested_branch_dag.py took 0.693 seconds
[2023-05-26T15:19:56.967+0700] {processor.py:157} INFO - Started process (PID=51582) to work on /Users/kany/project-local/data-home/tranning-Airflow/venv/lib/python3.11/site-packages/airflow/example_dags/example_nested_branch_dag.py
[2023-05-26T15:19:56.968+0700] {processor.py:826} INFO - Processing file /Users/kany/project-local/data-home/tranning-Airflow/venv/lib/python3.11/site-packages/airflow/example_dags/example_nested_branch_dag.py for tasks to queue
[2023-05-26T15:19:56.968+0700] {logging_mixin.py:149} INFO - [2023-05-26T15:19:56.968+0700] {dagbag.py:541} INFO - Filling up the DagBag from /Users/kany/project-local/data-home/tranning-Airflow/venv/lib/python3.11/site-packages/airflow/example_dags/example_nested_branch_dag.py
[2023-05-26T15:19:57.006+0700] {processor.py:836} INFO - DAG(s) dict_keys(['example_nested_branch_dag']) retrieved from /Users/kany/project-local/data-home/tranning-Airflow/venv/lib/python3.11/site-packages/airflow/example_dags/example_nested_branch_dag.py
[2023-05-26T15:19:57.520+0700] {logging_mixin.py:149} INFO - [2023-05-26T15:19:57.520+0700] {dag.py:2726} INFO - Sync 1 DAGs
[2023-05-26T15:19:57.526+0700] {logging_mixin.py:149} INFO - [2023-05-26T15:19:57.526+0700] {dag.py:3486} INFO - Setting next_dagrun for example_nested_branch_dag to 2023-05-25T00:00:00+00:00, run_after=2023-05-26T00:00:00+00:00
[2023-05-26T15:19:57.534+0700] {processor.py:179} INFO - Processing /Users/kany/project-local/data-home/tranning-Airflow/venv/lib/python3.11/site-packages/airflow/example_dags/example_nested_branch_dag.py took 0.568 seconds
[2023-05-26T15:22:12.402+0700] {processor.py:157} INFO - Started process (PID=51729) to work on /Users/kany/project-local/data-home/tranning-Airflow/venv/lib/python3.11/site-packages/airflow/example_dags/example_nested_branch_dag.py
[2023-05-26T15:22:12.403+0700] {processor.py:826} INFO - Processing file /Users/kany/project-local/data-home/tranning-Airflow/venv/lib/python3.11/site-packages/airflow/example_dags/example_nested_branch_dag.py for tasks to queue
[2023-05-26T15:22:12.403+0700] {logging_mixin.py:149} INFO - [2023-05-26T15:22:12.403+0700] {dagbag.py:541} INFO - Filling up the DagBag from /Users/kany/project-local/data-home/tranning-Airflow/venv/lib/python3.11/site-packages/airflow/example_dags/example_nested_branch_dag.py
[2023-05-26T15:22:12.437+0700] {processor.py:836} INFO - DAG(s) dict_keys(['example_nested_branch_dag']) retrieved from /Users/kany/project-local/data-home/tranning-Airflow/venv/lib/python3.11/site-packages/airflow/example_dags/example_nested_branch_dag.py
[2023-05-26T15:22:12.848+0700] {logging_mixin.py:149} INFO - [2023-05-26T15:22:12.848+0700] {dag.py:2726} INFO - Sync 1 DAGs
[2023-05-26T15:22:12.854+0700] {logging_mixin.py:149} INFO - [2023-05-26T15:22:12.854+0700] {dag.py:3486} INFO - Setting next_dagrun for example_nested_branch_dag to 2023-05-25T00:00:00+00:00, run_after=2023-05-26T00:00:00+00:00
[2023-05-26T15:22:12.861+0700] {processor.py:179} INFO - Processing /Users/kany/project-local/data-home/tranning-Airflow/venv/lib/python3.11/site-packages/airflow/example_dags/example_nested_branch_dag.py took 0.459 seconds
[2023-05-26T15:24:14.547+0700] {processor.py:157} INFO - Started process (PID=51821) to work on /Users/kany/project-local/data-home/tranning-Airflow/venv/lib/python3.11/site-packages/airflow/example_dags/example_nested_branch_dag.py
[2023-05-26T15:24:14.548+0700] {processor.py:826} INFO - Processing file /Users/kany/project-local/data-home/tranning-Airflow/venv/lib/python3.11/site-packages/airflow/example_dags/example_nested_branch_dag.py for tasks to queue
[2023-05-26T15:24:14.548+0700] {logging_mixin.py:149} INFO - [2023-05-26T15:24:14.548+0700] {dagbag.py:541} INFO - Filling up the DagBag from /Users/kany/project-local/data-home/tranning-Airflow/venv/lib/python3.11/site-packages/airflow/example_dags/example_nested_branch_dag.py
[2023-05-26T15:24:14.596+0700] {processor.py:836} INFO - DAG(s) dict_keys(['example_nested_branch_dag']) retrieved from /Users/kany/project-local/data-home/tranning-Airflow/venv/lib/python3.11/site-packages/airflow/example_dags/example_nested_branch_dag.py
[2023-05-26T15:24:15.010+0700] {logging_mixin.py:149} INFO - [2023-05-26T15:24:15.010+0700] {dag.py:2726} INFO - Sync 1 DAGs
[2023-05-26T15:24:15.016+0700] {logging_mixin.py:149} INFO - [2023-05-26T15:24:15.016+0700] {dag.py:3486} INFO - Setting next_dagrun for example_nested_branch_dag to 2023-05-25T00:00:00+00:00, run_after=2023-05-26T00:00:00+00:00
[2023-05-26T15:24:15.023+0700] {processor.py:179} INFO - Processing /Users/kany/project-local/data-home/tranning-Airflow/venv/lib/python3.11/site-packages/airflow/example_dags/example_nested_branch_dag.py took 0.477 seconds
[2023-05-26T15:26:22.672+0700] {processor.py:157} INFO - Started process (PID=51990) to work on /Users/kany/project-local/data-home/tranning-Airflow/venv/lib/python3.11/site-packages/airflow/example_dags/example_nested_branch_dag.py
[2023-05-26T15:26:22.673+0700] {processor.py:826} INFO - Processing file /Users/kany/project-local/data-home/tranning-Airflow/venv/lib/python3.11/site-packages/airflow/example_dags/example_nested_branch_dag.py for tasks to queue
[2023-05-26T15:26:22.674+0700] {logging_mixin.py:149} INFO - [2023-05-26T15:26:22.674+0700] {dagbag.py:541} INFO - Filling up the DagBag from /Users/kany/project-local/data-home/tranning-Airflow/venv/lib/python3.11/site-packages/airflow/example_dags/example_nested_branch_dag.py
[2023-05-26T15:26:22.709+0700] {processor.py:836} INFO - DAG(s) dict_keys(['example_nested_branch_dag']) retrieved from /Users/kany/project-local/data-home/tranning-Airflow/venv/lib/python3.11/site-packages/airflow/example_dags/example_nested_branch_dag.py
[2023-05-26T15:26:23.193+0700] {logging_mixin.py:149} INFO - [2023-05-26T15:26:23.192+0700] {dag.py:2726} INFO - Sync 1 DAGs
[2023-05-26T15:26:23.199+0700] {logging_mixin.py:149} INFO - [2023-05-26T15:26:23.198+0700] {dag.py:3486} INFO - Setting next_dagrun for example_nested_branch_dag to 2023-05-25T00:00:00+00:00, run_after=2023-05-26T00:00:00+00:00
[2023-05-26T15:26:23.206+0700] {processor.py:179} INFO - Processing /Users/kany/project-local/data-home/tranning-Airflow/venv/lib/python3.11/site-packages/airflow/example_dags/example_nested_branch_dag.py took 0.534 seconds
[2023-05-26T15:28:32.092+0700] {processor.py:157} INFO - Started process (PID=52228) to work on /Users/kany/project-local/data-home/tranning-Airflow/venv/lib/python3.11/site-packages/airflow/example_dags/example_nested_branch_dag.py
[2023-05-26T15:28:32.093+0700] {processor.py:826} INFO - Processing file /Users/kany/project-local/data-home/tranning-Airflow/venv/lib/python3.11/site-packages/airflow/example_dags/example_nested_branch_dag.py for tasks to queue
[2023-05-26T15:28:32.093+0700] {logging_mixin.py:149} INFO - [2023-05-26T15:28:32.093+0700] {dagbag.py:541} INFO - Filling up the DagBag from /Users/kany/project-local/data-home/tranning-Airflow/venv/lib/python3.11/site-packages/airflow/example_dags/example_nested_branch_dag.py
[2023-05-26T15:28:32.299+0700] {processor.py:836} INFO - DAG(s) dict_keys(['example_nested_branch_dag']) retrieved from /Users/kany/project-local/data-home/tranning-Airflow/venv/lib/python3.11/site-packages/airflow/example_dags/example_nested_branch_dag.py
[2023-05-26T15:28:32.861+0700] {logging_mixin.py:149} INFO - [2023-05-26T15:28:32.861+0700] {dag.py:2726} INFO - Sync 1 DAGs
[2023-05-26T15:28:32.868+0700] {logging_mixin.py:149} INFO - [2023-05-26T15:28:32.868+0700] {dag.py:3486} INFO - Setting next_dagrun for example_nested_branch_dag to 2023-05-25T00:00:00+00:00, run_after=2023-05-26T00:00:00+00:00
[2023-05-26T15:28:32.876+0700] {processor.py:179} INFO - Processing /Users/kany/project-local/data-home/tranning-Airflow/venv/lib/python3.11/site-packages/airflow/example_dags/example_nested_branch_dag.py took 0.785 seconds
[2023-05-26T15:30:47.619+0700] {processor.py:157} INFO - Started process (PID=52411) to work on /Users/kany/project-local/data-home/tranning-Airflow/venv/lib/python3.11/site-packages/airflow/example_dags/example_nested_branch_dag.py
[2023-05-26T15:30:47.620+0700] {processor.py:826} INFO - Processing file /Users/kany/project-local/data-home/tranning-Airflow/venv/lib/python3.11/site-packages/airflow/example_dags/example_nested_branch_dag.py for tasks to queue
[2023-05-26T15:30:47.620+0700] {logging_mixin.py:149} INFO - [2023-05-26T15:30:47.620+0700] {dagbag.py:541} INFO - Filling up the DagBag from /Users/kany/project-local/data-home/tranning-Airflow/venv/lib/python3.11/site-packages/airflow/example_dags/example_nested_branch_dag.py
[2023-05-26T15:30:47.656+0700] {processor.py:836} INFO - DAG(s) dict_keys(['example_nested_branch_dag']) retrieved from /Users/kany/project-local/data-home/tranning-Airflow/venv/lib/python3.11/site-packages/airflow/example_dags/example_nested_branch_dag.py
[2023-05-26T15:30:48.171+0700] {logging_mixin.py:149} INFO - [2023-05-26T15:30:48.171+0700] {dag.py:2726} INFO - Sync 1 DAGs
[2023-05-26T15:30:48.177+0700] {logging_mixin.py:149} INFO - [2023-05-26T15:30:48.177+0700] {dag.py:3486} INFO - Setting next_dagrun for example_nested_branch_dag to 2023-05-25T00:00:00+00:00, run_after=2023-05-26T00:00:00+00:00
[2023-05-26T15:30:48.185+0700] {processor.py:179} INFO - Processing /Users/kany/project-local/data-home/tranning-Airflow/venv/lib/python3.11/site-packages/airflow/example_dags/example_nested_branch_dag.py took 0.566 seconds
