[2023-05-26T15:12:33.879+0700] {processor.py:157} INFO - Started process (PID=51139) to work on /Users/kany/project-local/data-home/tranning-Airflow/venv/lib/python3.11/site-packages/airflow/example_dags/example_short_circuit_operator.py
[2023-05-26T15:12:33.880+0700] {processor.py:826} INFO - Processing file /Users/kany/project-local/data-home/tranning-Airflow/venv/lib/python3.11/site-packages/airflow/example_dags/example_short_circuit_operator.py for tasks to queue
[2023-05-26T15:12:33.880+0700] {logging_mixin.py:149} INFO - [2023-05-26T15:12:33.880+0700] {dagbag.py:541} INFO - Filling up the DagBag from /Users/kany/project-local/data-home/tranning-Airflow/venv/lib/python3.11/site-packages/airflow/example_dags/example_short_circuit_operator.py
[2023-05-26T15:12:33.905+0700] {processor.py:836} INFO - DAG(s) dict_keys(['example_short_circuit_operator']) retrieved from /Users/kany/project-local/data-home/tranning-Airflow/venv/lib/python3.11/site-packages/airflow/example_dags/example_short_circuit_operator.py
[2023-05-26T15:12:34.431+0700] {logging_mixin.py:149} INFO - [2023-05-26T15:12:34.431+0700] {manager.py:504} INFO - Created Permission View: can edit on DAG:example_short_circuit_operator
[2023-05-26T15:12:34.434+0700] {logging_mixin.py:149} INFO - [2023-05-26T15:12:34.434+0700] {manager.py:504} INFO - Created Permission View: can read on DAG:example_short_circuit_operator
[2023-05-26T15:12:34.436+0700] {logging_mixin.py:149} INFO - [2023-05-26T15:12:34.436+0700] {manager.py:504} INFO - Created Permission View: can delete on DAG:example_short_circuit_operator
[2023-05-26T15:12:34.436+0700] {logging_mixin.py:149} INFO - [2023-05-26T15:12:34.436+0700] {dag.py:2726} INFO - Sync 1 DAGs
[2023-05-26T15:12:34.440+0700] {logging_mixin.py:149} INFO - [2023-05-26T15:12:34.440+0700] {dag.py:2747} INFO - Creating ORM DAG for example_short_circuit_operator
[2023-05-26T15:12:34.443+0700] {logging_mixin.py:149} INFO - [2023-05-26T15:12:34.443+0700] {dag.py:3486} INFO - Setting next_dagrun for example_short_circuit_operator to 2023-05-25T08:12:34.442974+00:00, run_after=2023-05-26T08:12:34.442974+00:00
[2023-05-26T15:12:34.449+0700] {processor.py:179} INFO - Processing /Users/kany/project-local/data-home/tranning-Airflow/venv/lib/python3.11/site-packages/airflow/example_dags/example_short_circuit_operator.py took 0.570 seconds
[2023-05-26T15:14:40.142+0700] {processor.py:157} INFO - Started process (PID=51229) to work on /Users/kany/project-local/data-home/tranning-Airflow/venv/lib/python3.11/site-packages/airflow/example_dags/example_short_circuit_operator.py
[2023-05-26T15:14:40.144+0700] {processor.py:826} INFO - Processing file /Users/kany/project-local/data-home/tranning-Airflow/venv/lib/python3.11/site-packages/airflow/example_dags/example_short_circuit_operator.py for tasks to queue
[2023-05-26T15:14:40.144+0700] {logging_mixin.py:149} INFO - [2023-05-26T15:14:40.144+0700] {dagbag.py:541} INFO - Filling up the DagBag from /Users/kany/project-local/data-home/tranning-Airflow/venv/lib/python3.11/site-packages/airflow/example_dags/example_short_circuit_operator.py
[2023-05-26T15:14:40.179+0700] {processor.py:836} INFO - DAG(s) dict_keys(['example_short_circuit_operator']) retrieved from /Users/kany/project-local/data-home/tranning-Airflow/venv/lib/python3.11/site-packages/airflow/example_dags/example_short_circuit_operator.py
[2023-05-26T15:14:41.027+0700] {logging_mixin.py:149} INFO - [2023-05-26T15:14:41.027+0700] {dag.py:2726} INFO - Sync 1 DAGs
[2023-05-26T15:14:41.033+0700] {logging_mixin.py:149} INFO - [2023-05-26T15:14:41.033+0700] {dag.py:3486} INFO - Setting next_dagrun for example_short_circuit_operator to 2023-05-25T08:14:41.033053+00:00, run_after=2023-05-26T08:14:41.033053+00:00
[2023-05-26T15:14:41.046+0700] {processor.py:179} INFO - Processing /Users/kany/project-local/data-home/tranning-Airflow/venv/lib/python3.11/site-packages/airflow/example_dags/example_short_circuit_operator.py took 0.904 seconds
[2023-05-26T15:16:00.782+0700] {processor.py:157} INFO - Started process (PID=51319) to work on /Users/kany/project-local/data-home/tranning-Airflow/venv/lib/python3.11/site-packages/airflow/example_dags/example_short_circuit_operator.py
[2023-05-26T15:16:00.783+0700] {processor.py:826} INFO - Processing file /Users/kany/project-local/data-home/tranning-Airflow/venv/lib/python3.11/site-packages/airflow/example_dags/example_short_circuit_operator.py for tasks to queue
[2023-05-26T15:16:00.783+0700] {logging_mixin.py:149} INFO - [2023-05-26T15:16:00.783+0700] {dagbag.py:541} INFO - Filling up the DagBag from /Users/kany/project-local/data-home/tranning-Airflow/venv/lib/python3.11/site-packages/airflow/example_dags/example_short_circuit_operator.py
[2023-05-26T15:16:00.803+0700] {processor.py:836} INFO - DAG(s) dict_keys(['example_short_circuit_operator']) retrieved from /Users/kany/project-local/data-home/tranning-Airflow/venv/lib/python3.11/site-packages/airflow/example_dags/example_short_circuit_operator.py
[2023-05-26T15:16:01.373+0700] {logging_mixin.py:149} INFO - [2023-05-26T15:16:01.373+0700] {dag.py:2726} INFO - Sync 1 DAGs
[2023-05-26T15:16:01.379+0700] {logging_mixin.py:149} INFO - [2023-05-26T15:16:01.379+0700] {dag.py:3486} INFO - Setting next_dagrun for example_short_circuit_operator to 2023-05-25T08:16:01.379132+00:00, run_after=2023-05-26T08:16:01.379132+00:00
[2023-05-26T15:16:01.387+0700] {processor.py:179} INFO - Processing /Users/kany/project-local/data-home/tranning-Airflow/venv/lib/python3.11/site-packages/airflow/example_dags/example_short_circuit_operator.py took 0.606 seconds
[2023-05-26T15:18:30.536+0700] {processor.py:157} INFO - Started process (PID=51476) to work on /Users/kany/project-local/data-home/tranning-Airflow/venv/lib/python3.11/site-packages/airflow/example_dags/example_short_circuit_operator.py
[2023-05-26T15:18:30.537+0700] {processor.py:826} INFO - Processing file /Users/kany/project-local/data-home/tranning-Airflow/venv/lib/python3.11/site-packages/airflow/example_dags/example_short_circuit_operator.py for tasks to queue
[2023-05-26T15:18:30.537+0700] {logging_mixin.py:149} INFO - [2023-05-26T15:18:30.537+0700] {dagbag.py:541} INFO - Filling up the DagBag from /Users/kany/project-local/data-home/tranning-Airflow/venv/lib/python3.11/site-packages/airflow/example_dags/example_short_circuit_operator.py
[2023-05-26T15:18:30.557+0700] {processor.py:836} INFO - DAG(s) dict_keys(['example_short_circuit_operator']) retrieved from /Users/kany/project-local/data-home/tranning-Airflow/venv/lib/python3.11/site-packages/airflow/example_dags/example_short_circuit_operator.py
[2023-05-26T15:18:31.036+0700] {logging_mixin.py:149} INFO - [2023-05-26T15:18:31.035+0700] {dag.py:2726} INFO - Sync 1 DAGs
[2023-05-26T15:18:31.041+0700] {logging_mixin.py:149} INFO - [2023-05-26T15:18:31.041+0700] {dag.py:3486} INFO - Setting next_dagrun for example_short_circuit_operator to 2023-05-25T08:18:31.041436+00:00, run_after=2023-05-26T08:18:31.041436+00:00
[2023-05-26T15:18:31.048+0700] {processor.py:179} INFO - Processing /Users/kany/project-local/data-home/tranning-Airflow/venv/lib/python3.11/site-packages/airflow/example_dags/example_short_circuit_operator.py took 0.512 seconds
[2023-05-26T15:20:54.566+0700] {processor.py:157} INFO - Started process (PID=51688) to work on /Users/kany/project-local/data-home/tranning-Airflow/venv/lib/python3.11/site-packages/airflow/example_dags/example_short_circuit_operator.py
[2023-05-26T15:20:54.566+0700] {processor.py:826} INFO - Processing file /Users/kany/project-local/data-home/tranning-Airflow/venv/lib/python3.11/site-packages/airflow/example_dags/example_short_circuit_operator.py for tasks to queue
[2023-05-26T15:20:54.566+0700] {logging_mixin.py:149} INFO - [2023-05-26T15:20:54.566+0700] {dagbag.py:541} INFO - Filling up the DagBag from /Users/kany/project-local/data-home/tranning-Airflow/venv/lib/python3.11/site-packages/airflow/example_dags/example_short_circuit_operator.py
[2023-05-26T15:20:54.644+0700] {processor.py:836} INFO - DAG(s) dict_keys(['example_short_circuit_operator']) retrieved from /Users/kany/project-local/data-home/tranning-Airflow/venv/lib/python3.11/site-packages/airflow/example_dags/example_short_circuit_operator.py
[2023-05-26T15:20:55.220+0700] {logging_mixin.py:149} INFO - [2023-05-26T15:20:55.220+0700] {dag.py:2726} INFO - Sync 1 DAGs
[2023-05-26T15:20:55.226+0700] {logging_mixin.py:149} INFO - [2023-05-26T15:20:55.226+0700] {dag.py:3486} INFO - Setting next_dagrun for example_short_circuit_operator to 2023-05-25T08:20:55.225943+00:00, run_after=2023-05-26T08:20:55.225943+00:00
[2023-05-26T15:20:55.233+0700] {processor.py:179} INFO - Processing /Users/kany/project-local/data-home/tranning-Airflow/venv/lib/python3.11/site-packages/airflow/example_dags/example_short_circuit_operator.py took 0.668 seconds
[2023-05-26T15:22:58.627+0700] {processor.py:157} INFO - Started process (PID=51755) to work on /Users/kany/project-local/data-home/tranning-Airflow/venv/lib/python3.11/site-packages/airflow/example_dags/example_short_circuit_operator.py
[2023-05-26T15:22:58.628+0700] {processor.py:826} INFO - Processing file /Users/kany/project-local/data-home/tranning-Airflow/venv/lib/python3.11/site-packages/airflow/example_dags/example_short_circuit_operator.py for tasks to queue
[2023-05-26T15:22:58.628+0700] {logging_mixin.py:149} INFO - [2023-05-26T15:22:58.628+0700] {dagbag.py:541} INFO - Filling up the DagBag from /Users/kany/project-local/data-home/tranning-Airflow/venv/lib/python3.11/site-packages/airflow/example_dags/example_short_circuit_operator.py
[2023-05-26T15:22:58.651+0700] {processor.py:836} INFO - DAG(s) dict_keys(['example_short_circuit_operator']) retrieved from /Users/kany/project-local/data-home/tranning-Airflow/venv/lib/python3.11/site-packages/airflow/example_dags/example_short_circuit_operator.py
[2023-05-26T15:22:59.115+0700] {logging_mixin.py:149} INFO - [2023-05-26T15:22:59.115+0700] {dag.py:2726} INFO - Sync 1 DAGs
[2023-05-26T15:22:59.120+0700] {logging_mixin.py:149} INFO - [2023-05-26T15:22:59.120+0700] {dag.py:3486} INFO - Setting next_dagrun for example_short_circuit_operator to 2023-05-25T08:22:59.120780+00:00, run_after=2023-05-26T08:22:59.120780+00:00
[2023-05-26T15:22:59.127+0700] {processor.py:179} INFO - Processing /Users/kany/project-local/data-home/tranning-Airflow/venv/lib/python3.11/site-packages/airflow/example_dags/example_short_circuit_operator.py took 0.500 seconds
[2023-05-26T15:25:05.669+0700] {processor.py:157} INFO - Started process (PID=51854) to work on /Users/kany/project-local/data-home/tranning-Airflow/venv/lib/python3.11/site-packages/airflow/example_dags/example_short_circuit_operator.py
[2023-05-26T15:25:05.669+0700] {processor.py:826} INFO - Processing file /Users/kany/project-local/data-home/tranning-Airflow/venv/lib/python3.11/site-packages/airflow/example_dags/example_short_circuit_operator.py for tasks to queue
[2023-05-26T15:25:05.670+0700] {logging_mixin.py:149} INFO - [2023-05-26T15:25:05.670+0700] {dagbag.py:541} INFO - Filling up the DagBag from /Users/kany/project-local/data-home/tranning-Airflow/venv/lib/python3.11/site-packages/airflow/example_dags/example_short_circuit_operator.py
[2023-05-26T15:25:05.699+0700] {processor.py:836} INFO - DAG(s) dict_keys(['example_short_circuit_operator']) retrieved from /Users/kany/project-local/data-home/tranning-Airflow/venv/lib/python3.11/site-packages/airflow/example_dags/example_short_circuit_operator.py
[2023-05-26T15:25:06.237+0700] {logging_mixin.py:149} INFO - [2023-05-26T15:25:06.237+0700] {dag.py:2726} INFO - Sync 1 DAGs
[2023-05-26T15:25:06.243+0700] {logging_mixin.py:149} INFO - [2023-05-26T15:25:06.243+0700] {dag.py:3486} INFO - Setting next_dagrun for example_short_circuit_operator to 2023-05-25T08:25:06.243628+00:00, run_after=2023-05-26T08:25:06.243628+00:00
[2023-05-26T15:25:06.251+0700] {processor.py:179} INFO - Processing /Users/kany/project-local/data-home/tranning-Airflow/venv/lib/python3.11/site-packages/airflow/example_dags/example_short_circuit_operator.py took 0.583 seconds
[2023-05-26T15:27:12.465+0700] {processor.py:157} INFO - Started process (PID=52079) to work on /Users/kany/project-local/data-home/tranning-Airflow/venv/lib/python3.11/site-packages/airflow/example_dags/example_short_circuit_operator.py
[2023-05-26T15:27:12.467+0700] {processor.py:826} INFO - Processing file /Users/kany/project-local/data-home/tranning-Airflow/venv/lib/python3.11/site-packages/airflow/example_dags/example_short_circuit_operator.py for tasks to queue
[2023-05-26T15:27:12.467+0700] {logging_mixin.py:149} INFO - [2023-05-26T15:27:12.467+0700] {dagbag.py:541} INFO - Filling up the DagBag from /Users/kany/project-local/data-home/tranning-Airflow/venv/lib/python3.11/site-packages/airflow/example_dags/example_short_circuit_operator.py
[2023-05-26T15:27:12.492+0700] {processor.py:836} INFO - DAG(s) dict_keys(['example_short_circuit_operator']) retrieved from /Users/kany/project-local/data-home/tranning-Airflow/venv/lib/python3.11/site-packages/airflow/example_dags/example_short_circuit_operator.py
[2023-05-26T15:27:13.105+0700] {logging_mixin.py:149} INFO - [2023-05-26T15:27:13.105+0700] {dag.py:2726} INFO - Sync 1 DAGs
[2023-05-26T15:27:13.111+0700] {logging_mixin.py:149} INFO - [2023-05-26T15:27:13.111+0700] {dag.py:3486} INFO - Setting next_dagrun for example_short_circuit_operator to 2023-05-25T08:27:13.111577+00:00, run_after=2023-05-26T08:27:13.111577+00:00
[2023-05-26T15:27:13.120+0700] {processor.py:179} INFO - Processing /Users/kany/project-local/data-home/tranning-Airflow/venv/lib/python3.11/site-packages/airflow/example_dags/example_short_circuit_operator.py took 0.655 seconds
[2023-05-26T15:29:23.843+0700] {processor.py:157} INFO - Started process (PID=52338) to work on /Users/kany/project-local/data-home/tranning-Airflow/venv/lib/python3.11/site-packages/airflow/example_dags/example_short_circuit_operator.py
[2023-05-26T15:29:23.843+0700] {processor.py:826} INFO - Processing file /Users/kany/project-local/data-home/tranning-Airflow/venv/lib/python3.11/site-packages/airflow/example_dags/example_short_circuit_operator.py for tasks to queue
[2023-05-26T15:29:23.844+0700] {logging_mixin.py:149} INFO - [2023-05-26T15:29:23.844+0700] {dagbag.py:541} INFO - Filling up the DagBag from /Users/kany/project-local/data-home/tranning-Airflow/venv/lib/python3.11/site-packages/airflow/example_dags/example_short_circuit_operator.py
[2023-05-26T15:29:23.867+0700] {processor.py:836} INFO - DAG(s) dict_keys(['example_short_circuit_operator']) retrieved from /Users/kany/project-local/data-home/tranning-Airflow/venv/lib/python3.11/site-packages/airflow/example_dags/example_short_circuit_operator.py
[2023-05-26T15:29:24.526+0700] {logging_mixin.py:149} INFO - [2023-05-26T15:29:24.525+0700] {dag.py:2726} INFO - Sync 1 DAGs
[2023-05-26T15:29:24.531+0700] {logging_mixin.py:149} INFO - [2023-05-26T15:29:24.531+0700] {dag.py:3486} INFO - Setting next_dagrun for example_short_circuit_operator to 2023-05-25T08:29:24.531779+00:00, run_after=2023-05-26T08:29:24.531779+00:00
[2023-05-26T15:29:24.539+0700] {processor.py:179} INFO - Processing /Users/kany/project-local/data-home/tranning-Airflow/venv/lib/python3.11/site-packages/airflow/example_dags/example_short_circuit_operator.py took 0.697 seconds
[2023-05-26T15:30:31.659+0700] {processor.py:157} INFO - Started process (PID=52396) to work on /Users/kany/project-local/data-home/tranning-Airflow/venv/lib/python3.11/site-packages/airflow/example_dags/example_short_circuit_operator.py
[2023-05-26T15:30:31.660+0700] {processor.py:826} INFO - Processing file /Users/kany/project-local/data-home/tranning-Airflow/venv/lib/python3.11/site-packages/airflow/example_dags/example_short_circuit_operator.py for tasks to queue
[2023-05-26T15:30:31.661+0700] {logging_mixin.py:149} INFO - [2023-05-26T15:30:31.660+0700] {dagbag.py:541} INFO - Filling up the DagBag from /Users/kany/project-local/data-home/tranning-Airflow/venv/lib/python3.11/site-packages/airflow/example_dags/example_short_circuit_operator.py
[2023-05-26T15:30:31.681+0700] {processor.py:836} INFO - DAG(s) dict_keys(['example_short_circuit_operator']) retrieved from /Users/kany/project-local/data-home/tranning-Airflow/venv/lib/python3.11/site-packages/airflow/example_dags/example_short_circuit_operator.py
[2023-05-26T15:30:32.180+0700] {logging_mixin.py:149} INFO - [2023-05-26T15:30:32.180+0700] {dag.py:2726} INFO - Sync 1 DAGs
[2023-05-26T15:30:32.185+0700] {logging_mixin.py:149} INFO - [2023-05-26T15:30:32.185+0700] {dag.py:3486} INFO - Setting next_dagrun for example_short_circuit_operator to 2023-05-25T08:30:32.185712+00:00, run_after=2023-05-26T08:30:32.185712+00:00
[2023-05-26T15:30:32.193+0700] {processor.py:179} INFO - Processing /Users/kany/project-local/data-home/tranning-Airflow/venv/lib/python3.11/site-packages/airflow/example_dags/example_short_circuit_operator.py took 0.534 seconds
