[2023-05-26T15:13:12.176+0700] {processor.py:157} INFO - Started process (PID=51179) to work on /Users/kany/project-local/data-home/tranning-Airflow/venv/lib/python3.11/site-packages/airflow/example_dags/example_external_task_marker_dag.py
[2023-05-26T15:13:12.176+0700] {processor.py:826} INFO - Processing file /Users/kany/project-local/data-home/tranning-Airflow/venv/lib/python3.11/site-packages/airflow/example_dags/example_external_task_marker_dag.py for tasks to queue
[2023-05-26T15:13:12.177+0700] {logging_mixin.py:149} INFO - [2023-05-26T15:13:12.177+0700] {dagbag.py:541} INFO - Filling up the DagBag from /Users/kany/project-local/data-home/tranning-Airflow/venv/lib/python3.11/site-packages/airflow/example_dags/example_external_task_marker_dag.py
[2023-05-26T15:13:12.200+0700] {processor.py:836} INFO - DAG(s) dict_keys(['example_external_task_marker_parent', 'example_external_task_marker_child']) retrieved from /Users/kany/project-local/data-home/tranning-Airflow/venv/lib/python3.11/site-packages/airflow/example_dags/example_external_task_marker_dag.py
[2023-05-26T15:13:13.137+0700] {logging_mixin.py:149} INFO - [2023-05-26T15:13:13.136+0700] {manager.py:504} INFO - Created Permission View: can edit on DAG:example_external_task_marker_parent
[2023-05-26T15:13:13.141+0700] {logging_mixin.py:149} INFO - [2023-05-26T15:13:13.141+0700] {manager.py:504} INFO - Created Permission View: can delete on DAG:example_external_task_marker_parent
[2023-05-26T15:13:13.146+0700] {logging_mixin.py:149} INFO - [2023-05-26T15:13:13.145+0700] {manager.py:504} INFO - Created Permission View: can read on DAG:example_external_task_marker_parent
[2023-05-26T15:13:13.165+0700] {logging_mixin.py:149} INFO - [2023-05-26T15:13:13.165+0700] {manager.py:504} INFO - Created Permission View: can edit on DAG:example_external_task_marker_child
[2023-05-26T15:13:13.170+0700] {logging_mixin.py:149} INFO - [2023-05-26T15:13:13.170+0700] {manager.py:504} INFO - Created Permission View: can delete on DAG:example_external_task_marker_child
[2023-05-26T15:13:13.174+0700] {logging_mixin.py:149} INFO - [2023-05-26T15:13:13.174+0700] {manager.py:504} INFO - Created Permission View: can read on DAG:example_external_task_marker_child
[2023-05-26T15:13:13.174+0700] {logging_mixin.py:149} INFO - [2023-05-26T15:13:13.174+0700] {dag.py:2726} INFO - Sync 2 DAGs
[2023-05-26T15:13:13.208+0700] {logging_mixin.py:149} INFO - [2023-05-26T15:13:13.208+0700] {dag.py:2747} INFO - Creating ORM DAG for example_external_task_marker_parent
[2023-05-26T15:13:13.208+0700] {logging_mixin.py:149} INFO - [2023-05-26T15:13:13.208+0700] {dag.py:2747} INFO - Creating ORM DAG for example_external_task_marker_child
[2023-05-26T15:13:13.212+0700] {logging_mixin.py:149} INFO - [2023-05-26T15:13:13.212+0700] {dag.py:3486} INFO - Setting next_dagrun for example_external_task_marker_child to None, run_after=None
[2023-05-26T15:13:13.212+0700] {logging_mixin.py:149} INFO - [2023-05-26T15:13:13.212+0700] {dag.py:3486} INFO - Setting next_dagrun for example_external_task_marker_parent to None, run_after=None
[2023-05-26T15:13:13.226+0700] {processor.py:179} INFO - Processing /Users/kany/project-local/data-home/tranning-Airflow/venv/lib/python3.11/site-packages/airflow/example_dags/example_external_task_marker_dag.py took 1.051 seconds
[2023-05-26T15:15:16.562+0700] {processor.py:157} INFO - Started process (PID=51262) to work on /Users/kany/project-local/data-home/tranning-Airflow/venv/lib/python3.11/site-packages/airflow/example_dags/example_external_task_marker_dag.py
[2023-05-26T15:15:16.563+0700] {processor.py:826} INFO - Processing file /Users/kany/project-local/data-home/tranning-Airflow/venv/lib/python3.11/site-packages/airflow/example_dags/example_external_task_marker_dag.py for tasks to queue
[2023-05-26T15:15:16.563+0700] {logging_mixin.py:149} INFO - [2023-05-26T15:15:16.563+0700] {dagbag.py:541} INFO - Filling up the DagBag from /Users/kany/project-local/data-home/tranning-Airflow/venv/lib/python3.11/site-packages/airflow/example_dags/example_external_task_marker_dag.py
[2023-05-26T15:15:16.582+0700] {processor.py:836} INFO - DAG(s) dict_keys(['example_external_task_marker_child', 'example_external_task_marker_parent']) retrieved from /Users/kany/project-local/data-home/tranning-Airflow/venv/lib/python3.11/site-packages/airflow/example_dags/example_external_task_marker_dag.py
[2023-05-26T15:15:17.129+0700] {logging_mixin.py:149} INFO - [2023-05-26T15:15:17.129+0700] {dag.py:2726} INFO - Sync 2 DAGs
[2023-05-26T15:15:17.135+0700] {logging_mixin.py:149} INFO - [2023-05-26T15:15:17.135+0700] {dag.py:3486} INFO - Setting next_dagrun for example_external_task_marker_child to None, run_after=None
[2023-05-26T15:15:17.136+0700] {logging_mixin.py:149} INFO - [2023-05-26T15:15:17.136+0700] {dag.py:3486} INFO - Setting next_dagrun for example_external_task_marker_parent to None, run_after=None
[2023-05-26T15:15:17.144+0700] {processor.py:179} INFO - Processing /Users/kany/project-local/data-home/tranning-Airflow/venv/lib/python3.11/site-packages/airflow/example_dags/example_external_task_marker_dag.py took 0.583 seconds
[2023-05-26T15:17:47.520+0700] {processor.py:157} INFO - Started process (PID=51423) to work on /Users/kany/project-local/data-home/tranning-Airflow/venv/lib/python3.11/site-packages/airflow/example_dags/example_external_task_marker_dag.py
[2023-05-26T15:17:47.521+0700] {processor.py:826} INFO - Processing file /Users/kany/project-local/data-home/tranning-Airflow/venv/lib/python3.11/site-packages/airflow/example_dags/example_external_task_marker_dag.py for tasks to queue
[2023-05-26T15:17:47.521+0700] {logging_mixin.py:149} INFO - [2023-05-26T15:17:47.521+0700] {dagbag.py:541} INFO - Filling up the DagBag from /Users/kany/project-local/data-home/tranning-Airflow/venv/lib/python3.11/site-packages/airflow/example_dags/example_external_task_marker_dag.py
[2023-05-26T15:17:47.534+0700] {processor.py:836} INFO - DAG(s) dict_keys(['example_external_task_marker_parent', 'example_external_task_marker_child']) retrieved from /Users/kany/project-local/data-home/tranning-Airflow/venv/lib/python3.11/site-packages/airflow/example_dags/example_external_task_marker_dag.py
[2023-05-26T15:17:48.049+0700] {logging_mixin.py:149} INFO - [2023-05-26T15:17:48.049+0700] {dag.py:2726} INFO - Sync 2 DAGs
[2023-05-26T15:17:48.055+0700] {logging_mixin.py:149} INFO - [2023-05-26T15:17:48.055+0700] {dag.py:3486} INFO - Setting next_dagrun for example_external_task_marker_child to None, run_after=None
[2023-05-26T15:17:48.056+0700] {logging_mixin.py:149} INFO - [2023-05-26T15:17:48.056+0700] {dag.py:3486} INFO - Setting next_dagrun for example_external_task_marker_parent to None, run_after=None
[2023-05-26T15:17:48.064+0700] {processor.py:179} INFO - Processing /Users/kany/project-local/data-home/tranning-Airflow/venv/lib/python3.11/site-packages/airflow/example_dags/example_external_task_marker_dag.py took 0.544 seconds
[2023-05-26T15:20:06.307+0700] {processor.py:157} INFO - Started process (PID=51588) to work on /Users/kany/project-local/data-home/tranning-Airflow/venv/lib/python3.11/site-packages/airflow/example_dags/example_external_task_marker_dag.py
[2023-05-26T15:20:06.307+0700] {processor.py:826} INFO - Processing file /Users/kany/project-local/data-home/tranning-Airflow/venv/lib/python3.11/site-packages/airflow/example_dags/example_external_task_marker_dag.py for tasks to queue
[2023-05-26T15:20:06.307+0700] {logging_mixin.py:149} INFO - [2023-05-26T15:20:06.307+0700] {dagbag.py:541} INFO - Filling up the DagBag from /Users/kany/project-local/data-home/tranning-Airflow/venv/lib/python3.11/site-packages/airflow/example_dags/example_external_task_marker_dag.py
[2023-05-26T15:20:06.320+0700] {processor.py:836} INFO - DAG(s) dict_keys(['example_external_task_marker_child', 'example_external_task_marker_parent']) retrieved from /Users/kany/project-local/data-home/tranning-Airflow/venv/lib/python3.11/site-packages/airflow/example_dags/example_external_task_marker_dag.py
[2023-05-26T15:20:06.779+0700] {logging_mixin.py:149} INFO - [2023-05-26T15:20:06.779+0700] {dag.py:2726} INFO - Sync 2 DAGs
[2023-05-26T15:20:06.785+0700] {logging_mixin.py:149} INFO - [2023-05-26T15:20:06.785+0700] {dag.py:3486} INFO - Setting next_dagrun for example_external_task_marker_child to None, run_after=None
[2023-05-26T15:20:06.786+0700] {logging_mixin.py:149} INFO - [2023-05-26T15:20:06.786+0700] {dag.py:3486} INFO - Setting next_dagrun for example_external_task_marker_parent to None, run_after=None
[2023-05-26T15:20:06.792+0700] {processor.py:179} INFO - Processing /Users/kany/project-local/data-home/tranning-Airflow/venv/lib/python3.11/site-packages/airflow/example_dags/example_external_task_marker_dag.py took 0.486 seconds
[2023-05-26T15:22:22.552+0700] {processor.py:157} INFO - Started process (PID=51734) to work on /Users/kany/project-local/data-home/tranning-Airflow/venv/lib/python3.11/site-packages/airflow/example_dags/example_external_task_marker_dag.py
[2023-05-26T15:22:22.552+0700] {processor.py:826} INFO - Processing file /Users/kany/project-local/data-home/tranning-Airflow/venv/lib/python3.11/site-packages/airflow/example_dags/example_external_task_marker_dag.py for tasks to queue
[2023-05-26T15:22:22.552+0700] {logging_mixin.py:149} INFO - [2023-05-26T15:22:22.552+0700] {dagbag.py:541} INFO - Filling up the DagBag from /Users/kany/project-local/data-home/tranning-Airflow/venv/lib/python3.11/site-packages/airflow/example_dags/example_external_task_marker_dag.py
[2023-05-26T15:22:22.571+0700] {processor.py:836} INFO - DAG(s) dict_keys(['example_external_task_marker_parent', 'example_external_task_marker_child']) retrieved from /Users/kany/project-local/data-home/tranning-Airflow/venv/lib/python3.11/site-packages/airflow/example_dags/example_external_task_marker_dag.py
[2023-05-26T15:22:23.005+0700] {logging_mixin.py:149} INFO - [2023-05-26T15:22:23.005+0700] {dag.py:2726} INFO - Sync 2 DAGs
[2023-05-26T15:22:23.011+0700] {logging_mixin.py:149} INFO - [2023-05-26T15:22:23.011+0700] {dag.py:3486} INFO - Setting next_dagrun for example_external_task_marker_child to None, run_after=None
[2023-05-26T15:22:23.011+0700] {logging_mixin.py:149} INFO - [2023-05-26T15:22:23.011+0700] {dag.py:3486} INFO - Setting next_dagrun for example_external_task_marker_parent to None, run_after=None
[2023-05-26T15:22:23.018+0700] {processor.py:179} INFO - Processing /Users/kany/project-local/data-home/tranning-Airflow/venv/lib/python3.11/site-packages/airflow/example_dags/example_external_task_marker_dag.py took 0.467 seconds
[2023-05-26T15:24:25.066+0700] {processor.py:157} INFO - Started process (PID=51828) to work on /Users/kany/project-local/data-home/tranning-Airflow/venv/lib/python3.11/site-packages/airflow/example_dags/example_external_task_marker_dag.py
[2023-05-26T15:24:25.066+0700] {processor.py:826} INFO - Processing file /Users/kany/project-local/data-home/tranning-Airflow/venv/lib/python3.11/site-packages/airflow/example_dags/example_external_task_marker_dag.py for tasks to queue
[2023-05-26T15:24:25.067+0700] {logging_mixin.py:149} INFO - [2023-05-26T15:24:25.067+0700] {dagbag.py:541} INFO - Filling up the DagBag from /Users/kany/project-local/data-home/tranning-Airflow/venv/lib/python3.11/site-packages/airflow/example_dags/example_external_task_marker_dag.py
[2023-05-26T15:24:25.080+0700] {processor.py:836} INFO - DAG(s) dict_keys(['example_external_task_marker_parent', 'example_external_task_marker_child']) retrieved from /Users/kany/project-local/data-home/tranning-Airflow/venv/lib/python3.11/site-packages/airflow/example_dags/example_external_task_marker_dag.py
[2023-05-26T15:24:25.556+0700] {logging_mixin.py:149} INFO - [2023-05-26T15:24:25.555+0700] {dag.py:2726} INFO - Sync 2 DAGs
[2023-05-26T15:24:25.563+0700] {logging_mixin.py:149} INFO - [2023-05-26T15:24:25.563+0700] {dag.py:3486} INFO - Setting next_dagrun for example_external_task_marker_child to None, run_after=None
[2023-05-26T15:24:25.564+0700] {logging_mixin.py:149} INFO - [2023-05-26T15:24:25.564+0700] {dag.py:3486} INFO - Setting next_dagrun for example_external_task_marker_parent to None, run_after=None
[2023-05-26T15:24:25.570+0700] {processor.py:179} INFO - Processing /Users/kany/project-local/data-home/tranning-Airflow/venv/lib/python3.11/site-packages/airflow/example_dags/example_external_task_marker_dag.py took 0.505 seconds
[2023-05-26T15:26:33.969+0700] {processor.py:157} INFO - Started process (PID=52018) to work on /Users/kany/project-local/data-home/tranning-Airflow/venv/lib/python3.11/site-packages/airflow/example_dags/example_external_task_marker_dag.py
[2023-05-26T15:26:33.970+0700] {processor.py:826} INFO - Processing file /Users/kany/project-local/data-home/tranning-Airflow/venv/lib/python3.11/site-packages/airflow/example_dags/example_external_task_marker_dag.py for tasks to queue
[2023-05-26T15:26:33.970+0700] {logging_mixin.py:149} INFO - [2023-05-26T15:26:33.970+0700] {dagbag.py:541} INFO - Filling up the DagBag from /Users/kany/project-local/data-home/tranning-Airflow/venv/lib/python3.11/site-packages/airflow/example_dags/example_external_task_marker_dag.py
[2023-05-26T15:26:33.985+0700] {processor.py:836} INFO - DAG(s) dict_keys(['example_external_task_marker_parent', 'example_external_task_marker_child']) retrieved from /Users/kany/project-local/data-home/tranning-Airflow/venv/lib/python3.11/site-packages/airflow/example_dags/example_external_task_marker_dag.py
[2023-05-26T15:26:34.478+0700] {logging_mixin.py:149} INFO - [2023-05-26T15:26:34.478+0700] {dag.py:2726} INFO - Sync 2 DAGs
[2023-05-26T15:26:34.483+0700] {logging_mixin.py:149} INFO - [2023-05-26T15:26:34.483+0700] {dag.py:3486} INFO - Setting next_dagrun for example_external_task_marker_child to None, run_after=None
[2023-05-26T15:26:34.484+0700] {logging_mixin.py:149} INFO - [2023-05-26T15:26:34.484+0700] {dag.py:3486} INFO - Setting next_dagrun for example_external_task_marker_parent to None, run_after=None
[2023-05-26T15:26:34.491+0700] {processor.py:179} INFO - Processing /Users/kany/project-local/data-home/tranning-Airflow/venv/lib/python3.11/site-packages/airflow/example_dags/example_external_task_marker_dag.py took 0.522 seconds
[2023-05-26T15:28:43.471+0700] {processor.py:157} INFO - Started process (PID=52254) to work on /Users/kany/project-local/data-home/tranning-Airflow/venv/lib/python3.11/site-packages/airflow/example_dags/example_external_task_marker_dag.py
[2023-05-26T15:28:43.473+0700] {processor.py:826} INFO - Processing file /Users/kany/project-local/data-home/tranning-Airflow/venv/lib/python3.11/site-packages/airflow/example_dags/example_external_task_marker_dag.py for tasks to queue
[2023-05-26T15:28:43.473+0700] {logging_mixin.py:149} INFO - [2023-05-26T15:28:43.473+0700] {dagbag.py:541} INFO - Filling up the DagBag from /Users/kany/project-local/data-home/tranning-Airflow/venv/lib/python3.11/site-packages/airflow/example_dags/example_external_task_marker_dag.py
[2023-05-26T15:28:43.506+0700] {processor.py:836} INFO - DAG(s) dict_keys(['example_external_task_marker_child', 'example_external_task_marker_parent']) retrieved from /Users/kany/project-local/data-home/tranning-Airflow/venv/lib/python3.11/site-packages/airflow/example_dags/example_external_task_marker_dag.py
[2023-05-26T15:28:44.075+0700] {logging_mixin.py:149} INFO - [2023-05-26T15:28:44.075+0700] {dag.py:2726} INFO - Sync 2 DAGs
[2023-05-26T15:28:44.081+0700] {logging_mixin.py:149} INFO - [2023-05-26T15:28:44.081+0700] {dag.py:3486} INFO - Setting next_dagrun for example_external_task_marker_child to None, run_after=None
[2023-05-26T15:28:44.082+0700] {logging_mixin.py:149} INFO - [2023-05-26T15:28:44.082+0700] {dag.py:3486} INFO - Setting next_dagrun for example_external_task_marker_parent to None, run_after=None
[2023-05-26T15:28:44.090+0700] {processor.py:179} INFO - Processing /Users/kany/project-local/data-home/tranning-Airflow/venv/lib/python3.11/site-packages/airflow/example_dags/example_external_task_marker_dag.py took 0.619 seconds
[2023-05-26T15:30:57.801+0700] {processor.py:157} INFO - Started process (PID=52424) to work on /Users/kany/project-local/data-home/tranning-Airflow/venv/lib/python3.11/site-packages/airflow/example_dags/example_external_task_marker_dag.py
[2023-05-26T15:30:57.802+0700] {processor.py:826} INFO - Processing file /Users/kany/project-local/data-home/tranning-Airflow/venv/lib/python3.11/site-packages/airflow/example_dags/example_external_task_marker_dag.py for tasks to queue
[2023-05-26T15:30:57.802+0700] {logging_mixin.py:149} INFO - [2023-05-26T15:30:57.802+0700] {dagbag.py:541} INFO - Filling up the DagBag from /Users/kany/project-local/data-home/tranning-Airflow/venv/lib/python3.11/site-packages/airflow/example_dags/example_external_task_marker_dag.py
[2023-05-26T15:30:57.818+0700] {processor.py:836} INFO - DAG(s) dict_keys(['example_external_task_marker_child', 'example_external_task_marker_parent']) retrieved from /Users/kany/project-local/data-home/tranning-Airflow/venv/lib/python3.11/site-packages/airflow/example_dags/example_external_task_marker_dag.py
[2023-05-26T15:30:58.295+0700] {logging_mixin.py:149} INFO - [2023-05-26T15:30:58.295+0700] {dag.py:2726} INFO - Sync 2 DAGs
[2023-05-26T15:30:58.302+0700] {logging_mixin.py:149} INFO - [2023-05-26T15:30:58.302+0700] {dag.py:3486} INFO - Setting next_dagrun for example_external_task_marker_child to None, run_after=None
[2023-05-26T15:30:58.303+0700] {logging_mixin.py:149} INFO - [2023-05-26T15:30:58.303+0700] {dag.py:3486} INFO - Setting next_dagrun for example_external_task_marker_parent to None, run_after=None
[2023-05-26T15:30:58.309+0700] {processor.py:179} INFO - Processing /Users/kany/project-local/data-home/tranning-Airflow/venv/lib/python3.11/site-packages/airflow/example_dags/example_external_task_marker_dag.py took 0.508 seconds
