[2023-05-26T15:13:42.390+0700] {processor.py:157} INFO - Started process (PID=51196) to work on /Users/kany/project-local/data-home/tranning-Airflow/venv/lib/python3.11/site-packages/airflow/example_dags/example_branch_datetime_operator.py
[2023-05-26T15:13:42.391+0700] {processor.py:826} INFO - Processing file /Users/kany/project-local/data-home/tranning-Airflow/venv/lib/python3.11/site-packages/airflow/example_dags/example_branch_datetime_operator.py for tasks to queue
[2023-05-26T15:13:42.392+0700] {logging_mixin.py:149} INFO - [2023-05-26T15:13:42.392+0700] {dagbag.py:541} INFO - Filling up the DagBag from /Users/kany/project-local/data-home/tranning-Airflow/venv/lib/python3.11/site-packages/airflow/example_dags/example_branch_datetime_operator.py
[2023-05-26T15:13:42.419+0700] {processor.py:836} INFO - DAG(s) dict_keys(['example_branch_datetime_operator_3', 'example_branch_datetime_operator', 'example_branch_datetime_operator_2']) retrieved from /Users/kany/project-local/data-home/tranning-Airflow/venv/lib/python3.11/site-packages/airflow/example_dags/example_branch_datetime_operator.py
[2023-05-26T15:13:43.363+0700] {logging_mixin.py:149} INFO - [2023-05-26T15:13:43.363+0700] {manager.py:504} INFO - Created Permission View: can delete on DAG:example_branch_datetime_operator_3
[2023-05-26T15:13:43.372+0700] {logging_mixin.py:149} INFO - [2023-05-26T15:13:43.372+0700] {manager.py:504} INFO - Created Permission View: can read on DAG:example_branch_datetime_operator_3
[2023-05-26T15:13:43.375+0700] {logging_mixin.py:149} INFO - [2023-05-26T15:13:43.375+0700] {manager.py:504} INFO - Created Permission View: can edit on DAG:example_branch_datetime_operator_3
[2023-05-26T15:13:43.385+0700] {logging_mixin.py:149} INFO - [2023-05-26T15:13:43.385+0700] {manager.py:504} INFO - Created Permission View: can delete on DAG:example_branch_datetime_operator
[2023-05-26T15:13:43.389+0700] {logging_mixin.py:149} INFO - [2023-05-26T15:13:43.389+0700] {manager.py:504} INFO - Created Permission View: can read on DAG:example_branch_datetime_operator
[2023-05-26T15:13:43.393+0700] {logging_mixin.py:149} INFO - [2023-05-26T15:13:43.393+0700] {manager.py:504} INFO - Created Permission View: can edit on DAG:example_branch_datetime_operator
[2023-05-26T15:13:43.401+0700] {logging_mixin.py:149} INFO - [2023-05-26T15:13:43.401+0700] {manager.py:504} INFO - Created Permission View: can delete on DAG:example_branch_datetime_operator_2
[2023-05-26T15:13:43.406+0700] {logging_mixin.py:149} INFO - [2023-05-26T15:13:43.406+0700] {manager.py:504} INFO - Created Permission View: can read on DAG:example_branch_datetime_operator_2
[2023-05-26T15:13:43.461+0700] {logging_mixin.py:149} INFO - [2023-05-26T15:13:43.461+0700] {manager.py:504} INFO - Created Permission View: can edit on DAG:example_branch_datetime_operator_2
[2023-05-26T15:13:43.462+0700] {logging_mixin.py:149} INFO - [2023-05-26T15:13:43.462+0700] {dag.py:2726} INFO - Sync 3 DAGs
[2023-05-26T15:13:43.507+0700] {logging_mixin.py:149} INFO - [2023-05-26T15:13:43.507+0700] {dag.py:2747} INFO - Creating ORM DAG for example_branch_datetime_operator_3
[2023-05-26T15:13:43.507+0700] {logging_mixin.py:149} INFO - [2023-05-26T15:13:43.507+0700] {dag.py:2747} INFO - Creating ORM DAG for example_branch_datetime_operator
[2023-05-26T15:13:43.507+0700] {logging_mixin.py:149} INFO - [2023-05-26T15:13:43.507+0700] {dag.py:2747} INFO - Creating ORM DAG for example_branch_datetime_operator_2
[2023-05-26T15:13:43.511+0700] {logging_mixin.py:149} INFO - [2023-05-26T15:13:43.511+0700] {dag.py:3486} INFO - Setting next_dagrun for example_branch_datetime_operator to 2023-05-25T00:00:00+00:00, run_after=2023-05-26T00:00:00+00:00
[2023-05-26T15:13:43.512+0700] {logging_mixin.py:149} INFO - [2023-05-26T15:13:43.512+0700] {dag.py:3486} INFO - Setting next_dagrun for example_branch_datetime_operator_2 to 2023-05-25T00:00:00+00:00, run_after=2023-05-26T00:00:00+00:00
[2023-05-26T15:13:43.513+0700] {logging_mixin.py:149} INFO - [2023-05-26T15:13:43.513+0700] {dag.py:3486} INFO - Setting next_dagrun for example_branch_datetime_operator_3 to 2023-05-25T00:00:00+00:00, run_after=2023-05-26T00:00:00+00:00
[2023-05-26T15:13:43.524+0700] {processor.py:179} INFO - Processing /Users/kany/project-local/data-home/tranning-Airflow/venv/lib/python3.11/site-packages/airflow/example_dags/example_branch_datetime_operator.py took 1.134 seconds
[2023-05-26T15:16:26.973+0700] {processor.py:157} INFO - Started process (PID=51351) to work on /Users/kany/project-local/data-home/tranning-Airflow/venv/lib/python3.11/site-packages/airflow/example_dags/example_branch_datetime_operator.py
[2023-05-26T15:16:26.974+0700] {processor.py:826} INFO - Processing file /Users/kany/project-local/data-home/tranning-Airflow/venv/lib/python3.11/site-packages/airflow/example_dags/example_branch_datetime_operator.py for tasks to queue
[2023-05-26T15:16:26.974+0700] {logging_mixin.py:149} INFO - [2023-05-26T15:16:26.974+0700] {dagbag.py:541} INFO - Filling up the DagBag from /Users/kany/project-local/data-home/tranning-Airflow/venv/lib/python3.11/site-packages/airflow/example_dags/example_branch_datetime_operator.py
[2023-05-26T15:16:27.006+0700] {processor.py:836} INFO - DAG(s) dict_keys(['example_branch_datetime_operator_3', 'example_branch_datetime_operator_2', 'example_branch_datetime_operator']) retrieved from /Users/kany/project-local/data-home/tranning-Airflow/venv/lib/python3.11/site-packages/airflow/example_dags/example_branch_datetime_operator.py
[2023-05-26T15:16:27.576+0700] {logging_mixin.py:149} INFO - [2023-05-26T15:16:27.576+0700] {dag.py:2726} INFO - Sync 3 DAGs
[2023-05-26T15:16:27.582+0700] {logging_mixin.py:149} INFO - [2023-05-26T15:16:27.582+0700] {dag.py:3486} INFO - Setting next_dagrun for example_branch_datetime_operator to 2023-05-25T00:00:00+00:00, run_after=2023-05-26T00:00:00+00:00
[2023-05-26T15:16:27.584+0700] {logging_mixin.py:149} INFO - [2023-05-26T15:16:27.584+0700] {dag.py:3486} INFO - Setting next_dagrun for example_branch_datetime_operator_2 to 2023-05-25T00:00:00+00:00, run_after=2023-05-26T00:00:00+00:00
[2023-05-26T15:16:27.584+0700] {logging_mixin.py:149} INFO - [2023-05-26T15:16:27.584+0700] {dag.py:3486} INFO - Setting next_dagrun for example_branch_datetime_operator_3 to 2023-05-25T00:00:00+00:00, run_after=2023-05-26T00:00:00+00:00
[2023-05-26T15:16:27.591+0700] {processor.py:179} INFO - Processing /Users/kany/project-local/data-home/tranning-Airflow/venv/lib/python3.11/site-packages/airflow/example_dags/example_branch_datetime_operator.py took 0.619 seconds
[2023-05-26T15:18:56.993+0700] {processor.py:157} INFO - Started process (PID=51512) to work on /Users/kany/project-local/data-home/tranning-Airflow/venv/lib/python3.11/site-packages/airflow/example_dags/example_branch_datetime_operator.py
[2023-05-26T15:18:56.993+0700] {processor.py:826} INFO - Processing file /Users/kany/project-local/data-home/tranning-Airflow/venv/lib/python3.11/site-packages/airflow/example_dags/example_branch_datetime_operator.py for tasks to queue
[2023-05-26T15:18:56.994+0700] {logging_mixin.py:149} INFO - [2023-05-26T15:18:56.994+0700] {dagbag.py:541} INFO - Filling up the DagBag from /Users/kany/project-local/data-home/tranning-Airflow/venv/lib/python3.11/site-packages/airflow/example_dags/example_branch_datetime_operator.py
[2023-05-26T15:18:57.009+0700] {processor.py:836} INFO - DAG(s) dict_keys(['example_branch_datetime_operator_2', 'example_branch_datetime_operator_3', 'example_branch_datetime_operator']) retrieved from /Users/kany/project-local/data-home/tranning-Airflow/venv/lib/python3.11/site-packages/airflow/example_dags/example_branch_datetime_operator.py
[2023-05-26T15:18:57.504+0700] {logging_mixin.py:149} INFO - [2023-05-26T15:18:57.504+0700] {dag.py:2726} INFO - Sync 3 DAGs
[2023-05-26T15:18:57.511+0700] {logging_mixin.py:149} INFO - [2023-05-26T15:18:57.510+0700] {dag.py:3486} INFO - Setting next_dagrun for example_branch_datetime_operator to 2023-05-25T00:00:00+00:00, run_after=2023-05-26T00:00:00+00:00
[2023-05-26T15:18:57.512+0700] {logging_mixin.py:149} INFO - [2023-05-26T15:18:57.512+0700] {dag.py:3486} INFO - Setting next_dagrun for example_branch_datetime_operator_2 to 2023-05-25T00:00:00+00:00, run_after=2023-05-26T00:00:00+00:00
[2023-05-26T15:18:57.512+0700] {logging_mixin.py:149} INFO - [2023-05-26T15:18:57.512+0700] {dag.py:3486} INFO - Setting next_dagrun for example_branch_datetime_operator_3 to 2023-05-25T00:00:00+00:00, run_after=2023-05-26T00:00:00+00:00
[2023-05-26T15:18:57.520+0700] {processor.py:179} INFO - Processing /Users/kany/project-local/data-home/tranning-Airflow/venv/lib/python3.11/site-packages/airflow/example_dags/example_branch_datetime_operator.py took 0.527 seconds
[2023-05-26T15:21:19.319+0700] {processor.py:157} INFO - Started process (PID=51700) to work on /Users/kany/project-local/data-home/tranning-Airflow/venv/lib/python3.11/site-packages/airflow/example_dags/example_branch_datetime_operator.py
[2023-05-26T15:21:19.319+0700] {processor.py:826} INFO - Processing file /Users/kany/project-local/data-home/tranning-Airflow/venv/lib/python3.11/site-packages/airflow/example_dags/example_branch_datetime_operator.py for tasks to queue
[2023-05-26T15:21:19.319+0700] {logging_mixin.py:149} INFO - [2023-05-26T15:21:19.319+0700] {dagbag.py:541} INFO - Filling up the DagBag from /Users/kany/project-local/data-home/tranning-Airflow/venv/lib/python3.11/site-packages/airflow/example_dags/example_branch_datetime_operator.py
[2023-05-26T15:21:19.343+0700] {processor.py:836} INFO - DAG(s) dict_keys(['example_branch_datetime_operator_2', 'example_branch_datetime_operator_3', 'example_branch_datetime_operator']) retrieved from /Users/kany/project-local/data-home/tranning-Airflow/venv/lib/python3.11/site-packages/airflow/example_dags/example_branch_datetime_operator.py
[2023-05-26T15:21:19.799+0700] {logging_mixin.py:149} INFO - [2023-05-26T15:21:19.799+0700] {dag.py:2726} INFO - Sync 3 DAGs
[2023-05-26T15:21:19.806+0700] {logging_mixin.py:149} INFO - [2023-05-26T15:21:19.806+0700] {dag.py:3486} INFO - Setting next_dagrun for example_branch_datetime_operator to 2023-05-25T00:00:00+00:00, run_after=2023-05-26T00:00:00+00:00
[2023-05-26T15:21:19.807+0700] {logging_mixin.py:149} INFO - [2023-05-26T15:21:19.807+0700] {dag.py:3486} INFO - Setting next_dagrun for example_branch_datetime_operator_2 to 2023-05-25T00:00:00+00:00, run_after=2023-05-26T00:00:00+00:00
[2023-05-26T15:21:19.807+0700] {logging_mixin.py:149} INFO - [2023-05-26T15:21:19.807+0700] {dag.py:3486} INFO - Setting next_dagrun for example_branch_datetime_operator_3 to 2023-05-25T00:00:00+00:00, run_after=2023-05-26T00:00:00+00:00
[2023-05-26T15:21:19.815+0700] {processor.py:179} INFO - Processing /Users/kany/project-local/data-home/tranning-Airflow/venv/lib/python3.11/site-packages/airflow/example_dags/example_branch_datetime_operator.py took 0.497 seconds
[2023-05-26T15:23:22.811+0700] {processor.py:157} INFO - Started process (PID=51770) to work on /Users/kany/project-local/data-home/tranning-Airflow/venv/lib/python3.11/site-packages/airflow/example_dags/example_branch_datetime_operator.py
[2023-05-26T15:23:22.812+0700] {processor.py:826} INFO - Processing file /Users/kany/project-local/data-home/tranning-Airflow/venv/lib/python3.11/site-packages/airflow/example_dags/example_branch_datetime_operator.py for tasks to queue
[2023-05-26T15:23:22.812+0700] {logging_mixin.py:149} INFO - [2023-05-26T15:23:22.812+0700] {dagbag.py:541} INFO - Filling up the DagBag from /Users/kany/project-local/data-home/tranning-Airflow/venv/lib/python3.11/site-packages/airflow/example_dags/example_branch_datetime_operator.py
[2023-05-26T15:23:22.827+0700] {processor.py:836} INFO - DAG(s) dict_keys(['example_branch_datetime_operator', 'example_branch_datetime_operator_2', 'example_branch_datetime_operator_3']) retrieved from /Users/kany/project-local/data-home/tranning-Airflow/venv/lib/python3.11/site-packages/airflow/example_dags/example_branch_datetime_operator.py
[2023-05-26T15:23:23.258+0700] {logging_mixin.py:149} INFO - [2023-05-26T15:23:23.258+0700] {dag.py:2726} INFO - Sync 3 DAGs
[2023-05-26T15:23:23.265+0700] {logging_mixin.py:149} INFO - [2023-05-26T15:23:23.264+0700] {dag.py:3486} INFO - Setting next_dagrun for example_branch_datetime_operator to 2023-05-25T00:00:00+00:00, run_after=2023-05-26T00:00:00+00:00
[2023-05-26T15:23:23.266+0700] {logging_mixin.py:149} INFO - [2023-05-26T15:23:23.266+0700] {dag.py:3486} INFO - Setting next_dagrun for example_branch_datetime_operator_2 to 2023-05-25T00:00:00+00:00, run_after=2023-05-26T00:00:00+00:00
[2023-05-26T15:23:23.266+0700] {logging_mixin.py:149} INFO - [2023-05-26T15:23:23.266+0700] {dag.py:3486} INFO - Setting next_dagrun for example_branch_datetime_operator_3 to 2023-05-25T00:00:00+00:00, run_after=2023-05-26T00:00:00+00:00
[2023-05-26T15:23:23.273+0700] {processor.py:179} INFO - Processing /Users/kany/project-local/data-home/tranning-Airflow/venv/lib/python3.11/site-packages/airflow/example_dags/example_branch_datetime_operator.py took 0.463 seconds
[2023-05-26T15:25:30.858+0700] {processor.py:157} INFO - Started process (PID=51879) to work on /Users/kany/project-local/data-home/tranning-Airflow/venv/lib/python3.11/site-packages/airflow/example_dags/example_branch_datetime_operator.py
[2023-05-26T15:25:30.859+0700] {processor.py:826} INFO - Processing file /Users/kany/project-local/data-home/tranning-Airflow/venv/lib/python3.11/site-packages/airflow/example_dags/example_branch_datetime_operator.py for tasks to queue
[2023-05-26T15:25:30.859+0700] {logging_mixin.py:149} INFO - [2023-05-26T15:25:30.859+0700] {dagbag.py:541} INFO - Filling up the DagBag from /Users/kany/project-local/data-home/tranning-Airflow/venv/lib/python3.11/site-packages/airflow/example_dags/example_branch_datetime_operator.py
[2023-05-26T15:25:30.874+0700] {processor.py:836} INFO - DAG(s) dict_keys(['example_branch_datetime_operator_2', 'example_branch_datetime_operator', 'example_branch_datetime_operator_3']) retrieved from /Users/kany/project-local/data-home/tranning-Airflow/venv/lib/python3.11/site-packages/airflow/example_dags/example_branch_datetime_operator.py
[2023-05-26T15:25:31.376+0700] {logging_mixin.py:149} INFO - [2023-05-26T15:25:31.376+0700] {dag.py:2726} INFO - Sync 3 DAGs
[2023-05-26T15:25:31.382+0700] {logging_mixin.py:149} INFO - [2023-05-26T15:25:31.382+0700] {dag.py:3486} INFO - Setting next_dagrun for example_branch_datetime_operator to 2023-05-25T00:00:00+00:00, run_after=2023-05-26T00:00:00+00:00
[2023-05-26T15:25:31.383+0700] {logging_mixin.py:149} INFO - [2023-05-26T15:25:31.383+0700] {dag.py:3486} INFO - Setting next_dagrun for example_branch_datetime_operator_2 to 2023-05-25T00:00:00+00:00, run_after=2023-05-26T00:00:00+00:00
[2023-05-26T15:25:31.384+0700] {logging_mixin.py:149} INFO - [2023-05-26T15:25:31.384+0700] {dag.py:3486} INFO - Setting next_dagrun for example_branch_datetime_operator_3 to 2023-05-25T00:00:00+00:00, run_after=2023-05-26T00:00:00+00:00
[2023-05-26T15:25:31.391+0700] {processor.py:179} INFO - Processing /Users/kany/project-local/data-home/tranning-Airflow/venv/lib/python3.11/site-packages/airflow/example_dags/example_branch_datetime_operator.py took 0.533 seconds
[2023-05-26T15:27:37.240+0700] {processor.py:157} INFO - Started process (PID=52125) to work on /Users/kany/project-local/data-home/tranning-Airflow/venv/lib/python3.11/site-packages/airflow/example_dags/example_branch_datetime_operator.py
[2023-05-26T15:27:37.241+0700] {processor.py:826} INFO - Processing file /Users/kany/project-local/data-home/tranning-Airflow/venv/lib/python3.11/site-packages/airflow/example_dags/example_branch_datetime_operator.py for tasks to queue
[2023-05-26T15:27:37.241+0700] {logging_mixin.py:149} INFO - [2023-05-26T15:27:37.241+0700] {dagbag.py:541} INFO - Filling up the DagBag from /Users/kany/project-local/data-home/tranning-Airflow/venv/lib/python3.11/site-packages/airflow/example_dags/example_branch_datetime_operator.py
[2023-05-26T15:27:37.267+0700] {processor.py:836} INFO - DAG(s) dict_keys(['example_branch_datetime_operator_2', 'example_branch_datetime_operator_3', 'example_branch_datetime_operator']) retrieved from /Users/kany/project-local/data-home/tranning-Airflow/venv/lib/python3.11/site-packages/airflow/example_dags/example_branch_datetime_operator.py
[2023-05-26T15:27:37.795+0700] {logging_mixin.py:149} INFO - [2023-05-26T15:27:37.795+0700] {dag.py:2726} INFO - Sync 3 DAGs
[2023-05-26T15:27:37.802+0700] {logging_mixin.py:149} INFO - [2023-05-26T15:27:37.802+0700] {dag.py:3486} INFO - Setting next_dagrun for example_branch_datetime_operator to 2023-05-25T00:00:00+00:00, run_after=2023-05-26T00:00:00+00:00
[2023-05-26T15:27:37.803+0700] {logging_mixin.py:149} INFO - [2023-05-26T15:27:37.803+0700] {dag.py:3486} INFO - Setting next_dagrun for example_branch_datetime_operator_2 to 2023-05-25T00:00:00+00:00, run_after=2023-05-26T00:00:00+00:00
[2023-05-26T15:27:37.812+0700] {logging_mixin.py:149} INFO - [2023-05-26T15:27:37.812+0700] {dag.py:3486} INFO - Setting next_dagrun for example_branch_datetime_operator_3 to 2023-05-25T00:00:00+00:00, run_after=2023-05-26T00:00:00+00:00
[2023-05-26T15:27:37.824+0700] {processor.py:179} INFO - Processing /Users/kany/project-local/data-home/tranning-Airflow/venv/lib/python3.11/site-packages/airflow/example_dags/example_branch_datetime_operator.py took 0.584 seconds
[2023-05-26T15:29:50.779+0700] {processor.py:157} INFO - Started process (PID=52362) to work on /Users/kany/project-local/data-home/tranning-Airflow/venv/lib/python3.11/site-packages/airflow/example_dags/example_branch_datetime_operator.py
[2023-05-26T15:29:50.781+0700] {processor.py:826} INFO - Processing file /Users/kany/project-local/data-home/tranning-Airflow/venv/lib/python3.11/site-packages/airflow/example_dags/example_branch_datetime_operator.py for tasks to queue
[2023-05-26T15:29:50.781+0700] {logging_mixin.py:149} INFO - [2023-05-26T15:29:50.781+0700] {dagbag.py:541} INFO - Filling up the DagBag from /Users/kany/project-local/data-home/tranning-Airflow/venv/lib/python3.11/site-packages/airflow/example_dags/example_branch_datetime_operator.py
[2023-05-26T15:29:50.809+0700] {processor.py:836} INFO - DAG(s) dict_keys(['example_branch_datetime_operator_2', 'example_branch_datetime_operator_3', 'example_branch_datetime_operator']) retrieved from /Users/kany/project-local/data-home/tranning-Airflow/venv/lib/python3.11/site-packages/airflow/example_dags/example_branch_datetime_operator.py
[2023-05-26T15:29:51.758+0700] {logging_mixin.py:149} INFO - [2023-05-26T15:29:51.758+0700] {dag.py:2726} INFO - Sync 3 DAGs
[2023-05-26T15:29:51.770+0700] {logging_mixin.py:149} INFO - [2023-05-26T15:29:51.770+0700] {dag.py:3486} INFO - Setting next_dagrun for example_branch_datetime_operator to 2023-05-25T00:00:00+00:00, run_after=2023-05-26T00:00:00+00:00
[2023-05-26T15:29:51.773+0700] {logging_mixin.py:149} INFO - [2023-05-26T15:29:51.773+0700] {dag.py:3486} INFO - Setting next_dagrun for example_branch_datetime_operator_2 to 2023-05-25T00:00:00+00:00, run_after=2023-05-26T00:00:00+00:00
[2023-05-26T15:29:51.774+0700] {logging_mixin.py:149} INFO - [2023-05-26T15:29:51.774+0700] {dag.py:3486} INFO - Setting next_dagrun for example_branch_datetime_operator_3 to 2023-05-25T00:00:00+00:00, run_after=2023-05-26T00:00:00+00:00
[2023-05-26T15:29:51.783+0700] {processor.py:179} INFO - Processing /Users/kany/project-local/data-home/tranning-Airflow/venv/lib/python3.11/site-packages/airflow/example_dags/example_branch_datetime_operator.py took 1.004 seconds
[2023-05-26T15:32:03.071+0700] {processor.py:157} INFO - Started process (PID=52468) to work on /Users/kany/project-local/data-home/tranning-Airflow/venv/lib/python3.11/site-packages/airflow/example_dags/example_branch_datetime_operator.py
[2023-05-26T15:32:03.071+0700] {processor.py:826} INFO - Processing file /Users/kany/project-local/data-home/tranning-Airflow/venv/lib/python3.11/site-packages/airflow/example_dags/example_branch_datetime_operator.py for tasks to queue
[2023-05-26T15:32:03.072+0700] {logging_mixin.py:149} INFO - [2023-05-26T15:32:03.072+0700] {dagbag.py:541} INFO - Filling up the DagBag from /Users/kany/project-local/data-home/tranning-Airflow/venv/lib/python3.11/site-packages/airflow/example_dags/example_branch_datetime_operator.py
[2023-05-26T15:32:03.086+0700] {processor.py:836} INFO - DAG(s) dict_keys(['example_branch_datetime_operator_2', 'example_branch_datetime_operator_3', 'example_branch_datetime_operator']) retrieved from /Users/kany/project-local/data-home/tranning-Airflow/venv/lib/python3.11/site-packages/airflow/example_dags/example_branch_datetime_operator.py
[2023-05-26T15:32:03.510+0700] {logging_mixin.py:149} INFO - [2023-05-26T15:32:03.510+0700] {dag.py:2726} INFO - Sync 3 DAGs
[2023-05-26T15:32:03.517+0700] {logging_mixin.py:149} INFO - [2023-05-26T15:32:03.517+0700] {dag.py:3486} INFO - Setting next_dagrun for example_branch_datetime_operator to 2023-05-25T00:00:00+00:00, run_after=2023-05-26T00:00:00+00:00
[2023-05-26T15:32:03.518+0700] {logging_mixin.py:149} INFO - [2023-05-26T15:32:03.518+0700] {dag.py:3486} INFO - Setting next_dagrun for example_branch_datetime_operator_2 to 2023-05-25T00:00:00+00:00, run_after=2023-05-26T00:00:00+00:00
[2023-05-26T15:32:03.518+0700] {logging_mixin.py:149} INFO - [2023-05-26T15:32:03.518+0700] {dag.py:3486} INFO - Setting next_dagrun for example_branch_datetime_operator_3 to 2023-05-25T00:00:00+00:00, run_after=2023-05-26T00:00:00+00:00
[2023-05-26T15:32:03.525+0700] {processor.py:179} INFO - Processing /Users/kany/project-local/data-home/tranning-Airflow/venv/lib/python3.11/site-packages/airflow/example_dags/example_branch_datetime_operator.py took 0.454 seconds
