[2023-05-26T15:13:30.342+0700] {processor.py:157} INFO - Started process (PID=51189) to work on /Users/kany/project-local/data-home/tranning-Airflow/venv/lib/python3.11/site-packages/airflow/example_dags/example_branch_operator_decorator.py
[2023-05-26T15:13:30.343+0700] {processor.py:826} INFO - Processing file /Users/kany/project-local/data-home/tranning-Airflow/venv/lib/python3.11/site-packages/airflow/example_dags/example_branch_operator_decorator.py for tasks to queue
[2023-05-26T15:13:30.343+0700] {logging_mixin.py:149} INFO - [2023-05-26T15:13:30.343+0700] {dagbag.py:541} INFO - Filling up the DagBag from /Users/kany/project-local/data-home/tranning-Airflow/venv/lib/python3.11/site-packages/airflow/example_dags/example_branch_operator_decorator.py
[2023-05-26T15:13:30.398+0700] {processor.py:836} INFO - DAG(s) dict_keys(['example_branch_python_operator_decorator']) retrieved from /Users/kany/project-local/data-home/tranning-Airflow/venv/lib/python3.11/site-packages/airflow/example_dags/example_branch_operator_decorator.py
[2023-05-26T15:13:31.297+0700] {logging_mixin.py:149} INFO - [2023-05-26T15:13:31.297+0700] {manager.py:504} INFO - Created Permission View: can edit on DAG:example_branch_python_operator_decorator
[2023-05-26T15:13:31.303+0700] {logging_mixin.py:149} INFO - [2023-05-26T15:13:31.302+0700] {manager.py:504} INFO - Created Permission View: can delete on DAG:example_branch_python_operator_decorator
[2023-05-26T15:13:31.307+0700] {logging_mixin.py:149} INFO - [2023-05-26T15:13:31.307+0700] {manager.py:504} INFO - Created Permission View: can read on DAG:example_branch_python_operator_decorator
[2023-05-26T15:13:31.307+0700] {logging_mixin.py:149} INFO - [2023-05-26T15:13:31.307+0700] {dag.py:2726} INFO - Sync 1 DAGs
[2023-05-26T15:13:31.312+0700] {logging_mixin.py:149} INFO - [2023-05-26T15:13:31.312+0700] {dag.py:2747} INFO - Creating ORM DAG for example_branch_python_operator_decorator
[2023-05-26T15:13:31.315+0700] {logging_mixin.py:149} INFO - [2023-05-26T15:13:31.315+0700] {dag.py:3486} INFO - Setting next_dagrun for example_branch_python_operator_decorator to 2023-05-25T00:00:00+00:00, run_after=2023-05-26T00:00:00+00:00
[2023-05-26T15:13:31.328+0700] {processor.py:179} INFO - Processing /Users/kany/project-local/data-home/tranning-Airflow/venv/lib/python3.11/site-packages/airflow/example_dags/example_branch_operator_decorator.py took 0.986 seconds
[2023-05-26T15:16:17.613+0700] {processor.py:157} INFO - Started process (PID=51343) to work on /Users/kany/project-local/data-home/tranning-Airflow/venv/lib/python3.11/site-packages/airflow/example_dags/example_branch_operator_decorator.py
[2023-05-26T15:16:17.614+0700] {processor.py:826} INFO - Processing file /Users/kany/project-local/data-home/tranning-Airflow/venv/lib/python3.11/site-packages/airflow/example_dags/example_branch_operator_decorator.py for tasks to queue
[2023-05-26T15:16:17.614+0700] {logging_mixin.py:149} INFO - [2023-05-26T15:16:17.614+0700] {dagbag.py:541} INFO - Filling up the DagBag from /Users/kany/project-local/data-home/tranning-Airflow/venv/lib/python3.11/site-packages/airflow/example_dags/example_branch_operator_decorator.py
[2023-05-26T15:16:17.647+0700] {processor.py:836} INFO - DAG(s) dict_keys(['example_branch_python_operator_decorator']) retrieved from /Users/kany/project-local/data-home/tranning-Airflow/venv/lib/python3.11/site-packages/airflow/example_dags/example_branch_operator_decorator.py
[2023-05-26T15:16:18.379+0700] {logging_mixin.py:149} INFO - [2023-05-26T15:16:18.379+0700] {dag.py:2726} INFO - Sync 1 DAGs
[2023-05-26T15:16:18.386+0700] {logging_mixin.py:149} INFO - [2023-05-26T15:16:18.386+0700] {dag.py:3486} INFO - Setting next_dagrun for example_branch_python_operator_decorator to 2023-05-25T00:00:00+00:00, run_after=2023-05-26T00:00:00+00:00
[2023-05-26T15:16:18.396+0700] {processor.py:179} INFO - Processing /Users/kany/project-local/data-home/tranning-Airflow/venv/lib/python3.11/site-packages/airflow/example_dags/example_branch_operator_decorator.py took 0.784 seconds
[2023-05-26T15:18:48.591+0700] {processor.py:157} INFO - Started process (PID=51506) to work on /Users/kany/project-local/data-home/tranning-Airflow/venv/lib/python3.11/site-packages/airflow/example_dags/example_branch_operator_decorator.py
[2023-05-26T15:18:48.593+0700] {processor.py:826} INFO - Processing file /Users/kany/project-local/data-home/tranning-Airflow/venv/lib/python3.11/site-packages/airflow/example_dags/example_branch_operator_decorator.py for tasks to queue
[2023-05-26T15:18:48.593+0700] {logging_mixin.py:149} INFO - [2023-05-26T15:18:48.593+0700] {dagbag.py:541} INFO - Filling up the DagBag from /Users/kany/project-local/data-home/tranning-Airflow/venv/lib/python3.11/site-packages/airflow/example_dags/example_branch_operator_decorator.py
[2023-05-26T15:18:48.627+0700] {processor.py:836} INFO - DAG(s) dict_keys(['example_branch_python_operator_decorator']) retrieved from /Users/kany/project-local/data-home/tranning-Airflow/venv/lib/python3.11/site-packages/airflow/example_dags/example_branch_operator_decorator.py
[2023-05-26T15:18:49.235+0700] {logging_mixin.py:149} INFO - [2023-05-26T15:18:49.235+0700] {dag.py:2726} INFO - Sync 1 DAGs
[2023-05-26T15:18:49.241+0700] {logging_mixin.py:149} INFO - [2023-05-26T15:18:49.241+0700] {dag.py:3486} INFO - Setting next_dagrun for example_branch_python_operator_decorator to 2023-05-25T00:00:00+00:00, run_after=2023-05-26T00:00:00+00:00
[2023-05-26T15:18:49.249+0700] {processor.py:179} INFO - Processing /Users/kany/project-local/data-home/tranning-Airflow/venv/lib/python3.11/site-packages/airflow/example_dags/example_branch_operator_decorator.py took 0.658 seconds
[2023-05-26T15:21:11.054+0700] {processor.py:157} INFO - Started process (PID=51696) to work on /Users/kany/project-local/data-home/tranning-Airflow/venv/lib/python3.11/site-packages/airflow/example_dags/example_branch_operator_decorator.py
[2023-05-26T15:21:11.054+0700] {processor.py:826} INFO - Processing file /Users/kany/project-local/data-home/tranning-Airflow/venv/lib/python3.11/site-packages/airflow/example_dags/example_branch_operator_decorator.py for tasks to queue
[2023-05-26T15:21:11.054+0700] {logging_mixin.py:149} INFO - [2023-05-26T15:21:11.054+0700] {dagbag.py:541} INFO - Filling up the DagBag from /Users/kany/project-local/data-home/tranning-Airflow/venv/lib/python3.11/site-packages/airflow/example_dags/example_branch_operator_decorator.py
[2023-05-26T15:21:11.090+0700] {processor.py:836} INFO - DAG(s) dict_keys(['example_branch_python_operator_decorator']) retrieved from /Users/kany/project-local/data-home/tranning-Airflow/venv/lib/python3.11/site-packages/airflow/example_dags/example_branch_operator_decorator.py
[2023-05-26T15:21:11.498+0700] {logging_mixin.py:149} INFO - [2023-05-26T15:21:11.498+0700] {dag.py:2726} INFO - Sync 1 DAGs
[2023-05-26T15:21:11.504+0700] {logging_mixin.py:149} INFO - [2023-05-26T15:21:11.504+0700] {dag.py:3486} INFO - Setting next_dagrun for example_branch_python_operator_decorator to 2023-05-25T00:00:00+00:00, run_after=2023-05-26T00:00:00+00:00
[2023-05-26T15:21:11.511+0700] {processor.py:179} INFO - Processing /Users/kany/project-local/data-home/tranning-Airflow/venv/lib/python3.11/site-packages/airflow/example_dags/example_branch_operator_decorator.py took 0.457 seconds
[2023-05-26T15:23:14.961+0700] {processor.py:157} INFO - Started process (PID=51764) to work on /Users/kany/project-local/data-home/tranning-Airflow/venv/lib/python3.11/site-packages/airflow/example_dags/example_branch_operator_decorator.py
[2023-05-26T15:23:14.962+0700] {processor.py:826} INFO - Processing file /Users/kany/project-local/data-home/tranning-Airflow/venv/lib/python3.11/site-packages/airflow/example_dags/example_branch_operator_decorator.py for tasks to queue
[2023-05-26T15:23:14.962+0700] {logging_mixin.py:149} INFO - [2023-05-26T15:23:14.962+0700] {dagbag.py:541} INFO - Filling up the DagBag from /Users/kany/project-local/data-home/tranning-Airflow/venv/lib/python3.11/site-packages/airflow/example_dags/example_branch_operator_decorator.py
[2023-05-26T15:23:14.993+0700] {processor.py:836} INFO - DAG(s) dict_keys(['example_branch_python_operator_decorator']) retrieved from /Users/kany/project-local/data-home/tranning-Airflow/venv/lib/python3.11/site-packages/airflow/example_dags/example_branch_operator_decorator.py
[2023-05-26T15:23:15.444+0700] {logging_mixin.py:149} INFO - [2023-05-26T15:23:15.444+0700] {dag.py:2726} INFO - Sync 1 DAGs
[2023-05-26T15:23:15.450+0700] {logging_mixin.py:149} INFO - [2023-05-26T15:23:15.450+0700] {dag.py:3486} INFO - Setting next_dagrun for example_branch_python_operator_decorator to 2023-05-25T00:00:00+00:00, run_after=2023-05-26T00:00:00+00:00
[2023-05-26T15:23:15.458+0700] {processor.py:179} INFO - Processing /Users/kany/project-local/data-home/tranning-Airflow/venv/lib/python3.11/site-packages/airflow/example_dags/example_branch_operator_decorator.py took 0.498 seconds
[2023-05-26T15:25:22.314+0700] {processor.py:157} INFO - Started process (PID=51869) to work on /Users/kany/project-local/data-home/tranning-Airflow/venv/lib/python3.11/site-packages/airflow/example_dags/example_branch_operator_decorator.py
[2023-05-26T15:25:22.314+0700] {processor.py:826} INFO - Processing file /Users/kany/project-local/data-home/tranning-Airflow/venv/lib/python3.11/site-packages/airflow/example_dags/example_branch_operator_decorator.py for tasks to queue
[2023-05-26T15:25:22.315+0700] {logging_mixin.py:149} INFO - [2023-05-26T15:25:22.315+0700] {dagbag.py:541} INFO - Filling up the DagBag from /Users/kany/project-local/data-home/tranning-Airflow/venv/lib/python3.11/site-packages/airflow/example_dags/example_branch_operator_decorator.py
[2023-05-26T15:25:22.349+0700] {processor.py:836} INFO - DAG(s) dict_keys(['example_branch_python_operator_decorator']) retrieved from /Users/kany/project-local/data-home/tranning-Airflow/venv/lib/python3.11/site-packages/airflow/example_dags/example_branch_operator_decorator.py
[2023-05-26T15:25:22.941+0700] {logging_mixin.py:149} INFO - [2023-05-26T15:25:22.941+0700] {dag.py:2726} INFO - Sync 1 DAGs
[2023-05-26T15:25:22.947+0700] {logging_mixin.py:149} INFO - [2023-05-26T15:25:22.947+0700] {dag.py:3486} INFO - Setting next_dagrun for example_branch_python_operator_decorator to 2023-05-25T00:00:00+00:00, run_after=2023-05-26T00:00:00+00:00
[2023-05-26T15:25:22.955+0700] {processor.py:179} INFO - Processing /Users/kany/project-local/data-home/tranning-Airflow/venv/lib/python3.11/site-packages/airflow/example_dags/example_branch_operator_decorator.py took 0.641 seconds
[2023-05-26T15:27:28.627+0700] {processor.py:157} INFO - Started process (PID=52108) to work on /Users/kany/project-local/data-home/tranning-Airflow/venv/lib/python3.11/site-packages/airflow/example_dags/example_branch_operator_decorator.py
[2023-05-26T15:27:28.628+0700] {processor.py:826} INFO - Processing file /Users/kany/project-local/data-home/tranning-Airflow/venv/lib/python3.11/site-packages/airflow/example_dags/example_branch_operator_decorator.py for tasks to queue
[2023-05-26T15:27:28.628+0700] {logging_mixin.py:149} INFO - [2023-05-26T15:27:28.628+0700] {dagbag.py:541} INFO - Filling up the DagBag from /Users/kany/project-local/data-home/tranning-Airflow/venv/lib/python3.11/site-packages/airflow/example_dags/example_branch_operator_decorator.py
[2023-05-26T15:27:28.661+0700] {processor.py:836} INFO - DAG(s) dict_keys(['example_branch_python_operator_decorator']) retrieved from /Users/kany/project-local/data-home/tranning-Airflow/venv/lib/python3.11/site-packages/airflow/example_dags/example_branch_operator_decorator.py
[2023-05-26T15:27:29.119+0700] {logging_mixin.py:149} INFO - [2023-05-26T15:27:29.119+0700] {dag.py:2726} INFO - Sync 1 DAGs
[2023-05-26T15:27:29.125+0700] {logging_mixin.py:149} INFO - [2023-05-26T15:27:29.125+0700] {dag.py:3486} INFO - Setting next_dagrun for example_branch_python_operator_decorator to 2023-05-25T00:00:00+00:00, run_after=2023-05-26T00:00:00+00:00
[2023-05-26T15:27:29.133+0700] {processor.py:179} INFO - Processing /Users/kany/project-local/data-home/tranning-Airflow/venv/lib/python3.11/site-packages/airflow/example_dags/example_branch_operator_decorator.py took 0.506 seconds
[2023-05-26T15:29:42.408+0700] {processor.py:157} INFO - Started process (PID=52355) to work on /Users/kany/project-local/data-home/tranning-Airflow/venv/lib/python3.11/site-packages/airflow/example_dags/example_branch_operator_decorator.py
[2023-05-26T15:29:42.409+0700] {processor.py:826} INFO - Processing file /Users/kany/project-local/data-home/tranning-Airflow/venv/lib/python3.11/site-packages/airflow/example_dags/example_branch_operator_decorator.py for tasks to queue
[2023-05-26T15:29:42.409+0700] {logging_mixin.py:149} INFO - [2023-05-26T15:29:42.409+0700] {dagbag.py:541} INFO - Filling up the DagBag from /Users/kany/project-local/data-home/tranning-Airflow/venv/lib/python3.11/site-packages/airflow/example_dags/example_branch_operator_decorator.py
[2023-05-26T15:29:42.443+0700] {processor.py:836} INFO - DAG(s) dict_keys(['example_branch_python_operator_decorator']) retrieved from /Users/kany/project-local/data-home/tranning-Airflow/venv/lib/python3.11/site-packages/airflow/example_dags/example_branch_operator_decorator.py
[2023-05-26T15:29:42.938+0700] {logging_mixin.py:149} INFO - [2023-05-26T15:29:42.938+0700] {dag.py:2726} INFO - Sync 1 DAGs
[2023-05-26T15:29:42.945+0700] {logging_mixin.py:149} INFO - [2023-05-26T15:29:42.944+0700] {dag.py:3486} INFO - Setting next_dagrun for example_branch_python_operator_decorator to 2023-05-25T00:00:00+00:00, run_after=2023-05-26T00:00:00+00:00
[2023-05-26T15:29:42.952+0700] {processor.py:179} INFO - Processing /Users/kany/project-local/data-home/tranning-Airflow/venv/lib/python3.11/site-packages/airflow/example_dags/example_branch_operator_decorator.py took 0.544 seconds
[2023-05-26T15:31:54.862+0700] {processor.py:157} INFO - Started process (PID=52464) to work on /Users/kany/project-local/data-home/tranning-Airflow/venv/lib/python3.11/site-packages/airflow/example_dags/example_branch_operator_decorator.py
[2023-05-26T15:31:54.863+0700] {processor.py:826} INFO - Processing file /Users/kany/project-local/data-home/tranning-Airflow/venv/lib/python3.11/site-packages/airflow/example_dags/example_branch_operator_decorator.py for tasks to queue
[2023-05-26T15:31:54.863+0700] {logging_mixin.py:149} INFO - [2023-05-26T15:31:54.863+0700] {dagbag.py:541} INFO - Filling up the DagBag from /Users/kany/project-local/data-home/tranning-Airflow/venv/lib/python3.11/site-packages/airflow/example_dags/example_branch_operator_decorator.py
[2023-05-26T15:31:54.905+0700] {processor.py:836} INFO - DAG(s) dict_keys(['example_branch_python_operator_decorator']) retrieved from /Users/kany/project-local/data-home/tranning-Airflow/venv/lib/python3.11/site-packages/airflow/example_dags/example_branch_operator_decorator.py
[2023-05-26T15:31:55.427+0700] {logging_mixin.py:149} INFO - [2023-05-26T15:31:55.427+0700] {dag.py:2726} INFO - Sync 1 DAGs
[2023-05-26T15:31:55.433+0700] {logging_mixin.py:149} INFO - [2023-05-26T15:31:55.433+0700] {dag.py:3486} INFO - Setting next_dagrun for example_branch_python_operator_decorator to 2023-05-25T00:00:00+00:00, run_after=2023-05-26T00:00:00+00:00
[2023-05-26T15:31:55.440+0700] {processor.py:179} INFO - Processing /Users/kany/project-local/data-home/tranning-Airflow/venv/lib/python3.11/site-packages/airflow/example_dags/example_branch_operator_decorator.py took 0.579 seconds
