[2023-05-26T15:12:16.311+0700] {processor.py:157} INFO - Started process (PID=51122) to work on /Users/kany/project-local/data-home/tranning-Airflow/venv/lib/python3.11/site-packages/airflow/example_dags/example_trigger_controller_dag.py
[2023-05-26T15:12:16.311+0700] {processor.py:826} INFO - Processing file /Users/kany/project-local/data-home/tranning-Airflow/venv/lib/python3.11/site-packages/airflow/example_dags/example_trigger_controller_dag.py for tasks to queue
[2023-05-26T15:12:16.311+0700] {logging_mixin.py:149} INFO - [2023-05-26T15:12:16.311+0700] {dagbag.py:541} INFO - Filling up the DagBag from /Users/kany/project-local/data-home/tranning-Airflow/venv/lib/python3.11/site-packages/airflow/example_dags/example_trigger_controller_dag.py
[2023-05-26T15:12:16.357+0700] {processor.py:836} INFO - DAG(s) dict_keys(['example_trigger_controller_dag']) retrieved from /Users/kany/project-local/data-home/tranning-Airflow/venv/lib/python3.11/site-packages/airflow/example_dags/example_trigger_controller_dag.py
[2023-05-26T15:12:17.039+0700] {logging_mixin.py:149} INFO - [2023-05-26T15:12:17.039+0700] {manager.py:504} INFO - Created Permission View: can read on DAG:example_trigger_controller_dag
[2023-05-26T15:12:17.042+0700] {logging_mixin.py:149} INFO - [2023-05-26T15:12:17.042+0700] {manager.py:504} INFO - Created Permission View: can delete on DAG:example_trigger_controller_dag
[2023-05-26T15:12:17.045+0700] {logging_mixin.py:149} INFO - [2023-05-26T15:12:17.045+0700] {manager.py:504} INFO - Created Permission View: can edit on DAG:example_trigger_controller_dag
[2023-05-26T15:12:17.045+0700] {logging_mixin.py:149} INFO - [2023-05-26T15:12:17.045+0700] {dag.py:2726} INFO - Sync 1 DAGs
[2023-05-26T15:12:17.076+0700] {logging_mixin.py:149} INFO - [2023-05-26T15:12:17.076+0700] {dag.py:2747} INFO - Creating ORM DAG for example_trigger_controller_dag
[2023-05-26T15:12:17.079+0700] {logging_mixin.py:149} INFO - [2023-05-26T15:12:17.079+0700] {dag.py:3486} INFO - Setting next_dagrun for example_trigger_controller_dag to 2021-01-01T00:00:00+00:00, run_after=2021-01-01T00:00:00+00:00
[2023-05-26T15:12:17.086+0700] {processor.py:179} INFO - Processing /Users/kany/project-local/data-home/tranning-Airflow/venv/lib/python3.11/site-packages/airflow/example_dags/example_trigger_controller_dag.py took 0.776 seconds
[2023-05-26T15:14:19.121+0700] {processor.py:157} INFO - Started process (PID=51212) to work on /Users/kany/project-local/data-home/tranning-Airflow/venv/lib/python3.11/site-packages/airflow/example_dags/example_trigger_controller_dag.py
[2023-05-26T15:14:19.122+0700] {processor.py:826} INFO - Processing file /Users/kany/project-local/data-home/tranning-Airflow/venv/lib/python3.11/site-packages/airflow/example_dags/example_trigger_controller_dag.py for tasks to queue
[2023-05-26T15:14:19.122+0700] {logging_mixin.py:149} INFO - [2023-05-26T15:14:19.122+0700] {dagbag.py:541} INFO - Filling up the DagBag from /Users/kany/project-local/data-home/tranning-Airflow/venv/lib/python3.11/site-packages/airflow/example_dags/example_trigger_controller_dag.py
[2023-05-26T15:14:19.166+0700] {processor.py:836} INFO - DAG(s) dict_keys(['example_trigger_controller_dag']) retrieved from /Users/kany/project-local/data-home/tranning-Airflow/venv/lib/python3.11/site-packages/airflow/example_dags/example_trigger_controller_dag.py
[2023-05-26T15:14:20.241+0700] {logging_mixin.py:149} INFO - [2023-05-26T15:14:20.241+0700] {dag.py:2726} INFO - Sync 1 DAGs
[2023-05-26T15:14:20.248+0700] {logging_mixin.py:149} INFO - [2023-05-26T15:14:20.248+0700] {dag.py:3486} INFO - Setting next_dagrun for example_trigger_controller_dag to 2021-01-01T00:00:00+00:00, run_after=2021-01-01T00:00:00+00:00
[2023-05-26T15:14:20.259+0700] {processor.py:179} INFO - Processing /Users/kany/project-local/data-home/tranning-Airflow/venv/lib/python3.11/site-packages/airflow/example_dags/example_trigger_controller_dag.py took 1.138 seconds
[2023-05-26T15:15:43.561+0700] {processor.py:157} INFO - Started process (PID=51280) to work on /Users/kany/project-local/data-home/tranning-Airflow/venv/lib/python3.11/site-packages/airflow/example_dags/example_trigger_controller_dag.py
[2023-05-26T15:15:43.562+0700] {processor.py:826} INFO - Processing file /Users/kany/project-local/data-home/tranning-Airflow/venv/lib/python3.11/site-packages/airflow/example_dags/example_trigger_controller_dag.py for tasks to queue
[2023-05-26T15:15:43.562+0700] {logging_mixin.py:149} INFO - [2023-05-26T15:15:43.562+0700] {dagbag.py:541} INFO - Filling up the DagBag from /Users/kany/project-local/data-home/tranning-Airflow/venv/lib/python3.11/site-packages/airflow/example_dags/example_trigger_controller_dag.py
[2023-05-26T15:15:43.591+0700] {processor.py:836} INFO - DAG(s) dict_keys(['example_trigger_controller_dag']) retrieved from /Users/kany/project-local/data-home/tranning-Airflow/venv/lib/python3.11/site-packages/airflow/example_dags/example_trigger_controller_dag.py
[2023-05-26T15:15:45.281+0700] {logging_mixin.py:149} INFO - [2023-05-26T15:15:45.281+0700] {dag.py:2726} INFO - Sync 1 DAGs
[2023-05-26T15:15:45.287+0700] {logging_mixin.py:149} INFO - [2023-05-26T15:15:45.287+0700] {dag.py:3486} INFO - Setting next_dagrun for example_trigger_controller_dag to 2021-01-01T00:00:00+00:00, run_after=2021-01-01T00:00:00+00:00
[2023-05-26T15:15:45.296+0700] {processor.py:179} INFO - Processing /Users/kany/project-local/data-home/tranning-Airflow/venv/lib/python3.11/site-packages/airflow/example_dags/example_trigger_controller_dag.py took 1.735 seconds
[2023-05-26T15:17:01.767+0700] {processor.py:157} INFO - Started process (PID=51384) to work on /Users/kany/project-local/data-home/tranning-Airflow/venv/lib/python3.11/site-packages/airflow/example_dags/example_trigger_controller_dag.py
[2023-05-26T15:17:01.768+0700] {processor.py:826} INFO - Processing file /Users/kany/project-local/data-home/tranning-Airflow/venv/lib/python3.11/site-packages/airflow/example_dags/example_trigger_controller_dag.py for tasks to queue
[2023-05-26T15:17:01.768+0700] {logging_mixin.py:149} INFO - [2023-05-26T15:17:01.768+0700] {dagbag.py:541} INFO - Filling up the DagBag from /Users/kany/project-local/data-home/tranning-Airflow/venv/lib/python3.11/site-packages/airflow/example_dags/example_trigger_controller_dag.py
[2023-05-26T15:17:01.810+0700] {processor.py:836} INFO - DAG(s) dict_keys(['example_trigger_controller_dag']) retrieved from /Users/kany/project-local/data-home/tranning-Airflow/venv/lib/python3.11/site-packages/airflow/example_dags/example_trigger_controller_dag.py
[2023-05-26T15:17:02.615+0700] {logging_mixin.py:149} INFO - [2023-05-26T15:17:02.615+0700] {dag.py:2726} INFO - Sync 1 DAGs
[2023-05-26T15:17:02.622+0700] {logging_mixin.py:149} INFO - [2023-05-26T15:17:02.622+0700] {dag.py:3486} INFO - Setting next_dagrun for example_trigger_controller_dag to 2021-01-01T00:00:00+00:00, run_after=2021-01-01T00:00:00+00:00
[2023-05-26T15:17:02.638+0700] {processor.py:179} INFO - Processing /Users/kany/project-local/data-home/tranning-Airflow/venv/lib/python3.11/site-packages/airflow/example_dags/example_trigger_controller_dag.py took 0.872 seconds
[2023-05-26T15:18:14.710+0700] {processor.py:157} INFO - Started process (PID=51449) to work on /Users/kany/project-local/data-home/tranning-Airflow/venv/lib/python3.11/site-packages/airflow/example_dags/example_trigger_controller_dag.py
[2023-05-26T15:18:14.710+0700] {processor.py:826} INFO - Processing file /Users/kany/project-local/data-home/tranning-Airflow/venv/lib/python3.11/site-packages/airflow/example_dags/example_trigger_controller_dag.py for tasks to queue
[2023-05-26T15:18:14.711+0700] {logging_mixin.py:149} INFO - [2023-05-26T15:18:14.711+0700] {dagbag.py:541} INFO - Filling up the DagBag from /Users/kany/project-local/data-home/tranning-Airflow/venv/lib/python3.11/site-packages/airflow/example_dags/example_trigger_controller_dag.py
[2023-05-26T15:18:14.738+0700] {processor.py:836} INFO - DAG(s) dict_keys(['example_trigger_controller_dag']) retrieved from /Users/kany/project-local/data-home/tranning-Airflow/venv/lib/python3.11/site-packages/airflow/example_dags/example_trigger_controller_dag.py
[2023-05-26T15:18:15.360+0700] {logging_mixin.py:149} INFO - [2023-05-26T15:18:15.360+0700] {dag.py:2726} INFO - Sync 1 DAGs
[2023-05-26T15:18:15.367+0700] {logging_mixin.py:149} INFO - [2023-05-26T15:18:15.367+0700] {dag.py:3486} INFO - Setting next_dagrun for example_trigger_controller_dag to 2021-01-01T00:00:00+00:00, run_after=2021-01-01T00:00:00+00:00
[2023-05-26T15:18:15.375+0700] {processor.py:179} INFO - Processing /Users/kany/project-local/data-home/tranning-Airflow/venv/lib/python3.11/site-packages/airflow/example_dags/example_trigger_controller_dag.py took 0.665 seconds
[2023-05-26T15:19:29.835+0700] {processor.py:157} INFO - Started process (PID=51559) to work on /Users/kany/project-local/data-home/tranning-Airflow/venv/lib/python3.11/site-packages/airflow/example_dags/example_trigger_controller_dag.py
[2023-05-26T15:19:29.836+0700] {processor.py:826} INFO - Processing file /Users/kany/project-local/data-home/tranning-Airflow/venv/lib/python3.11/site-packages/airflow/example_dags/example_trigger_controller_dag.py for tasks to queue
[2023-05-26T15:19:29.836+0700] {logging_mixin.py:149} INFO - [2023-05-26T15:19:29.836+0700] {dagbag.py:541} INFO - Filling up the DagBag from /Users/kany/project-local/data-home/tranning-Airflow/venv/lib/python3.11/site-packages/airflow/example_dags/example_trigger_controller_dag.py
[2023-05-26T15:19:29.865+0700] {processor.py:836} INFO - DAG(s) dict_keys(['example_trigger_controller_dag']) retrieved from /Users/kany/project-local/data-home/tranning-Airflow/venv/lib/python3.11/site-packages/airflow/example_dags/example_trigger_controller_dag.py
[2023-05-26T15:19:30.299+0700] {logging_mixin.py:149} INFO - [2023-05-26T15:19:30.299+0700] {dag.py:2726} INFO - Sync 1 DAGs
[2023-05-26T15:19:30.305+0700] {logging_mixin.py:149} INFO - [2023-05-26T15:19:30.305+0700] {dag.py:3486} INFO - Setting next_dagrun for example_trigger_controller_dag to 2021-01-01T00:00:00+00:00, run_after=2021-01-01T00:00:00+00:00
[2023-05-26T15:19:30.312+0700] {processor.py:179} INFO - Processing /Users/kany/project-local/data-home/tranning-Airflow/venv/lib/python3.11/site-packages/airflow/example_dags/example_trigger_controller_dag.py took 0.477 seconds
[2023-05-26T15:20:37.439+0700] {processor.py:157} INFO - Started process (PID=51676) to work on /Users/kany/project-local/data-home/tranning-Airflow/venv/lib/python3.11/site-packages/airflow/example_dags/example_trigger_controller_dag.py
[2023-05-26T15:20:37.452+0700] {processor.py:826} INFO - Processing file /Users/kany/project-local/data-home/tranning-Airflow/venv/lib/python3.11/site-packages/airflow/example_dags/example_trigger_controller_dag.py for tasks to queue
[2023-05-26T15:20:37.452+0700] {logging_mixin.py:149} INFO - [2023-05-26T15:20:37.452+0700] {dagbag.py:541} INFO - Filling up the DagBag from /Users/kany/project-local/data-home/tranning-Airflow/venv/lib/python3.11/site-packages/airflow/example_dags/example_trigger_controller_dag.py
[2023-05-26T15:20:37.499+0700] {processor.py:836} INFO - DAG(s) dict_keys(['example_trigger_controller_dag']) retrieved from /Users/kany/project-local/data-home/tranning-Airflow/venv/lib/python3.11/site-packages/airflow/example_dags/example_trigger_controller_dag.py
[2023-05-26T15:20:38.091+0700] {logging_mixin.py:149} INFO - [2023-05-26T15:20:38.090+0700] {dag.py:2726} INFO - Sync 1 DAGs
[2023-05-26T15:20:38.097+0700] {logging_mixin.py:149} INFO - [2023-05-26T15:20:38.097+0700] {dag.py:3486} INFO - Setting next_dagrun for example_trigger_controller_dag to 2021-01-01T00:00:00+00:00, run_after=2021-01-01T00:00:00+00:00
[2023-05-26T15:20:38.105+0700] {processor.py:179} INFO - Processing /Users/kany/project-local/data-home/tranning-Airflow/venv/lib/python3.11/site-packages/airflow/example_dags/example_trigger_controller_dag.py took 0.666 seconds
[2023-05-26T15:21:46.168+0700] {processor.py:157} INFO - Started process (PID=51713) to work on /Users/kany/project-local/data-home/tranning-Airflow/venv/lib/python3.11/site-packages/airflow/example_dags/example_trigger_controller_dag.py
[2023-05-26T15:21:46.169+0700] {processor.py:826} INFO - Processing file /Users/kany/project-local/data-home/tranning-Airflow/venv/lib/python3.11/site-packages/airflow/example_dags/example_trigger_controller_dag.py for tasks to queue
[2023-05-26T15:21:46.169+0700] {logging_mixin.py:149} INFO - [2023-05-26T15:21:46.169+0700] {dagbag.py:541} INFO - Filling up the DagBag from /Users/kany/project-local/data-home/tranning-Airflow/venv/lib/python3.11/site-packages/airflow/example_dags/example_trigger_controller_dag.py
[2023-05-26T15:21:46.199+0700] {processor.py:836} INFO - DAG(s) dict_keys(['example_trigger_controller_dag']) retrieved from /Users/kany/project-local/data-home/tranning-Airflow/venv/lib/python3.11/site-packages/airflow/example_dags/example_trigger_controller_dag.py
[2023-05-26T15:21:46.605+0700] {logging_mixin.py:149} INFO - [2023-05-26T15:21:46.605+0700] {dag.py:2726} INFO - Sync 1 DAGs
[2023-05-26T15:21:46.611+0700] {logging_mixin.py:149} INFO - [2023-05-26T15:21:46.611+0700] {dag.py:3486} INFO - Setting next_dagrun for example_trigger_controller_dag to 2021-01-01T00:00:00+00:00, run_after=2021-01-01T00:00:00+00:00
[2023-05-26T15:21:46.618+0700] {processor.py:179} INFO - Processing /Users/kany/project-local/data-home/tranning-Airflow/venv/lib/python3.11/site-packages/airflow/example_dags/example_trigger_controller_dag.py took 0.450 seconds
[2023-05-26T15:22:48.433+0700] {processor.py:157} INFO - Started process (PID=51749) to work on /Users/kany/project-local/data-home/tranning-Airflow/venv/lib/python3.11/site-packages/airflow/example_dags/example_trigger_controller_dag.py
[2023-05-26T15:22:48.433+0700] {processor.py:826} INFO - Processing file /Users/kany/project-local/data-home/tranning-Airflow/venv/lib/python3.11/site-packages/airflow/example_dags/example_trigger_controller_dag.py for tasks to queue
[2023-05-26T15:22:48.433+0700] {logging_mixin.py:149} INFO - [2023-05-26T15:22:48.433+0700] {dagbag.py:541} INFO - Filling up the DagBag from /Users/kany/project-local/data-home/tranning-Airflow/venv/lib/python3.11/site-packages/airflow/example_dags/example_trigger_controller_dag.py
[2023-05-26T15:22:48.459+0700] {processor.py:836} INFO - DAG(s) dict_keys(['example_trigger_controller_dag']) retrieved from /Users/kany/project-local/data-home/tranning-Airflow/venv/lib/python3.11/site-packages/airflow/example_dags/example_trigger_controller_dag.py
[2023-05-26T15:22:48.868+0700] {logging_mixin.py:149} INFO - [2023-05-26T15:22:48.868+0700] {dag.py:2726} INFO - Sync 1 DAGs
[2023-05-26T15:22:48.874+0700] {logging_mixin.py:149} INFO - [2023-05-26T15:22:48.874+0700] {dag.py:3486} INFO - Setting next_dagrun for example_trigger_controller_dag to 2021-01-01T00:00:00+00:00, run_after=2021-01-01T00:00:00+00:00
[2023-05-26T15:22:48.884+0700] {processor.py:179} INFO - Processing /Users/kany/project-local/data-home/tranning-Airflow/venv/lib/python3.11/site-packages/airflow/example_dags/example_trigger_controller_dag.py took 0.452 seconds
[2023-05-26T15:23:48.900+0700] {processor.py:157} INFO - Started process (PID=51802) to work on /Users/kany/project-local/data-home/tranning-Airflow/venv/lib/python3.11/site-packages/airflow/example_dags/example_trigger_controller_dag.py
[2023-05-26T15:23:48.901+0700] {processor.py:826} INFO - Processing file /Users/kany/project-local/data-home/tranning-Airflow/venv/lib/python3.11/site-packages/airflow/example_dags/example_trigger_controller_dag.py for tasks to queue
[2023-05-26T15:23:48.901+0700] {logging_mixin.py:149} INFO - [2023-05-26T15:23:48.901+0700] {dagbag.py:541} INFO - Filling up the DagBag from /Users/kany/project-local/data-home/tranning-Airflow/venv/lib/python3.11/site-packages/airflow/example_dags/example_trigger_controller_dag.py
[2023-05-26T15:23:48.929+0700] {processor.py:836} INFO - DAG(s) dict_keys(['example_trigger_controller_dag']) retrieved from /Users/kany/project-local/data-home/tranning-Airflow/venv/lib/python3.11/site-packages/airflow/example_dags/example_trigger_controller_dag.py
[2023-05-26T15:23:49.406+0700] {logging_mixin.py:149} INFO - [2023-05-26T15:23:49.406+0700] {dag.py:2726} INFO - Sync 1 DAGs
[2023-05-26T15:23:49.412+0700] {logging_mixin.py:149} INFO - [2023-05-26T15:23:49.412+0700] {dag.py:3486} INFO - Setting next_dagrun for example_trigger_controller_dag to 2021-01-01T00:00:00+00:00, run_after=2021-01-01T00:00:00+00:00
[2023-05-26T15:23:49.419+0700] {processor.py:179} INFO - Processing /Users/kany/project-local/data-home/tranning-Airflow/venv/lib/python3.11/site-packages/airflow/example_dags/example_trigger_controller_dag.py took 0.519 seconds
[2023-05-26T15:24:52.826+0700] {processor.py:157} INFO - Started process (PID=51845) to work on /Users/kany/project-local/data-home/tranning-Airflow/venv/lib/python3.11/site-packages/airflow/example_dags/example_trigger_controller_dag.py
[2023-05-26T15:24:52.827+0700] {processor.py:826} INFO - Processing file /Users/kany/project-local/data-home/tranning-Airflow/venv/lib/python3.11/site-packages/airflow/example_dags/example_trigger_controller_dag.py for tasks to queue
[2023-05-26T15:24:52.827+0700] {logging_mixin.py:149} INFO - [2023-05-26T15:24:52.827+0700] {dagbag.py:541} INFO - Filling up the DagBag from /Users/kany/project-local/data-home/tranning-Airflow/venv/lib/python3.11/site-packages/airflow/example_dags/example_trigger_controller_dag.py
[2023-05-26T15:24:52.857+0700] {processor.py:836} INFO - DAG(s) dict_keys(['example_trigger_controller_dag']) retrieved from /Users/kany/project-local/data-home/tranning-Airflow/venv/lib/python3.11/site-packages/airflow/example_dags/example_trigger_controller_dag.py
[2023-05-26T15:24:53.287+0700] {logging_mixin.py:149} INFO - [2023-05-26T15:24:53.287+0700] {dag.py:2726} INFO - Sync 1 DAGs
[2023-05-26T15:24:53.293+0700] {logging_mixin.py:149} INFO - [2023-05-26T15:24:53.293+0700] {dag.py:3486} INFO - Setting next_dagrun for example_trigger_controller_dag to 2021-01-01T00:00:00+00:00, run_after=2021-01-01T00:00:00+00:00
[2023-05-26T15:24:53.301+0700] {processor.py:179} INFO - Processing /Users/kany/project-local/data-home/tranning-Airflow/venv/lib/python3.11/site-packages/airflow/example_dags/example_trigger_controller_dag.py took 0.475 seconds
[2023-05-26T15:25:57.038+0700] {processor.py:157} INFO - Started process (PID=51938) to work on /Users/kany/project-local/data-home/tranning-Airflow/venv/lib/python3.11/site-packages/airflow/example_dags/example_trigger_controller_dag.py
[2023-05-26T15:25:57.039+0700] {processor.py:826} INFO - Processing file /Users/kany/project-local/data-home/tranning-Airflow/venv/lib/python3.11/site-packages/airflow/example_dags/example_trigger_controller_dag.py for tasks to queue
[2023-05-26T15:25:57.039+0700] {logging_mixin.py:149} INFO - [2023-05-26T15:25:57.039+0700] {dagbag.py:541} INFO - Filling up the DagBag from /Users/kany/project-local/data-home/tranning-Airflow/venv/lib/python3.11/site-packages/airflow/example_dags/example_trigger_controller_dag.py
[2023-05-26T15:25:57.067+0700] {processor.py:836} INFO - DAG(s) dict_keys(['example_trigger_controller_dag']) retrieved from /Users/kany/project-local/data-home/tranning-Airflow/venv/lib/python3.11/site-packages/airflow/example_dags/example_trigger_controller_dag.py
[2023-05-26T15:25:57.797+0700] {logging_mixin.py:149} INFO - [2023-05-26T15:25:57.797+0700] {dag.py:2726} INFO - Sync 1 DAGs
[2023-05-26T15:25:57.804+0700] {logging_mixin.py:149} INFO - [2023-05-26T15:25:57.804+0700] {dag.py:3486} INFO - Setting next_dagrun for example_trigger_controller_dag to 2021-01-01T00:00:00+00:00, run_after=2021-01-01T00:00:00+00:00
[2023-05-26T15:25:57.813+0700] {processor.py:179} INFO - Processing /Users/kany/project-local/data-home/tranning-Airflow/venv/lib/python3.11/site-packages/airflow/example_dags/example_trigger_controller_dag.py took 0.775 seconds
[2023-05-26T15:27:00.067+0700] {processor.py:157} INFO - Started process (PID=52067) to work on /Users/kany/project-local/data-home/tranning-Airflow/venv/lib/python3.11/site-packages/airflow/example_dags/example_trigger_controller_dag.py
[2023-05-26T15:27:00.068+0700] {processor.py:826} INFO - Processing file /Users/kany/project-local/data-home/tranning-Airflow/venv/lib/python3.11/site-packages/airflow/example_dags/example_trigger_controller_dag.py for tasks to queue
[2023-05-26T15:27:00.068+0700] {logging_mixin.py:149} INFO - [2023-05-26T15:27:00.068+0700] {dagbag.py:541} INFO - Filling up the DagBag from /Users/kany/project-local/data-home/tranning-Airflow/venv/lib/python3.11/site-packages/airflow/example_dags/example_trigger_controller_dag.py
[2023-05-26T15:27:00.096+0700] {processor.py:836} INFO - DAG(s) dict_keys(['example_trigger_controller_dag']) retrieved from /Users/kany/project-local/data-home/tranning-Airflow/venv/lib/python3.11/site-packages/airflow/example_dags/example_trigger_controller_dag.py
[2023-05-26T15:27:00.566+0700] {logging_mixin.py:149} INFO - [2023-05-26T15:27:00.566+0700] {dag.py:2726} INFO - Sync 1 DAGs
[2023-05-26T15:27:00.572+0700] {logging_mixin.py:149} INFO - [2023-05-26T15:27:00.572+0700] {dag.py:3486} INFO - Setting next_dagrun for example_trigger_controller_dag to 2021-01-01T00:00:00+00:00, run_after=2021-01-01T00:00:00+00:00
[2023-05-26T15:27:00.580+0700] {processor.py:179} INFO - Processing /Users/kany/project-local/data-home/tranning-Airflow/venv/lib/python3.11/site-packages/airflow/example_dags/example_trigger_controller_dag.py took 0.513 seconds
[2023-05-26T15:28:05.096+0700] {processor.py:157} INFO - Started process (PID=52170) to work on /Users/kany/project-local/data-home/tranning-Airflow/venv/lib/python3.11/site-packages/airflow/example_dags/example_trigger_controller_dag.py
[2023-05-26T15:28:05.097+0700] {processor.py:826} INFO - Processing file /Users/kany/project-local/data-home/tranning-Airflow/venv/lib/python3.11/site-packages/airflow/example_dags/example_trigger_controller_dag.py for tasks to queue
[2023-05-26T15:28:05.097+0700] {logging_mixin.py:149} INFO - [2023-05-26T15:28:05.097+0700] {dagbag.py:541} INFO - Filling up the DagBag from /Users/kany/project-local/data-home/tranning-Airflow/venv/lib/python3.11/site-packages/airflow/example_dags/example_trigger_controller_dag.py
[2023-05-26T15:28:05.126+0700] {processor.py:836} INFO - DAG(s) dict_keys(['example_trigger_controller_dag']) retrieved from /Users/kany/project-local/data-home/tranning-Airflow/venv/lib/python3.11/site-packages/airflow/example_dags/example_trigger_controller_dag.py
[2023-05-26T15:28:05.612+0700] {logging_mixin.py:149} INFO - [2023-05-26T15:28:05.612+0700] {dag.py:2726} INFO - Sync 1 DAGs
[2023-05-26T15:28:05.622+0700] {logging_mixin.py:149} INFO - [2023-05-26T15:28:05.622+0700] {dag.py:3486} INFO - Setting next_dagrun for example_trigger_controller_dag to 2021-01-01T00:00:00+00:00, run_after=2021-01-01T00:00:00+00:00
[2023-05-26T15:28:05.630+0700] {processor.py:179} INFO - Processing /Users/kany/project-local/data-home/tranning-Airflow/venv/lib/python3.11/site-packages/airflow/example_dags/example_trigger_controller_dag.py took 0.534 seconds
[2023-05-26T15:29:10.426+0700] {processor.py:157} INFO - Started process (PID=52317) to work on /Users/kany/project-local/data-home/tranning-Airflow/venv/lib/python3.11/site-packages/airflow/example_dags/example_trigger_controller_dag.py
[2023-05-26T15:29:10.427+0700] {processor.py:826} INFO - Processing file /Users/kany/project-local/data-home/tranning-Airflow/venv/lib/python3.11/site-packages/airflow/example_dags/example_trigger_controller_dag.py for tasks to queue
[2023-05-26T15:29:10.428+0700] {logging_mixin.py:149} INFO - [2023-05-26T15:29:10.428+0700] {dagbag.py:541} INFO - Filling up the DagBag from /Users/kany/project-local/data-home/tranning-Airflow/venv/lib/python3.11/site-packages/airflow/example_dags/example_trigger_controller_dag.py
[2023-05-26T15:29:10.456+0700] {processor.py:836} INFO - DAG(s) dict_keys(['example_trigger_controller_dag']) retrieved from /Users/kany/project-local/data-home/tranning-Airflow/venv/lib/python3.11/site-packages/airflow/example_dags/example_trigger_controller_dag.py
[2023-05-26T15:29:10.906+0700] {logging_mixin.py:149} INFO - [2023-05-26T15:29:10.906+0700] {dag.py:2726} INFO - Sync 1 DAGs
[2023-05-26T15:29:10.912+0700] {logging_mixin.py:149} INFO - [2023-05-26T15:29:10.912+0700] {dag.py:3486} INFO - Setting next_dagrun for example_trigger_controller_dag to 2021-01-01T00:00:00+00:00, run_after=2021-01-01T00:00:00+00:00
[2023-05-26T15:29:10.919+0700] {processor.py:179} INFO - Processing /Users/kany/project-local/data-home/tranning-Airflow/venv/lib/python3.11/site-packages/airflow/example_dags/example_trigger_controller_dag.py took 0.493 seconds
[2023-05-26T15:30:18.210+0700] {processor.py:157} INFO - Started process (PID=52386) to work on /Users/kany/project-local/data-home/tranning-Airflow/venv/lib/python3.11/site-packages/airflow/example_dags/example_trigger_controller_dag.py
[2023-05-26T15:30:18.211+0700] {processor.py:826} INFO - Processing file /Users/kany/project-local/data-home/tranning-Airflow/venv/lib/python3.11/site-packages/airflow/example_dags/example_trigger_controller_dag.py for tasks to queue
[2023-05-26T15:30:18.212+0700] {logging_mixin.py:149} INFO - [2023-05-26T15:30:18.211+0700] {dagbag.py:541} INFO - Filling up the DagBag from /Users/kany/project-local/data-home/tranning-Airflow/venv/lib/python3.11/site-packages/airflow/example_dags/example_trigger_controller_dag.py
[2023-05-26T15:30:18.240+0700] {processor.py:836} INFO - DAG(s) dict_keys(['example_trigger_controller_dag']) retrieved from /Users/kany/project-local/data-home/tranning-Airflow/venv/lib/python3.11/site-packages/airflow/example_dags/example_trigger_controller_dag.py
[2023-05-26T15:30:18.674+0700] {logging_mixin.py:149} INFO - [2023-05-26T15:30:18.674+0700] {dag.py:2726} INFO - Sync 1 DAGs
[2023-05-26T15:30:18.680+0700] {logging_mixin.py:149} INFO - [2023-05-26T15:30:18.680+0700] {dag.py:3486} INFO - Setting next_dagrun for example_trigger_controller_dag to 2021-01-01T00:00:00+00:00, run_after=2021-01-01T00:00:00+00:00
[2023-05-26T15:30:18.687+0700] {processor.py:179} INFO - Processing /Users/kany/project-local/data-home/tranning-Airflow/venv/lib/python3.11/site-packages/airflow/example_dags/example_trigger_controller_dag.py took 0.477 seconds
[2023-05-26T15:31:24.608+0700] {processor.py:157} INFO - Started process (PID=52442) to work on /Users/kany/project-local/data-home/tranning-Airflow/venv/lib/python3.11/site-packages/airflow/example_dags/example_trigger_controller_dag.py
[2023-05-26T15:31:24.610+0700] {processor.py:826} INFO - Processing file /Users/kany/project-local/data-home/tranning-Airflow/venv/lib/python3.11/site-packages/airflow/example_dags/example_trigger_controller_dag.py for tasks to queue
[2023-05-26T15:31:24.610+0700] {logging_mixin.py:149} INFO - [2023-05-26T15:31:24.610+0700] {dagbag.py:541} INFO - Filling up the DagBag from /Users/kany/project-local/data-home/tranning-Airflow/venv/lib/python3.11/site-packages/airflow/example_dags/example_trigger_controller_dag.py
[2023-05-26T15:31:24.658+0700] {processor.py:836} INFO - DAG(s) dict_keys(['example_trigger_controller_dag']) retrieved from /Users/kany/project-local/data-home/tranning-Airflow/venv/lib/python3.11/site-packages/airflow/example_dags/example_trigger_controller_dag.py
[2023-05-26T15:31:25.168+0700] {logging_mixin.py:149} INFO - [2023-05-26T15:31:25.168+0700] {dag.py:2726} INFO - Sync 1 DAGs
[2023-05-26T15:31:25.174+0700] {logging_mixin.py:149} INFO - [2023-05-26T15:31:25.174+0700] {dag.py:3486} INFO - Setting next_dagrun for example_trigger_controller_dag to 2021-01-01T00:00:00+00:00, run_after=2021-01-01T00:00:00+00:00
[2023-05-26T15:31:25.181+0700] {processor.py:179} INFO - Processing /Users/kany/project-local/data-home/tranning-Airflow/venv/lib/python3.11/site-packages/airflow/example_dags/example_trigger_controller_dag.py took 0.574 seconds
[2023-05-26T15:32:31.301+0700] {processor.py:157} INFO - Started process (PID=52608) to work on /Users/kany/project-local/data-home/tranning-Airflow/venv/lib/python3.11/site-packages/airflow/example_dags/example_trigger_controller_dag.py
[2023-05-26T15:32:31.302+0700] {processor.py:826} INFO - Processing file /Users/kany/project-local/data-home/tranning-Airflow/venv/lib/python3.11/site-packages/airflow/example_dags/example_trigger_controller_dag.py for tasks to queue
[2023-05-26T15:32:31.302+0700] {logging_mixin.py:149} INFO - [2023-05-26T15:32:31.302+0700] {dagbag.py:541} INFO - Filling up the DagBag from /Users/kany/project-local/data-home/tranning-Airflow/venv/lib/python3.11/site-packages/airflow/example_dags/example_trigger_controller_dag.py
[2023-05-26T15:32:31.328+0700] {processor.py:836} INFO - DAG(s) dict_keys(['example_trigger_controller_dag']) retrieved from /Users/kany/project-local/data-home/tranning-Airflow/venv/lib/python3.11/site-packages/airflow/example_dags/example_trigger_controller_dag.py
[2023-05-26T15:32:31.758+0700] {logging_mixin.py:149} INFO - [2023-05-26T15:32:31.758+0700] {dag.py:2726} INFO - Sync 1 DAGs
[2023-05-26T15:32:31.764+0700] {logging_mixin.py:149} INFO - [2023-05-26T15:32:31.764+0700] {dag.py:3486} INFO - Setting next_dagrun for example_trigger_controller_dag to 2021-01-01T00:00:00+00:00, run_after=2021-01-01T00:00:00+00:00
[2023-05-26T15:32:31.771+0700] {processor.py:179} INFO - Processing /Users/kany/project-local/data-home/tranning-Airflow/venv/lib/python3.11/site-packages/airflow/example_dags/example_trigger_controller_dag.py took 0.470 seconds
