[2023-05-26T15:13:01.230+0700] {processor.py:157} INFO - Started process (PID=51162) to work on /Users/kany/project-local/data-home/tranning-Airflow/venv/lib/python3.11/site-packages/airflow/example_dags/example_local_kubernetes_executor.py
[2023-05-26T15:13:01.230+0700] {processor.py:826} INFO - Processing file /Users/kany/project-local/data-home/tranning-Airflow/venv/lib/python3.11/site-packages/airflow/example_dags/example_local_kubernetes_executor.py for tasks to queue
[2023-05-26T15:13:01.230+0700] {logging_mixin.py:149} INFO - [2023-05-26T15:13:01.230+0700] {dagbag.py:541} INFO - Filling up the DagBag from /Users/kany/project-local/data-home/tranning-Airflow/venv/lib/python3.11/site-packages/airflow/example_dags/example_local_kubernetes_executor.py
[2023-05-26T15:13:01.262+0700] {logging_mixin.py:149} INFO - [2023-05-26T15:13:01.262+0700] {example_local_kubernetes_executor.py:39} WARNING - Could not import DAGs in example_local_kubernetes_executor.py
Traceback (most recent call last):
  File "/Users/kany/project-local/data-home/tranning-Airflow/venv/lib/python3.11/site-packages/airflow/example_dags/example_local_kubernetes_executor.py", line 37, in <module>
    from kubernetes.client import models as k8s
ModuleNotFoundError: No module named 'kubernetes'
[2023-05-26T15:13:01.262+0700] {logging_mixin.py:149} INFO - [2023-05-26T15:13:01.262+0700] {example_local_kubernetes_executor.py:40} WARNING - Install Kubernetes dependencies with: pip install apache-airflow[cncf.kubernetes]
[2023-05-26T15:13:01.262+0700] {processor.py:838} WARNING - No viable dags retrieved from /Users/kany/project-local/data-home/tranning-Airflow/venv/lib/python3.11/site-packages/airflow/example_dags/example_local_kubernetes_executor.py
[2023-05-26T15:13:01.839+0700] {processor.py:179} INFO - Processing /Users/kany/project-local/data-home/tranning-Airflow/venv/lib/python3.11/site-packages/airflow/example_dags/example_local_kubernetes_executor.py took 0.609 seconds
[2023-05-26T15:15:07.756+0700] {processor.py:157} INFO - Started process (PID=51254) to work on /Users/kany/project-local/data-home/tranning-Airflow/venv/lib/python3.11/site-packages/airflow/example_dags/example_local_kubernetes_executor.py
[2023-05-26T15:15:07.757+0700] {processor.py:826} INFO - Processing file /Users/kany/project-local/data-home/tranning-Airflow/venv/lib/python3.11/site-packages/airflow/example_dags/example_local_kubernetes_executor.py for tasks to queue
[2023-05-26T15:15:07.758+0700] {logging_mixin.py:149} INFO - [2023-05-26T15:15:07.758+0700] {dagbag.py:541} INFO - Filling up the DagBag from /Users/kany/project-local/data-home/tranning-Airflow/venv/lib/python3.11/site-packages/airflow/example_dags/example_local_kubernetes_executor.py
[2023-05-26T15:15:07.789+0700] {logging_mixin.py:149} INFO - [2023-05-26T15:15:07.789+0700] {example_local_kubernetes_executor.py:39} WARNING - Could not import DAGs in example_local_kubernetes_executor.py
Traceback (most recent call last):
  File "/Users/kany/project-local/data-home/tranning-Airflow/venv/lib/python3.11/site-packages/airflow/example_dags/example_local_kubernetes_executor.py", line 37, in <module>
    from kubernetes.client import models as k8s
ModuleNotFoundError: No module named 'kubernetes'
[2023-05-26T15:15:07.789+0700] {logging_mixin.py:149} INFO - [2023-05-26T15:15:07.789+0700] {example_local_kubernetes_executor.py:40} WARNING - Install Kubernetes dependencies with: pip install apache-airflow[cncf.kubernetes]
[2023-05-26T15:15:07.790+0700] {processor.py:838} WARNING - No viable dags retrieved from /Users/kany/project-local/data-home/tranning-Airflow/venv/lib/python3.11/site-packages/airflow/example_dags/example_local_kubernetes_executor.py
[2023-05-26T15:15:08.307+0700] {processor.py:179} INFO - Processing /Users/kany/project-local/data-home/tranning-Airflow/venv/lib/python3.11/site-packages/airflow/example_dags/example_local_kubernetes_executor.py took 0.551 seconds
[2023-05-26T15:17:38.924+0700] {processor.py:157} INFO - Started process (PID=51417) to work on /Users/kany/project-local/data-home/tranning-Airflow/venv/lib/python3.11/site-packages/airflow/example_dags/example_local_kubernetes_executor.py
[2023-05-26T15:17:38.926+0700] {processor.py:826} INFO - Processing file /Users/kany/project-local/data-home/tranning-Airflow/venv/lib/python3.11/site-packages/airflow/example_dags/example_local_kubernetes_executor.py for tasks to queue
[2023-05-26T15:17:38.926+0700] {logging_mixin.py:149} INFO - [2023-05-26T15:17:38.926+0700] {dagbag.py:541} INFO - Filling up the DagBag from /Users/kany/project-local/data-home/tranning-Airflow/venv/lib/python3.11/site-packages/airflow/example_dags/example_local_kubernetes_executor.py
[2023-05-26T15:17:38.957+0700] {logging_mixin.py:149} INFO - [2023-05-26T15:17:38.956+0700] {example_local_kubernetes_executor.py:39} WARNING - Could not import DAGs in example_local_kubernetes_executor.py
Traceback (most recent call last):
  File "/Users/kany/project-local/data-home/tranning-Airflow/venv/lib/python3.11/site-packages/airflow/example_dags/example_local_kubernetes_executor.py", line 37, in <module>
    from kubernetes.client import models as k8s
ModuleNotFoundError: No module named 'kubernetes'
[2023-05-26T15:17:38.957+0700] {logging_mixin.py:149} INFO - [2023-05-26T15:17:38.957+0700] {example_local_kubernetes_executor.py:40} WARNING - Install Kubernetes dependencies with: pip install apache-airflow[cncf.kubernetes]
[2023-05-26T15:17:38.957+0700] {processor.py:838} WARNING - No viable dags retrieved from /Users/kany/project-local/data-home/tranning-Airflow/venv/lib/python3.11/site-packages/airflow/example_dags/example_local_kubernetes_executor.py
[2023-05-26T15:17:39.518+0700] {processor.py:179} INFO - Processing /Users/kany/project-local/data-home/tranning-Airflow/venv/lib/python3.11/site-packages/airflow/example_dags/example_local_kubernetes_executor.py took 0.594 seconds
[2023-05-26T15:19:58.605+0700] {processor.py:157} INFO - Started process (PID=51583) to work on /Users/kany/project-local/data-home/tranning-Airflow/venv/lib/python3.11/site-packages/airflow/example_dags/example_local_kubernetes_executor.py
[2023-05-26T15:19:58.606+0700] {processor.py:826} INFO - Processing file /Users/kany/project-local/data-home/tranning-Airflow/venv/lib/python3.11/site-packages/airflow/example_dags/example_local_kubernetes_executor.py for tasks to queue
[2023-05-26T15:19:58.607+0700] {logging_mixin.py:149} INFO - [2023-05-26T15:19:58.607+0700] {dagbag.py:541} INFO - Filling up the DagBag from /Users/kany/project-local/data-home/tranning-Airflow/venv/lib/python3.11/site-packages/airflow/example_dags/example_local_kubernetes_executor.py
[2023-05-26T15:19:58.636+0700] {logging_mixin.py:149} INFO - [2023-05-26T15:19:58.636+0700] {example_local_kubernetes_executor.py:39} WARNING - Could not import DAGs in example_local_kubernetes_executor.py
Traceback (most recent call last):
  File "/Users/kany/project-local/data-home/tranning-Airflow/venv/lib/python3.11/site-packages/airflow/example_dags/example_local_kubernetes_executor.py", line 37, in <module>
    from kubernetes.client import models as k8s
ModuleNotFoundError: No module named 'kubernetes'
[2023-05-26T15:19:58.636+0700] {logging_mixin.py:149} INFO - [2023-05-26T15:19:58.636+0700] {example_local_kubernetes_executor.py:40} WARNING - Install Kubernetes dependencies with: pip install apache-airflow[cncf.kubernetes]
[2023-05-26T15:19:58.636+0700] {processor.py:838} WARNING - No viable dags retrieved from /Users/kany/project-local/data-home/tranning-Airflow/venv/lib/python3.11/site-packages/airflow/example_dags/example_local_kubernetes_executor.py
[2023-05-26T15:19:59.084+0700] {processor.py:179} INFO - Processing /Users/kany/project-local/data-home/tranning-Airflow/venv/lib/python3.11/site-packages/airflow/example_dags/example_local_kubernetes_executor.py took 0.479 seconds
[2023-05-26T15:22:14.548+0700] {processor.py:157} INFO - Started process (PID=51730) to work on /Users/kany/project-local/data-home/tranning-Airflow/venv/lib/python3.11/site-packages/airflow/example_dags/example_local_kubernetes_executor.py
[2023-05-26T15:22:14.548+0700] {processor.py:826} INFO - Processing file /Users/kany/project-local/data-home/tranning-Airflow/venv/lib/python3.11/site-packages/airflow/example_dags/example_local_kubernetes_executor.py for tasks to queue
[2023-05-26T15:22:14.548+0700] {logging_mixin.py:149} INFO - [2023-05-26T15:22:14.548+0700] {dagbag.py:541} INFO - Filling up the DagBag from /Users/kany/project-local/data-home/tranning-Airflow/venv/lib/python3.11/site-packages/airflow/example_dags/example_local_kubernetes_executor.py
[2023-05-26T15:22:14.575+0700] {logging_mixin.py:149} INFO - [2023-05-26T15:22:14.575+0700] {example_local_kubernetes_executor.py:39} WARNING - Could not import DAGs in example_local_kubernetes_executor.py
Traceback (most recent call last):
  File "/Users/kany/project-local/data-home/tranning-Airflow/venv/lib/python3.11/site-packages/airflow/example_dags/example_local_kubernetes_executor.py", line 37, in <module>
    from kubernetes.client import models as k8s
ModuleNotFoundError: No module named 'kubernetes'
[2023-05-26T15:22:14.575+0700] {logging_mixin.py:149} INFO - [2023-05-26T15:22:14.575+0700] {example_local_kubernetes_executor.py:40} WARNING - Install Kubernetes dependencies with: pip install apache-airflow[cncf.kubernetes]
[2023-05-26T15:22:14.575+0700] {processor.py:838} WARNING - No viable dags retrieved from /Users/kany/project-local/data-home/tranning-Airflow/venv/lib/python3.11/site-packages/airflow/example_dags/example_local_kubernetes_executor.py
[2023-05-26T15:22:14.985+0700] {processor.py:179} INFO - Processing /Users/kany/project-local/data-home/tranning-Airflow/venv/lib/python3.11/site-packages/airflow/example_dags/example_local_kubernetes_executor.py took 0.438 seconds
[2023-05-26T15:24:16.821+0700] {processor.py:157} INFO - Started process (PID=51823) to work on /Users/kany/project-local/data-home/tranning-Airflow/venv/lib/python3.11/site-packages/airflow/example_dags/example_local_kubernetes_executor.py
[2023-05-26T15:24:16.822+0700] {processor.py:826} INFO - Processing file /Users/kany/project-local/data-home/tranning-Airflow/venv/lib/python3.11/site-packages/airflow/example_dags/example_local_kubernetes_executor.py for tasks to queue
[2023-05-26T15:24:16.822+0700] {logging_mixin.py:149} INFO - [2023-05-26T15:24:16.822+0700] {dagbag.py:541} INFO - Filling up the DagBag from /Users/kany/project-local/data-home/tranning-Airflow/venv/lib/python3.11/site-packages/airflow/example_dags/example_local_kubernetes_executor.py
[2023-05-26T15:24:16.851+0700] {logging_mixin.py:149} INFO - [2023-05-26T15:24:16.851+0700] {example_local_kubernetes_executor.py:39} WARNING - Could not import DAGs in example_local_kubernetes_executor.py
Traceback (most recent call last):
  File "/Users/kany/project-local/data-home/tranning-Airflow/venv/lib/python3.11/site-packages/airflow/example_dags/example_local_kubernetes_executor.py", line 37, in <module>
    from kubernetes.client import models as k8s
ModuleNotFoundError: No module named 'kubernetes'
[2023-05-26T15:24:16.851+0700] {logging_mixin.py:149} INFO - [2023-05-26T15:24:16.851+0700] {example_local_kubernetes_executor.py:40} WARNING - Install Kubernetes dependencies with: pip install apache-airflow[cncf.kubernetes]
[2023-05-26T15:24:16.851+0700] {processor.py:838} WARNING - No viable dags retrieved from /Users/kany/project-local/data-home/tranning-Airflow/venv/lib/python3.11/site-packages/airflow/example_dags/example_local_kubernetes_executor.py
[2023-05-26T15:24:17.304+0700] {processor.py:179} INFO - Processing /Users/kany/project-local/data-home/tranning-Airflow/venv/lib/python3.11/site-packages/airflow/example_dags/example_local_kubernetes_executor.py took 0.483 seconds
[2023-05-26T15:26:24.982+0700] {processor.py:157} INFO - Started process (PID=51994) to work on /Users/kany/project-local/data-home/tranning-Airflow/venv/lib/python3.11/site-packages/airflow/example_dags/example_local_kubernetes_executor.py
[2023-05-26T15:26:24.983+0700] {processor.py:826} INFO - Processing file /Users/kany/project-local/data-home/tranning-Airflow/venv/lib/python3.11/site-packages/airflow/example_dags/example_local_kubernetes_executor.py for tasks to queue
[2023-05-26T15:26:24.984+0700] {logging_mixin.py:149} INFO - [2023-05-26T15:26:24.984+0700] {dagbag.py:541} INFO - Filling up the DagBag from /Users/kany/project-local/data-home/tranning-Airflow/venv/lib/python3.11/site-packages/airflow/example_dags/example_local_kubernetes_executor.py
[2023-05-26T15:26:25.010+0700] {logging_mixin.py:149} INFO - [2023-05-26T15:26:25.010+0700] {example_local_kubernetes_executor.py:39} WARNING - Could not import DAGs in example_local_kubernetes_executor.py
Traceback (most recent call last):
  File "/Users/kany/project-local/data-home/tranning-Airflow/venv/lib/python3.11/site-packages/airflow/example_dags/example_local_kubernetes_executor.py", line 37, in <module>
    from kubernetes.client import models as k8s
ModuleNotFoundError: No module named 'kubernetes'
[2023-05-26T15:26:25.010+0700] {logging_mixin.py:149} INFO - [2023-05-26T15:26:25.010+0700] {example_local_kubernetes_executor.py:40} WARNING - Install Kubernetes dependencies with: pip install apache-airflow[cncf.kubernetes]
[2023-05-26T15:26:25.010+0700] {processor.py:838} WARNING - No viable dags retrieved from /Users/kany/project-local/data-home/tranning-Airflow/venv/lib/python3.11/site-packages/airflow/example_dags/example_local_kubernetes_executor.py
[2023-05-26T15:26:25.582+0700] {processor.py:179} INFO - Processing /Users/kany/project-local/data-home/tranning-Airflow/venv/lib/python3.11/site-packages/airflow/example_dags/example_local_kubernetes_executor.py took 0.600 seconds
[2023-05-26T15:28:34.733+0700] {processor.py:157} INFO - Started process (PID=52232) to work on /Users/kany/project-local/data-home/tranning-Airflow/venv/lib/python3.11/site-packages/airflow/example_dags/example_local_kubernetes_executor.py
[2023-05-26T15:28:34.734+0700] {processor.py:826} INFO - Processing file /Users/kany/project-local/data-home/tranning-Airflow/venv/lib/python3.11/site-packages/airflow/example_dags/example_local_kubernetes_executor.py for tasks to queue
[2023-05-26T15:28:34.734+0700] {logging_mixin.py:149} INFO - [2023-05-26T15:28:34.734+0700] {dagbag.py:541} INFO - Filling up the DagBag from /Users/kany/project-local/data-home/tranning-Airflow/venv/lib/python3.11/site-packages/airflow/example_dags/example_local_kubernetes_executor.py
[2023-05-26T15:28:34.765+0700] {logging_mixin.py:149} INFO - [2023-05-26T15:28:34.765+0700] {example_local_kubernetes_executor.py:39} WARNING - Could not import DAGs in example_local_kubernetes_executor.py
Traceback (most recent call last):
  File "/Users/kany/project-local/data-home/tranning-Airflow/venv/lib/python3.11/site-packages/airflow/example_dags/example_local_kubernetes_executor.py", line 37, in <module>
    from kubernetes.client import models as k8s
ModuleNotFoundError: No module named 'kubernetes'
[2023-05-26T15:28:34.765+0700] {logging_mixin.py:149} INFO - [2023-05-26T15:28:34.765+0700] {example_local_kubernetes_executor.py:40} WARNING - Install Kubernetes dependencies with: pip install apache-airflow[cncf.kubernetes]
[2023-05-26T15:28:34.765+0700] {processor.py:838} WARNING - No viable dags retrieved from /Users/kany/project-local/data-home/tranning-Airflow/venv/lib/python3.11/site-packages/airflow/example_dags/example_local_kubernetes_executor.py
[2023-05-26T15:28:35.253+0700] {processor.py:179} INFO - Processing /Users/kany/project-local/data-home/tranning-Airflow/venv/lib/python3.11/site-packages/airflow/example_dags/example_local_kubernetes_executor.py took 0.519 seconds
[2023-05-26T15:30:49.912+0700] {processor.py:157} INFO - Started process (PID=52412) to work on /Users/kany/project-local/data-home/tranning-Airflow/venv/lib/python3.11/site-packages/airflow/example_dags/example_local_kubernetes_executor.py
[2023-05-26T15:30:49.913+0700] {processor.py:826} INFO - Processing file /Users/kany/project-local/data-home/tranning-Airflow/venv/lib/python3.11/site-packages/airflow/example_dags/example_local_kubernetes_executor.py for tasks to queue
[2023-05-26T15:30:49.914+0700] {logging_mixin.py:149} INFO - [2023-05-26T15:30:49.914+0700] {dagbag.py:541} INFO - Filling up the DagBag from /Users/kany/project-local/data-home/tranning-Airflow/venv/lib/python3.11/site-packages/airflow/example_dags/example_local_kubernetes_executor.py
[2023-05-26T15:30:49.943+0700] {logging_mixin.py:149} INFO - [2023-05-26T15:30:49.943+0700] {example_local_kubernetes_executor.py:39} WARNING - Could not import DAGs in example_local_kubernetes_executor.py
Traceback (most recent call last):
  File "/Users/kany/project-local/data-home/tranning-Airflow/venv/lib/python3.11/site-packages/airflow/example_dags/example_local_kubernetes_executor.py", line 37, in <module>
    from kubernetes.client import models as k8s
ModuleNotFoundError: No module named 'kubernetes'
[2023-05-26T15:30:49.944+0700] {logging_mixin.py:149} INFO - [2023-05-26T15:30:49.944+0700] {example_local_kubernetes_executor.py:40} WARNING - Install Kubernetes dependencies with: pip install apache-airflow[cncf.kubernetes]
[2023-05-26T15:30:49.944+0700] {processor.py:838} WARNING - No viable dags retrieved from /Users/kany/project-local/data-home/tranning-Airflow/venv/lib/python3.11/site-packages/airflow/example_dags/example_local_kubernetes_executor.py
[2023-05-26T15:30:50.449+0700] {processor.py:179} INFO - Processing /Users/kany/project-local/data-home/tranning-Airflow/venv/lib/python3.11/site-packages/airflow/example_dags/example_local_kubernetes_executor.py took 0.537 seconds
