[2023-05-26T15:11:59.112+0700] {processor.py:157} INFO - Started process (PID=51100) to work on /Users/kany/project-local/data-home/tranning-Airflow/venv/lib/python3.11/site-packages/airflow/example_dags/tutorial_taskflow_api_virtualenv.py
[2023-05-26T15:11:59.113+0700] {processor.py:826} INFO - Processing file /Users/kany/project-local/data-home/tranning-Airflow/venv/lib/python3.11/site-packages/airflow/example_dags/tutorial_taskflow_api_virtualenv.py for tasks to queue
[2023-05-26T15:11:59.113+0700] {logging_mixin.py:149} INFO - [2023-05-26T15:11:59.113+0700] {dagbag.py:541} INFO - Filling up the DagBag from /Users/kany/project-local/data-home/tranning-Airflow/venv/lib/python3.11/site-packages/airflow/example_dags/tutorial_taskflow_api_virtualenv.py
[2023-05-26T15:11:59.171+0700] {processor.py:836} INFO - DAG(s) dict_keys(['tutorial_taskflow_api_virtualenv']) retrieved from /Users/kany/project-local/data-home/tranning-Airflow/venv/lib/python3.11/site-packages/airflow/example_dags/tutorial_taskflow_api_virtualenv.py
[2023-05-26T15:11:59.844+0700] {logging_mixin.py:149} INFO - [2023-05-26T15:11:59.844+0700] {manager.py:504} INFO - Created Permission View: can delete on DAG:tutorial_taskflow_api_virtualenv
[2023-05-26T15:11:59.847+0700] {logging_mixin.py:149} INFO - [2023-05-26T15:11:59.847+0700] {manager.py:504} INFO - Created Permission View: can read on DAG:tutorial_taskflow_api_virtualenv
[2023-05-26T15:11:59.849+0700] {logging_mixin.py:149} INFO - [2023-05-26T15:11:59.849+0700] {manager.py:504} INFO - Created Permission View: can edit on DAG:tutorial_taskflow_api_virtualenv
[2023-05-26T15:11:59.849+0700] {logging_mixin.py:149} INFO - [2023-05-26T15:11:59.849+0700] {dag.py:2726} INFO - Sync 1 DAGs
[2023-05-26T15:11:59.853+0700] {logging_mixin.py:149} INFO - [2023-05-26T15:11:59.853+0700] {dag.py:2747} INFO - Creating ORM DAG for tutorial_taskflow_api_virtualenv
[2023-05-26T15:11:59.855+0700] {logging_mixin.py:149} INFO - [2023-05-26T15:11:59.855+0700] {dag.py:3486} INFO - Setting next_dagrun for tutorial_taskflow_api_virtualenv to None, run_after=None
[2023-05-26T15:11:59.866+0700] {processor.py:179} INFO - Processing /Users/kany/project-local/data-home/tranning-Airflow/venv/lib/python3.11/site-packages/airflow/example_dags/tutorial_taskflow_api_virtualenv.py took 0.754 seconds
[2023-05-26T15:13:58.528+0700] {processor.py:157} INFO - Started process (PID=51203) to work on /Users/kany/project-local/data-home/tranning-Airflow/venv/lib/python3.11/site-packages/airflow/example_dags/tutorial_taskflow_api_virtualenv.py
[2023-05-26T15:13:58.530+0700] {processor.py:826} INFO - Processing file /Users/kany/project-local/data-home/tranning-Airflow/venv/lib/python3.11/site-packages/airflow/example_dags/tutorial_taskflow_api_virtualenv.py for tasks to queue
[2023-05-26T15:13:58.530+0700] {logging_mixin.py:149} INFO - [2023-05-26T15:13:58.530+0700] {dagbag.py:541} INFO - Filling up the DagBag from /Users/kany/project-local/data-home/tranning-Airflow/venv/lib/python3.11/site-packages/airflow/example_dags/tutorial_taskflow_api_virtualenv.py
[2023-05-26T15:13:58.580+0700] {processor.py:836} INFO - DAG(s) dict_keys(['tutorial_taskflow_api_virtualenv']) retrieved from /Users/kany/project-local/data-home/tranning-Airflow/venv/lib/python3.11/site-packages/airflow/example_dags/tutorial_taskflow_api_virtualenv.py
[2023-05-26T15:13:59.382+0700] {logging_mixin.py:149} INFO - [2023-05-26T15:13:59.382+0700] {dag.py:2726} INFO - Sync 1 DAGs
[2023-05-26T15:13:59.388+0700] {logging_mixin.py:149} INFO - [2023-05-26T15:13:59.388+0700] {dag.py:3486} INFO - Setting next_dagrun for tutorial_taskflow_api_virtualenv to None, run_after=None
[2023-05-26T15:13:59.399+0700] {processor.py:179} INFO - Processing /Users/kany/project-local/data-home/tranning-Airflow/venv/lib/python3.11/site-packages/airflow/example_dags/tutorial_taskflow_api_virtualenv.py took 0.871 seconds
[2023-05-26T15:15:28.858+0700] {processor.py:157} INFO - Started process (PID=51269) to work on /Users/kany/project-local/data-home/tranning-Airflow/venv/lib/python3.11/site-packages/airflow/example_dags/tutorial_taskflow_api_virtualenv.py
[2023-05-26T15:15:28.859+0700] {processor.py:826} INFO - Processing file /Users/kany/project-local/data-home/tranning-Airflow/venv/lib/python3.11/site-packages/airflow/example_dags/tutorial_taskflow_api_virtualenv.py for tasks to queue
[2023-05-26T15:15:28.859+0700] {logging_mixin.py:149} INFO - [2023-05-26T15:15:28.859+0700] {dagbag.py:541} INFO - Filling up the DagBag from /Users/kany/project-local/data-home/tranning-Airflow/venv/lib/python3.11/site-packages/airflow/example_dags/tutorial_taskflow_api_virtualenv.py
[2023-05-26T15:15:28.895+0700] {processor.py:836} INFO - DAG(s) dict_keys(['tutorial_taskflow_api_virtualenv']) retrieved from /Users/kany/project-local/data-home/tranning-Airflow/venv/lib/python3.11/site-packages/airflow/example_dags/tutorial_taskflow_api_virtualenv.py
[2023-05-26T15:15:29.477+0700] {logging_mixin.py:149} INFO - [2023-05-26T15:15:29.477+0700] {dag.py:2726} INFO - Sync 1 DAGs
[2023-05-26T15:15:29.484+0700] {logging_mixin.py:149} INFO - [2023-05-26T15:15:29.484+0700] {dag.py:3486} INFO - Setting next_dagrun for tutorial_taskflow_api_virtualenv to None, run_after=None
[2023-05-26T15:15:29.491+0700] {processor.py:179} INFO - Processing /Users/kany/project-local/data-home/tranning-Airflow/venv/lib/python3.11/site-packages/airflow/example_dags/tutorial_taskflow_api_virtualenv.py took 0.633 seconds
[2023-05-26T15:16:40.275+0700] {processor.py:157} INFO - Started process (PID=51374) to work on /Users/kany/project-local/data-home/tranning-Airflow/venv/lib/python3.11/site-packages/airflow/example_dags/tutorial_taskflow_api_virtualenv.py
[2023-05-26T15:16:40.275+0700] {processor.py:826} INFO - Processing file /Users/kany/project-local/data-home/tranning-Airflow/venv/lib/python3.11/site-packages/airflow/example_dags/tutorial_taskflow_api_virtualenv.py for tasks to queue
[2023-05-26T15:16:40.276+0700] {logging_mixin.py:149} INFO - [2023-05-26T15:16:40.276+0700] {dagbag.py:541} INFO - Filling up the DagBag from /Users/kany/project-local/data-home/tranning-Airflow/venv/lib/python3.11/site-packages/airflow/example_dags/tutorial_taskflow_api_virtualenv.py
[2023-05-26T15:16:40.319+0700] {processor.py:836} INFO - DAG(s) dict_keys(['tutorial_taskflow_api_virtualenv']) retrieved from /Users/kany/project-local/data-home/tranning-Airflow/venv/lib/python3.11/site-packages/airflow/example_dags/tutorial_taskflow_api_virtualenv.py
[2023-05-26T15:16:41.246+0700] {logging_mixin.py:149} INFO - [2023-05-26T15:16:41.246+0700] {dag.py:2726} INFO - Sync 1 DAGs
[2023-05-26T15:16:41.253+0700] {logging_mixin.py:149} INFO - [2023-05-26T15:16:41.252+0700] {dag.py:3486} INFO - Setting next_dagrun for tutorial_taskflow_api_virtualenv to None, run_after=None
[2023-05-26T15:16:41.264+0700] {processor.py:179} INFO - Processing /Users/kany/project-local/data-home/tranning-Airflow/venv/lib/python3.11/site-packages/airflow/example_dags/tutorial_taskflow_api_virtualenv.py took 0.990 seconds
[2023-05-26T15:17:59.523+0700] {processor.py:157} INFO - Started process (PID=51429) to work on /Users/kany/project-local/data-home/tranning-Airflow/venv/lib/python3.11/site-packages/airflow/example_dags/tutorial_taskflow_api_virtualenv.py
[2023-05-26T15:17:59.523+0700] {processor.py:826} INFO - Processing file /Users/kany/project-local/data-home/tranning-Airflow/venv/lib/python3.11/site-packages/airflow/example_dags/tutorial_taskflow_api_virtualenv.py for tasks to queue
[2023-05-26T15:17:59.523+0700] {logging_mixin.py:149} INFO - [2023-05-26T15:17:59.523+0700] {dagbag.py:541} INFO - Filling up the DagBag from /Users/kany/project-local/data-home/tranning-Airflow/venv/lib/python3.11/site-packages/airflow/example_dags/tutorial_taskflow_api_virtualenv.py
[2023-05-26T15:17:59.558+0700] {processor.py:836} INFO - DAG(s) dict_keys(['tutorial_taskflow_api_virtualenv']) retrieved from /Users/kany/project-local/data-home/tranning-Airflow/venv/lib/python3.11/site-packages/airflow/example_dags/tutorial_taskflow_api_virtualenv.py
[2023-05-26T15:18:00.175+0700] {logging_mixin.py:149} INFO - [2023-05-26T15:18:00.175+0700] {dag.py:2726} INFO - Sync 1 DAGs
[2023-05-26T15:18:00.181+0700] {logging_mixin.py:149} INFO - [2023-05-26T15:18:00.181+0700] {dag.py:3486} INFO - Setting next_dagrun for tutorial_taskflow_api_virtualenv to None, run_after=None
[2023-05-26T15:18:00.188+0700] {processor.py:179} INFO - Processing /Users/kany/project-local/data-home/tranning-Airflow/venv/lib/python3.11/site-packages/airflow/example_dags/tutorial_taskflow_api_virtualenv.py took 0.665 seconds
[2023-05-26T15:19:12.124+0700] {processor.py:157} INFO - Started process (PID=51547) to work on /Users/kany/project-local/data-home/tranning-Airflow/venv/lib/python3.11/site-packages/airflow/example_dags/tutorial_taskflow_api_virtualenv.py
[2023-05-26T15:19:12.125+0700] {processor.py:826} INFO - Processing file /Users/kany/project-local/data-home/tranning-Airflow/venv/lib/python3.11/site-packages/airflow/example_dags/tutorial_taskflow_api_virtualenv.py for tasks to queue
[2023-05-26T15:19:12.125+0700] {logging_mixin.py:149} INFO - [2023-05-26T15:19:12.125+0700] {dagbag.py:541} INFO - Filling up the DagBag from /Users/kany/project-local/data-home/tranning-Airflow/venv/lib/python3.11/site-packages/airflow/example_dags/tutorial_taskflow_api_virtualenv.py
[2023-05-26T15:19:12.164+0700] {processor.py:836} INFO - DAG(s) dict_keys(['tutorial_taskflow_api_virtualenv']) retrieved from /Users/kany/project-local/data-home/tranning-Airflow/venv/lib/python3.11/site-packages/airflow/example_dags/tutorial_taskflow_api_virtualenv.py
[2023-05-26T15:19:12.595+0700] {logging_mixin.py:149} INFO - [2023-05-26T15:19:12.595+0700] {dag.py:2726} INFO - Sync 1 DAGs
[2023-05-26T15:19:12.601+0700] {logging_mixin.py:149} INFO - [2023-05-26T15:19:12.601+0700] {dag.py:3486} INFO - Setting next_dagrun for tutorial_taskflow_api_virtualenv to None, run_after=None
[2023-05-26T15:19:12.608+0700] {processor.py:179} INFO - Processing /Users/kany/project-local/data-home/tranning-Airflow/venv/lib/python3.11/site-packages/airflow/example_dags/tutorial_taskflow_api_virtualenv.py took 0.484 seconds
[2023-05-26T15:20:20.160+0700] {processor.py:157} INFO - Started process (PID=51599) to work on /Users/kany/project-local/data-home/tranning-Airflow/venv/lib/python3.11/site-packages/airflow/example_dags/tutorial_taskflow_api_virtualenv.py
[2023-05-26T15:20:20.160+0700] {processor.py:826} INFO - Processing file /Users/kany/project-local/data-home/tranning-Airflow/venv/lib/python3.11/site-packages/airflow/example_dags/tutorial_taskflow_api_virtualenv.py for tasks to queue
[2023-05-26T15:20:20.160+0700] {logging_mixin.py:149} INFO - [2023-05-26T15:20:20.160+0700] {dagbag.py:541} INFO - Filling up the DagBag from /Users/kany/project-local/data-home/tranning-Airflow/venv/lib/python3.11/site-packages/airflow/example_dags/tutorial_taskflow_api_virtualenv.py
[2023-05-26T15:20:20.198+0700] {processor.py:836} INFO - DAG(s) dict_keys(['tutorial_taskflow_api_virtualenv']) retrieved from /Users/kany/project-local/data-home/tranning-Airflow/venv/lib/python3.11/site-packages/airflow/example_dags/tutorial_taskflow_api_virtualenv.py
[2023-05-26T15:20:20.631+0700] {logging_mixin.py:149} INFO - [2023-05-26T15:20:20.631+0700] {dag.py:2726} INFO - Sync 1 DAGs
[2023-05-26T15:20:20.636+0700] {logging_mixin.py:149} INFO - [2023-05-26T15:20:20.636+0700] {dag.py:3486} INFO - Setting next_dagrun for tutorial_taskflow_api_virtualenv to None, run_after=None
[2023-05-26T15:20:20.645+0700] {processor.py:179} INFO - Processing /Users/kany/project-local/data-home/tranning-Airflow/venv/lib/python3.11/site-packages/airflow/example_dags/tutorial_taskflow_api_virtualenv.py took 0.486 seconds
[2023-05-26T15:21:31.482+0700] {processor.py:157} INFO - Started process (PID=51706) to work on /Users/kany/project-local/data-home/tranning-Airflow/venv/lib/python3.11/site-packages/airflow/example_dags/tutorial_taskflow_api_virtualenv.py
[2023-05-26T15:21:31.483+0700] {processor.py:826} INFO - Processing file /Users/kany/project-local/data-home/tranning-Airflow/venv/lib/python3.11/site-packages/airflow/example_dags/tutorial_taskflow_api_virtualenv.py for tasks to queue
[2023-05-26T15:21:31.484+0700] {logging_mixin.py:149} INFO - [2023-05-26T15:21:31.483+0700] {dagbag.py:541} INFO - Filling up the DagBag from /Users/kany/project-local/data-home/tranning-Airflow/venv/lib/python3.11/site-packages/airflow/example_dags/tutorial_taskflow_api_virtualenv.py
[2023-05-26T15:21:31.523+0700] {processor.py:836} INFO - DAG(s) dict_keys(['tutorial_taskflow_api_virtualenv']) retrieved from /Users/kany/project-local/data-home/tranning-Airflow/venv/lib/python3.11/site-packages/airflow/example_dags/tutorial_taskflow_api_virtualenv.py
[2023-05-26T15:21:31.936+0700] {logging_mixin.py:149} INFO - [2023-05-26T15:21:31.936+0700] {dag.py:2726} INFO - Sync 1 DAGs
[2023-05-26T15:21:31.941+0700] {logging_mixin.py:149} INFO - [2023-05-26T15:21:31.941+0700] {dag.py:3486} INFO - Setting next_dagrun for tutorial_taskflow_api_virtualenv to None, run_after=None
[2023-05-26T15:21:31.948+0700] {processor.py:179} INFO - Processing /Users/kany/project-local/data-home/tranning-Airflow/venv/lib/python3.11/site-packages/airflow/example_dags/tutorial_taskflow_api_virtualenv.py took 0.466 seconds
[2023-05-26T15:22:34.634+0700] {processor.py:157} INFO - Started process (PID=51740) to work on /Users/kany/project-local/data-home/tranning-Airflow/venv/lib/python3.11/site-packages/airflow/example_dags/tutorial_taskflow_api_virtualenv.py
[2023-05-26T15:22:34.635+0700] {processor.py:826} INFO - Processing file /Users/kany/project-local/data-home/tranning-Airflow/venv/lib/python3.11/site-packages/airflow/example_dags/tutorial_taskflow_api_virtualenv.py for tasks to queue
[2023-05-26T15:22:34.635+0700] {logging_mixin.py:149} INFO - [2023-05-26T15:22:34.635+0700] {dagbag.py:541} INFO - Filling up the DagBag from /Users/kany/project-local/data-home/tranning-Airflow/venv/lib/python3.11/site-packages/airflow/example_dags/tutorial_taskflow_api_virtualenv.py
[2023-05-26T15:22:34.667+0700] {processor.py:836} INFO - DAG(s) dict_keys(['tutorial_taskflow_api_virtualenv']) retrieved from /Users/kany/project-local/data-home/tranning-Airflow/venv/lib/python3.11/site-packages/airflow/example_dags/tutorial_taskflow_api_virtualenv.py
[2023-05-26T15:22:35.079+0700] {logging_mixin.py:149} INFO - [2023-05-26T15:22:35.079+0700] {dag.py:2726} INFO - Sync 1 DAGs
[2023-05-26T15:22:35.084+0700] {logging_mixin.py:149} INFO - [2023-05-26T15:22:35.084+0700] {dag.py:3486} INFO - Setting next_dagrun for tutorial_taskflow_api_virtualenv to None, run_after=None
[2023-05-26T15:22:35.091+0700] {processor.py:179} INFO - Processing /Users/kany/project-local/data-home/tranning-Airflow/venv/lib/python3.11/site-packages/airflow/example_dags/tutorial_taskflow_api_virtualenv.py took 0.458 seconds
[2023-05-26T15:23:34.362+0700] {processor.py:157} INFO - Started process (PID=51776) to work on /Users/kany/project-local/data-home/tranning-Airflow/venv/lib/python3.11/site-packages/airflow/example_dags/tutorial_taskflow_api_virtualenv.py
[2023-05-26T15:23:34.363+0700] {processor.py:826} INFO - Processing file /Users/kany/project-local/data-home/tranning-Airflow/venv/lib/python3.11/site-packages/airflow/example_dags/tutorial_taskflow_api_virtualenv.py for tasks to queue
[2023-05-26T15:23:34.363+0700] {logging_mixin.py:149} INFO - [2023-05-26T15:23:34.363+0700] {dagbag.py:541} INFO - Filling up the DagBag from /Users/kany/project-local/data-home/tranning-Airflow/venv/lib/python3.11/site-packages/airflow/example_dags/tutorial_taskflow_api_virtualenv.py
[2023-05-26T15:23:34.398+0700] {processor.py:836} INFO - DAG(s) dict_keys(['tutorial_taskflow_api_virtualenv']) retrieved from /Users/kany/project-local/data-home/tranning-Airflow/venv/lib/python3.11/site-packages/airflow/example_dags/tutorial_taskflow_api_virtualenv.py
[2023-05-26T15:23:34.859+0700] {logging_mixin.py:149} INFO - [2023-05-26T15:23:34.859+0700] {dag.py:2726} INFO - Sync 1 DAGs
[2023-05-26T15:23:34.865+0700] {logging_mixin.py:149} INFO - [2023-05-26T15:23:34.865+0700] {dag.py:3486} INFO - Setting next_dagrun for tutorial_taskflow_api_virtualenv to None, run_after=None
[2023-05-26T15:23:34.872+0700] {processor.py:179} INFO - Processing /Users/kany/project-local/data-home/tranning-Airflow/venv/lib/python3.11/site-packages/airflow/example_dags/tutorial_taskflow_api_virtualenv.py took 0.509 seconds
[2023-05-26T15:24:37.881+0700] {processor.py:157} INFO - Started process (PID=51836) to work on /Users/kany/project-local/data-home/tranning-Airflow/venv/lib/python3.11/site-packages/airflow/example_dags/tutorial_taskflow_api_virtualenv.py
[2023-05-26T15:24:37.882+0700] {processor.py:826} INFO - Processing file /Users/kany/project-local/data-home/tranning-Airflow/venv/lib/python3.11/site-packages/airflow/example_dags/tutorial_taskflow_api_virtualenv.py for tasks to queue
[2023-05-26T15:24:37.882+0700] {logging_mixin.py:149} INFO - [2023-05-26T15:24:37.882+0700] {dagbag.py:541} INFO - Filling up the DagBag from /Users/kany/project-local/data-home/tranning-Airflow/venv/lib/python3.11/site-packages/airflow/example_dags/tutorial_taskflow_api_virtualenv.py
[2023-05-26T15:24:37.941+0700] {processor.py:836} INFO - DAG(s) dict_keys(['tutorial_taskflow_api_virtualenv']) retrieved from /Users/kany/project-local/data-home/tranning-Airflow/venv/lib/python3.11/site-packages/airflow/example_dags/tutorial_taskflow_api_virtualenv.py
[2023-05-26T15:24:38.382+0700] {logging_mixin.py:149} INFO - [2023-05-26T15:24:38.381+0700] {dag.py:2726} INFO - Sync 1 DAGs
[2023-05-26T15:24:38.387+0700] {logging_mixin.py:149} INFO - [2023-05-26T15:24:38.387+0700] {dag.py:3486} INFO - Setting next_dagrun for tutorial_taskflow_api_virtualenv to None, run_after=None
[2023-05-26T15:24:38.399+0700] {processor.py:179} INFO - Processing /Users/kany/project-local/data-home/tranning-Airflow/venv/lib/python3.11/site-packages/airflow/example_dags/tutorial_taskflow_api_virtualenv.py took 0.518 seconds
[2023-05-26T15:25:43.513+0700] {processor.py:157} INFO - Started process (PID=51915) to work on /Users/kany/project-local/data-home/tranning-Airflow/venv/lib/python3.11/site-packages/airflow/example_dags/tutorial_taskflow_api_virtualenv.py
[2023-05-26T15:25:43.513+0700] {processor.py:826} INFO - Processing file /Users/kany/project-local/data-home/tranning-Airflow/venv/lib/python3.11/site-packages/airflow/example_dags/tutorial_taskflow_api_virtualenv.py for tasks to queue
[2023-05-26T15:25:43.513+0700] {logging_mixin.py:149} INFO - [2023-05-26T15:25:43.513+0700] {dagbag.py:541} INFO - Filling up the DagBag from /Users/kany/project-local/data-home/tranning-Airflow/venv/lib/python3.11/site-packages/airflow/example_dags/tutorial_taskflow_api_virtualenv.py
[2023-05-26T15:25:43.550+0700] {processor.py:836} INFO - DAG(s) dict_keys(['tutorial_taskflow_api_virtualenv']) retrieved from /Users/kany/project-local/data-home/tranning-Airflow/venv/lib/python3.11/site-packages/airflow/example_dags/tutorial_taskflow_api_virtualenv.py
[2023-05-26T15:25:44.082+0700] {logging_mixin.py:149} INFO - [2023-05-26T15:25:44.082+0700] {dag.py:2726} INFO - Sync 1 DAGs
[2023-05-26T15:25:44.087+0700] {logging_mixin.py:149} INFO - [2023-05-26T15:25:44.087+0700] {dag.py:3486} INFO - Setting next_dagrun for tutorial_taskflow_api_virtualenv to None, run_after=None
[2023-05-26T15:25:44.095+0700] {processor.py:179} INFO - Processing /Users/kany/project-local/data-home/tranning-Airflow/venv/lib/python3.11/site-packages/airflow/example_dags/tutorial_taskflow_api_virtualenv.py took 0.582 seconds
[2023-05-26T15:26:45.149+0700] {processor.py:157} INFO - Started process (PID=52032) to work on /Users/kany/project-local/data-home/tranning-Airflow/venv/lib/python3.11/site-packages/airflow/example_dags/tutorial_taskflow_api_virtualenv.py
[2023-05-26T15:26:45.150+0700] {processor.py:826} INFO - Processing file /Users/kany/project-local/data-home/tranning-Airflow/venv/lib/python3.11/site-packages/airflow/example_dags/tutorial_taskflow_api_virtualenv.py for tasks to queue
[2023-05-26T15:26:45.150+0700] {logging_mixin.py:149} INFO - [2023-05-26T15:26:45.150+0700] {dagbag.py:541} INFO - Filling up the DagBag from /Users/kany/project-local/data-home/tranning-Airflow/venv/lib/python3.11/site-packages/airflow/example_dags/tutorial_taskflow_api_virtualenv.py
[2023-05-26T15:26:45.186+0700] {processor.py:836} INFO - DAG(s) dict_keys(['tutorial_taskflow_api_virtualenv']) retrieved from /Users/kany/project-local/data-home/tranning-Airflow/venv/lib/python3.11/site-packages/airflow/example_dags/tutorial_taskflow_api_virtualenv.py
[2023-05-26T15:26:45.674+0700] {logging_mixin.py:149} INFO - [2023-05-26T15:26:45.674+0700] {dag.py:2726} INFO - Sync 1 DAGs
[2023-05-26T15:26:45.682+0700] {logging_mixin.py:149} INFO - [2023-05-26T15:26:45.682+0700] {dag.py:3486} INFO - Setting next_dagrun for tutorial_taskflow_api_virtualenv to None, run_after=None
[2023-05-26T15:26:45.691+0700] {processor.py:179} INFO - Processing /Users/kany/project-local/data-home/tranning-Airflow/venv/lib/python3.11/site-packages/airflow/example_dags/tutorial_taskflow_api_virtualenv.py took 0.542 seconds
[2023-05-26T15:27:49.867+0700] {processor.py:157} INFO - Started process (PID=52143) to work on /Users/kany/project-local/data-home/tranning-Airflow/venv/lib/python3.11/site-packages/airflow/example_dags/tutorial_taskflow_api_virtualenv.py
[2023-05-26T15:27:49.868+0700] {processor.py:826} INFO - Processing file /Users/kany/project-local/data-home/tranning-Airflow/venv/lib/python3.11/site-packages/airflow/example_dags/tutorial_taskflow_api_virtualenv.py for tasks to queue
[2023-05-26T15:27:49.868+0700] {logging_mixin.py:149} INFO - [2023-05-26T15:27:49.868+0700] {dagbag.py:541} INFO - Filling up the DagBag from /Users/kany/project-local/data-home/tranning-Airflow/venv/lib/python3.11/site-packages/airflow/example_dags/tutorial_taskflow_api_virtualenv.py
[2023-05-26T15:27:49.907+0700] {processor.py:836} INFO - DAG(s) dict_keys(['tutorial_taskflow_api_virtualenv']) retrieved from /Users/kany/project-local/data-home/tranning-Airflow/venv/lib/python3.11/site-packages/airflow/example_dags/tutorial_taskflow_api_virtualenv.py
[2023-05-26T15:27:50.548+0700] {logging_mixin.py:149} INFO - [2023-05-26T15:27:50.548+0700] {dag.py:2726} INFO - Sync 1 DAGs
[2023-05-26T15:27:50.554+0700] {logging_mixin.py:149} INFO - [2023-05-26T15:27:50.554+0700] {dag.py:3486} INFO - Setting next_dagrun for tutorial_taskflow_api_virtualenv to None, run_after=None
[2023-05-26T15:27:50.562+0700] {processor.py:179} INFO - Processing /Users/kany/project-local/data-home/tranning-Airflow/venv/lib/python3.11/site-packages/airflow/example_dags/tutorial_taskflow_api_virtualenv.py took 0.695 seconds
[2023-05-26T15:28:56.471+0700] {processor.py:157} INFO - Started process (PID=52296) to work on /Users/kany/project-local/data-home/tranning-Airflow/venv/lib/python3.11/site-packages/airflow/example_dags/tutorial_taskflow_api_virtualenv.py
[2023-05-26T15:28:56.472+0700] {processor.py:826} INFO - Processing file /Users/kany/project-local/data-home/tranning-Airflow/venv/lib/python3.11/site-packages/airflow/example_dags/tutorial_taskflow_api_virtualenv.py for tasks to queue
[2023-05-26T15:28:56.472+0700] {logging_mixin.py:149} INFO - [2023-05-26T15:28:56.472+0700] {dagbag.py:541} INFO - Filling up the DagBag from /Users/kany/project-local/data-home/tranning-Airflow/venv/lib/python3.11/site-packages/airflow/example_dags/tutorial_taskflow_api_virtualenv.py
[2023-05-26T15:28:56.516+0700] {processor.py:836} INFO - DAG(s) dict_keys(['tutorial_taskflow_api_virtualenv']) retrieved from /Users/kany/project-local/data-home/tranning-Airflow/venv/lib/python3.11/site-packages/airflow/example_dags/tutorial_taskflow_api_virtualenv.py
[2023-05-26T15:28:57.260+0700] {logging_mixin.py:149} INFO - [2023-05-26T15:28:57.260+0700] {dag.py:2726} INFO - Sync 1 DAGs
[2023-05-26T15:28:57.265+0700] {logging_mixin.py:149} INFO - [2023-05-26T15:28:57.265+0700] {dag.py:3486} INFO - Setting next_dagrun for tutorial_taskflow_api_virtualenv to None, run_after=None
[2023-05-26T15:28:57.272+0700] {processor.py:179} INFO - Processing /Users/kany/project-local/data-home/tranning-Airflow/venv/lib/python3.11/site-packages/airflow/example_dags/tutorial_taskflow_api_virtualenv.py took 0.801 seconds
[2023-05-26T15:30:03.771+0700] {processor.py:157} INFO - Started process (PID=52375) to work on /Users/kany/project-local/data-home/tranning-Airflow/venv/lib/python3.11/site-packages/airflow/example_dags/tutorial_taskflow_api_virtualenv.py
[2023-05-26T15:30:03.772+0700] {processor.py:826} INFO - Processing file /Users/kany/project-local/data-home/tranning-Airflow/venv/lib/python3.11/site-packages/airflow/example_dags/tutorial_taskflow_api_virtualenv.py for tasks to queue
[2023-05-26T15:30:03.772+0700] {logging_mixin.py:149} INFO - [2023-05-26T15:30:03.772+0700] {dagbag.py:541} INFO - Filling up the DagBag from /Users/kany/project-local/data-home/tranning-Airflow/venv/lib/python3.11/site-packages/airflow/example_dags/tutorial_taskflow_api_virtualenv.py
[2023-05-26T15:30:03.811+0700] {processor.py:836} INFO - DAG(s) dict_keys(['tutorial_taskflow_api_virtualenv']) retrieved from /Users/kany/project-local/data-home/tranning-Airflow/venv/lib/python3.11/site-packages/airflow/example_dags/tutorial_taskflow_api_virtualenv.py
[2023-05-26T15:30:04.374+0700] {logging_mixin.py:149} INFO - [2023-05-26T15:30:04.374+0700] {dag.py:2726} INFO - Sync 1 DAGs
[2023-05-26T15:30:04.379+0700] {logging_mixin.py:149} INFO - [2023-05-26T15:30:04.379+0700] {dag.py:3486} INFO - Setting next_dagrun for tutorial_taskflow_api_virtualenv to None, run_after=None
[2023-05-26T15:30:04.387+0700] {processor.py:179} INFO - Processing /Users/kany/project-local/data-home/tranning-Airflow/venv/lib/python3.11/site-packages/airflow/example_dags/tutorial_taskflow_api_virtualenv.py took 0.615 seconds
[2023-05-26T15:31:09.621+0700] {processor.py:157} INFO - Started process (PID=52433) to work on /Users/kany/project-local/data-home/tranning-Airflow/venv/lib/python3.11/site-packages/airflow/example_dags/tutorial_taskflow_api_virtualenv.py
[2023-05-26T15:31:09.622+0700] {processor.py:826} INFO - Processing file /Users/kany/project-local/data-home/tranning-Airflow/venv/lib/python3.11/site-packages/airflow/example_dags/tutorial_taskflow_api_virtualenv.py for tasks to queue
[2023-05-26T15:31:09.622+0700] {logging_mixin.py:149} INFO - [2023-05-26T15:31:09.622+0700] {dagbag.py:541} INFO - Filling up the DagBag from /Users/kany/project-local/data-home/tranning-Airflow/venv/lib/python3.11/site-packages/airflow/example_dags/tutorial_taskflow_api_virtualenv.py
[2023-05-26T15:31:09.657+0700] {processor.py:836} INFO - DAG(s) dict_keys(['tutorial_taskflow_api_virtualenv']) retrieved from /Users/kany/project-local/data-home/tranning-Airflow/venv/lib/python3.11/site-packages/airflow/example_dags/tutorial_taskflow_api_virtualenv.py
[2023-05-26T15:31:10.151+0700] {logging_mixin.py:149} INFO - [2023-05-26T15:31:10.151+0700] {dag.py:2726} INFO - Sync 1 DAGs
[2023-05-26T15:31:10.156+0700] {logging_mixin.py:149} INFO - [2023-05-26T15:31:10.156+0700] {dag.py:3486} INFO - Setting next_dagrun for tutorial_taskflow_api_virtualenv to None, run_after=None
[2023-05-26T15:31:10.164+0700] {processor.py:179} INFO - Processing /Users/kany/project-local/data-home/tranning-Airflow/venv/lib/python3.11/site-packages/airflow/example_dags/tutorial_taskflow_api_virtualenv.py took 0.543 seconds
[2023-05-26T15:32:16.763+0700] {processor.py:157} INFO - Started process (PID=52536) to work on /Users/kany/project-local/data-home/tranning-Airflow/venv/lib/python3.11/site-packages/airflow/example_dags/tutorial_taskflow_api_virtualenv.py
[2023-05-26T15:32:16.764+0700] {processor.py:826} INFO - Processing file /Users/kany/project-local/data-home/tranning-Airflow/venv/lib/python3.11/site-packages/airflow/example_dags/tutorial_taskflow_api_virtualenv.py for tasks to queue
[2023-05-26T15:32:16.764+0700] {logging_mixin.py:149} INFO - [2023-05-26T15:32:16.764+0700] {dagbag.py:541} INFO - Filling up the DagBag from /Users/kany/project-local/data-home/tranning-Airflow/venv/lib/python3.11/site-packages/airflow/example_dags/tutorial_taskflow_api_virtualenv.py
[2023-05-26T15:32:16.800+0700] {processor.py:836} INFO - DAG(s) dict_keys(['tutorial_taskflow_api_virtualenv']) retrieved from /Users/kany/project-local/data-home/tranning-Airflow/venv/lib/python3.11/site-packages/airflow/example_dags/tutorial_taskflow_api_virtualenv.py
[2023-05-26T15:32:17.231+0700] {logging_mixin.py:149} INFO - [2023-05-26T15:32:17.231+0700] {dag.py:2726} INFO - Sync 1 DAGs
[2023-05-26T15:32:17.237+0700] {logging_mixin.py:149} INFO - [2023-05-26T15:32:17.237+0700] {dag.py:3486} INFO - Setting next_dagrun for tutorial_taskflow_api_virtualenv to None, run_after=None
[2023-05-26T15:32:17.245+0700] {processor.py:179} INFO - Processing /Users/kany/project-local/data-home/tranning-Airflow/venv/lib/python3.11/site-packages/airflow/example_dags/tutorial_taskflow_api_virtualenv.py took 0.483 seconds
