[2023-05-26T15:12:00.880+0700] {processor.py:157} INFO - Started process (PID=51101) to work on /Users/kany/project-local/data-home/tranning-Airflow/venv/lib/python3.11/site-packages/airflow/example_dags/tutorial_taskflow_api.py
[2023-05-26T15:12:00.881+0700] {processor.py:826} INFO - Processing file /Users/kany/project-local/data-home/tranning-Airflow/venv/lib/python3.11/site-packages/airflow/example_dags/tutorial_taskflow_api.py for tasks to queue
[2023-05-26T15:12:00.881+0700] {logging_mixin.py:149} INFO - [2023-05-26T15:12:00.881+0700] {dagbag.py:541} INFO - Filling up the DagBag from /Users/kany/project-local/data-home/tranning-Airflow/venv/lib/python3.11/site-packages/airflow/example_dags/tutorial_taskflow_api.py
[2023-05-26T15:12:00.918+0700] {processor.py:836} INFO - DAG(s) dict_keys(['tutorial_taskflow_api']) retrieved from /Users/kany/project-local/data-home/tranning-Airflow/venv/lib/python3.11/site-packages/airflow/example_dags/tutorial_taskflow_api.py
[2023-05-26T15:12:01.411+0700] {logging_mixin.py:149} INFO - [2023-05-26T15:12:01.411+0700] {manager.py:504} INFO - Created Permission View: can edit on DAG:tutorial_taskflow_api
[2023-05-26T15:12:01.414+0700] {logging_mixin.py:149} INFO - [2023-05-26T15:12:01.414+0700] {manager.py:504} INFO - Created Permission View: can read on DAG:tutorial_taskflow_api
[2023-05-26T15:12:01.416+0700] {logging_mixin.py:149} INFO - [2023-05-26T15:12:01.416+0700] {manager.py:504} INFO - Created Permission View: can delete on DAG:tutorial_taskflow_api
[2023-05-26T15:12:01.416+0700] {logging_mixin.py:149} INFO - [2023-05-26T15:12:01.416+0700] {dag.py:2726} INFO - Sync 1 DAGs
[2023-05-26T15:12:01.420+0700] {logging_mixin.py:149} INFO - [2023-05-26T15:12:01.420+0700] {dag.py:2747} INFO - Creating ORM DAG for tutorial_taskflow_api
[2023-05-26T15:12:01.422+0700] {logging_mixin.py:149} INFO - [2023-05-26T15:12:01.422+0700] {dag.py:3486} INFO - Setting next_dagrun for tutorial_taskflow_api to None, run_after=None
[2023-05-26T15:12:01.429+0700] {processor.py:179} INFO - Processing /Users/kany/project-local/data-home/tranning-Airflow/venv/lib/python3.11/site-packages/airflow/example_dags/tutorial_taskflow_api.py took 0.549 seconds
[2023-05-26T15:14:01.478+0700] {processor.py:157} INFO - Started process (PID=51204) to work on /Users/kany/project-local/data-home/tranning-Airflow/venv/lib/python3.11/site-packages/airflow/example_dags/tutorial_taskflow_api.py
[2023-05-26T15:14:01.479+0700] {processor.py:826} INFO - Processing file /Users/kany/project-local/data-home/tranning-Airflow/venv/lib/python3.11/site-packages/airflow/example_dags/tutorial_taskflow_api.py for tasks to queue
[2023-05-26T15:14:01.480+0700] {logging_mixin.py:149} INFO - [2023-05-26T15:14:01.480+0700] {dagbag.py:541} INFO - Filling up the DagBag from /Users/kany/project-local/data-home/tranning-Airflow/venv/lib/python3.11/site-packages/airflow/example_dags/tutorial_taskflow_api.py
[2023-05-26T15:14:01.528+0700] {processor.py:836} INFO - DAG(s) dict_keys(['tutorial_taskflow_api']) retrieved from /Users/kany/project-local/data-home/tranning-Airflow/venv/lib/python3.11/site-packages/airflow/example_dags/tutorial_taskflow_api.py
[2023-05-26T15:14:02.321+0700] {logging_mixin.py:149} INFO - [2023-05-26T15:14:02.320+0700] {dag.py:2726} INFO - Sync 1 DAGs
[2023-05-26T15:14:02.327+0700] {logging_mixin.py:149} INFO - [2023-05-26T15:14:02.327+0700] {dag.py:3486} INFO - Setting next_dagrun for tutorial_taskflow_api to None, run_after=None
[2023-05-26T15:14:02.337+0700] {processor.py:179} INFO - Processing /Users/kany/project-local/data-home/tranning-Airflow/venv/lib/python3.11/site-packages/airflow/example_dags/tutorial_taskflow_api.py took 0.859 seconds
[2023-05-26T15:15:30.723+0700] {processor.py:157} INFO - Started process (PID=51270) to work on /Users/kany/project-local/data-home/tranning-Airflow/venv/lib/python3.11/site-packages/airflow/example_dags/tutorial_taskflow_api.py
[2023-05-26T15:15:30.724+0700] {processor.py:826} INFO - Processing file /Users/kany/project-local/data-home/tranning-Airflow/venv/lib/python3.11/site-packages/airflow/example_dags/tutorial_taskflow_api.py for tasks to queue
[2023-05-26T15:15:30.725+0700] {logging_mixin.py:149} INFO - [2023-05-26T15:15:30.725+0700] {dagbag.py:541} INFO - Filling up the DagBag from /Users/kany/project-local/data-home/tranning-Airflow/venv/lib/python3.11/site-packages/airflow/example_dags/tutorial_taskflow_api.py
[2023-05-26T15:15:30.756+0700] {processor.py:836} INFO - DAG(s) dict_keys(['tutorial_taskflow_api']) retrieved from /Users/kany/project-local/data-home/tranning-Airflow/venv/lib/python3.11/site-packages/airflow/example_dags/tutorial_taskflow_api.py
[2023-05-26T15:15:31.233+0700] {logging_mixin.py:149} INFO - [2023-05-26T15:15:31.233+0700] {dag.py:2726} INFO - Sync 1 DAGs
[2023-05-26T15:15:31.239+0700] {logging_mixin.py:149} INFO - [2023-05-26T15:15:31.239+0700] {dag.py:3486} INFO - Setting next_dagrun for tutorial_taskflow_api to None, run_after=None
[2023-05-26T15:15:31.246+0700] {processor.py:179} INFO - Processing /Users/kany/project-local/data-home/tranning-Airflow/venv/lib/python3.11/site-packages/airflow/example_dags/tutorial_taskflow_api.py took 0.523 seconds
[2023-05-26T15:16:43.224+0700] {processor.py:157} INFO - Started process (PID=51375) to work on /Users/kany/project-local/data-home/tranning-Airflow/venv/lib/python3.11/site-packages/airflow/example_dags/tutorial_taskflow_api.py
[2023-05-26T15:16:43.226+0700] {processor.py:826} INFO - Processing file /Users/kany/project-local/data-home/tranning-Airflow/venv/lib/python3.11/site-packages/airflow/example_dags/tutorial_taskflow_api.py for tasks to queue
[2023-05-26T15:16:43.226+0700] {logging_mixin.py:149} INFO - [2023-05-26T15:16:43.226+0700] {dagbag.py:541} INFO - Filling up the DagBag from /Users/kany/project-local/data-home/tranning-Airflow/venv/lib/python3.11/site-packages/airflow/example_dags/tutorial_taskflow_api.py
[2023-05-26T15:16:43.269+0700] {processor.py:836} INFO - DAG(s) dict_keys(['tutorial_taskflow_api']) retrieved from /Users/kany/project-local/data-home/tranning-Airflow/venv/lib/python3.11/site-packages/airflow/example_dags/tutorial_taskflow_api.py
[2023-05-26T15:16:44.073+0700] {logging_mixin.py:149} INFO - [2023-05-26T15:16:44.072+0700] {dag.py:2726} INFO - Sync 1 DAGs
[2023-05-26T15:16:44.079+0700] {logging_mixin.py:149} INFO - [2023-05-26T15:16:44.079+0700] {dag.py:3486} INFO - Setting next_dagrun for tutorial_taskflow_api to None, run_after=None
[2023-05-26T15:16:44.089+0700] {processor.py:179} INFO - Processing /Users/kany/project-local/data-home/tranning-Airflow/venv/lib/python3.11/site-packages/airflow/example_dags/tutorial_taskflow_api.py took 0.865 seconds
[2023-05-26T15:18:01.007+0700] {processor.py:157} INFO - Started process (PID=51431) to work on /Users/kany/project-local/data-home/tranning-Airflow/venv/lib/python3.11/site-packages/airflow/example_dags/tutorial_taskflow_api.py
[2023-05-26T15:18:01.008+0700] {processor.py:826} INFO - Processing file /Users/kany/project-local/data-home/tranning-Airflow/venv/lib/python3.11/site-packages/airflow/example_dags/tutorial_taskflow_api.py for tasks to queue
[2023-05-26T15:18:01.008+0700] {logging_mixin.py:149} INFO - [2023-05-26T15:18:01.008+0700] {dagbag.py:541} INFO - Filling up the DagBag from /Users/kany/project-local/data-home/tranning-Airflow/venv/lib/python3.11/site-packages/airflow/example_dags/tutorial_taskflow_api.py
[2023-05-26T15:18:01.039+0700] {processor.py:836} INFO - DAG(s) dict_keys(['tutorial_taskflow_api']) retrieved from /Users/kany/project-local/data-home/tranning-Airflow/venv/lib/python3.11/site-packages/airflow/example_dags/tutorial_taskflow_api.py
[2023-05-26T15:18:01.468+0700] {logging_mixin.py:149} INFO - [2023-05-26T15:18:01.468+0700] {dag.py:2726} INFO - Sync 1 DAGs
[2023-05-26T15:18:01.473+0700] {logging_mixin.py:149} INFO - [2023-05-26T15:18:01.473+0700] {dag.py:3486} INFO - Setting next_dagrun for tutorial_taskflow_api to None, run_after=None
[2023-05-26T15:18:01.480+0700] {processor.py:179} INFO - Processing /Users/kany/project-local/data-home/tranning-Airflow/venv/lib/python3.11/site-packages/airflow/example_dags/tutorial_taskflow_api.py took 0.473 seconds
[2023-05-26T15:19:14.365+0700] {processor.py:157} INFO - Started process (PID=51548) to work on /Users/kany/project-local/data-home/tranning-Airflow/venv/lib/python3.11/site-packages/airflow/example_dags/tutorial_taskflow_api.py
[2023-05-26T15:19:14.366+0700] {processor.py:826} INFO - Processing file /Users/kany/project-local/data-home/tranning-Airflow/venv/lib/python3.11/site-packages/airflow/example_dags/tutorial_taskflow_api.py for tasks to queue
[2023-05-26T15:19:14.366+0700] {logging_mixin.py:149} INFO - [2023-05-26T15:19:14.366+0700] {dagbag.py:541} INFO - Filling up the DagBag from /Users/kany/project-local/data-home/tranning-Airflow/venv/lib/python3.11/site-packages/airflow/example_dags/tutorial_taskflow_api.py
[2023-05-26T15:19:14.411+0700] {processor.py:836} INFO - DAG(s) dict_keys(['tutorial_taskflow_api']) retrieved from /Users/kany/project-local/data-home/tranning-Airflow/venv/lib/python3.11/site-packages/airflow/example_dags/tutorial_taskflow_api.py
[2023-05-26T15:19:14.969+0700] {logging_mixin.py:149} INFO - [2023-05-26T15:19:14.969+0700] {dag.py:2726} INFO - Sync 1 DAGs
[2023-05-26T15:19:14.976+0700] {logging_mixin.py:149} INFO - [2023-05-26T15:19:14.976+0700] {dag.py:3486} INFO - Setting next_dagrun for tutorial_taskflow_api to None, run_after=None
[2023-05-26T15:19:14.983+0700] {processor.py:179} INFO - Processing /Users/kany/project-local/data-home/tranning-Airflow/venv/lib/python3.11/site-packages/airflow/example_dags/tutorial_taskflow_api.py took 0.618 seconds
[2023-05-26T15:20:21.675+0700] {processor.py:157} INFO - Started process (PID=51600) to work on /Users/kany/project-local/data-home/tranning-Airflow/venv/lib/python3.11/site-packages/airflow/example_dags/tutorial_taskflow_api.py
[2023-05-26T15:20:21.676+0700] {processor.py:826} INFO - Processing file /Users/kany/project-local/data-home/tranning-Airflow/venv/lib/python3.11/site-packages/airflow/example_dags/tutorial_taskflow_api.py for tasks to queue
[2023-05-26T15:20:21.676+0700] {logging_mixin.py:149} INFO - [2023-05-26T15:20:21.676+0700] {dagbag.py:541} INFO - Filling up the DagBag from /Users/kany/project-local/data-home/tranning-Airflow/venv/lib/python3.11/site-packages/airflow/example_dags/tutorial_taskflow_api.py
[2023-05-26T15:20:21.742+0700] {processor.py:836} INFO - DAG(s) dict_keys(['tutorial_taskflow_api']) retrieved from /Users/kany/project-local/data-home/tranning-Airflow/venv/lib/python3.11/site-packages/airflow/example_dags/tutorial_taskflow_api.py
[2023-05-26T15:20:22.407+0700] {logging_mixin.py:149} INFO - [2023-05-26T15:20:22.407+0700] {dag.py:2726} INFO - Sync 1 DAGs
[2023-05-26T15:20:22.414+0700] {logging_mixin.py:149} INFO - [2023-05-26T15:20:22.414+0700] {dag.py:3486} INFO - Setting next_dagrun for tutorial_taskflow_api to None, run_after=None
[2023-05-26T15:20:22.422+0700] {processor.py:179} INFO - Processing /Users/kany/project-local/data-home/tranning-Airflow/venv/lib/python3.11/site-packages/airflow/example_dags/tutorial_taskflow_api.py took 0.747 seconds
[2023-05-26T15:21:33.741+0700] {processor.py:157} INFO - Started process (PID=51707) to work on /Users/kany/project-local/data-home/tranning-Airflow/venv/lib/python3.11/site-packages/airflow/example_dags/tutorial_taskflow_api.py
[2023-05-26T15:21:33.741+0700] {processor.py:826} INFO - Processing file /Users/kany/project-local/data-home/tranning-Airflow/venv/lib/python3.11/site-packages/airflow/example_dags/tutorial_taskflow_api.py for tasks to queue
[2023-05-26T15:21:33.741+0700] {logging_mixin.py:149} INFO - [2023-05-26T15:21:33.741+0700] {dagbag.py:541} INFO - Filling up the DagBag from /Users/kany/project-local/data-home/tranning-Airflow/venv/lib/python3.11/site-packages/airflow/example_dags/tutorial_taskflow_api.py
[2023-05-26T15:21:33.776+0700] {processor.py:836} INFO - DAG(s) dict_keys(['tutorial_taskflow_api']) retrieved from /Users/kany/project-local/data-home/tranning-Airflow/venv/lib/python3.11/site-packages/airflow/example_dags/tutorial_taskflow_api.py
[2023-05-26T15:21:34.298+0700] {logging_mixin.py:149} INFO - [2023-05-26T15:21:34.298+0700] {dag.py:2726} INFO - Sync 1 DAGs
[2023-05-26T15:21:34.303+0700] {logging_mixin.py:149} INFO - [2023-05-26T15:21:34.303+0700] {dag.py:3486} INFO - Setting next_dagrun for tutorial_taskflow_api to None, run_after=None
[2023-05-26T15:21:34.311+0700] {processor.py:179} INFO - Processing /Users/kany/project-local/data-home/tranning-Airflow/venv/lib/python3.11/site-packages/airflow/example_dags/tutorial_taskflow_api.py took 0.570 seconds
[2023-05-26T15:22:36.765+0700] {processor.py:157} INFO - Started process (PID=51741) to work on /Users/kany/project-local/data-home/tranning-Airflow/venv/lib/python3.11/site-packages/airflow/example_dags/tutorial_taskflow_api.py
[2023-05-26T15:22:36.766+0700] {processor.py:826} INFO - Processing file /Users/kany/project-local/data-home/tranning-Airflow/venv/lib/python3.11/site-packages/airflow/example_dags/tutorial_taskflow_api.py for tasks to queue
[2023-05-26T15:22:36.766+0700] {logging_mixin.py:149} INFO - [2023-05-26T15:22:36.766+0700] {dagbag.py:541} INFO - Filling up the DagBag from /Users/kany/project-local/data-home/tranning-Airflow/venv/lib/python3.11/site-packages/airflow/example_dags/tutorial_taskflow_api.py
[2023-05-26T15:22:36.796+0700] {processor.py:836} INFO - DAG(s) dict_keys(['tutorial_taskflow_api']) retrieved from /Users/kany/project-local/data-home/tranning-Airflow/venv/lib/python3.11/site-packages/airflow/example_dags/tutorial_taskflow_api.py
[2023-05-26T15:22:37.208+0700] {logging_mixin.py:149} INFO - [2023-05-26T15:22:37.208+0700] {dag.py:2726} INFO - Sync 1 DAGs
[2023-05-26T15:22:37.214+0700] {logging_mixin.py:149} INFO - [2023-05-26T15:22:37.214+0700] {dag.py:3486} INFO - Setting next_dagrun for tutorial_taskflow_api to None, run_after=None
[2023-05-26T15:22:37.221+0700] {processor.py:179} INFO - Processing /Users/kany/project-local/data-home/tranning-Airflow/venv/lib/python3.11/site-packages/airflow/example_dags/tutorial_taskflow_api.py took 0.456 seconds
[2023-05-26T15:23:36.581+0700] {processor.py:157} INFO - Started process (PID=51785) to work on /Users/kany/project-local/data-home/tranning-Airflow/venv/lib/python3.11/site-packages/airflow/example_dags/tutorial_taskflow_api.py
[2023-05-26T15:23:36.582+0700] {processor.py:826} INFO - Processing file /Users/kany/project-local/data-home/tranning-Airflow/venv/lib/python3.11/site-packages/airflow/example_dags/tutorial_taskflow_api.py for tasks to queue
[2023-05-26T15:23:36.582+0700] {logging_mixin.py:149} INFO - [2023-05-26T15:23:36.582+0700] {dagbag.py:541} INFO - Filling up the DagBag from /Users/kany/project-local/data-home/tranning-Airflow/venv/lib/python3.11/site-packages/airflow/example_dags/tutorial_taskflow_api.py
[2023-05-26T15:23:36.613+0700] {processor.py:836} INFO - DAG(s) dict_keys(['tutorial_taskflow_api']) retrieved from /Users/kany/project-local/data-home/tranning-Airflow/venv/lib/python3.11/site-packages/airflow/example_dags/tutorial_taskflow_api.py
[2023-05-26T15:23:37.037+0700] {logging_mixin.py:149} INFO - [2023-05-26T15:23:37.037+0700] {dag.py:2726} INFO - Sync 1 DAGs
[2023-05-26T15:23:37.043+0700] {logging_mixin.py:149} INFO - [2023-05-26T15:23:37.043+0700] {dag.py:3486} INFO - Setting next_dagrun for tutorial_taskflow_api to None, run_after=None
[2023-05-26T15:23:37.050+0700] {processor.py:179} INFO - Processing /Users/kany/project-local/data-home/tranning-Airflow/venv/lib/python3.11/site-packages/airflow/example_dags/tutorial_taskflow_api.py took 0.469 seconds
[2023-05-26T15:24:40.131+0700] {processor.py:157} INFO - Started process (PID=51837) to work on /Users/kany/project-local/data-home/tranning-Airflow/venv/lib/python3.11/site-packages/airflow/example_dags/tutorial_taskflow_api.py
[2023-05-26T15:24:40.131+0700] {processor.py:826} INFO - Processing file /Users/kany/project-local/data-home/tranning-Airflow/venv/lib/python3.11/site-packages/airflow/example_dags/tutorial_taskflow_api.py for tasks to queue
[2023-05-26T15:24:40.132+0700] {logging_mixin.py:149} INFO - [2023-05-26T15:24:40.131+0700] {dagbag.py:541} INFO - Filling up the DagBag from /Users/kany/project-local/data-home/tranning-Airflow/venv/lib/python3.11/site-packages/airflow/example_dags/tutorial_taskflow_api.py
[2023-05-26T15:24:40.181+0700] {processor.py:836} INFO - DAG(s) dict_keys(['tutorial_taskflow_api']) retrieved from /Users/kany/project-local/data-home/tranning-Airflow/venv/lib/python3.11/site-packages/airflow/example_dags/tutorial_taskflow_api.py
[2023-05-26T15:24:40.652+0700] {logging_mixin.py:149} INFO - [2023-05-26T15:24:40.652+0700] {dag.py:2726} INFO - Sync 1 DAGs
[2023-05-26T15:24:40.657+0700] {logging_mixin.py:149} INFO - [2023-05-26T15:24:40.657+0700] {dag.py:3486} INFO - Setting next_dagrun for tutorial_taskflow_api to None, run_after=None
[2023-05-26T15:24:40.664+0700] {processor.py:179} INFO - Processing /Users/kany/project-local/data-home/tranning-Airflow/venv/lib/python3.11/site-packages/airflow/example_dags/tutorial_taskflow_api.py took 0.534 seconds
[2023-05-26T15:25:44.800+0700] {processor.py:157} INFO - Started process (PID=51919) to work on /Users/kany/project-local/data-home/tranning-Airflow/venv/lib/python3.11/site-packages/airflow/example_dags/tutorial_taskflow_api.py
[2023-05-26T15:25:44.801+0700] {processor.py:826} INFO - Processing file /Users/kany/project-local/data-home/tranning-Airflow/venv/lib/python3.11/site-packages/airflow/example_dags/tutorial_taskflow_api.py for tasks to queue
[2023-05-26T15:25:44.801+0700] {logging_mixin.py:149} INFO - [2023-05-26T15:25:44.801+0700] {dagbag.py:541} INFO - Filling up the DagBag from /Users/kany/project-local/data-home/tranning-Airflow/venv/lib/python3.11/site-packages/airflow/example_dags/tutorial_taskflow_api.py
[2023-05-26T15:25:44.833+0700] {processor.py:836} INFO - DAG(s) dict_keys(['tutorial_taskflow_api']) retrieved from /Users/kany/project-local/data-home/tranning-Airflow/venv/lib/python3.11/site-packages/airflow/example_dags/tutorial_taskflow_api.py
[2023-05-26T15:25:45.320+0700] {logging_mixin.py:149} INFO - [2023-05-26T15:25:45.320+0700] {dag.py:2726} INFO - Sync 1 DAGs
[2023-05-26T15:25:45.325+0700] {logging_mixin.py:149} INFO - [2023-05-26T15:25:45.325+0700] {dag.py:3486} INFO - Setting next_dagrun for tutorial_taskflow_api to None, run_after=None
[2023-05-26T15:25:45.332+0700] {processor.py:179} INFO - Processing /Users/kany/project-local/data-home/tranning-Airflow/venv/lib/python3.11/site-packages/airflow/example_dags/tutorial_taskflow_api.py took 0.532 seconds
[2023-05-26T15:26:47.453+0700] {processor.py:157} INFO - Started process (PID=52038) to work on /Users/kany/project-local/data-home/tranning-Airflow/venv/lib/python3.11/site-packages/airflow/example_dags/tutorial_taskflow_api.py
[2023-05-26T15:26:47.453+0700] {processor.py:826} INFO - Processing file /Users/kany/project-local/data-home/tranning-Airflow/venv/lib/python3.11/site-packages/airflow/example_dags/tutorial_taskflow_api.py for tasks to queue
[2023-05-26T15:26:47.454+0700] {logging_mixin.py:149} INFO - [2023-05-26T15:26:47.453+0700] {dagbag.py:541} INFO - Filling up the DagBag from /Users/kany/project-local/data-home/tranning-Airflow/venv/lib/python3.11/site-packages/airflow/example_dags/tutorial_taskflow_api.py
[2023-05-26T15:26:47.486+0700] {processor.py:836} INFO - DAG(s) dict_keys(['tutorial_taskflow_api']) retrieved from /Users/kany/project-local/data-home/tranning-Airflow/venv/lib/python3.11/site-packages/airflow/example_dags/tutorial_taskflow_api.py
[2023-05-26T15:26:47.989+0700] {logging_mixin.py:149} INFO - [2023-05-26T15:26:47.989+0700] {dag.py:2726} INFO - Sync 1 DAGs
[2023-05-26T15:26:47.995+0700] {logging_mixin.py:149} INFO - [2023-05-26T15:26:47.995+0700] {dag.py:3486} INFO - Setting next_dagrun for tutorial_taskflow_api to None, run_after=None
[2023-05-26T15:26:48.005+0700] {processor.py:179} INFO - Processing /Users/kany/project-local/data-home/tranning-Airflow/venv/lib/python3.11/site-packages/airflow/example_dags/tutorial_taskflow_api.py took 0.553 seconds
[2023-05-26T15:27:52.220+0700] {processor.py:157} INFO - Started process (PID=52150) to work on /Users/kany/project-local/data-home/tranning-Airflow/venv/lib/python3.11/site-packages/airflow/example_dags/tutorial_taskflow_api.py
[2023-05-26T15:27:52.221+0700] {processor.py:826} INFO - Processing file /Users/kany/project-local/data-home/tranning-Airflow/venv/lib/python3.11/site-packages/airflow/example_dags/tutorial_taskflow_api.py for tasks to queue
[2023-05-26T15:27:52.221+0700] {logging_mixin.py:149} INFO - [2023-05-26T15:27:52.221+0700] {dagbag.py:541} INFO - Filling up the DagBag from /Users/kany/project-local/data-home/tranning-Airflow/venv/lib/python3.11/site-packages/airflow/example_dags/tutorial_taskflow_api.py
[2023-05-26T15:27:52.267+0700] {processor.py:836} INFO - DAG(s) dict_keys(['tutorial_taskflow_api']) retrieved from /Users/kany/project-local/data-home/tranning-Airflow/venv/lib/python3.11/site-packages/airflow/example_dags/tutorial_taskflow_api.py
[2023-05-26T15:27:52.945+0700] {logging_mixin.py:149} INFO - [2023-05-26T15:27:52.944+0700] {dag.py:2726} INFO - Sync 1 DAGs
[2023-05-26T15:27:52.950+0700] {logging_mixin.py:149} INFO - [2023-05-26T15:27:52.950+0700] {dag.py:3486} INFO - Setting next_dagrun for tutorial_taskflow_api to None, run_after=None
[2023-05-26T15:27:52.958+0700] {processor.py:179} INFO - Processing /Users/kany/project-local/data-home/tranning-Airflow/venv/lib/python3.11/site-packages/airflow/example_dags/tutorial_taskflow_api.py took 0.739 seconds
[2023-05-26T15:28:59.026+0700] {processor.py:157} INFO - Started process (PID=52304) to work on /Users/kany/project-local/data-home/tranning-Airflow/venv/lib/python3.11/site-packages/airflow/example_dags/tutorial_taskflow_api.py
[2023-05-26T15:28:59.027+0700] {processor.py:826} INFO - Processing file /Users/kany/project-local/data-home/tranning-Airflow/venv/lib/python3.11/site-packages/airflow/example_dags/tutorial_taskflow_api.py for tasks to queue
[2023-05-26T15:28:59.027+0700] {logging_mixin.py:149} INFO - [2023-05-26T15:28:59.027+0700] {dagbag.py:541} INFO - Filling up the DagBag from /Users/kany/project-local/data-home/tranning-Airflow/venv/lib/python3.11/site-packages/airflow/example_dags/tutorial_taskflow_api.py
[2023-05-26T15:28:59.061+0700] {processor.py:836} INFO - DAG(s) dict_keys(['tutorial_taskflow_api']) retrieved from /Users/kany/project-local/data-home/tranning-Airflow/venv/lib/python3.11/site-packages/airflow/example_dags/tutorial_taskflow_api.py
[2023-05-26T15:28:59.613+0700] {logging_mixin.py:149} INFO - [2023-05-26T15:28:59.613+0700] {dag.py:2726} INFO - Sync 1 DAGs
[2023-05-26T15:28:59.618+0700] {logging_mixin.py:149} INFO - [2023-05-26T15:28:59.618+0700] {dag.py:3486} INFO - Setting next_dagrun for tutorial_taskflow_api to None, run_after=None
[2023-05-26T15:28:59.626+0700] {processor.py:179} INFO - Processing /Users/kany/project-local/data-home/tranning-Airflow/venv/lib/python3.11/site-packages/airflow/example_dags/tutorial_taskflow_api.py took 0.600 seconds
[2023-05-26T15:30:06.192+0700] {processor.py:157} INFO - Started process (PID=52380) to work on /Users/kany/project-local/data-home/tranning-Airflow/venv/lib/python3.11/site-packages/airflow/example_dags/tutorial_taskflow_api.py
[2023-05-26T15:30:06.193+0700] {processor.py:826} INFO - Processing file /Users/kany/project-local/data-home/tranning-Airflow/venv/lib/python3.11/site-packages/airflow/example_dags/tutorial_taskflow_api.py for tasks to queue
[2023-05-26T15:30:06.193+0700] {logging_mixin.py:149} INFO - [2023-05-26T15:30:06.193+0700] {dagbag.py:541} INFO - Filling up the DagBag from /Users/kany/project-local/data-home/tranning-Airflow/venv/lib/python3.11/site-packages/airflow/example_dags/tutorial_taskflow_api.py
[2023-05-26T15:30:06.227+0700] {processor.py:836} INFO - DAG(s) dict_keys(['tutorial_taskflow_api']) retrieved from /Users/kany/project-local/data-home/tranning-Airflow/venv/lib/python3.11/site-packages/airflow/example_dags/tutorial_taskflow_api.py
[2023-05-26T15:30:06.711+0700] {logging_mixin.py:149} INFO - [2023-05-26T15:30:06.711+0700] {dag.py:2726} INFO - Sync 1 DAGs
[2023-05-26T15:30:06.716+0700] {logging_mixin.py:149} INFO - [2023-05-26T15:30:06.716+0700] {dag.py:3486} INFO - Setting next_dagrun for tutorial_taskflow_api to None, run_after=None
[2023-05-26T15:30:06.724+0700] {processor.py:179} INFO - Processing /Users/kany/project-local/data-home/tranning-Airflow/venv/lib/python3.11/site-packages/airflow/example_dags/tutorial_taskflow_api.py took 0.533 seconds
[2023-05-26T15:31:11.885+0700] {processor.py:157} INFO - Started process (PID=52434) to work on /Users/kany/project-local/data-home/tranning-Airflow/venv/lib/python3.11/site-packages/airflow/example_dags/tutorial_taskflow_api.py
[2023-05-26T15:31:11.886+0700] {processor.py:826} INFO - Processing file /Users/kany/project-local/data-home/tranning-Airflow/venv/lib/python3.11/site-packages/airflow/example_dags/tutorial_taskflow_api.py for tasks to queue
[2023-05-26T15:31:11.886+0700] {logging_mixin.py:149} INFO - [2023-05-26T15:31:11.886+0700] {dagbag.py:541} INFO - Filling up the DagBag from /Users/kany/project-local/data-home/tranning-Airflow/venv/lib/python3.11/site-packages/airflow/example_dags/tutorial_taskflow_api.py
[2023-05-26T15:31:11.921+0700] {processor.py:836} INFO - DAG(s) dict_keys(['tutorial_taskflow_api']) retrieved from /Users/kany/project-local/data-home/tranning-Airflow/venv/lib/python3.11/site-packages/airflow/example_dags/tutorial_taskflow_api.py
[2023-05-26T15:31:12.415+0700] {logging_mixin.py:149} INFO - [2023-05-26T15:31:12.415+0700] {dag.py:2726} INFO - Sync 1 DAGs
[2023-05-26T15:31:12.422+0700] {logging_mixin.py:149} INFO - [2023-05-26T15:31:12.422+0700] {dag.py:3486} INFO - Setting next_dagrun for tutorial_taskflow_api to None, run_after=None
[2023-05-26T15:31:12.429+0700] {processor.py:179} INFO - Processing /Users/kany/project-local/data-home/tranning-Airflow/venv/lib/python3.11/site-packages/airflow/example_dags/tutorial_taskflow_api.py took 0.545 seconds
[2023-05-26T15:32:18.957+0700] {processor.py:157} INFO - Started process (PID=52550) to work on /Users/kany/project-local/data-home/tranning-Airflow/venv/lib/python3.11/site-packages/airflow/example_dags/tutorial_taskflow_api.py
[2023-05-26T15:32:18.958+0700] {processor.py:826} INFO - Processing file /Users/kany/project-local/data-home/tranning-Airflow/venv/lib/python3.11/site-packages/airflow/example_dags/tutorial_taskflow_api.py for tasks to queue
[2023-05-26T15:32:18.958+0700] {logging_mixin.py:149} INFO - [2023-05-26T15:32:18.958+0700] {dagbag.py:541} INFO - Filling up the DagBag from /Users/kany/project-local/data-home/tranning-Airflow/venv/lib/python3.11/site-packages/airflow/example_dags/tutorial_taskflow_api.py
[2023-05-26T15:32:18.989+0700] {processor.py:836} INFO - DAG(s) dict_keys(['tutorial_taskflow_api']) retrieved from /Users/kany/project-local/data-home/tranning-Airflow/venv/lib/python3.11/site-packages/airflow/example_dags/tutorial_taskflow_api.py
[2023-05-26T15:32:19.441+0700] {logging_mixin.py:149} INFO - [2023-05-26T15:32:19.441+0700] {dag.py:2726} INFO - Sync 1 DAGs
[2023-05-26T15:32:19.447+0700] {logging_mixin.py:149} INFO - [2023-05-26T15:32:19.447+0700] {dag.py:3486} INFO - Setting next_dagrun for tutorial_taskflow_api to None, run_after=None
[2023-05-26T15:32:19.454+0700] {processor.py:179} INFO - Processing /Users/kany/project-local/data-home/tranning-Airflow/venv/lib/python3.11/site-packages/airflow/example_dags/tutorial_taskflow_api.py took 0.497 seconds
