[2023-05-26T15:12:03.260+0700] {processor.py:157} INFO - Started process (PID=51102) to work on /Users/kany/project-local/data-home/tranning-Airflow/venv/lib/python3.11/site-packages/airflow/example_dags/tutorial_dag.py
[2023-05-26T15:12:03.262+0700] {processor.py:826} INFO - Processing file /Users/kany/project-local/data-home/tranning-Airflow/venv/lib/python3.11/site-packages/airflow/example_dags/tutorial_dag.py for tasks to queue
[2023-05-26T15:12:03.262+0700] {logging_mixin.py:149} INFO - [2023-05-26T15:12:03.262+0700] {dagbag.py:541} INFO - Filling up the DagBag from /Users/kany/project-local/data-home/tranning-Airflow/venv/lib/python3.11/site-packages/airflow/example_dags/tutorial_dag.py
[2023-05-26T15:12:03.286+0700] {processor.py:836} INFO - DAG(s) dict_keys(['tutorial_dag']) retrieved from /Users/kany/project-local/data-home/tranning-Airflow/venv/lib/python3.11/site-packages/airflow/example_dags/tutorial_dag.py
[2023-05-26T15:12:03.829+0700] {logging_mixin.py:149} INFO - [2023-05-26T15:12:03.829+0700] {manager.py:504} INFO - Created Permission View: can read on DAG:tutorial_dag
[2023-05-26T15:12:03.833+0700] {logging_mixin.py:149} INFO - [2023-05-26T15:12:03.832+0700] {manager.py:504} INFO - Created Permission View: can delete on DAG:tutorial_dag
[2023-05-26T15:12:03.835+0700] {logging_mixin.py:149} INFO - [2023-05-26T15:12:03.835+0700] {manager.py:504} INFO - Created Permission View: can edit on DAG:tutorial_dag
[2023-05-26T15:12:03.835+0700] {logging_mixin.py:149} INFO - [2023-05-26T15:12:03.835+0700] {dag.py:2726} INFO - Sync 1 DAGs
[2023-05-26T15:12:03.839+0700] {logging_mixin.py:149} INFO - [2023-05-26T15:12:03.839+0700] {dag.py:2747} INFO - Creating ORM DAG for tutorial_dag
[2023-05-26T15:12:03.841+0700] {logging_mixin.py:149} INFO - [2023-05-26T15:12:03.841+0700] {dag.py:3486} INFO - Setting next_dagrun for tutorial_dag to None, run_after=None
[2023-05-26T15:12:03.848+0700] {processor.py:179} INFO - Processing /Users/kany/project-local/data-home/tranning-Airflow/venv/lib/python3.11/site-packages/airflow/example_dags/tutorial_dag.py took 0.588 seconds
[2023-05-26T15:14:04.394+0700] {processor.py:157} INFO - Started process (PID=51205) to work on /Users/kany/project-local/data-home/tranning-Airflow/venv/lib/python3.11/site-packages/airflow/example_dags/tutorial_dag.py
[2023-05-26T15:14:04.394+0700] {processor.py:826} INFO - Processing file /Users/kany/project-local/data-home/tranning-Airflow/venv/lib/python3.11/site-packages/airflow/example_dags/tutorial_dag.py for tasks to queue
[2023-05-26T15:14:04.395+0700] {logging_mixin.py:149} INFO - [2023-05-26T15:14:04.395+0700] {dagbag.py:541} INFO - Filling up the DagBag from /Users/kany/project-local/data-home/tranning-Airflow/venv/lib/python3.11/site-packages/airflow/example_dags/tutorial_dag.py
[2023-05-26T15:14:04.429+0700] {processor.py:836} INFO - DAG(s) dict_keys(['tutorial_dag']) retrieved from /Users/kany/project-local/data-home/tranning-Airflow/venv/lib/python3.11/site-packages/airflow/example_dags/tutorial_dag.py
[2023-05-26T15:14:05.403+0700] {logging_mixin.py:149} INFO - [2023-05-26T15:14:05.403+0700] {dag.py:2726} INFO - Sync 1 DAGs
[2023-05-26T15:14:05.409+0700] {logging_mixin.py:149} INFO - [2023-05-26T15:14:05.409+0700] {dag.py:3486} INFO - Setting next_dagrun for tutorial_dag to None, run_after=None
[2023-05-26T15:14:05.430+0700] {processor.py:179} INFO - Processing /Users/kany/project-local/data-home/tranning-Airflow/venv/lib/python3.11/site-packages/airflow/example_dags/tutorial_dag.py took 1.037 seconds
[2023-05-26T15:15:33.013+0700] {processor.py:157} INFO - Started process (PID=51271) to work on /Users/kany/project-local/data-home/tranning-Airflow/venv/lib/python3.11/site-packages/airflow/example_dags/tutorial_dag.py
[2023-05-26T15:15:33.014+0700] {processor.py:826} INFO - Processing file /Users/kany/project-local/data-home/tranning-Airflow/venv/lib/python3.11/site-packages/airflow/example_dags/tutorial_dag.py for tasks to queue
[2023-05-26T15:15:33.014+0700] {logging_mixin.py:149} INFO - [2023-05-26T15:15:33.014+0700] {dagbag.py:541} INFO - Filling up the DagBag from /Users/kany/project-local/data-home/tranning-Airflow/venv/lib/python3.11/site-packages/airflow/example_dags/tutorial_dag.py
[2023-05-26T15:15:33.037+0700] {processor.py:836} INFO - DAG(s) dict_keys(['tutorial_dag']) retrieved from /Users/kany/project-local/data-home/tranning-Airflow/venv/lib/python3.11/site-packages/airflow/example_dags/tutorial_dag.py
[2023-05-26T15:15:33.535+0700] {logging_mixin.py:149} INFO - [2023-05-26T15:15:33.535+0700] {dag.py:2726} INFO - Sync 1 DAGs
[2023-05-26T15:15:33.540+0700] {logging_mixin.py:149} INFO - [2023-05-26T15:15:33.540+0700] {dag.py:3486} INFO - Setting next_dagrun for tutorial_dag to None, run_after=None
[2023-05-26T15:15:33.547+0700] {processor.py:179} INFO - Processing /Users/kany/project-local/data-home/tranning-Airflow/venv/lib/python3.11/site-packages/airflow/example_dags/tutorial_dag.py took 0.534 seconds
[2023-05-26T15:16:46.194+0700] {processor.py:157} INFO - Started process (PID=51376) to work on /Users/kany/project-local/data-home/tranning-Airflow/venv/lib/python3.11/site-packages/airflow/example_dags/tutorial_dag.py
[2023-05-26T15:16:46.196+0700] {processor.py:826} INFO - Processing file /Users/kany/project-local/data-home/tranning-Airflow/venv/lib/python3.11/site-packages/airflow/example_dags/tutorial_dag.py for tasks to queue
[2023-05-26T15:16:46.196+0700] {logging_mixin.py:149} INFO - [2023-05-26T15:16:46.196+0700] {dagbag.py:541} INFO - Filling up the DagBag from /Users/kany/project-local/data-home/tranning-Airflow/venv/lib/python3.11/site-packages/airflow/example_dags/tutorial_dag.py
[2023-05-26T15:16:46.229+0700] {processor.py:836} INFO - DAG(s) dict_keys(['tutorial_dag']) retrieved from /Users/kany/project-local/data-home/tranning-Airflow/venv/lib/python3.11/site-packages/airflow/example_dags/tutorial_dag.py
[2023-05-26T15:16:47.069+0700] {logging_mixin.py:149} INFO - [2023-05-26T15:16:47.068+0700] {dag.py:2726} INFO - Sync 1 DAGs
[2023-05-26T15:16:47.074+0700] {logging_mixin.py:149} INFO - [2023-05-26T15:16:47.074+0700] {dag.py:3486} INFO - Setting next_dagrun for tutorial_dag to None, run_after=None
[2023-05-26T15:16:47.083+0700] {processor.py:179} INFO - Processing /Users/kany/project-local/data-home/tranning-Airflow/venv/lib/python3.11/site-packages/airflow/example_dags/tutorial_dag.py took 0.890 seconds
[2023-05-26T15:18:03.284+0700] {processor.py:157} INFO - Started process (PID=51432) to work on /Users/kany/project-local/data-home/tranning-Airflow/venv/lib/python3.11/site-packages/airflow/example_dags/tutorial_dag.py
[2023-05-26T15:18:03.285+0700] {processor.py:826} INFO - Processing file /Users/kany/project-local/data-home/tranning-Airflow/venv/lib/python3.11/site-packages/airflow/example_dags/tutorial_dag.py for tasks to queue
[2023-05-26T15:18:03.286+0700] {logging_mixin.py:149} INFO - [2023-05-26T15:18:03.286+0700] {dagbag.py:541} INFO - Filling up the DagBag from /Users/kany/project-local/data-home/tranning-Airflow/venv/lib/python3.11/site-packages/airflow/example_dags/tutorial_dag.py
[2023-05-26T15:18:03.437+0700] {processor.py:836} INFO - DAG(s) dict_keys(['tutorial_dag']) retrieved from /Users/kany/project-local/data-home/tranning-Airflow/venv/lib/python3.11/site-packages/airflow/example_dags/tutorial_dag.py
[2023-05-26T15:18:04.761+0700] {logging_mixin.py:149} INFO - [2023-05-26T15:18:04.761+0700] {dag.py:2726} INFO - Sync 1 DAGs
[2023-05-26T15:18:04.767+0700] {logging_mixin.py:149} INFO - [2023-05-26T15:18:04.767+0700] {dag.py:3486} INFO - Setting next_dagrun for tutorial_dag to None, run_after=None
[2023-05-26T15:18:04.780+0700] {processor.py:179} INFO - Processing /Users/kany/project-local/data-home/tranning-Airflow/venv/lib/python3.11/site-packages/airflow/example_dags/tutorial_dag.py took 1.497 seconds
[2023-05-26T15:19:16.124+0700] {processor.py:157} INFO - Started process (PID=51549) to work on /Users/kany/project-local/data-home/tranning-Airflow/venv/lib/python3.11/site-packages/airflow/example_dags/tutorial_dag.py
[2023-05-26T15:19:16.125+0700] {processor.py:826} INFO - Processing file /Users/kany/project-local/data-home/tranning-Airflow/venv/lib/python3.11/site-packages/airflow/example_dags/tutorial_dag.py for tasks to queue
[2023-05-26T15:19:16.125+0700] {logging_mixin.py:149} INFO - [2023-05-26T15:19:16.125+0700] {dagbag.py:541} INFO - Filling up the DagBag from /Users/kany/project-local/data-home/tranning-Airflow/venv/lib/python3.11/site-packages/airflow/example_dags/tutorial_dag.py
[2023-05-26T15:19:16.150+0700] {processor.py:836} INFO - DAG(s) dict_keys(['tutorial_dag']) retrieved from /Users/kany/project-local/data-home/tranning-Airflow/venv/lib/python3.11/site-packages/airflow/example_dags/tutorial_dag.py
[2023-05-26T15:19:16.610+0700] {logging_mixin.py:149} INFO - [2023-05-26T15:19:16.610+0700] {dag.py:2726} INFO - Sync 1 DAGs
[2023-05-26T15:19:16.616+0700] {logging_mixin.py:149} INFO - [2023-05-26T15:19:16.616+0700] {dag.py:3486} INFO - Setting next_dagrun for tutorial_dag to None, run_after=None
[2023-05-26T15:19:16.623+0700] {processor.py:179} INFO - Processing /Users/kany/project-local/data-home/tranning-Airflow/venv/lib/python3.11/site-packages/airflow/example_dags/tutorial_dag.py took 0.500 seconds
[2023-05-26T15:20:23.847+0700] {processor.py:157} INFO - Started process (PID=51602) to work on /Users/kany/project-local/data-home/tranning-Airflow/venv/lib/python3.11/site-packages/airflow/example_dags/tutorial_dag.py
[2023-05-26T15:20:23.848+0700] {processor.py:826} INFO - Processing file /Users/kany/project-local/data-home/tranning-Airflow/venv/lib/python3.11/site-packages/airflow/example_dags/tutorial_dag.py for tasks to queue
[2023-05-26T15:20:23.848+0700] {logging_mixin.py:149} INFO - [2023-05-26T15:20:23.848+0700] {dagbag.py:541} INFO - Filling up the DagBag from /Users/kany/project-local/data-home/tranning-Airflow/venv/lib/python3.11/site-packages/airflow/example_dags/tutorial_dag.py
[2023-05-26T15:20:23.870+0700] {processor.py:836} INFO - DAG(s) dict_keys(['tutorial_dag']) retrieved from /Users/kany/project-local/data-home/tranning-Airflow/venv/lib/python3.11/site-packages/airflow/example_dags/tutorial_dag.py
[2023-05-26T15:20:24.364+0700] {logging_mixin.py:149} INFO - [2023-05-26T15:20:24.364+0700] {dag.py:2726} INFO - Sync 1 DAGs
[2023-05-26T15:20:24.370+0700] {logging_mixin.py:149} INFO - [2023-05-26T15:20:24.370+0700] {dag.py:3486} INFO - Setting next_dagrun for tutorial_dag to None, run_after=None
[2023-05-26T15:20:24.377+0700] {processor.py:179} INFO - Processing /Users/kany/project-local/data-home/tranning-Airflow/venv/lib/python3.11/site-packages/airflow/example_dags/tutorial_dag.py took 0.530 seconds
[2023-05-26T15:21:36.011+0700] {processor.py:157} INFO - Started process (PID=51708) to work on /Users/kany/project-local/data-home/tranning-Airflow/venv/lib/python3.11/site-packages/airflow/example_dags/tutorial_dag.py
[2023-05-26T15:21:36.011+0700] {processor.py:826} INFO - Processing file /Users/kany/project-local/data-home/tranning-Airflow/venv/lib/python3.11/site-packages/airflow/example_dags/tutorial_dag.py for tasks to queue
[2023-05-26T15:21:36.012+0700] {logging_mixin.py:149} INFO - [2023-05-26T15:21:36.011+0700] {dagbag.py:541} INFO - Filling up the DagBag from /Users/kany/project-local/data-home/tranning-Airflow/venv/lib/python3.11/site-packages/airflow/example_dags/tutorial_dag.py
[2023-05-26T15:21:36.035+0700] {processor.py:836} INFO - DAG(s) dict_keys(['tutorial_dag']) retrieved from /Users/kany/project-local/data-home/tranning-Airflow/venv/lib/python3.11/site-packages/airflow/example_dags/tutorial_dag.py
[2023-05-26T15:21:36.471+0700] {logging_mixin.py:149} INFO - [2023-05-26T15:21:36.471+0700] {dag.py:2726} INFO - Sync 1 DAGs
[2023-05-26T15:21:36.476+0700] {logging_mixin.py:149} INFO - [2023-05-26T15:21:36.476+0700] {dag.py:3486} INFO - Setting next_dagrun for tutorial_dag to None, run_after=None
[2023-05-26T15:21:36.483+0700] {processor.py:179} INFO - Processing /Users/kany/project-local/data-home/tranning-Airflow/venv/lib/python3.11/site-packages/airflow/example_dags/tutorial_dag.py took 0.473 seconds
[2023-05-26T15:22:37.937+0700] {processor.py:157} INFO - Started process (PID=51742) to work on /Users/kany/project-local/data-home/tranning-Airflow/venv/lib/python3.11/site-packages/airflow/example_dags/tutorial_dag.py
[2023-05-26T15:22:37.938+0700] {processor.py:826} INFO - Processing file /Users/kany/project-local/data-home/tranning-Airflow/venv/lib/python3.11/site-packages/airflow/example_dags/tutorial_dag.py for tasks to queue
[2023-05-26T15:22:37.938+0700] {logging_mixin.py:149} INFO - [2023-05-26T15:22:37.938+0700] {dagbag.py:541} INFO - Filling up the DagBag from /Users/kany/project-local/data-home/tranning-Airflow/venv/lib/python3.11/site-packages/airflow/example_dags/tutorial_dag.py
[2023-05-26T15:22:37.965+0700] {processor.py:836} INFO - DAG(s) dict_keys(['tutorial_dag']) retrieved from /Users/kany/project-local/data-home/tranning-Airflow/venv/lib/python3.11/site-packages/airflow/example_dags/tutorial_dag.py
[2023-05-26T15:22:38.402+0700] {logging_mixin.py:149} INFO - [2023-05-26T15:22:38.402+0700] {dag.py:2726} INFO - Sync 1 DAGs
[2023-05-26T15:22:38.407+0700] {logging_mixin.py:149} INFO - [2023-05-26T15:22:38.407+0700] {dag.py:3486} INFO - Setting next_dagrun for tutorial_dag to None, run_after=None
[2023-05-26T15:22:38.414+0700] {processor.py:179} INFO - Processing /Users/kany/project-local/data-home/tranning-Airflow/venv/lib/python3.11/site-packages/airflow/example_dags/tutorial_dag.py took 0.477 seconds
[2023-05-26T15:23:38.728+0700] {processor.py:157} INFO - Started process (PID=51786) to work on /Users/kany/project-local/data-home/tranning-Airflow/venv/lib/python3.11/site-packages/airflow/example_dags/tutorial_dag.py
[2023-05-26T15:23:38.729+0700] {processor.py:826} INFO - Processing file /Users/kany/project-local/data-home/tranning-Airflow/venv/lib/python3.11/site-packages/airflow/example_dags/tutorial_dag.py for tasks to queue
[2023-05-26T15:23:38.729+0700] {logging_mixin.py:149} INFO - [2023-05-26T15:23:38.729+0700] {dagbag.py:541} INFO - Filling up the DagBag from /Users/kany/project-local/data-home/tranning-Airflow/venv/lib/python3.11/site-packages/airflow/example_dags/tutorial_dag.py
[2023-05-26T15:23:38.747+0700] {processor.py:836} INFO - DAG(s) dict_keys(['tutorial_dag']) retrieved from /Users/kany/project-local/data-home/tranning-Airflow/venv/lib/python3.11/site-packages/airflow/example_dags/tutorial_dag.py
[2023-05-26T15:23:39.169+0700] {logging_mixin.py:149} INFO - [2023-05-26T15:23:39.169+0700] {dag.py:2726} INFO - Sync 1 DAGs
[2023-05-26T15:23:39.174+0700] {logging_mixin.py:149} INFO - [2023-05-26T15:23:39.174+0700] {dag.py:3486} INFO - Setting next_dagrun for tutorial_dag to None, run_after=None
[2023-05-26T15:23:39.181+0700] {processor.py:179} INFO - Processing /Users/kany/project-local/data-home/tranning-Airflow/venv/lib/python3.11/site-packages/airflow/example_dags/tutorial_dag.py took 0.454 seconds
[2023-05-26T15:24:41.761+0700] {processor.py:157} INFO - Started process (PID=51838) to work on /Users/kany/project-local/data-home/tranning-Airflow/venv/lib/python3.11/site-packages/airflow/example_dags/tutorial_dag.py
[2023-05-26T15:24:41.761+0700] {processor.py:826} INFO - Processing file /Users/kany/project-local/data-home/tranning-Airflow/venv/lib/python3.11/site-packages/airflow/example_dags/tutorial_dag.py for tasks to queue
[2023-05-26T15:24:41.761+0700] {logging_mixin.py:149} INFO - [2023-05-26T15:24:41.761+0700] {dagbag.py:541} INFO - Filling up the DagBag from /Users/kany/project-local/data-home/tranning-Airflow/venv/lib/python3.11/site-packages/airflow/example_dags/tutorial_dag.py
[2023-05-26T15:24:41.782+0700] {processor.py:836} INFO - DAG(s) dict_keys(['tutorial_dag']) retrieved from /Users/kany/project-local/data-home/tranning-Airflow/venv/lib/python3.11/site-packages/airflow/example_dags/tutorial_dag.py
[2023-05-26T15:24:42.237+0700] {logging_mixin.py:149} INFO - [2023-05-26T15:24:42.237+0700] {dag.py:2726} INFO - Sync 1 DAGs
[2023-05-26T15:24:42.242+0700] {logging_mixin.py:149} INFO - [2023-05-26T15:24:42.242+0700] {dag.py:3486} INFO - Setting next_dagrun for tutorial_dag to None, run_after=None
[2023-05-26T15:24:42.250+0700] {processor.py:179} INFO - Processing /Users/kany/project-local/data-home/tranning-Airflow/venv/lib/python3.11/site-packages/airflow/example_dags/tutorial_dag.py took 0.489 seconds
[2023-05-26T15:25:47.038+0700] {processor.py:157} INFO - Started process (PID=51924) to work on /Users/kany/project-local/data-home/tranning-Airflow/venv/lib/python3.11/site-packages/airflow/example_dags/tutorial_dag.py
[2023-05-26T15:25:47.039+0700] {processor.py:826} INFO - Processing file /Users/kany/project-local/data-home/tranning-Airflow/venv/lib/python3.11/site-packages/airflow/example_dags/tutorial_dag.py for tasks to queue
[2023-05-26T15:25:47.040+0700] {logging_mixin.py:149} INFO - [2023-05-26T15:25:47.040+0700] {dagbag.py:541} INFO - Filling up the DagBag from /Users/kany/project-local/data-home/tranning-Airflow/venv/lib/python3.11/site-packages/airflow/example_dags/tutorial_dag.py
[2023-05-26T15:25:47.060+0700] {processor.py:836} INFO - DAG(s) dict_keys(['tutorial_dag']) retrieved from /Users/kany/project-local/data-home/tranning-Airflow/venv/lib/python3.11/site-packages/airflow/example_dags/tutorial_dag.py
[2023-05-26T15:25:47.621+0700] {logging_mixin.py:149} INFO - [2023-05-26T15:25:47.621+0700] {dag.py:2726} INFO - Sync 1 DAGs
[2023-05-26T15:25:47.626+0700] {logging_mixin.py:149} INFO - [2023-05-26T15:25:47.626+0700] {dag.py:3486} INFO - Setting next_dagrun for tutorial_dag to None, run_after=None
[2023-05-26T15:25:47.634+0700] {processor.py:179} INFO - Processing /Users/kany/project-local/data-home/tranning-Airflow/venv/lib/python3.11/site-packages/airflow/example_dags/tutorial_dag.py took 0.596 seconds
[2023-05-26T15:26:49.769+0700] {processor.py:157} INFO - Started process (PID=52044) to work on /Users/kany/project-local/data-home/tranning-Airflow/venv/lib/python3.11/site-packages/airflow/example_dags/tutorial_dag.py
[2023-05-26T15:26:49.770+0700] {processor.py:826} INFO - Processing file /Users/kany/project-local/data-home/tranning-Airflow/venv/lib/python3.11/site-packages/airflow/example_dags/tutorial_dag.py for tasks to queue
[2023-05-26T15:26:49.770+0700] {logging_mixin.py:149} INFO - [2023-05-26T15:26:49.770+0700] {dagbag.py:541} INFO - Filling up the DagBag from /Users/kany/project-local/data-home/tranning-Airflow/venv/lib/python3.11/site-packages/airflow/example_dags/tutorial_dag.py
[2023-05-26T15:26:49.793+0700] {processor.py:836} INFO - DAG(s) dict_keys(['tutorial_dag']) retrieved from /Users/kany/project-local/data-home/tranning-Airflow/venv/lib/python3.11/site-packages/airflow/example_dags/tutorial_dag.py
[2023-05-26T15:26:50.314+0700] {logging_mixin.py:149} INFO - [2023-05-26T15:26:50.314+0700] {dag.py:2726} INFO - Sync 1 DAGs
[2023-05-26T15:26:50.320+0700] {logging_mixin.py:149} INFO - [2023-05-26T15:26:50.320+0700] {dag.py:3486} INFO - Setting next_dagrun for tutorial_dag to None, run_after=None
[2023-05-26T15:26:50.327+0700] {processor.py:179} INFO - Processing /Users/kany/project-local/data-home/tranning-Airflow/venv/lib/python3.11/site-packages/airflow/example_dags/tutorial_dag.py took 0.558 seconds
[2023-05-26T15:27:54.614+0700] {processor.py:157} INFO - Started process (PID=52154) to work on /Users/kany/project-local/data-home/tranning-Airflow/venv/lib/python3.11/site-packages/airflow/example_dags/tutorial_dag.py
[2023-05-26T15:27:54.616+0700] {processor.py:826} INFO - Processing file /Users/kany/project-local/data-home/tranning-Airflow/venv/lib/python3.11/site-packages/airflow/example_dags/tutorial_dag.py for tasks to queue
[2023-05-26T15:27:54.616+0700] {logging_mixin.py:149} INFO - [2023-05-26T15:27:54.616+0700] {dagbag.py:541} INFO - Filling up the DagBag from /Users/kany/project-local/data-home/tranning-Airflow/venv/lib/python3.11/site-packages/airflow/example_dags/tutorial_dag.py
[2023-05-26T15:27:54.648+0700] {processor.py:836} INFO - DAG(s) dict_keys(['tutorial_dag']) retrieved from /Users/kany/project-local/data-home/tranning-Airflow/venv/lib/python3.11/site-packages/airflow/example_dags/tutorial_dag.py
[2023-05-26T15:27:55.158+0700] {logging_mixin.py:149} INFO - [2023-05-26T15:27:55.158+0700] {dag.py:2726} INFO - Sync 1 DAGs
[2023-05-26T15:27:55.166+0700] {logging_mixin.py:149} INFO - [2023-05-26T15:27:55.166+0700] {dag.py:3486} INFO - Setting next_dagrun for tutorial_dag to None, run_after=None
[2023-05-26T15:27:55.175+0700] {processor.py:179} INFO - Processing /Users/kany/project-local/data-home/tranning-Airflow/venv/lib/python3.11/site-packages/airflow/example_dags/tutorial_dag.py took 0.562 seconds
[2023-05-26T15:29:01.400+0700] {processor.py:157} INFO - Started process (PID=52306) to work on /Users/kany/project-local/data-home/tranning-Airflow/venv/lib/python3.11/site-packages/airflow/example_dags/tutorial_dag.py
[2023-05-26T15:29:01.400+0700] {processor.py:826} INFO - Processing file /Users/kany/project-local/data-home/tranning-Airflow/venv/lib/python3.11/site-packages/airflow/example_dags/tutorial_dag.py for tasks to queue
[2023-05-26T15:29:01.400+0700] {logging_mixin.py:149} INFO - [2023-05-26T15:29:01.400+0700] {dagbag.py:541} INFO - Filling up the DagBag from /Users/kany/project-local/data-home/tranning-Airflow/venv/lib/python3.11/site-packages/airflow/example_dags/tutorial_dag.py
[2023-05-26T15:29:01.423+0700] {processor.py:836} INFO - DAG(s) dict_keys(['tutorial_dag']) retrieved from /Users/kany/project-local/data-home/tranning-Airflow/venv/lib/python3.11/site-packages/airflow/example_dags/tutorial_dag.py
[2023-05-26T15:29:01.884+0700] {logging_mixin.py:149} INFO - [2023-05-26T15:29:01.884+0700] {dag.py:2726} INFO - Sync 1 DAGs
[2023-05-26T15:29:01.890+0700] {logging_mixin.py:149} INFO - [2023-05-26T15:29:01.890+0700] {dag.py:3486} INFO - Setting next_dagrun for tutorial_dag to None, run_after=None
[2023-05-26T15:29:01.899+0700] {processor.py:179} INFO - Processing /Users/kany/project-local/data-home/tranning-Airflow/venv/lib/python3.11/site-packages/airflow/example_dags/tutorial_dag.py took 0.499 seconds
[2023-05-26T15:30:08.445+0700] {processor.py:157} INFO - Started process (PID=52381) to work on /Users/kany/project-local/data-home/tranning-Airflow/venv/lib/python3.11/site-packages/airflow/example_dags/tutorial_dag.py
[2023-05-26T15:30:08.445+0700] {processor.py:826} INFO - Processing file /Users/kany/project-local/data-home/tranning-Airflow/venv/lib/python3.11/site-packages/airflow/example_dags/tutorial_dag.py for tasks to queue
[2023-05-26T15:30:08.446+0700] {logging_mixin.py:149} INFO - [2023-05-26T15:30:08.446+0700] {dagbag.py:541} INFO - Filling up the DagBag from /Users/kany/project-local/data-home/tranning-Airflow/venv/lib/python3.11/site-packages/airflow/example_dags/tutorial_dag.py
[2023-05-26T15:30:08.466+0700] {processor.py:836} INFO - DAG(s) dict_keys(['tutorial_dag']) retrieved from /Users/kany/project-local/data-home/tranning-Airflow/venv/lib/python3.11/site-packages/airflow/example_dags/tutorial_dag.py
[2023-05-26T15:30:08.916+0700] {logging_mixin.py:149} INFO - [2023-05-26T15:30:08.916+0700] {dag.py:2726} INFO - Sync 1 DAGs
[2023-05-26T15:30:08.922+0700] {logging_mixin.py:149} INFO - [2023-05-26T15:30:08.922+0700] {dag.py:3486} INFO - Setting next_dagrun for tutorial_dag to None, run_after=None
[2023-05-26T15:30:08.929+0700] {processor.py:179} INFO - Processing /Users/kany/project-local/data-home/tranning-Airflow/venv/lib/python3.11/site-packages/airflow/example_dags/tutorial_dag.py took 0.484 seconds
[2023-05-26T15:31:14.164+0700] {processor.py:157} INFO - Started process (PID=52435) to work on /Users/kany/project-local/data-home/tranning-Airflow/venv/lib/python3.11/site-packages/airflow/example_dags/tutorial_dag.py
[2023-05-26T15:31:14.165+0700] {processor.py:826} INFO - Processing file /Users/kany/project-local/data-home/tranning-Airflow/venv/lib/python3.11/site-packages/airflow/example_dags/tutorial_dag.py for tasks to queue
[2023-05-26T15:31:14.165+0700] {logging_mixin.py:149} INFO - [2023-05-26T15:31:14.165+0700] {dagbag.py:541} INFO - Filling up the DagBag from /Users/kany/project-local/data-home/tranning-Airflow/venv/lib/python3.11/site-packages/airflow/example_dags/tutorial_dag.py
[2023-05-26T15:31:14.187+0700] {processor.py:836} INFO - DAG(s) dict_keys(['tutorial_dag']) retrieved from /Users/kany/project-local/data-home/tranning-Airflow/venv/lib/python3.11/site-packages/airflow/example_dags/tutorial_dag.py
[2023-05-26T15:31:14.677+0700] {logging_mixin.py:149} INFO - [2023-05-26T15:31:14.677+0700] {dag.py:2726} INFO - Sync 1 DAGs
[2023-05-26T15:31:14.683+0700] {logging_mixin.py:149} INFO - [2023-05-26T15:31:14.683+0700] {dag.py:3486} INFO - Setting next_dagrun for tutorial_dag to None, run_after=None
[2023-05-26T15:31:14.692+0700] {processor.py:179} INFO - Processing /Users/kany/project-local/data-home/tranning-Airflow/venv/lib/python3.11/site-packages/airflow/example_dags/tutorial_dag.py took 0.528 seconds
[2023-05-26T15:32:21.294+0700] {processor.py:157} INFO - Started process (PID=52553) to work on /Users/kany/project-local/data-home/tranning-Airflow/venv/lib/python3.11/site-packages/airflow/example_dags/tutorial_dag.py
[2023-05-26T15:32:21.295+0700] {processor.py:826} INFO - Processing file /Users/kany/project-local/data-home/tranning-Airflow/venv/lib/python3.11/site-packages/airflow/example_dags/tutorial_dag.py for tasks to queue
[2023-05-26T15:32:21.295+0700] {logging_mixin.py:149} INFO - [2023-05-26T15:32:21.295+0700] {dagbag.py:541} INFO - Filling up the DagBag from /Users/kany/project-local/data-home/tranning-Airflow/venv/lib/python3.11/site-packages/airflow/example_dags/tutorial_dag.py
[2023-05-26T15:32:21.319+0700] {processor.py:836} INFO - DAG(s) dict_keys(['tutorial_dag']) retrieved from /Users/kany/project-local/data-home/tranning-Airflow/venv/lib/python3.11/site-packages/airflow/example_dags/tutorial_dag.py
[2023-05-26T15:32:21.845+0700] {logging_mixin.py:149} INFO - [2023-05-26T15:32:21.844+0700] {dag.py:2726} INFO - Sync 1 DAGs
[2023-05-26T15:32:21.850+0700] {logging_mixin.py:149} INFO - [2023-05-26T15:32:21.850+0700] {dag.py:3486} INFO - Setting next_dagrun for tutorial_dag to None, run_after=None
[2023-05-26T15:32:21.857+0700] {processor.py:179} INFO - Processing /Users/kany/project-local/data-home/tranning-Airflow/venv/lib/python3.11/site-packages/airflow/example_dags/tutorial_dag.py took 0.563 seconds
