[2023-05-26T15:12:04.691+0700] {processor.py:157} INFO - Started process (PID=51106) to work on /Users/kany/project-local/data-home/tranning-Airflow/venv/lib/python3.11/site-packages/airflow/example_dags/tutorial.py
[2023-05-26T15:12:04.692+0700] {processor.py:826} INFO - Processing file /Users/kany/project-local/data-home/tranning-Airflow/venv/lib/python3.11/site-packages/airflow/example_dags/tutorial.py for tasks to queue
[2023-05-26T15:12:04.692+0700] {logging_mixin.py:149} INFO - [2023-05-26T15:12:04.692+0700] {dagbag.py:541} INFO - Filling up the DagBag from /Users/kany/project-local/data-home/tranning-Airflow/venv/lib/python3.11/site-packages/airflow/example_dags/tutorial.py
[2023-05-26T15:12:04.704+0700] {processor.py:836} INFO - DAG(s) dict_keys(['tutorial']) retrieved from /Users/kany/project-local/data-home/tranning-Airflow/venv/lib/python3.11/site-packages/airflow/example_dags/tutorial.py
[2023-05-26T15:12:05.214+0700] {logging_mixin.py:149} INFO - [2023-05-26T15:12:05.214+0700] {manager.py:504} INFO - Created Permission View: can delete on DAG:tutorial
[2023-05-26T15:12:05.217+0700] {logging_mixin.py:149} INFO - [2023-05-26T15:12:05.217+0700] {manager.py:504} INFO - Created Permission View: can edit on DAG:tutorial
[2023-05-26T15:12:05.219+0700] {logging_mixin.py:149} INFO - [2023-05-26T15:12:05.219+0700] {manager.py:504} INFO - Created Permission View: can read on DAG:tutorial
[2023-05-26T15:12:05.219+0700] {logging_mixin.py:149} INFO - [2023-05-26T15:12:05.219+0700] {dag.py:2726} INFO - Sync 1 DAGs
[2023-05-26T15:12:05.251+0700] {logging_mixin.py:149} INFO - [2023-05-26T15:12:05.251+0700] {dag.py:2747} INFO - Creating ORM DAG for tutorial
[2023-05-26T15:12:05.254+0700] {logging_mixin.py:149} INFO - [2023-05-26T15:12:05.254+0700] {dag.py:3486} INFO - Setting next_dagrun for tutorial to 2023-05-25T08:12:05.254633+00:00, run_after=2023-05-26T08:12:05.254633+00:00
[2023-05-26T15:12:05.261+0700] {processor.py:179} INFO - Processing /Users/kany/project-local/data-home/tranning-Airflow/venv/lib/python3.11/site-packages/airflow/example_dags/tutorial.py took 0.570 seconds
[2023-05-26T15:14:07.479+0700] {processor.py:157} INFO - Started process (PID=51208) to work on /Users/kany/project-local/data-home/tranning-Airflow/venv/lib/python3.11/site-packages/airflow/example_dags/tutorial.py
[2023-05-26T15:14:07.481+0700] {processor.py:826} INFO - Processing file /Users/kany/project-local/data-home/tranning-Airflow/venv/lib/python3.11/site-packages/airflow/example_dags/tutorial.py for tasks to queue
[2023-05-26T15:14:07.481+0700] {logging_mixin.py:149} INFO - [2023-05-26T15:14:07.481+0700] {dagbag.py:541} INFO - Filling up the DagBag from /Users/kany/project-local/data-home/tranning-Airflow/venv/lib/python3.11/site-packages/airflow/example_dags/tutorial.py
[2023-05-26T15:14:07.501+0700] {processor.py:836} INFO - DAG(s) dict_keys(['tutorial']) retrieved from /Users/kany/project-local/data-home/tranning-Airflow/venv/lib/python3.11/site-packages/airflow/example_dags/tutorial.py
[2023-05-26T15:14:08.208+0700] {logging_mixin.py:149} INFO - [2023-05-26T15:14:08.208+0700] {dag.py:2726} INFO - Sync 1 DAGs
[2023-05-26T15:14:08.214+0700] {logging_mixin.py:149} INFO - [2023-05-26T15:14:08.214+0700] {dag.py:3486} INFO - Setting next_dagrun for tutorial to 2023-05-25T08:14:08.214518+00:00, run_after=2023-05-26T08:14:08.214518+00:00
[2023-05-26T15:14:08.224+0700] {processor.py:179} INFO - Processing /Users/kany/project-local/data-home/tranning-Airflow/venv/lib/python3.11/site-packages/airflow/example_dags/tutorial.py took 0.745 seconds
[2023-05-26T15:15:34.585+0700] {processor.py:157} INFO - Started process (PID=51273) to work on /Users/kany/project-local/data-home/tranning-Airflow/venv/lib/python3.11/site-packages/airflow/example_dags/tutorial.py
[2023-05-26T15:15:34.586+0700] {processor.py:826} INFO - Processing file /Users/kany/project-local/data-home/tranning-Airflow/venv/lib/python3.11/site-packages/airflow/example_dags/tutorial.py for tasks to queue
[2023-05-26T15:15:34.586+0700] {logging_mixin.py:149} INFO - [2023-05-26T15:15:34.586+0700] {dagbag.py:541} INFO - Filling up the DagBag from /Users/kany/project-local/data-home/tranning-Airflow/venv/lib/python3.11/site-packages/airflow/example_dags/tutorial.py
[2023-05-26T15:15:34.599+0700] {processor.py:836} INFO - DAG(s) dict_keys(['tutorial']) retrieved from /Users/kany/project-local/data-home/tranning-Airflow/venv/lib/python3.11/site-packages/airflow/example_dags/tutorial.py
[2023-05-26T15:15:35.161+0700] {logging_mixin.py:149} INFO - [2023-05-26T15:15:35.161+0700] {dag.py:2726} INFO - Sync 1 DAGs
[2023-05-26T15:15:35.168+0700] {logging_mixin.py:149} INFO - [2023-05-26T15:15:35.168+0700] {dag.py:3486} INFO - Setting next_dagrun for tutorial to 2023-05-25T08:15:35.168086+00:00, run_after=2023-05-26T08:15:35.168086+00:00
[2023-05-26T15:15:35.176+0700] {processor.py:179} INFO - Processing /Users/kany/project-local/data-home/tranning-Airflow/venv/lib/python3.11/site-packages/airflow/example_dags/tutorial.py took 0.591 seconds
[2023-05-26T15:16:49.067+0700] {processor.py:157} INFO - Started process (PID=51377) to work on /Users/kany/project-local/data-home/tranning-Airflow/venv/lib/python3.11/site-packages/airflow/example_dags/tutorial.py
[2023-05-26T15:16:49.068+0700] {processor.py:826} INFO - Processing file /Users/kany/project-local/data-home/tranning-Airflow/venv/lib/python3.11/site-packages/airflow/example_dags/tutorial.py for tasks to queue
[2023-05-26T15:16:49.068+0700] {logging_mixin.py:149} INFO - [2023-05-26T15:16:49.068+0700] {dagbag.py:541} INFO - Filling up the DagBag from /Users/kany/project-local/data-home/tranning-Airflow/venv/lib/python3.11/site-packages/airflow/example_dags/tutorial.py
[2023-05-26T15:16:49.092+0700] {processor.py:836} INFO - DAG(s) dict_keys(['tutorial']) retrieved from /Users/kany/project-local/data-home/tranning-Airflow/venv/lib/python3.11/site-packages/airflow/example_dags/tutorial.py
[2023-05-26T15:16:50.208+0700] {logging_mixin.py:149} INFO - [2023-05-26T15:16:50.208+0700] {dag.py:2726} INFO - Sync 1 DAGs
[2023-05-26T15:16:50.214+0700] {logging_mixin.py:149} INFO - [2023-05-26T15:16:50.214+0700] {dag.py:3486} INFO - Setting next_dagrun for tutorial to 2023-05-25T08:16:50.214708+00:00, run_after=2023-05-26T08:16:50.214708+00:00
[2023-05-26T15:16:50.224+0700] {processor.py:179} INFO - Processing /Users/kany/project-local/data-home/tranning-Airflow/venv/lib/python3.11/site-packages/airflow/example_dags/tutorial.py took 1.157 seconds
[2023-05-26T15:18:06.678+0700] {processor.py:157} INFO - Started process (PID=51438) to work on /Users/kany/project-local/data-home/tranning-Airflow/venv/lib/python3.11/site-packages/airflow/example_dags/tutorial.py
[2023-05-26T15:18:06.679+0700] {processor.py:826} INFO - Processing file /Users/kany/project-local/data-home/tranning-Airflow/venv/lib/python3.11/site-packages/airflow/example_dags/tutorial.py for tasks to queue
[2023-05-26T15:18:06.679+0700] {logging_mixin.py:149} INFO - [2023-05-26T15:18:06.679+0700] {dagbag.py:541} INFO - Filling up the DagBag from /Users/kany/project-local/data-home/tranning-Airflow/venv/lib/python3.11/site-packages/airflow/example_dags/tutorial.py
[2023-05-26T15:18:06.696+0700] {processor.py:836} INFO - DAG(s) dict_keys(['tutorial']) retrieved from /Users/kany/project-local/data-home/tranning-Airflow/venv/lib/python3.11/site-packages/airflow/example_dags/tutorial.py
[2023-05-26T15:18:07.262+0700] {logging_mixin.py:149} INFO - [2023-05-26T15:18:07.262+0700] {dag.py:2726} INFO - Sync 1 DAGs
[2023-05-26T15:18:07.268+0700] {logging_mixin.py:149} INFO - [2023-05-26T15:18:07.268+0700] {dag.py:3486} INFO - Setting next_dagrun for tutorial to 2023-05-25T08:18:07.268271+00:00, run_after=2023-05-26T08:18:07.268271+00:00
[2023-05-26T15:18:07.275+0700] {processor.py:179} INFO - Processing /Users/kany/project-local/data-home/tranning-Airflow/venv/lib/python3.11/site-packages/airflow/example_dags/tutorial.py took 0.597 seconds
[2023-05-26T15:19:18.548+0700] {processor.py:157} INFO - Started process (PID=51553) to work on /Users/kany/project-local/data-home/tranning-Airflow/venv/lib/python3.11/site-packages/airflow/example_dags/tutorial.py
[2023-05-26T15:19:18.549+0700] {processor.py:826} INFO - Processing file /Users/kany/project-local/data-home/tranning-Airflow/venv/lib/python3.11/site-packages/airflow/example_dags/tutorial.py for tasks to queue
[2023-05-26T15:19:18.549+0700] {logging_mixin.py:149} INFO - [2023-05-26T15:19:18.549+0700] {dagbag.py:541} INFO - Filling up the DagBag from /Users/kany/project-local/data-home/tranning-Airflow/venv/lib/python3.11/site-packages/airflow/example_dags/tutorial.py
[2023-05-26T15:19:18.564+0700] {processor.py:836} INFO - DAG(s) dict_keys(['tutorial']) retrieved from /Users/kany/project-local/data-home/tranning-Airflow/venv/lib/python3.11/site-packages/airflow/example_dags/tutorial.py
[2023-05-26T15:19:19.332+0700] {logging_mixin.py:149} INFO - [2023-05-26T15:19:19.332+0700] {dag.py:2726} INFO - Sync 1 DAGs
[2023-05-26T15:19:19.339+0700] {logging_mixin.py:149} INFO - [2023-05-26T15:19:19.338+0700] {dag.py:3486} INFO - Setting next_dagrun for tutorial to 2023-05-25T08:19:19.338931+00:00, run_after=2023-05-26T08:19:19.338931+00:00
[2023-05-26T15:19:19.346+0700] {processor.py:179} INFO - Processing /Users/kany/project-local/data-home/tranning-Airflow/venv/lib/python3.11/site-packages/airflow/example_dags/tutorial.py took 0.798 seconds
[2023-05-26T15:20:26.174+0700] {processor.py:157} INFO - Started process (PID=51603) to work on /Users/kany/project-local/data-home/tranning-Airflow/venv/lib/python3.11/site-packages/airflow/example_dags/tutorial.py
[2023-05-26T15:20:26.175+0700] {processor.py:826} INFO - Processing file /Users/kany/project-local/data-home/tranning-Airflow/venv/lib/python3.11/site-packages/airflow/example_dags/tutorial.py for tasks to queue
[2023-05-26T15:20:26.175+0700] {logging_mixin.py:149} INFO - [2023-05-26T15:20:26.175+0700] {dagbag.py:541} INFO - Filling up the DagBag from /Users/kany/project-local/data-home/tranning-Airflow/venv/lib/python3.11/site-packages/airflow/example_dags/tutorial.py
[2023-05-26T15:20:26.193+0700] {processor.py:836} INFO - DAG(s) dict_keys(['tutorial']) retrieved from /Users/kany/project-local/data-home/tranning-Airflow/venv/lib/python3.11/site-packages/airflow/example_dags/tutorial.py
[2023-05-26T15:20:26.729+0700] {logging_mixin.py:149} INFO - [2023-05-26T15:20:26.729+0700] {dag.py:2726} INFO - Sync 1 DAGs
[2023-05-26T15:20:26.736+0700] {logging_mixin.py:149} INFO - [2023-05-26T15:20:26.736+0700] {dag.py:3486} INFO - Setting next_dagrun for tutorial to 2023-05-25T08:20:26.736295+00:00, run_after=2023-05-26T08:20:26.736295+00:00
[2023-05-26T15:20:26.744+0700] {processor.py:179} INFO - Processing /Users/kany/project-local/data-home/tranning-Airflow/venv/lib/python3.11/site-packages/airflow/example_dags/tutorial.py took 0.570 seconds
[2023-05-26T15:21:38.200+0700] {processor.py:157} INFO - Started process (PID=51709) to work on /Users/kany/project-local/data-home/tranning-Airflow/venv/lib/python3.11/site-packages/airflow/example_dags/tutorial.py
[2023-05-26T15:21:38.200+0700] {processor.py:826} INFO - Processing file /Users/kany/project-local/data-home/tranning-Airflow/venv/lib/python3.11/site-packages/airflow/example_dags/tutorial.py for tasks to queue
[2023-05-26T15:21:38.200+0700] {logging_mixin.py:149} INFO - [2023-05-26T15:21:38.200+0700] {dagbag.py:541} INFO - Filling up the DagBag from /Users/kany/project-local/data-home/tranning-Airflow/venv/lib/python3.11/site-packages/airflow/example_dags/tutorial.py
[2023-05-26T15:21:38.218+0700] {processor.py:836} INFO - DAG(s) dict_keys(['tutorial']) retrieved from /Users/kany/project-local/data-home/tranning-Airflow/venv/lib/python3.11/site-packages/airflow/example_dags/tutorial.py
[2023-05-26T15:21:38.646+0700] {logging_mixin.py:149} INFO - [2023-05-26T15:21:38.646+0700] {dag.py:2726} INFO - Sync 1 DAGs
[2023-05-26T15:21:38.652+0700] {logging_mixin.py:149} INFO - [2023-05-26T15:21:38.652+0700] {dag.py:3486} INFO - Setting next_dagrun for tutorial to 2023-05-25T08:21:38.652627+00:00, run_after=2023-05-26T08:21:38.652627+00:00
[2023-05-26T15:21:38.659+0700] {processor.py:179} INFO - Processing /Users/kany/project-local/data-home/tranning-Airflow/venv/lib/python3.11/site-packages/airflow/example_dags/tutorial.py took 0.460 seconds
[2023-05-26T15:22:40.140+0700] {processor.py:157} INFO - Started process (PID=51743) to work on /Users/kany/project-local/data-home/tranning-Airflow/venv/lib/python3.11/site-packages/airflow/example_dags/tutorial.py
[2023-05-26T15:22:40.141+0700] {processor.py:826} INFO - Processing file /Users/kany/project-local/data-home/tranning-Airflow/venv/lib/python3.11/site-packages/airflow/example_dags/tutorial.py for tasks to queue
[2023-05-26T15:22:40.141+0700] {logging_mixin.py:149} INFO - [2023-05-26T15:22:40.141+0700] {dagbag.py:541} INFO - Filling up the DagBag from /Users/kany/project-local/data-home/tranning-Airflow/venv/lib/python3.11/site-packages/airflow/example_dags/tutorial.py
[2023-05-26T15:22:40.156+0700] {processor.py:836} INFO - DAG(s) dict_keys(['tutorial']) retrieved from /Users/kany/project-local/data-home/tranning-Airflow/venv/lib/python3.11/site-packages/airflow/example_dags/tutorial.py
[2023-05-26T15:22:40.589+0700] {logging_mixin.py:149} INFO - [2023-05-26T15:22:40.589+0700] {dag.py:2726} INFO - Sync 1 DAGs
[2023-05-26T15:22:40.595+0700] {logging_mixin.py:149} INFO - [2023-05-26T15:22:40.595+0700] {dag.py:3486} INFO - Setting next_dagrun for tutorial to 2023-05-25T08:22:40.595519+00:00, run_after=2023-05-26T08:22:40.595519+00:00
[2023-05-26T15:22:40.602+0700] {processor.py:179} INFO - Processing /Users/kany/project-local/data-home/tranning-Airflow/venv/lib/python3.11/site-packages/airflow/example_dags/tutorial.py took 0.462 seconds
[2023-05-26T15:23:40.606+0700] {processor.py:157} INFO - Started process (PID=51797) to work on /Users/kany/project-local/data-home/tranning-Airflow/venv/lib/python3.11/site-packages/airflow/example_dags/tutorial.py
[2023-05-26T15:23:40.607+0700] {processor.py:826} INFO - Processing file /Users/kany/project-local/data-home/tranning-Airflow/venv/lib/python3.11/site-packages/airflow/example_dags/tutorial.py for tasks to queue
[2023-05-26T15:23:40.607+0700] {logging_mixin.py:149} INFO - [2023-05-26T15:23:40.607+0700] {dagbag.py:541} INFO - Filling up the DagBag from /Users/kany/project-local/data-home/tranning-Airflow/venv/lib/python3.11/site-packages/airflow/example_dags/tutorial.py
[2023-05-26T15:23:40.622+0700] {processor.py:836} INFO - DAG(s) dict_keys(['tutorial']) retrieved from /Users/kany/project-local/data-home/tranning-Airflow/venv/lib/python3.11/site-packages/airflow/example_dags/tutorial.py
[2023-05-26T15:23:41.056+0700] {logging_mixin.py:149} INFO - [2023-05-26T15:23:41.056+0700] {dag.py:2726} INFO - Sync 1 DAGs
[2023-05-26T15:23:41.062+0700] {logging_mixin.py:149} INFO - [2023-05-26T15:23:41.062+0700] {dag.py:3486} INFO - Setting next_dagrun for tutorial to 2023-05-25T08:23:41.062441+00:00, run_after=2023-05-26T08:23:41.062441+00:00
[2023-05-26T15:23:41.071+0700] {processor.py:179} INFO - Processing /Users/kany/project-local/data-home/tranning-Airflow/venv/lib/python3.11/site-packages/airflow/example_dags/tutorial.py took 0.465 seconds
[2023-05-26T15:24:44.045+0700] {processor.py:157} INFO - Started process (PID=51839) to work on /Users/kany/project-local/data-home/tranning-Airflow/venv/lib/python3.11/site-packages/airflow/example_dags/tutorial.py
[2023-05-26T15:24:44.046+0700] {processor.py:826} INFO - Processing file /Users/kany/project-local/data-home/tranning-Airflow/venv/lib/python3.11/site-packages/airflow/example_dags/tutorial.py for tasks to queue
[2023-05-26T15:24:44.047+0700] {logging_mixin.py:149} INFO - [2023-05-26T15:24:44.046+0700] {dagbag.py:541} INFO - Filling up the DagBag from /Users/kany/project-local/data-home/tranning-Airflow/venv/lib/python3.11/site-packages/airflow/example_dags/tutorial.py
[2023-05-26T15:24:44.061+0700] {processor.py:836} INFO - DAG(s) dict_keys(['tutorial']) retrieved from /Users/kany/project-local/data-home/tranning-Airflow/venv/lib/python3.11/site-packages/airflow/example_dags/tutorial.py
[2023-05-26T15:24:44.511+0700] {logging_mixin.py:149} INFO - [2023-05-26T15:24:44.511+0700] {dag.py:2726} INFO - Sync 1 DAGs
[2023-05-26T15:24:44.518+0700] {logging_mixin.py:149} INFO - [2023-05-26T15:24:44.518+0700] {dag.py:3486} INFO - Setting next_dagrun for tutorial to 2023-05-25T08:24:44.518216+00:00, run_after=2023-05-26T08:24:44.518216+00:00
[2023-05-26T15:24:44.526+0700] {processor.py:179} INFO - Processing /Users/kany/project-local/data-home/tranning-Airflow/venv/lib/python3.11/site-packages/airflow/example_dags/tutorial.py took 0.481 seconds
[2023-05-26T15:25:48.464+0700] {processor.py:157} INFO - Started process (PID=51927) to work on /Users/kany/project-local/data-home/tranning-Airflow/venv/lib/python3.11/site-packages/airflow/example_dags/tutorial.py
[2023-05-26T15:25:48.465+0700] {processor.py:826} INFO - Processing file /Users/kany/project-local/data-home/tranning-Airflow/venv/lib/python3.11/site-packages/airflow/example_dags/tutorial.py for tasks to queue
[2023-05-26T15:25:48.465+0700] {logging_mixin.py:149} INFO - [2023-05-26T15:25:48.465+0700] {dagbag.py:541} INFO - Filling up the DagBag from /Users/kany/project-local/data-home/tranning-Airflow/venv/lib/python3.11/site-packages/airflow/example_dags/tutorial.py
[2023-05-26T15:25:48.478+0700] {processor.py:836} INFO - DAG(s) dict_keys(['tutorial']) retrieved from /Users/kany/project-local/data-home/tranning-Airflow/venv/lib/python3.11/site-packages/airflow/example_dags/tutorial.py
[2023-05-26T15:25:48.935+0700] {logging_mixin.py:149} INFO - [2023-05-26T15:25:48.935+0700] {dag.py:2726} INFO - Sync 1 DAGs
[2023-05-26T15:25:48.941+0700] {logging_mixin.py:149} INFO - [2023-05-26T15:25:48.941+0700] {dag.py:3486} INFO - Setting next_dagrun for tutorial to 2023-05-25T08:25:48.941475+00:00, run_after=2023-05-26T08:25:48.941475+00:00
[2023-05-26T15:25:48.949+0700] {processor.py:179} INFO - Processing /Users/kany/project-local/data-home/tranning-Airflow/venv/lib/python3.11/site-packages/airflow/example_dags/tutorial.py took 0.485 seconds
[2023-05-26T15:26:51.694+0700] {processor.py:157} INFO - Started process (PID=52050) to work on /Users/kany/project-local/data-home/tranning-Airflow/venv/lib/python3.11/site-packages/airflow/example_dags/tutorial.py
[2023-05-26T15:26:51.695+0700] {processor.py:826} INFO - Processing file /Users/kany/project-local/data-home/tranning-Airflow/venv/lib/python3.11/site-packages/airflow/example_dags/tutorial.py for tasks to queue
[2023-05-26T15:26:51.695+0700] {logging_mixin.py:149} INFO - [2023-05-26T15:26:51.695+0700] {dagbag.py:541} INFO - Filling up the DagBag from /Users/kany/project-local/data-home/tranning-Airflow/venv/lib/python3.11/site-packages/airflow/example_dags/tutorial.py
[2023-05-26T15:26:51.711+0700] {processor.py:836} INFO - DAG(s) dict_keys(['tutorial']) retrieved from /Users/kany/project-local/data-home/tranning-Airflow/venv/lib/python3.11/site-packages/airflow/example_dags/tutorial.py
[2023-05-26T15:26:52.269+0700] {logging_mixin.py:149} INFO - [2023-05-26T15:26:52.269+0700] {dag.py:2726} INFO - Sync 1 DAGs
[2023-05-26T15:26:52.275+0700] {logging_mixin.py:149} INFO - [2023-05-26T15:26:52.275+0700] {dag.py:3486} INFO - Setting next_dagrun for tutorial to 2023-05-25T08:26:52.275638+00:00, run_after=2023-05-26T08:26:52.275638+00:00
[2023-05-26T15:26:52.285+0700] {processor.py:179} INFO - Processing /Users/kany/project-local/data-home/tranning-Airflow/venv/lib/python3.11/site-packages/airflow/example_dags/tutorial.py took 0.591 seconds
[2023-05-26T15:27:56.384+0700] {processor.py:157} INFO - Started process (PID=52155) to work on /Users/kany/project-local/data-home/tranning-Airflow/venv/lib/python3.11/site-packages/airflow/example_dags/tutorial.py
[2023-05-26T15:27:56.385+0700] {processor.py:826} INFO - Processing file /Users/kany/project-local/data-home/tranning-Airflow/venv/lib/python3.11/site-packages/airflow/example_dags/tutorial.py for tasks to queue
[2023-05-26T15:27:56.385+0700] {logging_mixin.py:149} INFO - [2023-05-26T15:27:56.385+0700] {dagbag.py:541} INFO - Filling up the DagBag from /Users/kany/project-local/data-home/tranning-Airflow/venv/lib/python3.11/site-packages/airflow/example_dags/tutorial.py
[2023-05-26T15:27:56.404+0700] {processor.py:836} INFO - DAG(s) dict_keys(['tutorial']) retrieved from /Users/kany/project-local/data-home/tranning-Airflow/venv/lib/python3.11/site-packages/airflow/example_dags/tutorial.py
[2023-05-26T15:27:56.916+0700] {logging_mixin.py:149} INFO - [2023-05-26T15:27:56.916+0700] {dag.py:2726} INFO - Sync 1 DAGs
[2023-05-26T15:27:56.922+0700] {logging_mixin.py:149} INFO - [2023-05-26T15:27:56.922+0700] {dag.py:3486} INFO - Setting next_dagrun for tutorial to 2023-05-25T08:27:56.922585+00:00, run_after=2023-05-26T08:27:56.922585+00:00
[2023-05-26T15:27:56.930+0700] {processor.py:179} INFO - Processing /Users/kany/project-local/data-home/tranning-Airflow/venv/lib/python3.11/site-packages/airflow/example_dags/tutorial.py took 0.546 seconds
[2023-05-26T15:29:02.806+0700] {processor.py:157} INFO - Started process (PID=52307) to work on /Users/kany/project-local/data-home/tranning-Airflow/venv/lib/python3.11/site-packages/airflow/example_dags/tutorial.py
[2023-05-26T15:29:02.807+0700] {processor.py:826} INFO - Processing file /Users/kany/project-local/data-home/tranning-Airflow/venv/lib/python3.11/site-packages/airflow/example_dags/tutorial.py for tasks to queue
[2023-05-26T15:29:02.807+0700] {logging_mixin.py:149} INFO - [2023-05-26T15:29:02.807+0700] {dagbag.py:541} INFO - Filling up the DagBag from /Users/kany/project-local/data-home/tranning-Airflow/venv/lib/python3.11/site-packages/airflow/example_dags/tutorial.py
[2023-05-26T15:29:02.822+0700] {processor.py:836} INFO - DAG(s) dict_keys(['tutorial']) retrieved from /Users/kany/project-local/data-home/tranning-Airflow/venv/lib/python3.11/site-packages/airflow/example_dags/tutorial.py
[2023-05-26T15:29:03.276+0700] {logging_mixin.py:149} INFO - [2023-05-26T15:29:03.276+0700] {dag.py:2726} INFO - Sync 1 DAGs
[2023-05-26T15:29:03.282+0700] {logging_mixin.py:149} INFO - [2023-05-26T15:29:03.282+0700] {dag.py:3486} INFO - Setting next_dagrun for tutorial to 2023-05-25T08:29:03.282689+00:00, run_after=2023-05-26T08:29:03.282689+00:00
[2023-05-26T15:29:03.291+0700] {processor.py:179} INFO - Processing /Users/kany/project-local/data-home/tranning-Airflow/venv/lib/python3.11/site-packages/airflow/example_dags/tutorial.py took 0.485 seconds
[2023-05-26T15:30:10.119+0700] {processor.py:157} INFO - Started process (PID=52382) to work on /Users/kany/project-local/data-home/tranning-Airflow/venv/lib/python3.11/site-packages/airflow/example_dags/tutorial.py
[2023-05-26T15:30:10.120+0700] {processor.py:826} INFO - Processing file /Users/kany/project-local/data-home/tranning-Airflow/venv/lib/python3.11/site-packages/airflow/example_dags/tutorial.py for tasks to queue
[2023-05-26T15:30:10.120+0700] {logging_mixin.py:149} INFO - [2023-05-26T15:30:10.120+0700] {dagbag.py:541} INFO - Filling up the DagBag from /Users/kany/project-local/data-home/tranning-Airflow/venv/lib/python3.11/site-packages/airflow/example_dags/tutorial.py
[2023-05-26T15:30:10.135+0700] {processor.py:836} INFO - DAG(s) dict_keys(['tutorial']) retrieved from /Users/kany/project-local/data-home/tranning-Airflow/venv/lib/python3.11/site-packages/airflow/example_dags/tutorial.py
[2023-05-26T15:30:10.583+0700] {logging_mixin.py:149} INFO - [2023-05-26T15:30:10.583+0700] {dag.py:2726} INFO - Sync 1 DAGs
[2023-05-26T15:30:10.589+0700] {logging_mixin.py:149} INFO - [2023-05-26T15:30:10.589+0700] {dag.py:3486} INFO - Setting next_dagrun for tutorial to 2023-05-25T08:30:10.589430+00:00, run_after=2023-05-26T08:30:10.589430+00:00
[2023-05-26T15:30:10.597+0700] {processor.py:179} INFO - Processing /Users/kany/project-local/data-home/tranning-Airflow/venv/lib/python3.11/site-packages/airflow/example_dags/tutorial.py took 0.478 seconds
[2023-05-26T15:31:15.984+0700] {processor.py:157} INFO - Started process (PID=52436) to work on /Users/kany/project-local/data-home/tranning-Airflow/venv/lib/python3.11/site-packages/airflow/example_dags/tutorial.py
[2023-05-26T15:31:15.984+0700] {processor.py:826} INFO - Processing file /Users/kany/project-local/data-home/tranning-Airflow/venv/lib/python3.11/site-packages/airflow/example_dags/tutorial.py for tasks to queue
[2023-05-26T15:31:15.984+0700] {logging_mixin.py:149} INFO - [2023-05-26T15:31:15.984+0700] {dagbag.py:541} INFO - Filling up the DagBag from /Users/kany/project-local/data-home/tranning-Airflow/venv/lib/python3.11/site-packages/airflow/example_dags/tutorial.py
[2023-05-26T15:31:15.998+0700] {processor.py:836} INFO - DAG(s) dict_keys(['tutorial']) retrieved from /Users/kany/project-local/data-home/tranning-Airflow/venv/lib/python3.11/site-packages/airflow/example_dags/tutorial.py
[2023-05-26T15:31:16.443+0700] {logging_mixin.py:149} INFO - [2023-05-26T15:31:16.443+0700] {dag.py:2726} INFO - Sync 1 DAGs
[2023-05-26T15:31:16.449+0700] {logging_mixin.py:149} INFO - [2023-05-26T15:31:16.449+0700] {dag.py:3486} INFO - Setting next_dagrun for tutorial to 2023-05-25T08:31:16.449654+00:00, run_after=2023-05-26T08:31:16.449654+00:00
[2023-05-26T15:31:16.457+0700] {processor.py:179} INFO - Processing /Users/kany/project-local/data-home/tranning-Airflow/venv/lib/python3.11/site-packages/airflow/example_dags/tutorial.py took 0.474 seconds
[2023-05-26T15:32:22.947+0700] {processor.py:157} INFO - Started process (PID=52589) to work on /Users/kany/project-local/data-home/tranning-Airflow/venv/lib/python3.11/site-packages/airflow/example_dags/tutorial.py
[2023-05-26T15:32:22.948+0700] {processor.py:826} INFO - Processing file /Users/kany/project-local/data-home/tranning-Airflow/venv/lib/python3.11/site-packages/airflow/example_dags/tutorial.py for tasks to queue
[2023-05-26T15:32:22.949+0700] {logging_mixin.py:149} INFO - [2023-05-26T15:32:22.949+0700] {dagbag.py:541} INFO - Filling up the DagBag from /Users/kany/project-local/data-home/tranning-Airflow/venv/lib/python3.11/site-packages/airflow/example_dags/tutorial.py
[2023-05-26T15:32:22.963+0700] {processor.py:836} INFO - DAG(s) dict_keys(['tutorial']) retrieved from /Users/kany/project-local/data-home/tranning-Airflow/venv/lib/python3.11/site-packages/airflow/example_dags/tutorial.py
[2023-05-26T15:32:23.403+0700] {logging_mixin.py:149} INFO - [2023-05-26T15:32:23.403+0700] {dag.py:2726} INFO - Sync 1 DAGs
[2023-05-26T15:32:23.409+0700] {logging_mixin.py:149} INFO - [2023-05-26T15:32:23.409+0700] {dag.py:3486} INFO - Setting next_dagrun for tutorial to 2023-05-25T08:32:23.409740+00:00, run_after=2023-05-26T08:32:23.409740+00:00
[2023-05-26T15:32:23.416+0700] {processor.py:179} INFO - Processing /Users/kany/project-local/data-home/tranning-Airflow/venv/lib/python3.11/site-packages/airflow/example_dags/tutorial.py took 0.469 seconds
